{"/workspaces/Kid-Friendly-Map-v1/components/AIJourneyCompanion.tsx": {"path":"/workspaces/Kid-Friendly-Map-v1/components/AIJourneyCompanion.tsx","statementMap":{"0":{"start":{"line":1,"column":0},"end":{"line":1,"column":51}},"1":{"start":{"line":2,"column":0},"end":{"line":2,"column":75}},"2":{"start":{"line":3,"column":0},"end":{"line":3,"column":40}},"3":{"start":{"line":4,"column":0},"end":{"line":4,"column":70}},"4":{"start":{"line":20,"column":62},"end":{"line":207,"column":1}},"5":{"start":{"line":25,"column":34},"end":{"line":25,"column":66}},"6":{"start":{"line":26,"column":46},"end":{"line":26,"column":85}},"7":{"start":{"line":27,"column":38},"end":{"line":27,"column":53}},"8":{"start":{"line":28,"column":42},"end":{"line":28,"column":56}},"9":{"start":{"line":29,"column":44},"end":{"line":29,"column":94}},"10":{"start":{"line":30,"column":20},"end":{"line":30,"column":41}},"11":{"start":{"line":32,"column":2},"end":{"line":37,"column":34}},"12":{"start":{"line":33,"column":4},"end":{"line":36,"column":5}},"13":{"start":{"line":34,"column":6},"end":{"line":34,"column":31}},"14":{"start":{"line":35,"column":6},"end":{"line":35,"column":32}},"15":{"start":{"line":39,"column":34},"end":{"line":54,"column":3}},"16":{"start":{"line":40,"column":4},"end":{"line":53,"column":14}},"17":{"start":{"line":56,"column":33},"end":{"line":102,"column":3}},"18":{"start":{"line":57,"column":4},"end":{"line":57,"column":29}},"19":{"start":{"line":57,"column":22},"end":{"line":57,"column":29}},"20":{"start":{"line":59,"column":4},"end":{"line":101,"column":5}},"21":{"start":{"line":60,"column":23},"end":{"line":77,"column":8}},"22":{"start":{"line":79,"column":19},"end":{"line":79,"column":40}},"23":{"start":{"line":81,"column":43},"end":{"line":86,"column":8}},"24":{"start":{"line":88,"column":6},"end":{"line":88,"column":49}},"25":{"start":{"line":88,"column":26},"end":{"line":88,"column":47}},"26":{"start":{"line":89,"column":6},"end":{"line":89,"column":36}},"27":{"start":{"line":90,"column":6},"end":{"line":90,"column":34}},"28":{"start":{"line":92,"column":6},"end":{"line":92,"column":48}},"29":{"start":{"line":94,"column":48},"end":{"line":99,"column":8}},"30":{"start":{"line":100,"column":6},"end":{"line":100,"column":41}},"31":{"start":{"line":104,"column":23},"end":{"line":142,"column":3}},"32":{"start":{"line":105,"column":4},"end":{"line":105,"column":29}},"33":{"start":{"line":105,"column":22},"end":{"line":105,"column":29}},"34":{"start":{"line":107,"column":4},"end":{"line":141,"column":5}},"35":{"start":{"line":108,"column":23},"end":{"line":125,"column":8}},"36":{"start":{"line":127,"column":19},"end":{"line":127,"column":40}},"37":{"start":{"line":129,"column":44},"end":{"line":134,"column":8}},"38":{"start":{"line":136,"column":6},"end":{"line":136,"column":50}},"39":{"start":{"line":136,"column":26},"end":{"line":136,"column":48}},"40":{"start":{"line":137,"column":6},"end":{"line":137,"column":37}},"41":{"start":{"line":138,"column":6},"end":{"line":138,"column":34}},"42":{"start":{"line":140,"column":6},"end":{"line":140,"column":51}},"43":{"start":{"line":144,"column":23},"end":{"line":150,"column":3}},"44":{"start":{"line":145,"column":4},"end":{"line":149,"column":5}},"45":{"start":{"line":146,"column":22},"end":{"line":146,"column":34}},"46":{"start":{"line":147,"column":22},"end":{"line":147,"column":34}},"47":{"start":{"line":148,"column":15},"end":{"line":148,"column":27}},"48":{"start":{"line":152,"column":2},"end":{"line":154,"column":3}},"49":{"start":{"line":153,"column":4},"end":{"line":153,"column":16}},"50":{"start":{"line":156,"column":2},"end":{"line":206,"column":4}},"51":{"start":{"line":160,"column":23},"end":{"line":160,"column":49}},"52":{"start":{"line":178,"column":25},"end":{"line":178,"column":55}},"53":{"start":{"line":209,"column":15},"end":{"line":293,"column":2}},"54":{"start":{"line":295,"column":0},"end":{"line":295,"column":34}}},"fnMap":{"0":{"name":"(anonymous_1)","decl":{"start":{"line":20,"column":62},"end":{"line":20,"column":63}},"loc":{"start":{"line":24,"column":5},"end":{"line":207,"column":1}}},"1":{"name":"(anonymous_2)","decl":{"start":{"line":32,"column":12},"end":{"line":32,"column":15}},"loc":{"start":{"line":32,"column":17},"end":{"line":37,"column":3}}},"2":{"name":"(anonymous_3)","decl":{"start":{"line":39,"column":34},"end":{"line":39,"column":37}},"loc":{"start":{"line":39,"column":39},"end":{"line":54,"column":3}}},"3":{"name":"(anonymous_4)","decl":{"start":{"line":56,"column":33},"end":{"line":56,"column":38}},"loc":{"start":{"line":56,"column":44},"end":{"line":102,"column":3}}},"4":{"name":"(anonymous_5)","decl":{"start":{"line":88,"column":18},"end":{"line":88,"column":22}},"loc":{"start":{"line":88,"column":26},"end":{"line":88,"column":47}}},"5":{"name":"(anonymous_6)","decl":{"start":{"line":104,"column":23},"end":{"line":104,"column":28}},"loc":{"start":{"line":104,"column":34},"end":{"line":142,"column":3}}},"6":{"name":"(anonymous_7)","decl":{"start":{"line":136,"column":18},"end":{"line":136,"column":22}},"loc":{"start":{"line":136,"column":26},"end":{"line":136,"column":48}}},"7":{"name":"(anonymous_8)","decl":{"start":{"line":144,"column":23},"end":{"line":144,"column":26}},"loc":{"start":{"line":144,"column":28},"end":{"line":150,"column":3}}},"8":{"name":"(anonymous_9)","decl":{"start":{"line":160,"column":17},"end":{"line":160,"column":20}},"loc":{"start":{"line":160,"column":23},"end":{"line":160,"column":49}}},"9":{"name":"(anonymous_10)","decl":{"start":{"line":178,"column":19},"end":{"line":178,"column":22}},"loc":{"start":{"line":178,"column":25},"end":{"line":178,"column":55}}}},"branchMap":{"0":{"loc":{"start":{"line":33,"column":4},"end":{"line":36,"column":5}},"type":"if","locations":[{"start":{"line":33,"column":4},"end":{"line":36,"column":5}},{"start":{},"end":{}}]},"1":{"loc":{"start":{"line":33,"column":8},"end":{"line":33,"column":35}},"type":"binary-expr","locations":[{"start":{"line":33,"column":8},"end":{"line":33,"column":20}},{"start":{"line":33,"column":24},"end":{"line":33,"column":35}}]},"2":{"loc":{"start":{"line":57,"column":4},"end":{"line":57,"column":29}},"type":"if","locations":[{"start":{"line":57,"column":4},"end":{"line":57,"column":29}},{"start":{},"end":{}}]},"3":{"loc":{"start":{"line":105,"column":4},"end":{"line":105,"column":29}},"type":"if","locations":[{"start":{"line":105,"column":4},"end":{"line":105,"column":29}},{"start":{},"end":{}}]},"4":{"loc":{"start":{"line":145,"column":4},"end":{"line":149,"column":5}},"type":"switch","locations":[{"start":{"line":146,"column":6},"end":{"line":146,"column":34}},{"start":{"line":147,"column":6},"end":{"line":147,"column":34}},{"start":{"line":148,"column":6},"end":{"line":148,"column":27}}]},"5":{"loc":{"start":{"line":152,"column":2},"end":{"line":154,"column":3}},"type":"if","locations":[{"start":{"line":152,"column":2},"end":{"line":154,"column":3}},{"start":{},"end":{}}]},"6":{"loc":{"start":{"line":152,"column":6},"end":{"line":152,"column":38}},"type":"binary-expr","locations":[{"start":{"line":152,"column":6},"end":{"line":152,"column":19}},{"start":{"line":152,"column":23},"end":{"line":152,"column":38}}]},"7":{"loc":{"start":{"line":180,"column":11},"end":{"line":183,"column":null}},"type":"cond-expr","locations":[{"start":{"line":181,"column":12},"end":{"line":181,"column":56}},{"start":{"line":183,"column":12},"end":{"line":183,"column":58}}]},"8":{"loc":{"start":{"line":188,"column":7},"end":{"line":203,"column":null}},"type":"binary-expr","locations":[{"start":{"line":188,"column":7},"end":{"line":188,"column":17}},{"start":{"line":189,"column":8},"end":{"line":202,"column":null}}]}},"s":{"0":0,"1":0,"2":0,"3":0,"4":0,"5":0,"6":0,"7":0,"8":0,"9":0,"10":0,"11":0,"12":0,"13":0,"14":0,"15":0,"16":0,"17":0,"18":0,"19":0,"20":0,"21":0,"22":0,"23":0,"24":0,"25":0,"26":0,"27":0,"28":0,"29":0,"30":0,"31":0,"32":0,"33":0,"34":0,"35":0,"36":0,"37":0,"38":0,"39":0,"40":0,"41":0,"42":0,"43":0,"44":0,"45":0,"46":0,"47":0,"48":0,"49":0,"50":0,"51":0,"52":0,"53":0,"54":0},"f":{"0":0,"1":0,"2":0,"3":0,"4":0,"5":0,"6":0,"7":0,"8":0,"9":0},"b":{"0":[0,0],"1":[0,0],"2":[0,0],"3":[0,0],"4":[0,0,0],"5":[0,0],"6":[0,0],"7":[0,0],"8":[0,0]}}
,"/workspaces/Kid-Friendly-Map-v1/components/AccessibilitySettings.tsx": {"path":"/workspaces/Kid-Friendly-Map-v1/components/AccessibilitySettings.tsx","statementMap":{"0":{"start":{"line":2,"column":0},"end":{"line":2,"column":85}},"1":{"start":{"line":3,"column":0},"end":{"line":3,"column":40}},"2":{"start":{"line":4,"column":0},"end":{"line":4,"column":77}},"3":{"start":{"line":5,"column":0},"end":{"line":5,"column":62}},"4":{"start":{"line":11,"column":68},"end":{"line":92,"column":1}},"5":{"start":{"line":12,"column":65},"end":{"line":12,"column":85}},"6":{"start":{"line":14,"column":22},"end":{"line":43,"column":null}},"7":{"start":{"line":27,"column":4},"end":{"line":42,"column":null}},"8":{"start":{"line":46,"column":2},"end":{"line":91,"column":4}},"9":{"start":{"line":64,"column":34},"end":{"line":64,"column":83}},"10":{"start":{"line":72,"column":34},"end":{"line":72,"column":86}},"11":{"start":{"line":80,"column":34},"end":{"line":80,"column":91}},"12":{"start":{"line":88,"column":34},"end":{"line":88,"column":88}},"13":{"start":{"line":94,"column":15},"end":{"line":158,"column":2}},"14":{"start":{"line":160,"column":0},"end":{"line":160,"column":37}}},"fnMap":{"0":{"name":"(anonymous_1)","decl":{"start":{"line":11,"column":68},"end":{"line":11,"column":69}},"loc":{"start":{"line":11,"column":83},"end":{"line":92,"column":1}}},"1":{"name":"(anonymous_2)","decl":{"start":{"line":14,"column":22},"end":{"line":14,"column":23}},"loc":{"start":{"line":27,"column":4},"end":{"line":42,"column":null}}},"2":{"name":"(anonymous_3)","decl":{"start":{"line":64,"column":23},"end":{"line":64,"column":24}},"loc":{"start":{"line":64,"column":34},"end":{"line":64,"column":83}}},"3":{"name":"(anonymous_4)","decl":{"start":{"line":72,"column":23},"end":{"line":72,"column":24}},"loc":{"start":{"line":72,"column":34},"end":{"line":72,"column":86}}},"4":{"name":"(anonymous_5)","decl":{"start":{"line":80,"column":23},"end":{"line":80,"column":24}},"loc":{"start":{"line":80,"column":34},"end":{"line":80,"column":91}}},"5":{"name":"(anonymous_6)","decl":{"start":{"line":88,"column":23},"end":{"line":88,"column":24}},"loc":{"start":{"line":88,"column":34},"end":{"line":88,"column":88}}}},"branchMap":{"0":{"loc":{"start":{"line":30,"column":43},"end":{"line":30,"column":94}},"type":"binary-expr","locations":[{"start":{"line":30,"column":43},"end":{"line":30,"column":74}},{"start":{"line":30,"column":78},"end":{"line":30,"column":94}}]},"1":{"loc":{"start":{"line":33,"column":49},"end":{"line":33,"column":107}},"type":"binary-expr","locations":[{"start":{"line":33,"column":49},"end":{"line":33,"column":80}},{"start":{"line":33,"column":84},"end":{"line":33,"column":107}}]},"2":{"loc":{"start":{"line":48,"column":7},"end":{"line":52,"column":null}},"type":"binary-expr","locations":[{"start":{"line":48,"column":7},"end":{"line":48,"column":13}},{"start":{"line":49,"column":8},"end":{"line":51,"column":null}}]},"3":{"loc":{"start":{"line":55,"column":41},"end":{"line":55,"column":100}},"type":"binary-expr","locations":[{"start":{"line":55,"column":41},"end":{"line":55,"column":72}},{"start":{"line":55,"column":76},"end":{"line":55,"column":100}}]}},"s":{"0":0,"1":0,"2":0,"3":0,"4":0,"5":0,"6":0,"7":0,"8":0,"9":0,"10":0,"11":0,"12":0,"13":0,"14":0},"f":{"0":0,"1":0,"2":0,"3":0,"4":0,"5":0},"b":{"0":[0,0],"1":[0,0],"2":[0,0],"3":[0,0]}}
,"/workspaces/Kid-Friendly-Map-v1/components/AccessibleButton.tsx": {"path":"/workspaces/Kid-Friendly-Map-v1/components/AccessibleButton.tsx","statementMap":{"0":{"start":{"line":2,"column":0},"end":{"line":2,"column":81}},"1":{"start":{"line":3,"column":0},"end":{"line":3,"column":40}},"2":{"start":{"line":4,"column":0},"end":{"line":4,"column":84}},"3":{"start":{"line":17,"column":58},"end":{"line":71,"column":1}},"4":{"start":{"line":27,"column":25},"end":{"line":36,"column":3}},"5":{"start":{"line":28,"column":4},"end":{"line":35,"column":5}},"6":{"start":{"line":30,"column":8},"end":{"line":30,"column":36}},"7":{"start":{"line":32,"column":8},"end":{"line":32,"column":38}},"8":{"start":{"line":34,"column":8},"end":{"line":34,"column":36}},"9":{"start":{"line":38,"column":23},"end":{"line":47,"column":3}},"10":{"start":{"line":39,"column":4},"end":{"line":46,"column":5}},"11":{"start":{"line":41,"column":8},"end":{"line":41,"column":34}},"12":{"start":{"line":43,"column":8},"end":{"line":43,"column":36}},"13":{"start":{"line":45,"column":8},"end":{"line":45,"column":34}},"14":{"start":{"line":49,"column":2},"end":{"line":70,"column":4}},"15":{"start":{"line":51,"column":30},"end":{"line":57,"column":null}},"16":{"start":{"line":73,"column":15},"end":{"line":117,"column":2}},"17":{"start":{"line":119,"column":0},"end":{"line":119,"column":32}}},"fnMap":{"0":{"name":"(anonymous_1)","decl":{"start":{"line":17,"column":58},"end":{"line":17,"column":59}},"loc":{"start":{"line":26,"column":5},"end":{"line":71,"column":1}}},"1":{"name":"(anonymous_2)","decl":{"start":{"line":27,"column":25},"end":{"line":27,"column":28}},"loc":{"start":{"line":27,"column":30},"end":{"line":36,"column":3}}},"2":{"name":"(anonymous_3)","decl":{"start":{"line":38,"column":23},"end":{"line":38,"column":26}},"loc":{"start":{"line":38,"column":28},"end":{"line":47,"column":3}}},"3":{"name":"(anonymous_4)","decl":{"start":{"line":51,"column":13},"end":{"line":51,"column":14}},"loc":{"start":{"line":51,"column":30},"end":{"line":57,"column":null}}}},"branchMap":{"0":{"loc":{"start":{"line":22,"column":2},"end":{"line":22,"column":18}},"type":"default-arg","locations":[{"start":{"line":22,"column":13},"end":{"line":22,"column":18}}]},"1":{"loc":{"start":{"line":25,"column":2},"end":{"line":25,"column":21}},"type":"default-arg","locations":[{"start":{"line":25,"column":12},"end":{"line":25,"column":21}}]},"2":{"loc":{"start":{"line":28,"column":4},"end":{"line":35,"column":5}},"type":"switch","locations":[{"start":{"line":29,"column":6},"end":{"line":30,"column":36}},{"start":{"line":31,"column":6},"end":{"line":32,"column":38}},{"start":{"line":33,"column":6},"end":{"line":34,"column":36}}]},"3":{"loc":{"start":{"line":39,"column":4},"end":{"line":46,"column":5}},"type":"switch","locations":[{"start":{"line":40,"column":6},"end":{"line":41,"column":34}},{"start":{"line":42,"column":6},"end":{"line":43,"column":36}},{"start":{"line":44,"column":6},"end":{"line":45,"column":34}}]},"4":{"loc":{"start":{"line":54,"column":8},"end":{"line":54,"column":35}},"type":"binary-expr","locations":[{"start":{"line":54,"column":8},"end":{"line":54,"column":16}},{"start":{"line":54,"column":20},"end":{"line":54,"column":35}}]},"5":{"loc":{"start":{"line":55,"column":8},"end":{"line":55,"column":33}},"type":"binary-expr","locations":[{"start":{"line":55,"column":8},"end":{"line":55,"column":15}},{"start":{"line":55,"column":19},"end":{"line":55,"column":33}}]},"6":{"loc":{"start":{"line":62,"column":26},"end":{"line":62,"column":76}},"type":"binary-expr","locations":[{"start":{"line":62,"column":26},"end":{"line":62,"column":44}},{"start":{"line":62,"column":48},"end":{"line":62,"column":76}}]},"7":{"loc":{"start":{"line":63,"column":25},"end":{"line":63,"column":78}},"type":"binary-expr","locations":[{"start":{"line":63,"column":25},"end":{"line":63,"column":42}},{"start":{"line":63,"column":46},"end":{"line":63,"column":78}}]},"8":{"loc":{"start":{"line":66,"column":36},"end":{"line":66,"column":67}},"type":"binary-expr","locations":[{"start":{"line":66,"column":36},"end":{"line":66,"column":44}},{"start":{"line":66,"column":48},"end":{"line":66,"column":67}}]}},"s":{"0":0,"1":0,"2":0,"3":0,"4":0,"5":0,"6":0,"7":0,"8":0,"9":0,"10":0,"11":0,"12":0,"13":0,"14":0,"15":0,"16":0,"17":0},"f":{"0":0,"1":0,"2":0,"3":0},"b":{"0":[0],"1":[0],"2":[0,0,0],"3":[0,0,0],"4":[0,0],"5":[0,0],"6":[0,0],"7":[0,0],"8":[0,0]}}
,"/workspaces/Kid-Friendly-Map-v1/components/AchievementBadge.tsx": {"path":"/workspaces/Kid-Friendly-Map-v1/components/AchievementBadge.tsx","statementMap":{"0":{"start":{"line":2,"column":0},"end":{"line":2,"column":65}},"1":{"start":{"line":4,"column":0},"end":{"line":4,"column":40}},"2":{"start":{"line":5,"column":0},"end":{"line":5,"column":49}},"3":{"start":{"line":13,"column":58},"end":{"line":71,"column":1}},"4":{"start":{"line":18,"column":24},"end":{"line":24,"column":3}},"5":{"start":{"line":19,"column":4},"end":{"line":23,"column":5}},"6":{"start":{"line":20,"column":20},"end":{"line":20,"column":81}},"7":{"start":{"line":21,"column":21},"end":{"line":21,"column":82}},"8":{"start":{"line":22,"column":20},"end":{"line":22,"column":83}},"9":{"start":{"line":26,"column":21},"end":{"line":26,"column":36}},"10":{"start":{"line":28,"column":2},"end":{"line":70,"column":4}},"11":{"start":{"line":30,"column":30},"end":{"line":38,"column":null}},"12":{"start":{"line":73,"column":15},"end":{"line":112,"column":2}},"13":{"start":{"line":114,"column":0},"end":{"line":114,"column":32}}},"fnMap":{"0":{"name":"(anonymous_1)","decl":{"start":{"line":13,"column":58},"end":{"line":13,"column":59}},"loc":{"start":{"line":17,"column":5},"end":{"line":71,"column":1}}},"1":{"name":"(anonymous_2)","decl":{"start":{"line":18,"column":24},"end":{"line":18,"column":27}},"loc":{"start":{"line":18,"column":29},"end":{"line":24,"column":3}}},"2":{"name":"(anonymous_3)","decl":{"start":{"line":30,"column":13},"end":{"line":30,"column":14}},"loc":{"start":{"line":30,"column":30},"end":{"line":38,"column":null}}}},"branchMap":{"0":{"loc":{"start":{"line":16,"column":2},"end":{"line":16,"column":17}},"type":"default-arg","locations":[{"start":{"line":16,"column":9},"end":{"line":16,"column":17}}]},"1":{"loc":{"start":{"line":19,"column":4},"end":{"line":23,"column":5}},"type":"switch","locations":[{"start":{"line":20,"column":6},"end":{"line":20,"column":81}},{"start":{"line":21,"column":6},"end":{"line":21,"column":82}},{"start":{"line":22,"column":6},"end":{"line":22,"column":83}}]},"2":{"loc":{"start":{"line":35,"column":27},"end":{"line":35,"column":82}},"type":"cond-expr","locations":[{"start":{"line":35,"column":50},"end":{"line":35,"column":66}},{"start":{"line":35,"column":69},"end":{"line":35,"column":82}}]},"3":{"loc":{"start":{"line":37,"column":8},"end":{"line":37,"column":33}},"type":"binary-expr","locations":[{"start":{"line":37,"column":8},"end":{"line":37,"column":15}},{"start":{"line":37,"column":19},"end":{"line":37,"column":33}}]},"4":{"loc":{"start":{"line":42,"column":7},"end":{"line":50,"column":null}},"type":"cond-expr","locations":[{"start":{"line":43,"column":8},"end":{"line":47,"column":null}},{"start":{"line":50,"column":8},"end":{"line":50,"column":51}}]},"5":{"loc":{"start":{"line":57,"column":10},"end":{"line":57,"column":52}},"type":"binary-expr","locations":[{"start":{"line":57,"column":10},"end":{"line":57,"column":31}},{"start":{"line":57,"column":35},"end":{"line":57,"column":52}}]},"6":{"loc":{"start":{"line":64,"column":7},"end":{"line":67,"column":null}},"type":"binary-expr","locations":[{"start":{"line":64,"column":7},"end":{"line":64,"column":27}},{"start":{"line":65,"column":8},"end":{"line":66,"column":null}}]}},"s":{"0":0,"1":0,"2":0,"3":0,"4":0,"5":0,"6":0,"7":0,"8":0,"9":0,"10":0,"11":0,"12":0,"13":0},"f":{"0":0,"1":0,"2":0},"b":{"0":[0],"1":[0,0,0],"2":[0,0],"3":[0,0],"4":[0,0],"5":[0,0],"6":[0,0]}}
,"/workspaces/Kid-Friendly-Map-v1/components/ApiErrorBoundary.tsx": {"path":"/workspaces/Kid-Friendly-Map-v1/components/ApiErrorBoundary.tsx","statementMap":{"0":{"start":{"line":1,"column":0},"end":{"line":1,"column":52}},"1":{"start":{"line":2,"column":0},"end":{"line":2,"column":65}},"2":{"start":{"line":3,"column":0},"end":{"line":3,"column":40}},"3":{"start":{"line":4,"column":0},"end":{"line":4,"column":69}},"4":{"start":{"line":5,"column":0},"end":{"line":5,"column":56}},"5":{"start":{"line":6,"column":0},"end":{"line":6,"column":51}},"6":{"start":{"line":27,"column":4},"end":{"line":27,"column":17}},"7":{"start":{"line":73,"column":2},"end":{"line":104,"column":4}},"8":{"start":{"line":74,"column":4},"end":{"line":74,"column":40}},"9":{"start":{"line":76,"column":4},"end":{"line":103,"column":5}},"10":{"start":{"line":78,"column":6},"end":{"line":80,"column":7}},"11":{"start":{"line":79,"column":8},"end":{"line":79,"column":50}},"12":{"start":{"line":83,"column":27},"end":{"line":83,"column":67}},"13":{"start":{"line":84,"column":6},"end":{"line":86,"column":7}},"14":{"start":{"line":85,"column":8},"end":{"line":85,"column":70}},"15":{"start":{"line":89,"column":6},"end":{"line":91,"column":7}},"16":{"start":{"line":90,"column":8},"end":{"line":90,"column":35}},"17":{"start":{"line":94,"column":6},"end":{"line":99,"column":9}},"18":{"start":{"line":101,"column":6},"end":{"line":101,"column":43}},"19":{"start":{"line":102,"column":6},"end":{"line":102,"column":43}},"20":{"start":{"line":28,"column":4},"end":{"line":34,"column":6}},"21":{"start":{"line":38,"column":4},"end":{"line":47,"column":5}},"22":{"start":{"line":39,"column":6},"end":{"line":46,"column":9}},"23":{"start":{"line":40,"column":8},"end":{"line":40,"column":40}},"24":{"start":{"line":43,"column":8},"end":{"line":45,"column":9}},"25":{"start":{"line":44,"column":10},"end":{"line":44,"column":29}},"26":{"start":{"line":51,"column":4},"end":{"line":53,"column":5}},"27":{"start":{"line":52,"column":6},"end":{"line":52,"column":32}},"28":{"start":{"line":57,"column":4},"end":{"line":60,"column":6}},"29":{"start":{"line":64,"column":4},"end":{"line":67,"column":7}},"30":{"start":{"line":70,"column":4},"end":{"line":70,"column":75}},"31":{"start":{"line":107,"column":22},"end":{"line":107,"column":32}},"32":{"start":{"line":109,"column":4},"end":{"line":111,"column":5}},"33":{"start":{"line":110,"column":6},"end":{"line":110,"column":44}},"34":{"start":{"line":113,"column":4},"end":{"line":115,"column":5}},"35":{"start":{"line":114,"column":6},"end":{"line":114,"column":83}},"36":{"start":{"line":117,"column":4},"end":{"line":119,"column":5}},"37":{"start":{"line":118,"column":6},"end":{"line":118,"column":52}},"38":{"start":{"line":121,"column":4},"end":{"line":123,"column":5}},"39":{"start":{"line":122,"column":6},"end":{"line":122,"column":63}},"40":{"start":{"line":125,"column":4},"end":{"line":127,"column":5}},"41":{"start":{"line":126,"column":6},"end":{"line":126,"column":66}},"42":{"start":{"line":129,"column":4},"end":{"line":131,"column":5}},"43":{"start":{"line":130,"column":6},"end":{"line":130,"column":53}},"44":{"start":{"line":133,"column":4},"end":{"line":133,"column":70}},"45":{"start":{"line":137,"column":36},"end":{"line":137,"column":46}},"46":{"start":{"line":139,"column":4},"end":{"line":141,"column":5}},"47":{"start":{"line":140,"column":6},"end":{"line":140,"column":18}},"48":{"start":{"line":143,"column":4},"end":{"line":145,"column":5}},"49":{"start":{"line":144,"column":6},"end":{"line":144,"column":18}},"50":{"start":{"line":147,"column":4},"end":{"line":147,"column":25}},"51":{"start":{"line":151,"column":4},"end":{"line":210,"column":5}},"52":{"start":{"line":152,"column":6},"end":{"line":154,"column":7}},"53":{"start":{"line":153,"column":8},"end":{"line":153,"column":35}},"54":{"start":{"line":156,"column":24},"end":{"line":156,"column":43}},"55":{"start":{"line":157,"column":43},"end":{"line":157,"column":53}},"56":{"start":{"line":158,"column":23},"end":{"line":158,"column":86}},"57":{"start":{"line":160,"column":6},"end":{"line":209,"column":8}},"58":{"start":{"line":212,"column":4},"end":{"line":212,"column":31}},"59":{"start":{"line":23,"column":0},"end":{"line":23,"column":21}},"60":{"start":{"line":216,"column":15},"end":{"line":292,"column":2}}},"fnMap":{"0":{"name":"(anonymous_1)","decl":{"start":{"line":26,"column":2},"end":{"line":26,"column":14}},"loc":{"start":{"line":26,"column":26},"end":{"line":35,"column":3}}},"1":{"name":"(anonymous_2)","decl":{"start":{"line":73,"column":16},"end":{"line":73,"column":21}},"loc":{"start":{"line":73,"column":27},"end":{"line":104,"column":3}}},"2":{"name":"(anonymous_3)","decl":{"start":{"line":37,"column":2},"end":{"line":37,"column":19}},"loc":{"start":{"line":37,"column":19},"end":{"line":48,"column":3}}},"3":{"name":"(anonymous_4)","decl":{"start":{"line":39,"column":66},"end":{"line":39,"column":67}},"loc":{"start":{"line":39,"column":83},"end":{"line":46,"column":7}}},"4":{"name":"(anonymous_5)","decl":{"start":{"line":50,"column":2},"end":{"line":50,"column":22}},"loc":{"start":{"line":50,"column":22},"end":{"line":54,"column":3}}},"5":{"name":"(anonymous_6)","decl":{"start":{"line":56,"column":2},"end":{"line":56,"column":8}},"loc":{"start":{"line":56,"column":46},"end":{"line":61,"column":3}}},"6":{"name":"(anonymous_7)","decl":{"start":{"line":63,"column":2},"end":{"line":63,"column":19}},"loc":{"start":{"line":63,"column":48},"end":{"line":71,"column":3}}},"7":{"name":"(anonymous_8)","decl":{"start":{"line":106,"column":2},"end":{"line":106,"column":17}},"loc":{"start":{"line":106,"column":17},"end":{"line":134,"column":3}}},"8":{"name":"(anonymous_9)","decl":{"start":{"line":136,"column":2},"end":{"line":136,"column":14}},"loc":{"start":{"line":136,"column":14},"end":{"line":148,"column":3}}},"9":{"name":"(anonymous_10)","decl":{"start":{"line":150,"column":2},"end":{"line":150,"column":8}},"loc":{"start":{"line":150,"column":8},"end":{"line":213,"column":3}}}},"branchMap":{"0":{"loc":{"start":{"line":78,"column":6},"end":{"line":80,"column":7}},"type":"if","locations":[{"start":{"line":78,"column":6},"end":{"line":80,"column":7}},{"start":{},"end":{}}]},"1":{"loc":{"start":{"line":84,"column":6},"end":{"line":86,"column":7}},"type":"if","locations":[{"start":{"line":84,"column":6},"end":{"line":86,"column":7}},{"start":{},"end":{}}]},"2":{"loc":{"start":{"line":89,"column":6},"end":{"line":91,"column":7}},"type":"if","locations":[{"start":{"line":89,"column":6},"end":{"line":91,"column":7}},{"start":{},"end":{}}]},"3":{"loc":{"start":{"line":38,"column":4},"end":{"line":47,"column":5}},"type":"if","locations":[{"start":{"line":38,"column":4},"end":{"line":47,"column":5}},{"start":{},"end":{}}]},"4":{"loc":{"start":{"line":43,"column":8},"end":{"line":45,"column":9}},"type":"if","locations":[{"start":{"line":43,"column":8},"end":{"line":45,"column":9}},{"start":{},"end":{}}]},"5":{"loc":{"start":{"line":43,"column":12},"end":{"line":43,"column":59}},"type":"binary-expr","locations":[{"start":{"line":43,"column":12},"end":{"line":43,"column":31}},{"start":{"line":43,"column":35},"end":{"line":43,"column":59}}]},"6":{"loc":{"start":{"line":51,"column":4},"end":{"line":53,"column":5}},"type":"if","locations":[{"start":{"line":51,"column":4},"end":{"line":53,"column":5}},{"start":{},"end":{}}]},"7":{"loc":{"start":{"line":109,"column":4},"end":{"line":111,"column":5}},"type":"if","locations":[{"start":{"line":109,"column":4},"end":{"line":111,"column":5}},{"start":{},"end":{}}]},"8":{"loc":{"start":{"line":113,"column":4},"end":{"line":115,"column":5}},"type":"if","locations":[{"start":{"line":113,"column":4},"end":{"line":115,"column":5}},{"start":{},"end":{}}]},"9":{"loc":{"start":{"line":117,"column":4},"end":{"line":119,"column":5}},"type":"if","locations":[{"start":{"line":117,"column":4},"end":{"line":119,"column":5}},{"start":{},"end":{}}]},"10":{"loc":{"start":{"line":121,"column":4},"end":{"line":123,"column":5}},"type":"if","locations":[{"start":{"line":121,"column":4},"end":{"line":123,"column":5}},{"start":{},"end":{}}]},"11":{"loc":{"start":{"line":125,"column":4},"end":{"line":127,"column":5}},"type":"if","locations":[{"start":{"line":125,"column":4},"end":{"line":127,"column":5}},{"start":{},"end":{}}]},"12":{"loc":{"start":{"line":129,"column":4},"end":{"line":131,"column":5}},"type":"if","locations":[{"start":{"line":129,"column":4},"end":{"line":131,"column":5}},{"start":{},"end":{}}]},"13":{"loc":{"start":{"line":133,"column":11},"end":{"line":133,"column":69}},"type":"binary-expr","locations":[{"start":{"line":133,"column":11},"end":{"line":133,"column":24}},{"start":{"line":133,"column":28},"end":{"line":133,"column":69}}]},"14":{"loc":{"start":{"line":139,"column":4},"end":{"line":141,"column":5}},"type":"if","locations":[{"start":{"line":139,"column":4},"end":{"line":141,"column":5}},{"start":{},"end":{}}]},"15":{"loc":{"start":{"line":143,"column":4},"end":{"line":145,"column":5}},"type":"if","locations":[{"start":{"line":143,"column":4},"end":{"line":145,"column":5}},{"start":{},"end":{}}]},"16":{"loc":{"start":{"line":143,"column":8},"end":{"line":143,"column":80}},"type":"binary-expr","locations":[{"start":{"line":143,"column":8},"end":{"line":143,"column":42}},{"start":{"line":143,"column":46},"end":{"line":143,"column":80}}]},"17":{"loc":{"start":{"line":151,"column":4},"end":{"line":210,"column":5}},"type":"if","locations":[{"start":{"line":151,"column":4},"end":{"line":210,"column":5}},{"start":{},"end":{}}]},"18":{"loc":{"start":{"line":152,"column":6},"end":{"line":154,"column":7}},"type":"if","locations":[{"start":{"line":152,"column":6},"end":{"line":154,"column":7}},{"start":{},"end":{}}]},"19":{"loc":{"start":{"line":158,"column":23},"end":{"line":158,"column":86}},"type":"binary-expr","locations":[{"start":{"line":158,"column":23},"end":{"line":158,"column":34}},{"start":{"line":158,"column":39},"end":{"line":158,"column":63}},{"start":{"line":158,"column":67},"end":{"line":158,"column":85}}]},"20":{"loc":{"start":{"line":171,"column":13},"end":{"line":181,"column":null}},"type":"binary-expr","locations":[{"start":{"line":171,"column":13},"end":{"line":171,"column":41}},{"start":{"line":172,"column":14},"end":{"line":180,"column":null}}]},"21":{"loc":{"start":{"line":174,"column":28},"end":{"line":174,"column":83}},"type":"cond-expr","locations":[{"start":{"line":174,"column":55},"end":{"line":174,"column":66}},{"start":{"line":174,"column":69},"end":{"line":174,"column":83}}]},"22":{"loc":{"start":{"line":176,"column":17},"end":{"line":179,"column":null}},"type":"binary-expr","locations":[{"start":{"line":176,"column":17},"end":{"line":176,"column":34}},{"start":{"line":177,"column":18},"end":{"line":178,"column":null}}]},"23":{"loc":{"start":{"line":184,"column":13},"end":{"line":199,"column":null}},"type":"binary-expr","locations":[{"start":{"line":184,"column":13},"end":{"line":184,"column":21}},{"start":{"line":185,"column":14},"end":{"line":198,"column":null}}]},"24":{"loc":{"start":{"line":186,"column":44},"end":{"line":186,"column":84}},"type":"binary-expr","locations":[{"start":{"line":186,"column":44},"end":{"line":186,"column":54}},{"start":{"line":186,"column":58},"end":{"line":186,"column":84}}]},"25":{"loc":{"start":{"line":194,"column":44},"end":{"line":194,"column":82}},"type":"binary-expr","locations":[{"start":{"line":194,"column":44},"end":{"line":194,"column":54}},{"start":{"line":194,"column":58},"end":{"line":194,"column":82}}]},"26":{"loc":{"start":{"line":197,"column":19},"end":{"line":197,"column":59}},"type":"cond-expr","locations":[{"start":{"line":197,"column":32},"end":{"line":197,"column":45}},{"start":{"line":197,"column":48},"end":{"line":197,"column":59}}]},"27":{"loc":{"start":{"line":202,"column":13},"end":{"line":205,"column":null}},"type":"binary-expr","locations":[{"start":{"line":202,"column":13},"end":{"line":202,"column":38}},{"start":{"line":203,"column":14},"end":{"line":203,"column":null}}]}},"s":{"0":0,"1":0,"2":0,"3":0,"4":0,"5":0,"6":0,"7":0,"8":0,"9":0,"10":0,"11":0,"12":0,"13":0,"14":0,"15":0,"16":0,"17":0,"18":0,"19":0,"20":0,"21":0,"22":0,"23":0,"24":0,"25":0,"26":0,"27":0,"28":0,"29":0,"30":0,"31":0,"32":0,"33":0,"34":0,"35":0,"36":0,"37":0,"38":0,"39":0,"40":0,"41":0,"42":0,"43":0,"44":0,"45":0,"46":0,"47":0,"48":0,"49":0,"50":0,"51":0,"52":0,"53":0,"54":0,"55":0,"56":0,"57":0,"58":0,"59":0,"60":0},"f":{"0":0,"1":0,"2":0,"3":0,"4":0,"5":0,"6":0,"7":0,"8":0,"9":0},"b":{"0":[0,0],"1":[0,0],"2":[0,0],"3":[0,0],"4":[0,0],"5":[0,0],"6":[0,0],"7":[0,0],"8":[0,0],"9":[0,0],"10":[0,0],"11":[0,0],"12":[0,0],"13":[0,0],"14":[0,0],"15":[0,0],"16":[0,0],"17":[0,0],"18":[0,0],"19":[0,0,0],"20":[0,0],"21":[0,0],"22":[0,0],"23":[0,0],"24":[0,0],"25":[0,0],"26":[0,0],"27":[0,0]}}
,"/workspaces/Kid-Friendly-Map-v1/components/ArrivalAlert.tsx": {"path":"/workspaces/Kid-Friendly-Map-v1/components/ArrivalAlert.tsx","statementMap":{"0":{"start":{"line":2,"column":0},"end":{"line":2,"column":65}},"1":{"start":{"line":3,"column":0},"end":{"line":3,"column":40}},"2":{"start":{"line":4,"column":0},"end":{"line":4,"column":46}},"3":{"start":{"line":5,"column":0},"end":{"line":5,"column":58}},"4":{"start":{"line":13,"column":50},"end":{"line":53,"column":1}},"5":{"start":{"line":14,"column":2},"end":{"line":52,"column":4}},"6":{"start":{"line":55,"column":15},"end":{"line":99,"column":2}},"7":{"start":{"line":101,"column":0},"end":{"line":101,"column":28}}},"fnMap":{"0":{"name":"(anonymous_1)","decl":{"start":{"line":13,"column":50},"end":{"line":13,"column":51}},"loc":{"start":{"line":13,"column":77},"end":{"line":53,"column":1}}}},"branchMap":{"0":{"loc":{"start":{"line":40,"column":11},"end":{"line":43,"column":null}},"type":"binary-expr","locations":[{"start":{"line":40,"column":11},"end":{"line":40,"column":27}},{"start":{"line":41,"column":12},"end":{"line":42,"column":null}}]}},"s":{"0":0,"1":0,"2":0,"3":0,"4":0,"5":0,"6":0,"7":0},"f":{"0":0},"b":{"0":[0,0]}}
,"/workspaces/Kid-Friendly-Map-v1/components/BackendStatusIndicator.tsx": {"path":"/workspaces/Kid-Friendly-Map-v1/components/BackendStatusIndicator.tsx","statementMap":{"0":{"start":{"line":9,"column":0},"end":{"line":9,"column":24}},"1":{"start":{"line":1,"column":0},"end":{"line":1,"column":51}},"2":{"start":{"line":2,"column":0},"end":{"line":2,"column":54}},"3":{"start":{"line":3,"column":0},"end":{"line":3,"column":51}},"4":{"start":{"line":4,"column":0},"end":{"line":4,"column":40}},"5":{"start":{"line":5,"column":0},"end":{"line":5,"column":67}},"6":{"start":{"line":10,"column":42},"end":{"line":10,"column":75}},"7":{"start":{"line":11,"column":36},"end":{"line":11,"column":51}},"8":{"start":{"line":13,"column":2},"end":{"line":23,"column":9}},"9":{"start":{"line":14,"column":24},"end":{"line":17,"column":6}},"10":{"start":{"line":15,"column":6},"end":{"line":15,"column":30}},"11":{"start":{"line":16,"column":6},"end":{"line":16,"column":41}},"12":{"start":{"line":20,"column":4},"end":{"line":20,"column":61}},"13":{"start":{"line":22,"column":4},"end":{"line":22,"column":23}},"14":{"start":{"line":25,"column":2},"end":{"line":27,"column":3}},"15":{"start":{"line":26,"column":4},"end":{"line":26,"column":16}},"16":{"start":{"line":29,"column":26},"end":{"line":53,"column":3}},"17":{"start":{"line":30,"column":4},"end":{"line":52,"column":5}},"18":{"start":{"line":32,"column":8},"end":{"line":37,"column":10}},"19":{"start":{"line":39,"column":8},"end":{"line":44,"column":10}},"20":{"start":{"line":46,"column":8},"end":{"line":51,"column":10}},"21":{"start":{"line":55,"column":17},"end":{"line":55,"column":46}},"22":{"start":{"line":56,"column":24},"end":{"line":56,"column":35}},"23":{"start":{"line":58,"column":2},"end":{"line":65,"column":4}},"24":{"start":{"line":68,"column":15},"end":{"line":83,"column":2}}},"fnMap":{"0":{"name":"BackendStatusIndicator","decl":{"start":{"line":9,"column":24},"end":{"line":9,"column":46}},"loc":{"start":{"line":9,"column":46},"end":{"line":66,"column":1}}},"1":{"name":"(anonymous_2)","decl":{"start":{"line":13,"column":12},"end":{"line":13,"column":15}},"loc":{"start":{"line":13,"column":17},"end":{"line":23,"column":3}}},"2":{"name":"(anonymous_3)","decl":{"start":{"line":14,"column":57},"end":{"line":14,"column":58}},"loc":{"start":{"line":14,"column":68},"end":{"line":17,"column":5}}},"3":{"name":"(anonymous_4)","decl":{"start":{"line":29,"column":26},"end":{"line":29,"column":27}},"loc":{"start":{"line":29,"column":51},"end":{"line":53,"column":3}}}},"branchMap":{"0":{"loc":{"start":{"line":25,"column":2},"end":{"line":27,"column":3}},"type":"if","locations":[{"start":{"line":25,"column":2},"end":{"line":27,"column":3}},{"start":{},"end":{}}]},"1":{"loc":{"start":{"line":30,"column":4},"end":{"line":52,"column":5}},"type":"switch","locations":[{"start":{"line":31,"column":6},"end":{"line":37,"column":10}},{"start":{"line":38,"column":6},"end":{"line":44,"column":10}},{"start":{"line":45,"column":6},"end":{"line":51,"column":10}}]}},"s":{"0":0,"1":0,"2":0,"3":0,"4":0,"5":0,"6":0,"7":0,"8":0,"9":0,"10":0,"11":0,"12":0,"13":0,"14":0,"15":0,"16":0,"17":0,"18":0,"19":0,"20":0,"21":0,"22":0,"23":0,"24":0},"f":{"0":0,"1":0,"2":0,"3":0},"b":{"0":[0,0],"1":[0,0,0]}}
,"/workspaces/Kid-Friendly-Map-v1/components/CategoryButton.tsx": {"path":"/workspaces/Kid-Friendly-Map-v1/components/CategoryButton.tsx","statementMap":{"0":{"start":{"line":2,"column":0},"end":{"line":2,"column":65}},"1":{"start":{"line":3,"column":0},"end":{"line":3,"column":40}},"2":{"start":{"line":5,"column":0},"end":{"line":5,"column":null}},"3":{"start":{"line":19,"column":54},"end":{"line":134,"column":1}},"4":{"start":{"line":25,"column":18},"end":{"line":61,"column":3}},"5":{"start":{"line":26,"column":22},"end":{"line":26,"column":55}},"6":{"start":{"line":28,"column":4},"end":{"line":60,"column":5}},"7":{"start":{"line":29,"column":19},"end":{"line":29,"column":50}},"8":{"start":{"line":30,"column":28},"end":{"line":30,"column":68}},"9":{"start":{"line":31,"column":23},"end":{"line":31,"column":58}},"10":{"start":{"line":32,"column":20},"end":{"line":32,"column":52}},"11":{"start":{"line":33,"column":26},"end":{"line":33,"column":64}},"12":{"start":{"line":34,"column":20},"end":{"line":34,"column":52}},"13":{"start":{"line":35,"column":20},"end":{"line":35,"column":52}},"14":{"start":{"line":36,"column":20},"end":{"line":36,"column":52}},"15":{"start":{"line":37,"column":18},"end":{"line":37,"column":48}},"16":{"start":{"line":38,"column":19},"end":{"line":38,"column":50}},"17":{"start":{"line":39,"column":18},"end":{"line":39,"column":48}},"18":{"start":{"line":40,"column":20},"end":{"line":40,"column":52}},"19":{"start":{"line":41,"column":20},"end":{"line":41,"column":52}},"20":{"start":{"line":42,"column":23},"end":{"line":42,"column":58}},"21":{"start":{"line":43,"column":21},"end":{"line":43,"column":54}},"22":{"start":{"line":44,"column":23},"end":{"line":44,"column":58}},"23":{"start":{"line":45,"column":23},"end":{"line":45,"column":58}},"24":{"start":{"line":46,"column":20},"end":{"line":46,"column":52}},"25":{"start":{"line":47,"column":21},"end":{"line":47,"column":54}},"26":{"start":{"line":48,"column":19},"end":{"line":48,"column":50}},"27":{"start":{"line":49,"column":21},"end":{"line":49,"column":54}},"28":{"start":{"line":50,"column":20},"end":{"line":50,"column":52}},"29":{"start":{"line":51,"column":23},"end":{"line":51,"column":58}},"30":{"start":{"line":52,"column":22},"end":{"line":52,"column":56}},"31":{"start":{"line":53,"column":19},"end":{"line":53,"column":50}},"32":{"start":{"line":54,"column":18},"end":{"line":54,"column":48}},"33":{"start":{"line":55,"column":19},"end":{"line":55,"column":50}},"34":{"start":{"line":56,"column":20},"end":{"line":56,"column":52}},"35":{"start":{"line":57,"column":23},"end":{"line":57,"column":58}},"36":{"start":{"line":58,"column":21},"end":{"line":58,"column":54}},"37":{"start":{"line":59,"column":15},"end":{"line":59,"column":48}},"38":{"start":{"line":63,"column":24},"end":{"line":74,"column":3}},"39":{"start":{"line":64,"column":4},"end":{"line":73,"column":5}},"40":{"start":{"line":66,"column":8},"end":{"line":66,"column":55}},"41":{"start":{"line":68,"column":8},"end":{"line":68,"column":57}},"42":{"start":{"line":70,"column":8},"end":{"line":70,"column":57}},"43":{"start":{"line":72,"column":8},"end":{"line":72,"column":57}},"44":{"start":{"line":76,"column":21},"end":{"line":76,"column":36}},"45":{"start":{"line":79,"column":22},"end":{"line":79,"column":136}},"46":{"start":{"line":80,"column":19},"end":{"line":80,"column":93}},"47":{"start":{"line":81,"column":26},"end":{"line":81,"column":102}},"48":{"start":{"line":82,"column":21},"end":{"line":82,"column":66}},"49":{"start":{"line":85,"column":4},"end":{"line":95,"column":5}},"50":{"start":{"line":86,"column":19},"end":{"line":86,"column":33}},"51":{"start":{"line":87,"column":21},"end":{"line":87,"column":44}},"52":{"start":{"line":88,"column":22},"end":{"line":88,"column":40}},"53":{"start":{"line":89,"column":19},"end":{"line":89,"column":34}},"54":{"start":{"line":90,"column":20},"end":{"line":90,"column":41}},"55":{"start":{"line":91,"column":25},"end":{"line":91,"column":40}},"56":{"start":{"line":92,"column":21},"end":{"line":92,"column":36}},"57":{"start":{"line":93,"column":21},"end":{"line":93,"column":36}},"58":{"start":{"line":94,"column":15},"end":{"line":94,"column":31}},"59":{"start":{"line":99,"column":4},"end":{"line":109,"column":5}},"60":{"start":{"line":100,"column":19},"end":{"line":100,"column":41}},"61":{"start":{"line":101,"column":21},"end":{"line":101,"column":38}},"62":{"start":{"line":102,"column":22},"end":{"line":102,"column":39}},"63":{"start":{"line":103,"column":19},"end":{"line":103,"column":43}},"64":{"start":{"line":104,"column":20},"end":{"line":104,"column":37}},"65":{"start":{"line":105,"column":25},"end":{"line":105,"column":42}},"66":{"start":{"line":106,"column":21},"end":{"line":106,"column":38}},"67":{"start":{"line":107,"column":21},"end":{"line":107,"column":38}},"68":{"start":{"line":108,"column":15},"end":{"line":108,"column":37}},"69":{"start":{"line":112,"column":2},"end":{"line":133,"column":4}},"70":{"start":{"line":114,"column":30},"end":{"line":122,"column":null}},"71":{"start":{"line":123,"column":21},"end":{"line":123,"column":51}},"72":{"start":{"line":136,"column":15},"end":{"line":163,"column":2}},"73":{"start":{"line":165,"column":0},"end":{"line":165,"column":30}}},"fnMap":{"0":{"name":"(anonymous_1)","decl":{"start":{"line":19,"column":54},"end":{"line":19,"column":55}},"loc":{"start":{"line":24,"column":5},"end":{"line":134,"column":1}}},"1":{"name":"(anonymous_2)","decl":{"start":{"line":25,"column":18},"end":{"line":25,"column":19}},"loc":{"start":{"line":25,"column":57},"end":{"line":61,"column":3}}},"2":{"name":"(anonymous_3)","decl":{"start":{"line":63,"column":24},"end":{"line":63,"column":27}},"loc":{"start":{"line":63,"column":29},"end":{"line":74,"column":3}}},"3":{"name":"getDefaultIcon","decl":{"start":{"line":84,"column":11},"end":{"line":84,"column":25}},"loc":{"start":{"line":84,"column":44},"end":{"line":96,"column":3}}},"4":{"name":"getDefaultColor","decl":{"start":{"line":98,"column":11},"end":{"line":98,"column":26}},"loc":{"start":{"line":98,"column":45},"end":{"line":110,"column":3}}},"5":{"name":"(anonymous_6)","decl":{"start":{"line":114,"column":13},"end":{"line":114,"column":14}},"loc":{"start":{"line":114,"column":30},"end":{"line":122,"column":null}}},"6":{"name":"(anonymous_7)","decl":{"start":{"line":123,"column":15},"end":{"line":123,"column":18}},"loc":{"start":{"line":123,"column":21},"end":{"line":123,"column":51}}}},"branchMap":{"0":{"loc":{"start":{"line":23,"column":2},"end":{"line":23,"column":16}},"type":"default-arg","locations":[{"start":{"line":23,"column":9},"end":{"line":23,"column":16}}]},"1":{"loc":{"start":{"line":28,"column":4},"end":{"line":60,"column":5}},"type":"switch","locations":[{"start":{"line":29,"column":6},"end":{"line":29,"column":50}},{"start":{"line":30,"column":6},"end":{"line":30,"column":68}},{"start":{"line":31,"column":6},"end":{"line":31,"column":58}},{"start":{"line":32,"column":6},"end":{"line":32,"column":52}},{"start":{"line":33,"column":6},"end":{"line":33,"column":64}},{"start":{"line":34,"column":6},"end":{"line":34,"column":52}},{"start":{"line":35,"column":6},"end":{"line":35,"column":52}},{"start":{"line":36,"column":6},"end":{"line":36,"column":52}},{"start":{"line":37,"column":6},"end":{"line":37,"column":48}},{"start":{"line":38,"column":6},"end":{"line":38,"column":50}},{"start":{"line":39,"column":6},"end":{"line":39,"column":48}},{"start":{"line":40,"column":6},"end":{"line":40,"column":52}},{"start":{"line":41,"column":6},"end":{"line":41,"column":52}},{"start":{"line":42,"column":6},"end":{"line":42,"column":58}},{"start":{"line":43,"column":6},"end":{"line":43,"column":54}},{"start":{"line":44,"column":6},"end":{"line":44,"column":58}},{"start":{"line":45,"column":6},"end":{"line":45,"column":58}},{"start":{"line":46,"column":6},"end":{"line":46,"column":52}},{"start":{"line":47,"column":6},"end":{"line":47,"column":54}},{"start":{"line":48,"column":6},"end":{"line":48,"column":50}},{"start":{"line":49,"column":6},"end":{"line":49,"column":54}},{"start":{"line":50,"column":6},"end":{"line":50,"column":52}},{"start":{"line":51,"column":6},"end":{"line":51,"column":58}},{"start":{"line":52,"column":6},"end":{"line":52,"column":56}},{"start":{"line":53,"column":6},"end":{"line":53,"column":50}},{"start":{"line":54,"column":6},"end":{"line":54,"column":48}},{"start":{"line":55,"column":6},"end":{"line":55,"column":50}},{"start":{"line":56,"column":6},"end":{"line":56,"column":52}},{"start":{"line":57,"column":6},"end":{"line":57,"column":58}},{"start":{"line":58,"column":6},"end":{"line":58,"column":54}},{"start":{"line":59,"column":6},"end":{"line":59,"column":48}}]},"2":{"loc":{"start":{"line":64,"column":4},"end":{"line":73,"column":5}},"type":"switch","locations":[{"start":{"line":65,"column":6},"end":{"line":66,"column":55}},{"start":{"line":67,"column":6},"end":{"line":68,"column":57}},{"start":{"line":69,"column":6},"end":{"line":70,"column":57}},{"start":{"line":71,"column":6},"end":{"line":72,"column":57}}]},"3":{"loc":{"start":{"line":79,"column":22},"end":{"line":79,"column":136}},"type":"cond-expr","locations":[{"start":{"line":79,"column":39},"end":{"line":79,"column":58}},{"start":{"line":79,"column":62},"end":{"line":79,"column":135}}]},"4":{"loc":{"start":{"line":79,"column":62},"end":{"line":79,"column":135}},"type":"cond-expr","locations":[{"start":{"line":79,"column":73},"end":{"line":79,"column":125}},{"start":{"line":79,"column":128},"end":{"line":79,"column":135}}]},"5":{"loc":{"start":{"line":80,"column":19},"end":{"line":80,"column":93}},"type":"cond-expr","locations":[{"start":{"line":80,"column":36},"end":{"line":80,"column":55}},{"start":{"line":80,"column":58},"end":{"line":80,"column":93}}]},"6":{"loc":{"start":{"line":80,"column":73},"end":{"line":80,"column":92}},"type":"binary-expr","locations":[{"start":{"line":80,"column":73},"end":{"line":80,"column":81}},{"start":{"line":80,"column":85},"end":{"line":80,"column":92}}]},"7":{"loc":{"start":{"line":81,"column":26},"end":{"line":81,"column":102}},"type":"cond-expr","locations":[{"start":{"line":81,"column":43},"end":{"line":81,"column":63}},{"start":{"line":81,"column":66},"end":{"line":81,"column":102}}]},"8":{"loc":{"start":{"line":81,"column":82},"end":{"line":81,"column":101}},"type":"binary-expr","locations":[{"start":{"line":81,"column":82},"end":{"line":81,"column":90}},{"start":{"line":81,"column":94},"end":{"line":81,"column":101}}]},"9":{"loc":{"start":{"line":82,"column":21},"end":{"line":82,"column":66}},"type":"cond-expr","locations":[{"start":{"line":82,"column":38},"end":{"line":82,"column":55}},{"start":{"line":82,"column":58},"end":{"line":82,"column":66}}]},"10":{"loc":{"start":{"line":85,"column":4},"end":{"line":95,"column":5}},"type":"switch","locations":[{"start":{"line":86,"column":6},"end":{"line":86,"column":33}},{"start":{"line":87,"column":6},"end":{"line":87,"column":44}},{"start":{"line":88,"column":6},"end":{"line":88,"column":40}},{"start":{"line":89,"column":6},"end":{"line":89,"column":34}},{"start":{"line":90,"column":6},"end":{"line":90,"column":41}},{"start":{"line":91,"column":6},"end":{"line":91,"column":40}},{"start":{"line":92,"column":6},"end":{"line":92,"column":36}},{"start":{"line":93,"column":6},"end":{"line":93,"column":36}},{"start":{"line":94,"column":6},"end":{"line":94,"column":31}}]},"11":{"loc":{"start":{"line":99,"column":4},"end":{"line":109,"column":5}},"type":"switch","locations":[{"start":{"line":100,"column":6},"end":{"line":100,"column":41}},{"start":{"line":101,"column":6},"end":{"line":101,"column":38}},{"start":{"line":102,"column":6},"end":{"line":102,"column":39}},{"start":{"line":103,"column":6},"end":{"line":103,"column":43}},{"start":{"line":104,"column":6},"end":{"line":104,"column":37}},{"start":{"line":105,"column":6},"end":{"line":105,"column":42}},{"start":{"line":106,"column":6},"end":{"line":106,"column":38}},{"start":{"line":107,"column":6},"end":{"line":107,"column":38}},{"start":{"line":108,"column":6},"end":{"line":108,"column":37}}]},"12":{"loc":{"start":{"line":121,"column":8},"end":{"line":121,"column":33}},"type":"binary-expr","locations":[{"start":{"line":121,"column":8},"end":{"line":121,"column":15}},{"start":{"line":121,"column":19},"end":{"line":121,"column":33}}]},"13":{"loc":{"start":{"line":123,"column":29},"end":{"line":123,"column":50}},"type":"binary-expr","locations":[{"start":{"line":123,"column":29},"end":{"line":123,"column":39}},{"start":{"line":123,"column":43},"end":{"line":123,"column":50}}]},"14":{"loc":{"start":{"line":129,"column":45},"end":{"line":129,"column":96}},"type":"cond-expr","locations":[{"start":{"line":129,"column":64},"end":{"line":129,"column":66}},{"start":{"line":129,"column":69},"end":{"line":129,"column":96}}]},"15":{"loc":{"start":{"line":129,"column":69},"end":{"line":129,"column":96}},"type":"cond-expr","locations":[{"start":{"line":129,"column":89},"end":{"line":129,"column":91}},{"start":{"line":129,"column":94},"end":{"line":129,"column":96}}]}},"s":{"0":0,"1":0,"2":0,"3":0,"4":0,"5":0,"6":0,"7":0,"8":0,"9":0,"10":0,"11":0,"12":0,"13":0,"14":0,"15":0,"16":0,"17":0,"18":0,"19":0,"20":0,"21":0,"22":0,"23":0,"24":0,"25":0,"26":0,"27":0,"28":0,"29":0,"30":0,"31":0,"32":0,"33":0,"34":0,"35":0,"36":0,"37":0,"38":0,"39":0,"40":0,"41":0,"42":0,"43":0,"44":0,"45":0,"46":0,"47":0,"48":0,"49":0,"50":0,"51":0,"52":0,"53":0,"54":0,"55":0,"56":0,"57":0,"58":0,"59":0,"60":0,"61":0,"62":0,"63":0,"64":0,"65":0,"66":0,"67":0,"68":0,"69":0,"70":0,"71":0,"72":0,"73":0},"f":{"0":0,"1":0,"2":0,"3":0,"4":0,"5":0,"6":0},"b":{"0":[0],"1":[0,0,0,0,0,0,0,0,0,0,0,0,0,0,0,0,0,0,0,0,0,0,0,0,0,0,0,0,0,0,0],"2":[0,0,0,0],"3":[0,0],"4":[0,0],"5":[0,0],"6":[0,0],"7":[0,0],"8":[0,0],"9":[0,0],"10":[0,0,0,0,0,0,0,0,0],"11":[0,0,0,0,0,0,0,0,0],"12":[0,0],"13":[0,0],"14":[0,0],"15":[0,0]}}
,"/workspaces/Kid-Friendly-Map-v1/components/CategoryManagement.tsx": {"path":"/workspaces/Kid-Friendly-Map-v1/components/CategoryManagement.tsx","statementMap":{"0":{"start":{"line":1,"column":0},"end":{"line":1,"column":40}},"1":{"start":{"line":2,"column":0},"end":{"line":2,"column":102}},"2":{"start":{"line":3,"column":0},"end":{"line":3,"column":40}},"3":{"start":{"line":5,"column":0},"end":{"line":5,"column":63}},"4":{"start":{"line":6,"column":0},"end":{"line":6,"column":79}},"5":{"start":{"line":7,"column":0},"end":{"line":7,"column":46}},"6":{"start":{"line":14,"column":62},"end":{"line":356,"column":1}},"7":{"start":{"line":28,"column":6},"end":{"line":28,"column":29}},"8":{"start":{"line":30,"column":48},"end":{"line":30,"column":63}},"9":{"start":{"line":31,"column":48},"end":{"line":31,"column":85}},"10":{"start":{"line":32,"column":48},"end":{"line":32,"column":60}},"11":{"start":{"line":33,"column":42},"end":{"line":33,"column":60}},"12":{"start":{"line":34,"column":44},"end":{"line":34,"column":63}},"13":{"start":{"line":36,"column":29},"end":{"line":36,"column":52}},"14":{"start":{"line":37,"column":28},"end":{"line":37,"column":50}},"15":{"start":{"line":38,"column":25},"end":{"line":38,"column":44}},"16":{"start":{"line":39,"column":26},"end":{"line":39,"column":46}},"17":{"start":{"line":41,"column":31},"end":{"line":77,"column":3}},"18":{"start":{"line":42,"column":4},"end":{"line":45,"column":5}},"19":{"start":{"line":43,"column":6},"end":{"line":43,"column":59}},"20":{"start":{"line":44,"column":6},"end":{"line":44,"column":13}},"21":{"start":{"line":47,"column":4},"end":{"line":50,"column":5}},"22":{"start":{"line":48,"column":6},"end":{"line":48,"column":115}},"23":{"start":{"line":49,"column":6},"end":{"line":49,"column":13}},"24":{"start":{"line":52,"column":4},"end":{"line":76,"column":5}},"25":{"start":{"line":53,"column":25},"end":{"line":53,"column":49}},"26":{"start":{"line":55,"column":6},"end":{"line":62,"column":9}},"27":{"start":{"line":64,"column":6},"end":{"line":64,"column":32}},"28":{"start":{"line":65,"column":6},"end":{"line":65,"column":29}},"29":{"start":{"line":66,"column":6},"end":{"line":66,"column":32}},"30":{"start":{"line":67,"column":6},"end":{"line":67,"column":34}},"31":{"start":{"line":69,"column":6},"end":{"line":73,"column":7}},"32":{"start":{"line":70,"column":8},"end":{"line":70,"column":110}},"33":{"start":{"line":72,"column":8},"end":{"line":72,"column":65}},"34":{"start":{"line":75,"column":6},"end":{"line":75,"column":75}},"35":{"start":{"line":79,"column":29},"end":{"line":100,"column":3}},"36":{"start":{"line":80,"column":4},"end":{"line":83,"column":5}},"37":{"start":{"line":81,"column":6},"end":{"line":81,"column":59}},"38":{"start":{"line":82,"column":6},"end":{"line":82,"column":13}},"39":{"start":{"line":85,"column":4},"end":{"line":99,"column":5}},"40":{"start":{"line":86,"column":6},"end":{"line":90,"column":9}},"41":{"start":{"line":92,"column":6},"end":{"line":92,"column":31}},"42":{"start":{"line":93,"column":6},"end":{"line":93,"column":29}},"43":{"start":{"line":94,"column":6},"end":{"line":94,"column":32}},"44":{"start":{"line":95,"column":6},"end":{"line":95,"column":34}},"45":{"start":{"line":96,"column":6},"end":{"line":96,"column":63}},"46":{"start":{"line":98,"column":6},"end":{"line":98,"column":75}},"47":{"start":{"line":102,"column":31},"end":{"line":127,"column":3}},"48":{"start":{"line":103,"column":4},"end":{"line":106,"column":5}},"49":{"start":{"line":104,"column":6},"end":{"line":104,"column":76}},"50":{"start":{"line":105,"column":6},"end":{"line":105,"column":13}},"51":{"start":{"line":108,"column":4},"end":{"line":126,"column":6}},"52":{"start":{"line":117,"column":12},"end":{"line":122,"column":13}},"53":{"start":{"line":118,"column":14},"end":{"line":118,"column":48}},"54":{"start":{"line":119,"column":14},"end":{"line":119,"column":71}},"55":{"start":{"line":121,"column":14},"end":{"line":121,"column":83}},"56":{"start":{"line":129,"column":32},"end":{"line":136,"column":3}},"57":{"start":{"line":130,"column":4},"end":{"line":135,"column":5}},"58":{"start":{"line":131,"column":6},"end":{"line":131,"column":40}},"59":{"start":{"line":132,"column":6},"end":{"line":132,"column":51}},"60":{"start":{"line":134,"column":6},"end":{"line":134,"column":76}},"61":{"start":{"line":138,"column":26},"end":{"line":144,"column":3}},"62":{"start":{"line":139,"column":4},"end":{"line":139,"column":27}},"63":{"start":{"line":140,"column":4},"end":{"line":140,"column":30}},"64":{"start":{"line":141,"column":4},"end":{"line":141,"column":32}},"65":{"start":{"line":142,"column":4},"end":{"line":142,"column":29}},"66":{"start":{"line":143,"column":4},"end":{"line":143,"column":29}},"67":{"start":{"line":146,"column":24},"end":{"line":152,"column":3}},"68":{"start":{"line":147,"column":4},"end":{"line":147,"column":38}},"69":{"start":{"line":148,"column":4},"end":{"line":148,"column":35}},"70":{"start":{"line":149,"column":4},"end":{"line":149,"column":37}},"71":{"start":{"line":150,"column":4},"end":{"line":150,"column":33}},"72":{"start":{"line":151,"column":4},"end":{"line":151,"column":29}},"73":{"start":{"line":154,"column":24},"end":{"line":255,"column":null}},"74":{"start":{"line":155,"column":4},"end":{"line":254,"column":null}},"75":{"start":{"line":162,"column":36},"end":{"line":162,"column":61}},"76":{"start":{"line":210,"column":16},"end":{"line":211,"column":null}},"77":{"start":{"line":216,"column":33},"end":{"line":216,"column":54}},"78":{"start":{"line":229,"column":35},"end":{"line":229,"column":56}},"79":{"start":{"line":241,"column":16},"end":{"line":242,"column":null}},"80":{"start":{"line":248,"column":33},"end":{"line":248,"column":56}},"81":{"start":{"line":258,"column":2},"end":{"line":355,"column":4}},"82":{"start":{"line":280,"column":14},"end":{"line":280,"column":38}},"83":{"start":{"line":294,"column":35},"end":{"line":294,"column":69}},"84":{"start":{"line":300,"column":35},"end":{"line":300,"column":65}},"85":{"start":{"line":320,"column":12},"end":{"line":320,"column":36}},"86":{"start":{"line":335,"column":35},"end":{"line":335,"column":58}},"87":{"start":{"line":341,"column":35},"end":{"line":341,"column":65}},"88":{"start":{"line":358,"column":15},"end":{"line":509,"column":2}},"89":{"start":{"line":511,"column":0},"end":{"line":511,"column":34}}},"fnMap":{"0":{"name":"(anonymous_1)","decl":{"start":{"line":14,"column":62},"end":{"line":14,"column":63}},"loc":{"start":{"line":14,"column":87},"end":{"line":356,"column":1}}},"1":{"name":"(anonymous_2)","decl":{"start":{"line":41,"column":31},"end":{"line":41,"column":36}},"loc":{"start":{"line":41,"column":42},"end":{"line":77,"column":3}}},"2":{"name":"(anonymous_3)","decl":{"start":{"line":79,"column":29},"end":{"line":79,"column":34}},"loc":{"start":{"line":79,"column":40},"end":{"line":100,"column":3}}},"3":{"name":"(anonymous_4)","decl":{"start":{"line":102,"column":31},"end":{"line":102,"column":32}},"loc":{"start":{"line":102,"column":60},"end":{"line":127,"column":3}}},"4":{"name":"(anonymous_5)","decl":{"start":{"line":116,"column":19},"end":{"line":116,"column":24}},"loc":{"start":{"line":116,"column":30},"end":{"line":123,"column":11}}},"5":{"name":"(anonymous_6)","decl":{"start":{"line":129,"column":32},"end":{"line":129,"column":37}},"loc":{"start":{"line":129,"column":61},"end":{"line":136,"column":3}}},"6":{"name":"(anonymous_7)","decl":{"start":{"line":138,"column":26},"end":{"line":138,"column":29}},"loc":{"start":{"line":138,"column":31},"end":{"line":144,"column":3}}},"7":{"name":"(anonymous_8)","decl":{"start":{"line":146,"column":24},"end":{"line":146,"column":25}},"loc":{"start":{"line":146,"column":53},"end":{"line":152,"column":3}}},"8":{"name":"(anonymous_9)","decl":{"start":{"line":154,"column":24},"end":{"line":154,"column":27}},"loc":{"start":{"line":155,"column":4},"end":{"line":254,"column":null}}},"9":{"name":"(anonymous_10)","decl":{"start":{"line":162,"column":30},"end":{"line":162,"column":33}},"loc":{"start":{"line":162,"column":36},"end":{"line":162,"column":61}}},"10":{"name":"(anonymous_11)","decl":{"start":{"line":190,"column":23},"end":{"line":190,"column":26}},"loc":{"start":{"line":190,"column":28},"end":{"line":190,"column":31}}},"11":{"name":"(anonymous_12)","decl":{"start":{"line":209,"column":34},"end":{"line":209,"column":35}},"loc":{"start":{"line":210,"column":16},"end":{"line":211,"column":null}}},"12":{"name":"(anonymous_13)","decl":{"start":{"line":216,"column":27},"end":{"line":216,"column":30}},"loc":{"start":{"line":216,"column":33},"end":{"line":216,"column":54}}},"13":{"name":"(anonymous_14)","decl":{"start":{"line":229,"column":29},"end":{"line":229,"column":32}},"loc":{"start":{"line":229,"column":35},"end":{"line":229,"column":56}}},"14":{"name":"(anonymous_15)","decl":{"start":{"line":240,"column":35},"end":{"line":240,"column":36}},"loc":{"start":{"line":241,"column":16},"end":{"line":242,"column":null}}},"15":{"name":"(anonymous_16)","decl":{"start":{"line":248,"column":27},"end":{"line":248,"column":30}},"loc":{"start":{"line":248,"column":33},"end":{"line":248,"column":56}}},"16":{"name":"(anonymous_17)","decl":{"start":{"line":279,"column":35},"end":{"line":279,"column":36}},"loc":{"start":{"line":280,"column":14},"end":{"line":280,"column":38}}},"17":{"name":"(anonymous_18)","decl":{"start":{"line":283,"column":27},"end":{"line":283,"column":30}},"loc":{"start":{"line":283,"column":32},"end":{"line":283,"column":35}}},"18":{"name":"(anonymous_19)","decl":{"start":{"line":294,"column":29},"end":{"line":294,"column":32}},"loc":{"start":{"line":294,"column":35},"end":{"line":294,"column":69}}},"19":{"name":"(anonymous_20)","decl":{"start":{"line":300,"column":29},"end":{"line":300,"column":32}},"loc":{"start":{"line":300,"column":35},"end":{"line":300,"column":65}}},"20":{"name":"(anonymous_21)","decl":{"start":{"line":319,"column":34},"end":{"line":319,"column":35}},"loc":{"start":{"line":320,"column":12},"end":{"line":320,"column":36}}},"21":{"name":"(anonymous_22)","decl":{"start":{"line":323,"column":25},"end":{"line":323,"column":28}},"loc":{"start":{"line":323,"column":30},"end":{"line":323,"column":33}}},"22":{"name":"(anonymous_23)","decl":{"start":{"line":335,"column":29},"end":{"line":335,"column":32}},"loc":{"start":{"line":335,"column":35},"end":{"line":335,"column":58}}},"23":{"name":"(anonymous_24)","decl":{"start":{"line":341,"column":29},"end":{"line":341,"column":32}},"loc":{"start":{"line":341,"column":35},"end":{"line":341,"column":65}}}},"branchMap":{"0":{"loc":{"start":{"line":42,"column":4},"end":{"line":45,"column":5}},"type":"if","locations":[{"start":{"line":42,"column":4},"end":{"line":45,"column":5}},{"start":{},"end":{}}]},"1":{"loc":{"start":{"line":47,"column":4},"end":{"line":50,"column":5}},"type":"if","locations":[{"start":{"line":47,"column":4},"end":{"line":50,"column":5}},{"start":{},"end":{}}]},"2":{"loc":{"start":{"line":69,"column":6},"end":{"line":73,"column":7}},"type":"if","locations":[{"start":{"line":69,"column":6},"end":{"line":73,"column":7}},{"start":{"line":71,"column":13},"end":{"line":73,"column":7}}]},"3":{"loc":{"start":{"line":80,"column":4},"end":{"line":83,"column":5}},"type":"if","locations":[{"start":{"line":80,"column":4},"end":{"line":83,"column":5}},{"start":{},"end":{}}]},"4":{"loc":{"start":{"line":80,"column":8},"end":{"line":80,"column":51}},"type":"binary-expr","locations":[{"start":{"line":80,"column":8},"end":{"line":80,"column":24}},{"start":{"line":80,"column":28},"end":{"line":80,"column":51}}]},"5":{"loc":{"start":{"line":103,"column":4},"end":{"line":106,"column":5}},"type":"if","locations":[{"start":{"line":103,"column":4},"end":{"line":106,"column":5}},{"start":{},"end":{}}]},"6":{"loc":{"start":{"line":166,"column":13},"end":{"line":166,"column":66}},"type":"cond-expr","locations":[{"start":{"line":166,"column":31},"end":{"line":166,"column":46}},{"start":{"line":166,"column":49},"end":{"line":166,"column":66}}]},"7":{"loc":{"start":{"line":169,"column":21},"end":{"line":169,"column":80}},"type":"cond-expr","locations":[{"start":{"line":169,"column":39},"end":{"line":169,"column":57}},{"start":{"line":169,"column":60},"end":{"line":169,"column":80}}]},"8":{"loc":{"start":{"line":182,"column":22},"end":{"line":182,"column":56}},"type":"binary-expr","locations":[{"start":{"line":182,"column":22},"end":{"line":182,"column":37}},{"start":{"line":182,"column":41},"end":{"line":182,"column":56}}]},"9":{"loc":{"start":{"line":214,"column":20},"end":{"line":214,"column":70}},"type":"binary-expr","locations":[{"start":{"line":214,"column":20},"end":{"line":214,"column":41}},{"start":{"line":214,"column":45},"end":{"line":214,"column":70}}]},"10":{"loc":{"start":{"line":246,"column":20},"end":{"line":246,"column":73}},"type":"binary-expr","locations":[{"start":{"line":246,"column":20},"end":{"line":246,"column":43}},{"start":{"line":246,"column":47},"end":{"line":246,"column":73}}]},"11":{"loc":{"start":{"line":265,"column":9},"end":{"line":268,"column":null}},"type":"binary-expr","locations":[{"start":{"line":265,"column":9},"end":{"line":265,"column":36}},{"start":{"line":266,"column":10},"end":{"line":267,"column":null}}]},"12":{"loc":{"start":{"line":273,"column":9},"end":{"line":308,"column":null}},"type":"binary-expr","locations":[{"start":{"line":273,"column":9},"end":{"line":273,"column":30}},{"start":{"line":273,"column":34},"end":{"line":273,"column":62}},{"start":{"line":274,"column":10},"end":{"line":307,"column":null}}]},"13":{"loc":{"start":{"line":314,"column":13},"end":{"line":316,"column":43}},"type":"cond-expr","locations":[{"start":{"line":315,"column":16},"end":{"line":315,"column":63}},{"start":{"line":316,"column":16},"end":{"line":316,"column":43}}]},"14":{"loc":{"start":{"line":329,"column":19},"end":{"line":329,"column":86}},"type":"cond-expr","locations":[{"start":{"line":329,"column":40},"end":{"line":329,"column":49}},{"start":{"line":329,"column":52},"end":{"line":329,"column":86}}]},"15":{"loc":{"start":{"line":332,"column":15},"end":{"line":346,"column":null}},"type":"binary-expr","locations":[{"start":{"line":332,"column":15},"end":{"line":332,"column":34}},{"start":{"line":332,"column":39},"end":{"line":332,"column":60}},{"start":{"line":332,"column":64},"end":{"line":332,"column":95}},{"start":{"line":333,"column":16},"end":{"line":345,"column":null}}]}},"s":{"0":0,"1":0,"2":0,"3":0,"4":0,"5":0,"6":0,"7":0,"8":0,"9":0,"10":0,"11":0,"12":0,"13":0,"14":0,"15":0,"16":0,"17":0,"18":0,"19":0,"20":0,"21":0,"22":0,"23":0,"24":0,"25":0,"26":0,"27":0,"28":0,"29":0,"30":0,"31":0,"32":0,"33":0,"34":0,"35":0,"36":0,"37":0,"38":0,"39":0,"40":0,"41":0,"42":0,"43":0,"44":0,"45":0,"46":0,"47":0,"48":0,"49":0,"50":0,"51":0,"52":0,"53":0,"54":0,"55":0,"56":0,"57":0,"58":0,"59":0,"60":0,"61":0,"62":0,"63":0,"64":0,"65":0,"66":0,"67":0,"68":0,"69":0,"70":0,"71":0,"72":0,"73":0,"74":0,"75":0,"76":0,"77":0,"78":0,"79":0,"80":0,"81":0,"82":0,"83":0,"84":0,"85":0,"86":0,"87":0,"88":0,"89":0},"f":{"0":0,"1":0,"2":0,"3":0,"4":0,"5":0,"6":0,"7":0,"8":0,"9":0,"10":0,"11":0,"12":0,"13":0,"14":0,"15":0,"16":0,"17":0,"18":0,"19":0,"20":0,"21":0,"22":0,"23":0},"b":{"0":[0,0],"1":[0,0],"2":[0,0],"3":[0,0],"4":[0,0],"5":[0,0],"6":[0,0],"7":[0,0],"8":[0,0],"9":[0,0],"10":[0,0],"11":[0,0],"12":[0,0,0],"13":[0,0],"14":[0,0],"15":[0,0,0,0]}}
,"/workspaces/Kid-Friendly-Map-v1/components/CityManagement.tsx": {"path":"/workspaces/Kid-Friendly-Map-v1/components/CityManagement.tsx","statementMap":{"0":{"start":{"line":12,"column":0},"end":{"line":12,"column":24}},"1":{"start":{"line":1,"column":0},"end":{"line":1,"column":40}},"2":{"start":{"line":2,"column":0},"end":{"line":2,"column":95}},"3":{"start":{"line":3,"column":0},"end":{"line":3,"column":40}},"4":{"start":{"line":4,"column":0},"end":{"line":4,"column":95}},"5":{"start":{"line":5,"column":0},"end":{"line":5,"column":54}},"6":{"start":{"line":13,"column":40},"end":{"line":13,"column":60}},"7":{"start":{"line":14,"column":40},"end":{"line":14,"column":64}},"8":{"start":{"line":15,"column":44},"end":{"line":15,"column":79}},"9":{"start":{"line":26,"column":6},"end":{"line":26,"column":22}},"10":{"start":{"line":28,"column":26},"end":{"line":30,"column":22}},"11":{"start":{"line":32,"column":20},"end":{"line":32,"column":56}},"12":{"start":{"line":33,"column":31},"end":{"line":33,"column":90}},"13":{"start":{"line":33,"column":60},"end":{"line":33,"column":89}},"14":{"start":{"line":35,"column":29},"end":{"line":53,"column":3}},"15":{"start":{"line":36,"column":4},"end":{"line":39,"column":5}},"16":{"start":{"line":37,"column":6},"end":{"line":37,"column":87}},"17":{"start":{"line":38,"column":6},"end":{"line":38,"column":13}},"18":{"start":{"line":41,"column":4},"end":{"line":52,"column":6}},"19":{"start":{"line":49,"column":25},"end":{"line":49,"column":47}},"20":{"start":{"line":55,"column":34},"end":{"line":70,"column":3}},"21":{"start":{"line":56,"column":4},"end":{"line":69,"column":6}},"22":{"start":{"line":65,"column":12},"end":{"line":65,"column":73}},"23":{"start":{"line":72,"column":21},"end":{"line":131,"column":null}},"24":{"start":{"line":73,"column":4},"end":{"line":130,"column":null}},"25":{"start":{"line":79,"column":23},"end":{"line":79,"column":43}},"26":{"start":{"line":114,"column":25},"end":{"line":114,"column":59}},"27":{"start":{"line":120,"column":25},"end":{"line":120,"column":49}},"28":{"start":{"line":126,"column":25},"end":{"line":126,"column":54}},"29":{"start":{"line":134,"column":2},"end":{"line":153,"column":3}},"30":{"start":{"line":135,"column":4},"end":{"line":152,"column":6}},"31":{"start":{"line":139,"column":10},"end":{"line":143,"column":11}},"32":{"start":{"line":140,"column":12},"end":{"line":140,"column":55}},"33":{"start":{"line":142,"column":12},"end":{"line":142,"column":36}},"34":{"start":{"line":144,"column":10},"end":{"line":144,"column":32}},"35":{"start":{"line":145,"column":10},"end":{"line":145,"column":33}},"36":{"start":{"line":148,"column":10},"end":{"line":148,"column":32}},"37":{"start":{"line":149,"column":10},"end":{"line":149,"column":33}},"38":{"start":{"line":155,"column":2},"end":{"line":207,"column":4}},"39":{"start":{"line":164,"column":25},"end":{"line":164,"column":45}},"40":{"start":{"line":184,"column":52},"end":{"line":184,"column":81}},"41":{"start":{"line":185,"column":10},"end":{"line":185,"column":38}},"42":{"start":{"line":191,"column":52},"end":{"line":191,"column":81}},"43":{"start":{"line":192,"column":10},"end":{"line":192,"column":38}},"44":{"start":{"line":217,"column":34},"end":{"line":232,"column":4}},"45":{"start":{"line":234,"column":21},"end":{"line":241,"column":3}},"46":{"start":{"line":235,"column":4},"end":{"line":238,"column":5}},"47":{"start":{"line":236,"column":6},"end":{"line":236,"column":66}},"48":{"start":{"line":237,"column":6},"end":{"line":237,"column":13}},"49":{"start":{"line":240,"column":4},"end":{"line":240,"column":37}},"50":{"start":{"line":243,"column":2},"end":{"line":311,"column":4}},"51":{"start":{"line":260,"column":34},"end":{"line":260,"column":72}},"52":{"start":{"line":271,"column":34},"end":{"line":271,"column":74}},"53":{"start":{"line":281,"column":34},"end":{"line":281,"column":77}},"54":{"start":{"line":291,"column":34},"end":{"line":291,"column":88}},"55":{"start":{"line":301,"column":34},"end":{"line":301,"column":85}},"56":{"start":{"line":314,"column":15},"end":{"line":506,"column":2}}},"fnMap":{"0":{"name":"CityManagement","decl":{"start":{"line":12,"column":24},"end":{"line":12,"column":38}},"loc":{"start":{"line":12,"column":70},"end":{"line":208,"column":1}}},"1":{"name":"(anonymous_2)","decl":{"start":{"line":33,"column":55},"end":{"line":33,"column":56}},"loc":{"start":{"line":33,"column":60},"end":{"line":33,"column":89}}},"2":{"name":"(anonymous_3)","decl":{"start":{"line":35,"column":29},"end":{"line":35,"column":30}},"loc":{"start":{"line":35,"column":50},"end":{"line":53,"column":3}}},"3":{"name":"(anonymous_4)","decl":{"start":{"line":49,"column":19},"end":{"line":49,"column":22}},"loc":{"start":{"line":49,"column":25},"end":{"line":49,"column":47}}},"4":{"name":"(anonymous_5)","decl":{"start":{"line":55,"column":34},"end":{"line":55,"column":35}},"loc":{"start":{"line":55,"column":55},"end":{"line":70,"column":3}}},"5":{"name":"(anonymous_6)","decl":{"start":{"line":63,"column":19},"end":{"line":63,"column":22}},"loc":{"start":{"line":63,"column":24},"end":{"line":66,"column":11}}},"6":{"name":"(anonymous_7)","decl":{"start":{"line":72,"column":21},"end":{"line":72,"column":22}},"loc":{"start":{"line":73,"column":4},"end":{"line":130,"column":null}}},"7":{"name":"(anonymous_8)","decl":{"start":{"line":79,"column":17},"end":{"line":79,"column":20}},"loc":{"start":{"line":79,"column":23},"end":{"line":79,"column":43}}},"8":{"name":"(anonymous_9)","decl":{"start":{"line":114,"column":19},"end":{"line":114,"column":22}},"loc":{"start":{"line":114,"column":25},"end":{"line":114,"column":59}}},"9":{"name":"(anonymous_10)","decl":{"start":{"line":120,"column":19},"end":{"line":120,"column":22}},"loc":{"start":{"line":120,"column":25},"end":{"line":120,"column":49}}},"10":{"name":"(anonymous_11)","decl":{"start":{"line":126,"column":19},"end":{"line":126,"column":22}},"loc":{"start":{"line":126,"column":25},"end":{"line":126,"column":54}}},"11":{"name":"(anonymous_12)","decl":{"start":{"line":138,"column":16},"end":{"line":138,"column":17}},"loc":{"start":{"line":138,"column":27},"end":{"line":146,"column":9}}},"12":{"name":"(anonymous_13)","decl":{"start":{"line":147,"column":18},"end":{"line":147,"column":21}},"loc":{"start":{"line":147,"column":23},"end":{"line":150,"column":9}}},"13":{"name":"(anonymous_14)","decl":{"start":{"line":164,"column":19},"end":{"line":164,"column":22}},"loc":{"start":{"line":164,"column":25},"end":{"line":164,"column":45}}},"14":{"name":"(anonymous_15)","decl":{"start":{"line":184,"column":47},"end":{"line":184,"column":48}},"loc":{"start":{"line":184,"column":52},"end":{"line":184,"column":81}}},"15":{"name":"(anonymous_16)","decl":{"start":{"line":184,"column":100},"end":{"line":184,"column":101}},"loc":{"start":{"line":185,"column":10},"end":{"line":185,"column":38}}},"16":{"name":"(anonymous_17)","decl":{"start":{"line":191,"column":47},"end":{"line":191,"column":48}},"loc":{"start":{"line":191,"column":52},"end":{"line":191,"column":81}}},"17":{"name":"(anonymous_18)","decl":{"start":{"line":191,"column":111},"end":{"line":191,"column":112}},"loc":{"start":{"line":192,"column":10},"end":{"line":192,"column":38}}},"18":{"name":"AddEditRegionForm","decl":{"start":{"line":216,"column":9},"end":{"line":216,"column":26}},"loc":{"start":{"line":216,"column":79},"end":{"line":312,"column":1}}},"19":{"name":"(anonymous_20)","decl":{"start":{"line":234,"column":21},"end":{"line":234,"column":24}},"loc":{"start":{"line":234,"column":26},"end":{"line":241,"column":3}}},"20":{"name":"(anonymous_21)","decl":{"start":{"line":260,"column":24},"end":{"line":260,"column":25}},"loc":{"start":{"line":260,"column":34},"end":{"line":260,"column":72}}},"21":{"name":"(anonymous_22)","decl":{"start":{"line":271,"column":24},"end":{"line":271,"column":25}},"loc":{"start":{"line":271,"column":34},"end":{"line":271,"column":74}}},"22":{"name":"(anonymous_23)","decl":{"start":{"line":281,"column":24},"end":{"line":281,"column":25}},"loc":{"start":{"line":281,"column":34},"end":{"line":281,"column":77}}},"23":{"name":"(anonymous_24)","decl":{"start":{"line":291,"column":24},"end":{"line":291,"column":25}},"loc":{"start":{"line":291,"column":34},"end":{"line":291,"column":88}}},"24":{"name":"(anonymous_25)","decl":{"start":{"line":301,"column":24},"end":{"line":301,"column":25}},"loc":{"start":{"line":301,"column":34},"end":{"line":301,"column":85}}}},"branchMap":{"0":{"loc":{"start":{"line":28,"column":26},"end":{"line":30,"column":22}},"type":"cond-expr","locations":[{"start":{"line":29,"column":6},"end":{"line":29,"column":32}},{"start":{"line":30,"column":6},"end":{"line":30,"column":22}}]},"1":{"loc":{"start":{"line":36,"column":4},"end":{"line":39,"column":5}},"type":"if","locations":[{"start":{"line":36,"column":4},"end":{"line":39,"column":5}},{"start":{},"end":{}}]},"2":{"loc":{"start":{"line":75,"column":6},"end":{"line":75,"column":64}},"type":"binary-expr","locations":[{"start":{"line":75,"column":6},"end":{"line":75,"column":36}},{"start":{"line":75,"column":40},"end":{"line":75,"column":64}}]},"3":{"loc":{"start":{"line":85,"column":13},"end":{"line":88,"column":null}},"type":"binary-expr","locations":[{"start":{"line":85,"column":13},"end":{"line":85,"column":43}},{"start":{"line":86,"column":14},"end":{"line":87,"column":null}}]},"4":{"loc":{"start":{"line":106,"column":58},"end":{"line":106,"column":103}},"type":"cond-expr","locations":[{"start":{"line":106,"column":95},"end":{"line":106,"column":98}},{"start":{"line":106,"column":101},"end":{"line":106,"column":103}}]},"5":{"loc":{"start":{"line":134,"column":2},"end":{"line":153,"column":3}},"type":"if","locations":[{"start":{"line":134,"column":2},"end":{"line":153,"column":3}},{"start":{},"end":{}}]},"6":{"loc":{"start":{"line":134,"column":6},"end":{"line":134,"column":34}},"type":"binary-expr","locations":[{"start":{"line":134,"column":6},"end":{"line":134,"column":17}},{"start":{"line":134,"column":21},"end":{"line":134,"column":34}}]},"7":{"loc":{"start":{"line":139,"column":10},"end":{"line":143,"column":11}},"type":"if","locations":[{"start":{"line":139,"column":10},"end":{"line":143,"column":11}},{"start":{"line":141,"column":17},"end":{"line":143,"column":11}}]},"8":{"loc":{"start":{"line":184,"column":10},"end":{"line":184,"column":94}},"type":"cond-expr","locations":[{"start":{"line":184,"column":24},"end":{"line":184,"column":82}},{"start":{"line":184,"column":85},"end":{"line":184,"column":94}}]},"9":{"loc":{"start":{"line":191,"column":10},"end":{"line":191,"column":105}},"type":"cond-expr","locations":[{"start":{"line":191,"column":24},"end":{"line":191,"column":82}},{"start":{"line":191,"column":85},"end":{"line":191,"column":105}}]},"10":{"loc":{"start":{"line":218,"column":8},"end":{"line":218,"column":24}},"type":"binary-expr","locations":[{"start":{"line":218,"column":8},"end":{"line":218,"column":18}},{"start":{"line":218,"column":22},"end":{"line":218,"column":24}}]},"11":{"loc":{"start":{"line":219,"column":10},"end":{"line":219,"column":28}},"type":"binary-expr","locations":[{"start":{"line":219,"column":10},"end":{"line":219,"column":22}},{"start":{"line":219,"column":26},"end":{"line":219,"column":28}}]},"12":{"loc":{"start":{"line":220,"column":13},"end":{"line":220,"column":47}},"type":"binary-expr","locations":[{"start":{"line":220,"column":13},"end":{"line":220,"column":28}},{"start":{"line":220,"column":32},"end":{"line":220,"column":47}}]},"13":{"loc":{"start":{"line":221,"column":14},"end":{"line":221,"column":52}},"type":"binary-expr","locations":[{"start":{"line":221,"column":14},"end":{"line":221,"column":30}},{"start":{"line":221,"column":34},"end":{"line":221,"column":52}}]},"14":{"loc":{"start":{"line":222,"column":14},"end":{"line":222,"column":39}},"type":"binary-expr","locations":[{"start":{"line":222,"column":14},"end":{"line":222,"column":30}},{"start":{"line":222,"column":34},"end":{"line":222,"column":39}}]},"15":{"loc":{"start":{"line":223,"column":14},"end":{"line":223,"column":38}},"type":"binary-expr","locations":[{"start":{"line":223,"column":14},"end":{"line":223,"column":30}},{"start":{"line":223,"column":34},"end":{"line":223,"column":38}}]},"16":{"loc":{"start":{"line":224,"column":17},"end":{"line":224,"column":69}},"type":"binary-expr","locations":[{"start":{"line":224,"column":17},"end":{"line":224,"column":36}},{"start":{"line":224,"column":40},"end":{"line":224,"column":69}}]},"17":{"loc":{"start":{"line":225,"column":21},"end":{"line":225,"column":53}},"type":"binary-expr","locations":[{"start":{"line":225,"column":21},"end":{"line":225,"column":44}},{"start":{"line":225,"column":48},"end":{"line":225,"column":53}}]},"18":{"loc":{"start":{"line":226,"column":24},"end":{"line":226,"column":56}},"type":"binary-expr","locations":[{"start":{"line":226,"column":24},"end":{"line":226,"column":50}},{"start":{"line":226,"column":54},"end":{"line":226,"column":56}}]},"19":{"loc":{"start":{"line":227,"column":14},"end":{"line":227,"column":44}},"type":"binary-expr","locations":[{"start":{"line":227,"column":14},"end":{"line":227,"column":30}},{"start":{"line":227,"column":34},"end":{"line":227,"column":44}}]},"20":{"loc":{"start":{"line":228,"column":20},"end":{"line":228,"column":48}},"type":"binary-expr","locations":[{"start":{"line":228,"column":20},"end":{"line":228,"column":42}},{"start":{"line":228,"column":46},"end":{"line":228,"column":48}}]},"21":{"loc":{"start":{"line":229,"column":16},"end":{"line":229,"column":40}},"type":"binary-expr","locations":[{"start":{"line":229,"column":16},"end":{"line":229,"column":34}},{"start":{"line":229,"column":38},"end":{"line":229,"column":40}}]},"22":{"loc":{"start":{"line":230,"column":14},"end":{"lin
[...]
1},"end":{"line":158,"column":71}},{"start":{"line":158,"column":75},"end":{"line":158,"column":115}}]},"40":{"loc":{"start":{"line":162,"column":2},"end":{"line":164,"column":3}},"type":"if","locations":[{"start":{"line":162,"column":2},"end":{"line":164,"column":3}},{"start":{},"end":{}}]},"41":{"loc":{"start":{"line":174,"column":2},"end":{"line":177,"column":3}},"type":"if","locations":[{"start":{"line":174,"column":2},"end":{"line":177,"column":3}},{"start":{},"end":{}}]},"42":{"loc":{"start":{"line":179,"column":2},"end":{"line":181,"column":3}},"type":"if","locations":[{"start":{"line":179,"column":2},"end":{"line":181,"column":3}},{"start":{},"end":{}}]},"43":{"loc":{"start":{"line":179,"column":6},"end":{"line":179,"column":100}},"type":"binary-expr","locations":[{"start":{"line":179,"column":6},"end":{"line":179,"column":22}},{"start":{"line":179,"column":26},"end":{"line":179,"column":61}},{"start":{"line":179,"column":65},"end":{"line":179,"column":100}}]},"44":{"loc":{"start":{"line":183,"column":2},"end":{"line":185,"column":3}},"type":"if","locations":[{"start":{"line":183,"column":2},"end":{"line":185,"column":3}},{"start":{},"end":{}}]},"45":{"loc":{"start":{"line":183,"column":6},"end":{"line":183,"column":106}},"type":"binary-expr","locations":[{"start":{"line":183,"column":6},"end":{"line":183,"column":24}},{"start":{"line":183,"column":28},"end":{"line":183,"column":65}},{"start":{"line":183,"column":69},"end":{"line":183,"column":106}}]},"46":{"loc":{"start":{"line":187,"column":2},"end":{"line":199,"column":3}},"type":"if","locations":[{"start":{"line":187,"column":2},"end":{"line":199,"column":3}},{"start":{"line":189,"column":9},"end":{"line":199,"column":3}}]},"47":{"loc":{"start":{"line":187,"column":6},"end":{"line":187,"column":103}},"type":"binary-expr","locations":[{"start":{"line":187,"column":6},"end":{"line":187,"column":23}},{"start":{"line":187,"column":27},"end":{"line":187,"column":63}},{"start":{"line":187,"column":67},"end":{"line":187,"column":103}}]},"48":{"loc":{"start":{"line":195,"column":6},"end":{"line":197,"column":7}},"type":"if","locations":[{"start":{"line":195,"column":6},"end":{"line":197,"column":7}},{"start":{},"end":{}}]},"49":{"loc":{"start":{"line":195,"column":10},"end":{"line":195,"column":95}},"type":"binary-expr","locations":[{"start":{"line":195,"column":10},"end":{"line":195,"column":49}},{"start":{"line":195,"column":53},"end":{"line":195,"column":95}}]},"50":{"loc":{"start":{"line":201,"column":2},"end":{"line":208,"column":3}},"type":"if","locations":[{"start":{"line":201,"column":2},"end":{"line":208,"column":3}},{"start":{"line":203,"column":9},"end":{"line":208,"column":3}}]},"51":{"loc":{"start":{"line":201,"column":6},"end":{"line":201,"column":69}},"type":"binary-expr","locations":[{"start":{"line":201,"column":6},"end":{"line":201,"column":43}},{"start":{"line":201,"column":47},"end":{"line":201,"column":69}}]},"52":{"loc":{"start":{"line":205,"column":4},"end":{"line":207,"column":5}},"type":"if","locations":[{"start":{"line":205,"column":4},"end":{"line":207,"column":5}},{"start":{},"end":{}}]},"53":{"loc":{"start":{"line":210,"column":2},"end":{"line":215,"column":3}},"type":"if","locations":[{"start":{"line":210,"column":2},"end":{"line":215,"column":3}},{"start":{},"end":{}}]},"54":{"loc":{"start":{"line":212,"column":4},"end":{"line":214,"column":5}},"type":"if","locations":[{"start":{"line":212,"column":4},"end":{"line":214,"column":5}},{"start":{},"end":{}}]},"55":{"loc":{"start":{"line":217,"column":2},"end":{"line":221,"column":3}},"type":"if","locations":[{"start":{"line":217,"column":2},"end":{"line":221,"column":3}},{"start":{"line":219,"column":9},"end":{"line":221,"column":3}}]},"56":{"loc":{"start":{"line":217,"column":6},"end":{"line":217,"column":56}},"type":"binary-expr","locations":[{"start":{"line":217,"column":6},"end":{"line":217,"column":19}},{"start":{"line":217,"column":23},"end":{"line":217,"column":56}}]},"57":{"loc":{"start":{"line":219,"column":9},"end":{"line":221,"column":3}},"type":"if","locations":[{"start":{"line":219,"column":9},"end":{"line":221,"column":3}},{"start":{},"end":{}}]},"58":{"loc":{"start":{"line":219,"column":13},"end":{"line":219,"column":56}},"type":"binary-expr","locations":[{"start":{"line":219,"column":13},"end":{"line":219,"column":26}},{"start":{"line":219,"column":30},"end":{"line":219,"column":56}}]},"59":{"loc":{"start":{"line":231,"column":2},"end":{"line":234,"column":3}},"type":"if","locations":[{"start":{"line":231,"column":2},"end":{"line":234,"column":3}},{"start":{},"end":{}}]},"60":{"loc":{"start":{"line":231,"column":6},"end":{"line":231,"column":37}},"type":"binary-expr","locations":[{"start":{"line":231,"column":6},"end":{"line":231,"column":10}},{"start":{"line":231,"column":14},"end":{"line":231,"column":37}}]},"61":{"loc":{"start":{"line":236,"column":2},"end":{"line":240,"column":3}},"type":"if","locations":[{"start":{"line":236,"column":2},"end":{"line":240,"column":3}},{"start":{"line":238,"column":9},"end":{"line":240,"column":3}}]},"62":{"loc":{"start":{"line":238,"column":9},"end":{"line":240,"column":3}},"type":"if","locations":[{"start":{"line":238,"column":9},"end":{"line":240,"column":3}},{"start":{},"end":{}}]},"63":{"loc":{"start":{"line":242,"column":2},"end":{"line":244,"column":3}},"type":"if","locations":[{"start":{"line":242,"column":2},"end":{"line":244,"column":3}},{"start":{},"end":{}}]},"64":{"loc":{"start":{"line":254,"column":4},"end":{"line":257,"column":5}},"type":"if","locations":[{"start":{"line":254,"column":4},"end":{"line":257,"column":5}},{"start":{},"end":{}}]},"65":{"loc":{"start":{"line":264,"column":45},"end":{"line":264,"column":69}},"type":"default-arg","locations":[{"start":{"line":264,"column":65},"end":{"line":264,"column":69}}]},"66":{"loc":{"start":{"line":265,"column":2},"end":{"line":267,"column":3}},"type":"if","locations":[{"start":{"line":265,"column":2},"end":{"line":267,"column":3}},{"start":{},"end":{}}]},"67":{"loc":{"start":{"line":280,"column":13},"end":{"line":280,"column":37}},"type":"binary-expr","locations":[{"start":{"line":280,"column":13},"end":{"line":280,"column":28}},{"start":{"line":280,"column":32},"end":{"line":280,"column":37}}]},"68":{"loc":{"start":{"line":299,"column":4},"end":{"line":302,"column":5}},"type":"if","locations":[{"start":{"line":299,"column":4},"end":{"line":302,"column":5}},{"start":{},"end":{}}]},"69":{"loc":{"start":{"line":299,"column":8},"end":{"line":299,"column":81}},"type":"binary-expr","locations":[{"start":{"line":299,"column":8},"end":{"line":299,"column":22}},{"start":{"line":299,"column":27},"end":{"line":299,"column":46}},{"start":{"line":299,"column":50},"end":{"line":299,"column":64}},{"start":{"line":299,"column":68},"end":{"line":299,"column":80}}]},"70":{"loc":{"start":{"line":305,"column":4},"end":{"line":307,"column":5}},"type":"if","locations":[{"start":{"line":305,"column":4},"end":{"line":307,"column":5}},{"start":{},"end":{}}]},"71":{"loc":{"start":{"line":305,"column":8},"end":{"line":305,"column":82}},"type":"binary-expr","locations":[{"start":{"line":305,"column":8},"end":{"line":305,"column":23}},{"start":{"line":305,"column":28},"end":{"line":305,"column":47}},{"start":{"line":305,"column":51},"end":{"line":305,"column":65}},{"start":{"line":305,"column":69},"end":{"line":305,"column":81}}]},"72":{"loc":{"start":{"line":310,"column":4},"end":{"line":313,"column":5}},"type":"if","locations":[{"start":{"line":310,"column":4},"end":{"line":313,"column":5}},{"start":{},"end":{}}]},"73":{"loc":{"start":{"line":310,"column":8},"end":{"line":310,"column":49}},"type":"binary-expr","locations":[{"start":{"line":310,"column":8},"end":{"line":310,"column":18}},{"start":{"line":310,"column":22},"end":{"line":310,"column":49}}]},"74":{"loc":{"start":{"line":316,"column":4},"end":{"line":334,"column":5}},"type":"if","locations":[{"start":{"line":316,"column":4},"end":{"line":334,"column":5}},{"start":{"line":332,"column":11},"end":{"line":334,"column":5}}]},"75":{"loc":{"start":{"line":319,"column":6},"end":{"line":321,"column":7}},"type":"if","locations":[{"start":{"line":319,"column":6},"end":{"line":321,"column":7}},{"start":{},"end":{}}]},"76":{"loc":{"start":{"line":319,"column":10},"end":{"line":319,"column":63}},"type":"binary-expr","locations":[{"start":{"line":319,"column":10},"end":{"line":319,"column":25}},{"start":{"line":319,"column":29},"end":{"line":319,"column":63}}]},"77":{"loc":{"start":{"line":323,"column":6},"end":{"line":325,"column":7}},"type":"if","locations":[{"start":{"line":323,"column":6},"end":{"line":325,"column":7}},{"start":{},"end":{}}]},"78":{"loc":{"start":{"line":323,"column":10},"end":{"line":323,"column":63}},"type":"binary-expr","locations":[{"start":{"line":323,"column":10},"end":{"line":323,"column":25}},{"start":{"line":323,"column":29},"end":{"line":323,"column":63}}]},"79":{"loc":{"start":{"line":327,"column":6},"end":{"line":329,"column":7}},"type":"if","locations":[{"start":{"line":327,"column":6},"end":{"line":329,"column":7}},{"start":{},"end":{}}]},"80":{"loc":{"start":{"line":327,"column":10},"end":{"line":327,"column":57}},"type":"binary-expr","locations":[{"start":{"line":327,"column":10},"end":{"line":327,"column":23}},{"start":{"line":327,"column":27},"end":{"line":327,"column":57}}]},"81":{"loc":{"start":{"line":347,"column":2},"end":{"line":349,"column":3}},"type":"if","locations":[{"start":{"line":347,"column":2},"end":{"line":349,"column":3}},{"start":{},"end":{}}]},"82":{"loc":{"start":{"line":351,"column":2},"end":{"line":353,"column":3}},"type":"if","locations":[{"start":{"line":351,"column":2},"end":{"line":353,"column":3}},{"start":{},"end":{}}]},"83":{"loc":{"start":{"line":351,"column":6},"end":{"line":351,"column":51}},"type":"binary-expr","locations":[{"start":{"line":351,"column":6},"end":{"line":351,"column":21}},{"start":{"line":351,"column":25},"end":{"line":351,"column":51}}]},"84":{"loc":{"start":{"line":355,"column":2},"end":{"line":357,"column":3}},"type":"if","locations":[{"start":{"line":355,"column":2},"end":{"line":357,"column":3}},{"start":{},"end":{}}]},"85":{"loc":{"start":{"line":355,"column":6},"end":{"line":355,"column":74}},"type":"binary-expr","locations":[{"start":{"line":355,"column":6},"end":{"line":355,"column":20}},{"start":{"line":355,"column":25},"end":{"line":355,"column":41}},{"start":{"line":355,"column":45},"end":{"line":355,"column":73}}]},"86":{"loc":{"start":{"line":361,"column":51},"end":{"line":361,"column":79}},"type":"default-arg","locations":[{"start":{"line":361,"column":69},"end":{"line":361,"column":79}}]},"87":{"loc":{"start":{"line":365,"column":2},"end":{"line":373,"column":3}},"type":"if","locations":[{"start":{"line":365,"column":2},"end":{"line":373,"column":3}},{"start":{"line":367,"column":9},"end":{"line":373,"column":3}}]},"88":{"loc":{"start":{"line":365,"column":6},"end":{"line":365,"column":53}},"type":"binary-expr","locations":[{"start":{"line":365,"column":6},"end":{"line":365,"column":34}},{"start":{"line":365,"column":38},"end":{"line":365,"column":53}}]},"89":{"loc":{"start":{"line":367,"column":9},"end":{"line":373,"column":3}},"type":"if","locations":[{"start":{"line":367,"column":9},"end":{"line":373,"column":3}},{"start":{"line":369,"column":9},"end":{"line":373,"column":3}}]},"90":{"loc":{"start":{"line":369,"column":9},"end":{"line":373,"column":3}},"type":"if","locations":[{"start":{"line":369,"column":9},"end":{"line":373,"column":3}},{"start":{"line":371,"column":9},"end":{"line":373,"column":3}}]},"91":{"loc":{"start":{"line":371,"column":9},"end":{"line":373,"column":3}},"type":"if","locations":[{"start":{"line":371,"column":9},"end":{"line":373,"column":3}},{"start":{},"end":{}}]}},"s":{"0":1,"1":1,"2":1,"3":1,"4":1,"5":1,"6":1,"7":1,"8":1,"9":1,"10":15,"11":15,"12":15,"13":1,"14":1,"15":14,"16":0,"17":14,"18":1,"19":14,"20":0,"21":14,"22":1,"23":14,"24":4,"25":0,"26":4,"27":1,"28":14,"29":2,"30":0,"31":2,"32":2,"33":1,"34":14,"35":5,"36":5,"37":5,"38":0,"39":0,"40":5,"41":1,"42":5,"43":0,"44":5,"45":0,"46":5,"47":5,"48":0,"49":5,"50":1,"51":4,"52":1,"53":3,"54":0,"55":5,"56":0,"57":5,"58":4,"59":4,"60":4,"61":0,"62":0,"63":4,"64":0,"65":4,"66":0,"67":4,"68":0,"69":4,"70":1,"71":3,"72":3,"73":1,"74":4,"75":0,"76":4,"77":0,"78":4,"79":5,"80":5,"81":5,"82":0,"83":0,"84":5,"85":1,"86":5,"87":0,"88":5,"89":0,"90":5,"91":5,"92":0,"93":0,"94":5,"95":0,"96":5,"97":5,"98":1,"99":5,"100":2,"101":2,"102":0,"103":5,"104":0,"105":5,"106":0,"107":5,"108":7,"109":7,"110":7,"111":0,"112":0,"113":7,"114":1,"115":6,"116":0,"117":7,"118":1,"119":7,"120":7,"121":68,"122":3,"123":3,"124":7,"125":4,"126":1,"127":3,"128":6,"129":6,"130":0,"131":0,"132":0,"133":0,"134":0,"135":0,"136":0,"137":0,"138":0,"139":0,"140":0,"141":0,"142":0,"143":0,"144":0,"145":0,"146":0,"147":0,"148":0,"149":0,"150":0,"151":0,"152":0,"153":0,"154":0,"155":0,"156":0,"157":0,"158":0,"159":0,"160":6,"161":6,"162":6,"163":1,"164":5,"165":1,"166":4,"167":1,"168":3,"169":1,"170":6,"171":1},"f":{"0":15,"1":5,"2":4,"3":5,"4":7,"5":4,"6":6,"7":0,"8":0,"9":6},"b":{"0":[1,14],"1":[0,14],"2":[14,14],"3":[1,13],"4":[14,14],"5":[0,14],"6":[14,14],"7":[1,13],"8":[14,14],"9":[4,10],"10":[0,4],"11":[4,4],"12":[1,3],"13":[2,12],"14":[0,2],"15":[2,2],"16":[1,1],"17":[0,5],"18":[1,4],"19":[5,4,4],"20":[0,5],"21":[5,5,5],"22":[0,5],"23":[0,5],"24":[1,4],"25":[5,5],"26":[1,3],"27":[0,3],"28":[0,5],"29":[0,4],"30":[0,4],"31":[4,4,4],"32":[0,4],"33":[4,4,4],"34":[0,4],"35":[1,3],"36":[4,3],"37":[1,2],"38":[0,4],"39":[4,4,4],"40":[0,4],"41":[0,5],"42":[1,4],"43":[5,4,4],"44":[0,5],"45":[5,5,5],"46":[0,5],"47":[5,5,5],"48":[0,0],"49":[0,0],"50":[0,5],"51":[5,5],"52":[1,4],"53":[2,3],"54":[0,2],"55":[0,5],"56":[5,2],"57":[0,5],"58":[5,2],"59":[0,7],"60":[7,7],"61":[1,6],"62":[0,6],"63":[1,6],"64":[3,65],"65":[3],"66":[1,3],"67":[6,0],"68":[0,0],"69":[0,0,0,0],"70":[0,0],"71":[0,0,0,0],"72":[0,0],"73":[0,0],"74":[0,0],"75":[0,0],"76":[0,0],"77":[0,0],"78":[0,0],"79":[0,0],"80":[0,0],"81":[0,0],"82":[0,0],"83":[0,0],"84":[0,0],"85":[0,0,0],"86":[5],"87":[1,5],"88":[6,6],"89":[1,4],"90":[1,3],"91":[1,2]}}
,"/workspaces/Kid-Friendly-Map-v1/utils/weather.ts": {"path":"/workspaces/Kid-Friendly-Map-v1/utils/weather.ts","statementMap":{"0":{"start":{"line":62,"column":0},"end":{"line":62,"column":7}},"1":{"start":{"line":1,"column":0},"end":{"line":1,"column":40}},"2":{"start":{"line":19,"column":55},"end":{"line":48,"column":2}},"3":{"start":{"line":51,"column":2},"end":{"line":51,"column":44}},"4":{"start":{"line":55,"column":2},"end":{"line":55,"column":68}},"5":{"start":{"line":55,"column":29},"end":{"line":55,"column":68}},"6":{"start":{"line":56,"column":2},"end":{"line":56,"column":76}},"7":{"start":{"line":56,"column":29},"end":{"line":56,"column":76}},"8":{"start":{"line":57,"column":2},"end":{"line":57,"column":72}},"9":{"start":{"line":57,"column":19},"end":{"line":57,"column":72}},"10":{"start":{"line":58,"column":2},"end":{"line":58,"column":65}},"11":{"start":{"line":58,"column":19},"end":{"line":58,"column":65}},"12":{"start":{"line":59,"column":2},"end":{"line":59,"column":35}},"13":{"start":{"line":67,"column":19},"end":{"line":67,"column":37}},"14":{"start":{"line":68,"column":27},"end":{"line":68,"column":62}},"15":{"start":{"line":69,"column":26},"end":{"line":69,"column":50}},"16":{"start":{"line":71,"column":14},"end":{"line":71,"column":210}},"17":{"start":{"line":73,"column":21},"end":{"line":73,"column":42}},"18":{"start":{"line":74,"column":20},"end":{"line":74,"column":76}},"19":{"start":{"line":74,"column":37},"end":{"line":74,"column":55}},"20":{"start":{"line":76,"column":2},"end":{"line":96,"column":3}},"21":{"start":{"line":77,"column":16},"end":{"line":77,"column":63}},"22":{"start":{"line":78,"column":4},"end":{"line":78,"column":28}},"23":{"start":{"line":79,"column":4},"end":{"line":81,"column":5}},"24":{"start":{"line":80,"column":6},"end":{"line":80,"column":52}},"25":{"start":{"line":82,"column":37},"end":{"line":82,"column":53}},"26":{"start":{"line":83,"column":16},"end":{"line":83,"column":47}},"27":{"start":{"line":84,"column":22},"end":{"line":84,"column":61}},"28":{"start":{"line":85,"column":20},"end":{"line":85,"column":53}},"29":{"start":{"line":86,"column":18},"end":{"line":86,"column":72}},"30":{"start":{"line":88,"column":4},"end":{"line":92,"column":6}},"31":{"start":{"line":94,"column":4},"end":{"line":94,"column":28}},"32":{"start":{"line":95,"column":4},"end":{"line":95,"column":21}}},"fnMap":{"0":{"name":"toFahrenheit","decl":{"start":{"line":50,"column":9},"end":{"line":50,"column":21}},"loc":{"start":{"line":50,"column":37},"end":{"line":52,"column":1}}},"1":{"name":"buildRecommendation","decl":{"start":{"line":54,"column":9},"end":{"line":54,"column":28}},"loc":{"start":{"line":54,"column":61},"end":{"line":60,"column":1}}},"2":{"name":"fetchWeather","decl":{"start":{"line":62,"column":22},"end":{"line":62,"column":34}},"loc":{"start":{"line":65,"column":21},"end":{"line":97,"column":1}}},"3":{"name":"(anonymous_3)","decl":{"start":{"line":74,"column":31},"end":{"line":74,"column":34}},"loc":{"start":{"line":74,"column":37},"end":{"line":74,"column":55}}}},"branchMap":{"0":{"loc":{"start":{"line":55,"column":2},"end":{"line":55,"column":68}},"type":"if","locations":[{"start":{"line":55,"column":2},"end":{"line":55,"column":68}},{"start":{},"end":{}}]},"1":{"loc":{"start":{"line":56,"column":2},"end":{"line":56,"column":76}},"type":"if","locations":[{"start":{"line":56,"column":2},"end":{"line":56,"column":76}},{"start":{},"end":{}}]},"2":{"loc":{"start":{"line":57,"column":2},"end":{"line":57,"column":72}},"type":"if","locations":[{"start":{"line":57,"column":2},"end":{"line":57,"column":72}},{"start":{},"end":{}}]},"3":{"loc":{"start":{"line":58,"column":2},"end":{"line":58,"column":65}},"type":"if","locations":[{"start":{"line":58,"column":2},"end":{"line":58,"column":65}},{"start":{},"end":{}}]},"4":{"loc":{"start":{"line":68,"column":27},"end":{"line":68,"column":62}},"type":"cond-expr","locations":[{"start":{"line":68,"column":38},"end":{"line":68,"column":47}},{"start":{"line":68,"column":50},"end":{"line":68,"column":62}}]},"5":{"loc":{"start":{"line":69,"column":26},"end":{"line":69,"column":50}},"type":"cond-expr","locations":[{"start":{"line":69,"column":37},"end":{"line":69,"column":42}},{"start":{"line":69,"column":45},"end":{"line":69,"column":50}}]},"6":{"loc":{"start":{"line":79,"column":4},"end":{"line":81,"column":5}},"type":"if","locations":[{"start":{"line":79,"column":4},"end":{"line":81,"column":5}},{"start":{},"end":{}}]},"7":{"loc":{"start":{"line":83,"column":16},"end":{"line":83,"column":47}},"type":"binary-expr","locations":[{"start":{"line":83,"column":16},"end":{"line":83,"column":42}},{"start":{"line":83,"column":46},"end":{"line":83,"column":47}}]},"8":{"loc":{"start":{"line":84,"column":22},"end":{"line":84,"column":61}},"type":"binary-expr","locations":[{"start":{"line":84,"column":22},"end":{"line":84,"column":49}},{"start":{"line":84,"column":53},"end":{"line":84,"column":61}}]},"9":{"loc":{"start":{"line":85,"column":20},"end":{"line":85,"column":53}},"type":"binary-expr","locations":[{"start":{"line":85,"column":20},"end":{"line":85,"column":48}},{"start":{"line":85,"column":52},"end":{"line":85,"column":53}}]},"10":{"loc":{"start":{"line":86,"column":18},"end":{"line":86,"column":72}},"type":"cond-expr","locations":[{"start":{"line":86,"column":29},"end":{"line":86,"column":50}},{"start":{"line":86,"column":53},"end":{"line":86,"column":72}}]}},"s":{"0":0,"1":0,"2":0,"3":0,"4":0,"5":0,"6":0,"7":0,"8":0,"9":0,"10":0,"11":0,"12":0,"13":0,"14":0,"15":0,"16":0,"17":0,"18":0,"19":0,"20":0,"21":0,"22":0,"23":0,"24":0,"25":0,"26":0,"27":0,"28":0,"29":0,"30":0,"31":0,"32":0},"f":{"0":0,"1":0,"2":0,"3":0},"b":{"0":[0,0],"1":[0,0],"2":[0,0],"3":[0,0],"4":[0,0],"5":[0,0],"6":[0,0],"7":[0,0],"8":[0,0],"9":[0,0],"10":[0,0]}}
}
