TN:
SF:components/AIJourneyCompanion.tsx
FN:23,(anonymous_0)
FN:36,(anonymous_1)
FN:43,(anonymous_2)
FN:60,(anonymous_3)
FN:110,(anonymous_4)
FN:141,(anonymous_5)
FN:174,(anonymous_6)
FN:186,(anonymous_7)
FN:225,(anonymous_8)
FN:249,(anonymous_9)
FN:266,(anonymous_10)
FN:279,(anonymous_11)
FNF:12
FNH:0
FNDA:0,(anonymous_0)
FNDA:0,(anonymous_1)
FNDA:0,(anonymous_2)
FNDA:0,(anonymous_3)
FNDA:0,(anonymous_4)
FNDA:0,(anonymous_5)
FNDA:0,(anonymous_6)
FNDA:0,(anonymous_7)
FNDA:0,(anonymous_8)
FNDA:0,(anonymous_9)
FNDA:0,(anonymous_10)
FNDA:0,(anonymous_11)
DA:23,0
DA:29,0
DA:30,0
DA:31,0
DA:32,0
DA:33,0
DA:34,0
DA:36,0
DA:37,0
DA:38,0
DA:39,0
DA:43,0
DA:44,0
DA:60,0
DA:61,0
DA:63,0
DA:65,0
DA:66,0
DA:67,0
DA:76,0
DA:101,0
DA:103,0
DA:110,0
DA:111,0
DA:112,0
DA:115,0
DA:116,0
DA:119,0
DA:121,0
DA:123,0
DA:124,0
DA:127,0
DA:133,0
DA:135,0
DA:136,0
DA:141,0
DA:142,0
DA:144,0
DA:145,0
DA:165,0
DA:167,0
DA:174,0
DA:175,0
DA:176,0
DA:178,0
DA:179,0
DA:182,0
DA:186,0
DA:187,0
DA:189,0
DA:190,0
DA:216,0
DA:218,0
DA:225,0
DA:226,0
DA:227,0
DA:229,0
DA:230,0
DA:233,0
DA:235,0
DA:241,0
DA:243,0
DA:244,0
DA:249,0
DA:250,0
DA:252,0
DA:254,0
DA:256,0
DA:260,0
DA:261,0
DA:264,0
DA:266,0
DA:279,0
DA:330,0
LF:74
LH:0
BRDA:37,0,0,0
BRDA:37,0,1,0
BRDA:37,1,0,0
BRDA:37,1,1,0
BRDA:61,2,0,0
BRDA:61,2,1,0
BRDA:66,3,0,0
BRDA:66,3,1,0
BRDA:88,4,0,0
BRDA:88,4,1,0
BRDA:115,5,0,0
BRDA:115,5,1,0
BRDA:123,6,0,0
BRDA:123,6,1,0
BRDA:135,7,0,0
BRDA:135,7,1,0
BRDA:142,8,0,0
BRDA:142,8,1,0
BRDA:178,9,0,0
BRDA:178,9,1,0
BRDA:187,10,0,0
BRDA:187,10,1,0
BRDA:229,11,0,0
BRDA:229,11,1,0
BRDA:243,12,0,0
BRDA:243,12,1,0
BRDA:250,13,0,0
BRDA:250,13,1,0
BRDA:250,13,2,0
BRDA:260,14,0,0
BRDA:260,14,1,0
BRDA:260,15,0,0
BRDA:260,15,1,0
BRDA:280,16,0,0
BRDA:280,16,1,0
BRDA:288,17,0,0
BRDA:288,17,1,0
BRDA:298,18,0,0
BRDA:298,18,1,0
BRDA:311,19,0,0
BRDA:311,19,1,0
BRF:41
BRH:0
end_of_record
TN:
SF:components/AIRouteSuggestions.tsx
FN:18,AIRouteSuggestions
FN:29,(anonymous_1)
FN:35,(anonymous_2)
FN:54,(anonymous_3)
FN:65,(anonymous_4)
FN:78,(anonymous_5)
FN:120,(anonymous_6)
FN:129,(anonymous_7)
FN:136,(anonymous_8)
FN:192,(anonymous_9)
FN:204,(anonymous_10)
FN:217,(anonymous_11)
FN:275,(anonymous_12)
FNF:13
FNH:0
FNDA:0,AIRouteSuggestions
FNDA:0,(anonymous_1)
FNDA:0,(anonymous_2)
FNDA:0,(anonymous_3)
FNDA:0,(anonymous_4)
FNDA:0,(anonymous_5)
FNDA:0,(anonymous_6)
FNDA:0,(anonymous_7)
FNDA:0,(anonymous_8)
FNDA:0,(anonymous_9)
FNDA:0,(anonymous_10)
FNDA:0,(anonymous_11)
FNDA:0,(anonymous_12)
DA:23,0
DA:24,0
DA:25,0
DA:27,0
DA:29,0
DA:30,0
DA:31,0
DA:35,0
DA:36,0
DA:37,0
DA:38,0
DA:39,0
DA:42,0
DA:43,0
DA:48,0
DA:50,0
DA:54,0
DA:55,0
DA:58,0
DA:62,0
DA:65,0
DA:66,0
DA:68,0
DA:70,0
DA:72,0
DA:74,0
DA:78,0
DA:79,0
DA:80,0
DA:81,0
DA:82,0
DA:85,0
DA:86,0
DA:96,0
DA:97,0
DA:107,0
DA:121,0
DA:130,0
DA:131,0
DA:133,0
DA:136,0
DA:193,0
DA:205,0
DA:218,0
DA:277,0
LF:45
LH:0
BRDA:30,0,0,0
BRDA:30,0,1,0
BRDA:30,1,0,0
BRDA:30,1,1,0
BRDA:42,2,0,0
BRDA:42,2,1,0
BRDA:66,3,0,0
BRDA:66,3,1,0
BRDA:66,3,2,0
BRDA:66,3,3,0
BRDA:79,4,0,0
BRDA:79,4,1,0
BRDA:80,5,0,0
BRDA:80,5,1,0
BRDA:81,6,0,0
BRDA:81,6,1,0
BRDA:85,7,0,0
BRDA:85,7,1,0
BRDA:96,8,0,0
BRDA:96,8,1,0
BRDA:96,9,0,0
BRDA:96,9,1,0
BRDA:138,10,0,0
BRDA:138,10,1,0
BRDA:142,11,0,0
BRDA:142,11,1,0
BRDA:145,12,0,0
BRDA:145,12,1,0
BRDA:212,13,0,0
BRDA:212,13,1,0
BRDA:227,14,0,0
BRDA:227,14,1,0
BRDA:233,15,0,0
BRDA:233,15,1,0
BRDA:239,16,0,0
BRDA:239,16,1,0
BRDA:248,17,0,0
BRDA:248,17,1,0
BRF:38
BRH:0
end_of_record
TN:
SF:components/AccessibilitySettings.tsx
FN:11,(anonymous_0)
FN:14,(anonymous_1)
FN:71,(anonymous_2)
FN:79,(anonymous_3)
FN:87,(anonymous_4)
FN:95,(anonymous_5)
FNF:6
FNH:0
FNDA:0,(anonymous_0)
FNDA:0,(anonymous_1)
FNDA:0,(anonymous_2)
FNDA:0,(anonymous_3)
FNDA:0,(anonymous_4)
FNDA:0,(anonymous_5)
DA:11,0
DA:12,0
DA:14,0
DA:27,0
DA:51,0
DA:71,0
DA:79,0
DA:87,0
DA:95,0
DA:101,0
LF:10
LH:0
BRDA:30,0,0,0
BRDA:30,0,1,0
BRDA:36,1,0,0
BRDA:36,1,1,0
BRDA:53,2,0,0
BRDA:53,2,1,0
BRDA:61,3,0,0
BRDA:61,3,1,0
BRF:8
BRH:0
end_of_record
TN:
SF:components/AccessibleButton.tsx
FN:17,(anonymous_0)
FN:27,(anonymous_1)
FN:38,(anonymous_2)
FN:51,(anonymous_3)
FNF:4
FNH:0
FNDA:0,(anonymous_0)
FNDA:0,(anonymous_1)
FNDA:0,(anonymous_2)
FNDA:0,(anonymous_3)
DA:17,0
DA:27,0
DA:28,0
DA:30,0
DA:32,0
DA:34,0
DA:38,0
DA:39,0
DA:41,0
DA:43,0
DA:45,0
DA:49,0
DA:51,0
DA:71,0
LF:14
LH:0
BRDA:22,0,0,0
BRDA:25,1,0,0
BRDA:28,2,0,0
BRDA:28,2,1,0
BRDA:28,2,2,0
BRDA:39,3,0,0
BRDA:39,3,1,0
BRDA:39,3,2,0
BRDA:54,4,0,0
BRDA:54,4,1,0
BRDA:55,5,0,0
BRDA:55,5,1,0
BRDA:62,6,0,0
BRDA:62,6,1,0
BRDA:63,7,0,0
BRDA:63,7,1,0
BRDA:66,8,0,0
BRDA:66,8,1,0
BRF:18
BRH:0
end_of_record
TN:
SF:components/AchievementBadge.tsx
FN:13,(anonymous_0)
FN:18,(anonymous_1)
FN:33,(anonymous_2)
FNF:3
FNH:0
FNDA:0,(anonymous_0)
FNDA:0,(anonymous_1)
FNDA:0,(anonymous_2)
DA:13,0
DA:18,0
DA:19,0
DA:21,0
DA:23,0
DA:25,0
DA:29,0
DA:31,0
DA:33,0
DA:74,0
LF:10
LH:0
BRDA:16,0,0,0
BRDA:19,1,0,0
BRDA:19,1,1,0
BRDA:19,1,2,0
BRDA:38,2,0,0
BRDA:38,2,1,0
BRDA:40,3,0,0
BRDA:40,3,1,0
BRDA:45,4,0,0
BRDA:45,4,1,0
BRDA:58,5,0,0
BRDA:58,5,1,0
BRDA:65,6,0,0
BRDA:65,6,1,0
BRF:14
BRH:0
end_of_record
TN:
SF:components/ApiErrorBoundary.tsx
FN:26,(anonymous_0)
FN:37,(anonymous_1)
FN:39,(anonymous_2)
FN:50,(anonymous_3)
FN:56,(anonymous_4)
FN:63,(anonymous_5)
FN:73,(anonymous_6)
FN:106,(anonymous_7)
FN:136,(anonymous_8)
FN:150,(anonymous_9)
FNF:10
FNH:0
FNDA:0,(anonymous_0)
FNDA:0,(anonymous_1)
FNDA:0,(anonymous_2)
FNDA:0,(anonymous_3)
FNDA:0,(anonymous_4)
FNDA:0,(anonymous_5)
FNDA:0,(anonymous_6)
FNDA:0,(anonymous_7)
FNDA:0,(anonymous_8)
FNDA:0,(anonymous_9)
DA:27,0
DA:28,0
DA:38,0
DA:39,0
DA:40,0
DA:43,0
DA:44,0
DA:51,0
DA:52,0
DA:57,0
DA:64,0
DA:70,0
DA:73,0
DA:74,0
DA:76,0
DA:78,0
DA:79,0
DA:83,0
DA:84,0
DA:85,0
DA:89,0
DA:90,0
DA:94,0
DA:101,0
DA:102,0
DA:107,0
DA:109,0
DA:110,0
DA:113,0
DA:114,0
DA:117,0
DA:118,0
DA:121,0
DA:122,0
DA:125,0
DA:126,0
DA:129,0
DA:130,0
DA:133,0
DA:137,0
DA:139,0
DA:140,0
DA:143,0
DA:144,0
DA:147,0
DA:151,0
DA:152,0
DA:153,0
DA:156,0
DA:157,0
DA:158,0
DA:160,0
DA:205,0
DA:209,0
LF:54
LH:0
BRDA:38,0,0,0
BRDA:38,0,1,0
BRDA:43,1,0,0
BRDA:43,1,1,0
BRDA:43,2,0,0
BRDA:43,2,1,0
BRDA:51,3,0,0
BRDA:51,3,1,0
BRDA:78,4,0,0
BRDA:78,4,1,0
BRDA:84,5,0,0
BRDA:84,5,1,0
BRDA:89,6,0,0
BRDA:89,6,1,0
BRDA:109,7,0,0
BRDA:109,7,1,0
BRDA:113,8,0,0
BRDA:113,8,1,0
BRDA:117,9,0,0
BRDA:117,9,1,0
BRDA:121,10,0,0
BRDA:121,10,1,0
BRDA:125,11,0,0
BRDA:125,11,1,0
BRDA:129,12,0,0
BRDA:129,12,1,0
BRDA:133,13,0,0
BRDA:133,13,1,0
BRDA:139,14,0,0
BRDA:139,14,1,0
BRDA:143,15,0,0
BRDA:143,15,1,0
BRDA:143,16,0,0
BRDA:143,16,1,0
BRDA:151,17,0,0
BRDA:151,17,1,0
BRDA:152,18,0,0
BRDA:152,18,1,0
BRDA:158,19,0,0
BRDA:158,19,1,0
BRDA:158,19,2,0
BRDA:169,20,0,0
BRDA:169,20,1,0
BRDA:172,21,0,0
BRDA:172,21,1,0
BRDA:174,22,0,0
BRDA:174,22,1,0
BRDA:178,23,0,0
BRDA:178,23,1,0
BRDA:180,24,0,0
BRDA:180,24,1,0
BRDA:188,25,0,0
BRDA:188,25,1,0
BRDA:190,26,0,0
BRDA:190,26,1,0
BRDA:194,27,0,0
BRDA:194,27,1,0
BRF:57
BRH:0
end_of_record
TN:
SF:components/ArrivalAlert.tsx
FN:13,(anonymous_0)
FNF:1
FNH:0
FNDA:0,(anonymous_0)
DA:13,0
DA:14,0
DA:51,0
LF:3
LH:0
BRDA:40,0,0,0
BRDA:40,0,1,0
BRF:2
BRH:0
end_of_record
TN:
SF:components/BackendStatusIndicator.tsx
FN:9,BackendStatusIndicator
FN:13,(anonymous_1)
FN:14,(anonymous_2)
FN:29,(anonymous_3)
FNF:4
FNH:0
FNDA:0,BackendStatusIndicator
FNDA:0,(anonymous_1)
FNDA:0,(anonymous_2)
FNDA:0,(anonymous_3)
DA:10,0
DA:11,0
DA:13,0
DA:14,0
DA:15,0
DA:16,0
DA:20,0
DA:22,0
DA:25,0
DA:26,0
DA:29,0
DA:30,0
DA:32,0
DA:39,0
DA:46,0
DA:55,0
DA:56,0
DA:58,0
DA:66,0
LF:19
LH:0
BRDA:25,0,0,0
BRDA:25,0,1,0
BRDA:30,1,0,0
BRDA:30,1,1,0
BRDA:30,1,2,0
BRF:5
BRH:0
end_of_record
TN:
SF:components/CategoryButton.tsx
FN:46,(anonymous_0)
FN:52,(anonymous_1)
FN:121,(anonymous_2)
FN:148,getDefaultIcon
FN:171,getDefaultColor
FN:196,(anonymous_5)
FN:205,(anonymous_6)
FNF:7
FNH:0
FNDA:0,(anonymous_0)
FNDA:0,(anonymous_1)
FNDA:0,(anonymous_2)
FNDA:0,getDefaultIcon
FNDA:0,getDefaultColor
FNDA:0,(anonymous_5)
FNDA:0,(anonymous_6)
DA:46,0
DA:52,0
DA:53,0
DA:55,0
DA:57,0
DA:59,0
DA:61,0
DA:63,0
DA:65,0
DA:67,0
DA:69,0
DA:71,0
DA:73,0
DA:75,0
DA:77,0
DA:79,0
DA:81,0
DA:83,0
DA:85,0
DA:87,0
DA:89,0
DA:91,0
DA:93,0
DA:95,0
DA:97,0
DA:99,0
DA:101,0
DA:103,0
DA:105,0
DA:107,0
DA:109,0
DA:111,0
DA:113,0
DA:115,0
DA:117,0
DA:121,0
DA:122,0
DA:124,0
DA:126,0
DA:128,0
DA:130,0
DA:134,0
DA:137,0
DA:142,0
DA:143,0
DA:146,0
DA:149,0
DA:151,0
DA:153,0
DA:155,0
DA:157,0
DA:159,0
DA:161,0
DA:163,0
DA:165,0
DA:167,0
DA:172,0
DA:174,0
DA:176,0
DA:178,0
DA:180,0
DA:182,0
DA:184,0
DA:186,0
DA:188,0
DA:190,0
DA:194,0
DA:196,0
DA:205,0
DA:218,0
LF:70
LH:0
BRDA:50,0,0,0
BRDA:55,1,0,0
BRDA:55,1,1,0
BRDA:55,1,2,0
BRDA:55,1,3,0
BRDA:55,1,4,0
BRDA:55,1,5,0
BRDA:55,1,6,0
BRDA:55,1,7,0
BRDA:55,1,8,0
BRDA:55,1,9,0
BRDA:55,1,10,0
BRDA:55,1,11,0
BRDA:55,1,12,0
BRDA:55,1,13,0
BRDA:55,1,14,0
BRDA:55,1,15,0
BRDA:55,1,16,0
BRDA:55,1,17,0
BRDA:55,1,18,0
BRDA:55,1,19,0
BRDA:55,1,20,0
BRDA:55,1,21,0
BRDA:55,1,22,0
BRDA:55,1,23,0
BRDA:55,1,24,0
BRDA:55,1,25,0
BRDA:55,1,26,0
BRDA:55,1,27,0
BRDA:55,1,28,0
BRDA:55,1,29,0
BRDA:55,1,30,0
BRDA:122,2,0,0
BRDA:122,2,1,0
BRDA:122,2,2,0
BRDA:122,2,3,0
BRDA:137,3,0,0
BRDA:137,3,1,0
BRDA:139,4,0,0
BRDA:139,4,1,0
BRDA:142,5,0,0
BRDA:142,5,1,0
BRDA:142,6,0,0
BRDA:142,6,1,0
BRDA:143,7,0,0
BRDA:143,7,1,0
BRDA:145,8,0,0
BRDA:145,8,1,0
BRDA:146,9,0,0
BRDA:146,9,1,0
BRDA:149,10,0,0
BRDA:149,10,1,0
BRDA:149,10,2,0
BRDA:149,10,3,0
BRDA:149,10,4,0
BRDA:149,10,5,0
BRDA:149,10,6,0
BRDA:149,10,7,0
BRDA:149,10,8,0
BRDA:172,11,0,0
BRDA:172,11,1,0
BRDA:172,11,2,0
BRDA:172,11,3,0
BRDA:172,11,4,0
BRDA:172,11,5,0
BRDA:172,11,6,0
BRDA:172,11,7,0
BRDA:172,11,8,0
BRDA:203,12,0,0
BRDA:203,12,1,0
BRDA:205,13,0,0
BRDA:205,13,1,0
BRDA:210,14,0,0
BRDA:210,14,1,0
BRDA:210,15,0,0
BRDA:210,15,1,0
BRF:76
BRH:0
end_of_record
TN:
SF:components/CategoryManagement.tsx
FN:23,(anonymous_0)
FN:50,(anonymous_1)
FN:94,(anonymous_2)
FN:117,(anonymous_3)
FN:128,(anonymous_4)
FN:140,(anonymous_5)
FN:149,(anonymous_6)
FN:157,(anonymous_7)
FN:165,(anonymous_8)
FN:169,(anonymous_9)
FN:197,(anonymous_10)
FN:216,(anonymous_11)
FN:220,(anonymous_12)
FN:233,(anonymous_13)
FN:244,(anonymous_14)
FN:252,(anonymous_15)
FN:283,(anonymous_16)
FN:285,(anonymous_17)
FN:294,(anonymous_18)
FN:300,(anonymous_19)
FN:318,(anonymous_20)
FN:320,(anonymous_21)
FN:331,(anonymous_22)
FN:337,(anonymous_23)
FNF:24
FNH:0
FNDA:0,(anonymous_0)
FNDA:0,(anonymous_1)
FNDA:0,(anonymous_2)
FNDA:0,(anonymous_3)
FNDA:0,(anonymous_4)
FNDA:0,(anonymous_5)
FNDA:0,(anonymous_6)
FNDA:0,(anonymous_7)
FNDA:0,(anonymous_8)
FNDA:0,(anonymous_9)
FNDA:0,(anonymous_10)
FNDA:0,(anonymous_11)
FNDA:0,(anonymous_12)
FNDA:0,(anonymous_13)
FNDA:0,(anonymous_14)
FNDA:0,(anonymous_15)
FNDA:0,(anonymous_16)
FNDA:0,(anonymous_17)
FNDA:0,(anonymous_18)
FNDA:0,(anonymous_19)
FNDA:0,(anonymous_20)
FNDA:0,(anonymous_21)
FNDA:0,(anonymous_22)
FNDA:0,(anonymous_23)
DA:23,0
DA:37,0
DA:39,0
DA:40,0
DA:41,0
DA:42,0
DA:43,0
DA:45,0
DA:46,0
DA:47,0
DA:48,0
DA:50,0
DA:51,0
DA:52,0
DA:53,0
DA:56,0
DA:57,0
DA:61,0
DA:64,0
DA:65,0
DA:67,0
DA:76,0
DA:77,0
DA:78,0
DA:79,0
DA:81,0
DA:82,0
DA:87,0
DA:90,0
DA:94,0
DA:95,0
DA:96,0
DA:97,0
DA:100,0
DA:101,0
DA:107,0
DA:108,0
DA:109,0
DA:110,0
DA:111,0
DA:113,0
DA:117,0
DA:118,0
DA:119,0
DA:120,0
DA:123,0
DA:129,0
DA:130,0
DA:131,0
DA:133,0
DA:140,0
DA:141,0
DA:142,0
DA:143,0
DA:145,0
DA:149,0
DA:150,0
DA:151,0
DA:152,0
DA:153,0
DA:154,0
DA:157,0
DA:158,0
DA:159,0
DA:160,0
DA:161,0
DA:162,0
DA:165,0
DA:166,0
DA:169,0
DA:217,0
DA:220,0
DA:233,0
DA:245,0
DA:252,0
DA:262,0
DA:284,0
DA:294,0
DA:300,0
DA:319,0
DA:331,0
DA:337,0
DA:354,0
LF:83
LH:0
BRDA:51,0,0,0
BRDA:51,0,1,0
BRDA:56,1,0,0
BRDA:56,1,1,0
BRDA:81,2,0,0
BRDA:81,2,1,0
BRDA:95,3,0,0
BRDA:95,3,1,0
BRDA:95,4,0,0
BRDA:95,4,1,0
BRDA:118,5,0,0
BRDA:118,5,1,0
BRDA:173,6,0,0
BRDA:173,6,1,0
BRDA:176,7,0,0
BRDA:176,7,1,0
BRDA:189,8,0,0
BRDA:189,8,1,0
BRDA:219,9,0,0
BRDA:219,9,1,0
BRDA:250,10,0,0
BRDA:250,10,1,0
BRDA:269,11,0,0
BRDA:269,11,1,0
BRDA:277,12,0,0
BRDA:277,12,1,0
BRDA:277,12,2,0
BRDA:314,13,0,0
BRDA:314,13,1,0
BRDA:324,14,0,0
BRDA:324,14,1,0
BRDA:327,15,0,0
BRDA:327,15,1,0
BRDA:327,15,2,0
BRDA:327,15,3,0
BRF:35
BRH:0
end_of_record
TN:
SF:components/CityManagement.tsx
FN:12,CityManagement
FN:31,(anonymous_1)
FN:33,(anonymous_2)
FN:47,(anonymous_3)
FN:53,(anonymous_4)
FN:61,(anonymous_5)
FN:70,(anonymous_6)
FN:72,(anonymous_7)
FN:105,(anonymous_8)
FN:108,(anonymous_9)
FN:113,(anonymous_10)
FN:125,(anonymous_11)
FN:134,(anonymous_12)
FN:149,(anonymous_13)
FN:169,(anonymous_14)
FN:171,(anonymous_15)
FN:179,(anonymous_16)
FN:181,(anonymous_17)
FN:207,AddEditRegionForm
FN:225,(anonymous_19)
FN:251,(anonymous_20)
FN:262,(anonymous_21)
FN:272,(anonymous_22)
FN:282,(anonymous_23)
FN:292,(anonymous_24)
FNF:25
FNH:0
FNDA:0,CityManagement
FNDA:0,(anonymous_1)
FNDA:0,(anonymous_2)
FNDA:0,(anonymous_3)
FNDA:0,(anonymous_4)
FNDA:0,(anonymous_5)
FNDA:0,(anonymous_6)
FNDA:0,(anonymous_7)
FNDA:0,(anonymous_8)
FNDA:0,(anonymous_9)
FNDA:0,(anonymous_10)
FNDA:0,(anonymous_11)
FNDA:0,(anonymous_12)
FNDA:0,(anonymous_13)
FNDA:0,(anonymous_14)
FNDA:0,(anonymous_15)
FNDA:0,(anonymous_16)
FNDA:0,(anonymous_17)
FNDA:0,AddEditRegionForm
FNDA:0,(anonymous_19)
FNDA:0,(anonymous_20)
FNDA:0,(anonymous_21)
FNDA:0,(anonymous_22)
FNDA:0,(anonymous_23)
FNDA:0,(anonymous_24)
DA:13,0
DA:14,0
DA:15,0
DA:26,0
DA:28,0
DA:30,0
DA:31,0
DA:33,0
DA:34,0
DA:35,0
DA:36,0
DA:39,0
DA:47,0
DA:53,0
DA:54,0
DA:63,0
DA:70,0
DA:71,0
DA:72,0
DA:105,0
DA:108,0
DA:113,0
DA:121,0
DA:122,0
DA:126,0
DA:127,0
DA:129,0
DA:131,0
DA:132,0
DA:135,0
DA:136,0
DA:142,0
DA:149,0
DA:169,0
DA:172,0
DA:179,0
DA:182,0
DA:208,0
DA:225,0
DA:226,0
DA:227,0
DA:228,0
DA:231,0
DA:234,0
DA:251,0
DA:262,0
DA:272,0
DA:282,0
DA:292,0
DA:305,0
LF:50
LH:0
BRDA:28,0,0,0
BRDA:28,0,1,0
BRDA:34,1,0,0
BRDA:34,1,1,0
BRDA:71,2,0,0
BRDA:71,2,1,0
BRDA:77,3,0,0
BRDA:77,3,1,0
BRDA:99,4,0,0
BRDA:99,4,1,0
BRDA:121,5,0,0
BRDA:121,5,1,0
BRDA:121,6,0,0
BRDA:121,6,1,0
BRDA:126,7,0,0
BRDA:126,7,1,0
BRDA:168,8,0,0
BRDA:168,8,1,0
BRDA:178,9,0,0
BRDA:178,9,1,0
BRDA:209,10,0,0
BRDA:209,10,1,0
BRDA:210,11,0,0
BRDA:210,11,1,0
BRDA:211,12,0,0
BRDA:211,12,1,0
BRDA:212,13,0,0
BRDA:212,13,1,0
BRDA:213,14,0,0
BRDA:213,14,1,0
BRDA:214,15,0,0
BRDA:214,15,1,0
BRDA:215,16,0,0
BRDA:215,16,1,0
BRDA:216,17,0,0
BRDA:216,17,1,0
BRDA:217,18,0,0
BRDA:217,18,1,0
BRDA:218,19,0,0
BRDA:218,19,1,0
BRDA:219,20,0,0
BRDA:219,20,1,0
BRDA:220,21,0,0
BRDA:220,21,1,0
BRDA:221,22,0,0
BRDA:221,22,1,0
BRDA:222,23,0,0
BRDA:222,23,1,0
BRDA:226,24,0,0
BRDA:226,24,1,0
BRDA:226,25,0,0
BRDA:226,25,1,0
BRDA:226,25,2,0
BRDA:240,26,0,0
BRDA:240,26,1,0
BRF:55
BRH:0
end_of_record
TN:
SF:components/DevicePingHandler.tsx
FN:13,(anonymous_0)
FN:20,(anonymous_1)
FN:21,(anonymous_2)
FN:30,(anonymous_3)
FN:46,(anonymous_4)
FN:62,(anonymous_5)
FN:69,(anonymous_6)
FN:76,(anonymous_7)
FN:81,(anonymous_8)
FN:87,(anonymous_9)
FN:91,(anonymous_10)
FN:96,(anonymous_11)
FN:141,(anonymous_12)
FN:152,(anonymous_13)
FN:165,(anonymous_14)
FN:197,(anonymous_15)
FN:204,(anonymous_16)
FN:213,(anonymous_17)
FNF:18
FNH:0
FNDA:0,(anonymous_0)
FNDA:0,(anonymous_1)
FNDA:0,(anonymous_2)
FNDA:0,(anonymous_3)
FNDA:0,(anonymous_4)
FNDA:0,(anonymous_5)
FNDA:0,(anonymous_6)
FNDA:0,(anonymous_7)
FNDA:0,(anonymous_8)
FNDA:0,(anonymous_9)
FNDA:0,(anonymous_10)
FNDA:0,(anonymous_11)
FNDA:0,(anonymous_12)
FNDA:0,(anonymous_13)
FNDA:0,(anonymous_14)
FNDA:0,(anonymous_15)
FNDA:0,(anonymous_16)
FNDA:0,(anonymous_17)
DA:13,0
DA:14,0
DA:15,0
DA:16,0
DA:17,0
DA:20,0
DA:21,0
DA:22,0
DA:24,0
DA:25,0
DA:26,0
DA:30,0
DA:31,0
DA:33,0
DA:35,0
DA:36,0
DA:38,0
DA:39,0
DA:41,0
DA:42,0
DA:46,0
DA:47,0
DA:50,0
DA:51,0
DA:52,0
DA:56,0
DA:62,0
DA:69,0
DA:70,0
DA:76,0
DA:81,0
DA:87,0
DA:88,0
DA:91,0
DA:96,0
DA:97,0
DA:99,0
DA:100,0
DA:101,0
DA:102,0
DA:108,0
DA:115,0
DA:118,0
DA:119,0
DA:127,0
DA:129,0
DA:136,0
DA:137,0
DA:141,0
DA:142,0
DA:143,0
DA:148,0
DA:149,0
DA:152,0
DA:153,0
DA:155,0
DA:157,0
DA:159,0
DA:161,0
DA:165,0
DA:166,0
DA:168,0
DA:170,0
DA:172,0
DA:174,0
DA:178,0
DA:197,0
DA:204,0
DA:213,0
DA:229,0
LF:70
LH:0
BRDA:24,0,0,0
BRDA:24,0,1,0
BRDA:24,1,0,0
BRDA:24,1,1,0
BRDA:33,2,0,0
BRDA:33,2,1,0
BRDA:33,2,2,0
BRDA:50,3,0,0
BRDA:50,3,1,0
BRDA:58,4,0,0
BRDA:58,4,1,0
BRDA:72,5,0,0
BRDA:72,5,1,0
BRDA:88,6,0,0
BRDA:88,6,1,0
BRDA:96,7,0,0
BRDA:99,8,0,0
BRDA:99,8,1,0
BRDA:101,9,0,0
BRDA:101,9,1,0
BRDA:108,10,0,0
BRDA:108,10,1,0
BRDA:108,11,0,0
BRDA:108,11,1,0
BRDA:118,12,0,0
BRDA:118,12,1,0
BRDA:131,13,0,0
BRDA:131,13,1,0
BRDA:142,14,0,0
BRDA:142,14,1,0
BRDA:148,15,0,0
BRDA:148,15,1,0
BRDA:153,16,0,0
BRDA:153,16,1,0
BRDA:153,16,2,0
BRDA:153,16,3,0
BRDA:166,17,0,0
BRDA:166,17,1,0
BRDA:166,17,2,0
BRDA:166,17,3,0
BRDA:180,18,0,0
BRDA:180,18,1,0
BRDA:190,19,0,0
BRDA:190,19,1,0
BRDA:193,20,0,0
BRDA:193,20,1,0
BRF:46
BRH:0
end_of_record
TN:
SF:components/DevicePingHistory.tsx
FN:12,(anonymous_0)
FN:15,(anonymous_1)
FN:19,(anonymous_2)
FN:34,(anonymous_3)
FN:47,(anonymous_4)
FN:60,(anonymous_5)
FN:73,(anonymous_6)
FN:87,(anonymous_7)
FN:105,(anonymous_8)
FNF:9
FNH:0
FNDA:0,(anonymous_0)
FNDA:0,(anonymous_1)
FNDA:0,(anonymous_2)
FNDA:0,(anonymous_3)
FNDA:0,(anonymous_4)
FNDA:0,(anonymous_5)
FNDA:0,(anonymous_6)
FNDA:0,(anonymous_7)
FNDA:0,(anonymous_8)
DA:12,0
DA:13,0
DA:15,0
DA:16,0
DA:19,0
DA:20,0
DA:21,0
DA:22,0
DA:23,0
DA:25,0
DA:26,0
DA:27,0
DA:28,0
DA:30,0
DA:34,0
DA:35,0
DA:37,0
DA:39,0
DA:41,0
DA:43,0
DA:47,0
DA:48,0
DA:50,0
DA:52,0
DA:54,0
DA:56,0
DA:60,0
DA:61,0
DA:63,0
DA:65,0
DA:67,0
DA:69,0
DA:73,0
DA:74,0
DA:76,0
DA:78,0
DA:80,0
DA:82,0
DA:87,0
DA:89,0
DA:90,0
DA:101,0
DA:106,0
DA:156,0
LF:44
LH:0
BRDA:25,0,0,0
BRDA:25,0,1,0
BRDA:27,1,0,0
BRDA:27,1,1,0
BRDA:35,2,0,0
BRDA:35,2,1,0
BRDA:35,2,2,0
BRDA:35,2,3,0
BRDA:48,3,0,0
BRDA:48,3,1,0
BRDA:48,3,2,0
BRDA:48,3,3,0
BRDA:61,4,0,0
BRDA:61,4,1,0
BRDA:61,4,2,0
BRDA:61,4,3,0
BRDA:74,5,0,0
BRDA:74,5,1,0
BRDA:74,5,2,0
BRDA:74,5,3,0
BRDA:89,6,0,0
BRDA:89,6,1,0
BRDA:120,7,0,0
BRDA:120,7,1,0
BRDA:121,8,0,0
BRDA:121,8,1,0
BRDA:122,9,0,0
BRDA:122,9,1,0
BRDA:130,10,0,0
BRDA:130,10,1,0
BRDA:132,11,0,0
BRDA:132,11,1,0
BRDA:139,12,0,0
BRDA:139,12,1,0
BRF:34
BRH:0
end_of_record
TN:
SF:components/DirectionStep.tsx
FN:13,(anonymous_0)
FNF:1
FNH:0
FNDA:0,(anonymous_0)
DA:13,0
DA:14,0
DA:60,0
LF:3
LH:0
BRDA:18,0,0,0
BRDA:18,0,1,0
BRDA:25,1,0,0
BRDA:25,1,1,0
BRDA:42,2,0,0
BRDA:42,2,1,0
BRDA:42,2,2,0
BRDA:48,3,0,0
BRDA:48,3,1,0
BRDA:50,4,0,0
BRDA:50,4,1,0
BRF:11
BRH:0
end_of_record
TN:
SF:components/EmptyState.tsx
FN:14,(anonymous_0)
FNF:1
FNH:0
FNDA:0,(anonymous_0)
DA:14,0
DA:21,0
DA:37,0
LF:3
LH:0
BRDA:28,0,0,0
BRDA:28,0,1,0
BRDA:28,0,2,0
BRF:3
BRH:0
end_of_record
TN:
SF:components/EnhancedFeaturesDemo.tsx
FN:22,EnhancedFeaturesDemo
FN:66,(anonymous_1)
FN:71,(anonymous_2)
FN:76,(anonymous_3)
FN:94,(anonymous_4)
FN:101,(anonymous_5)
FN:106,(anonymous_6)
FN:122,(anonymous_7)
FN:128,(anonymous_8)
FN:135,(anonymous_9)
FN:139,(anonymous_10)
FN:143,(anonymous_11)
FN:147,(anonymous_12)
FN:163,(anonymous_13)
FN:176,(anonymous_14)
FN:189,(anonymous_15)
FN:202,(anonymous_16)
FN:215,(anonymous_17)
FN:422,(anonymous_18)
FNF:19
FNH:0
FNDA:0,EnhancedFeaturesDemo
FNDA:0,(anonymous_1)
FNDA:0,(anonymous_2)
FNDA:0,(anonymous_3)
FNDA:0,(anonymous_4)
FNDA:0,(anonymous_5)
FNDA:0,(anonymous_6)
FNDA:0,(anonymous_7)
FNDA:0,(anonymous_8)
FNDA:0,(anonymous_9)
FNDA:0,(anonymous_10)
FNDA:0,(anonymous_11)
FNDA:0,(anonymous_12)
FNDA:0,(anonymous_13)
FNDA:0,(anonymous_14)
FNDA:0,(anonymous_15)
FNDA:0,(anonymous_16)
FNDA:0,(anonymous_17)
FNDA:0,(anonymous_18)
DA:23,0
DA:26,0
DA:27,0
DA:30,0
DA:48,0
DA:66,0
DA:67,0
DA:68,0
DA:71,0
DA:72,0
DA:73,0
DA:76,0
DA:78,0
DA:83,0
DA:89,0
DA:91,0
DA:94,0
DA:95,0
DA:101,0
DA:102,0
DA:106,0
DA:108,0
DA:109,0
DA:111,0
DA:112,0
DA:114,0
DA:119,0
DA:122,0
DA:123,0
DA:124,0
DA:125,0
DA:128,0
DA:129,0
DA:130,0
DA:131,0
DA:135,0
DA:136,0
DA:139,0
DA:140,0
DA:143,0
DA:144,0
DA:147,0
DA:148,0
DA:149,0
DA:150,0
DA:151,0
DA:154,0
DA:163,0
DA:176,0
DA:189,0
DA:202,0
DA:215,0
DA:422,0
LF:53
LH:0
BRDA:164,0,0,0
BRDA:164,0,1,0
BRDA:168,1,0,0
BRDA:168,1,1,0
BRDA:177,2,0,0
BRDA:177,2,1,0
BRDA:181,3,0,0
BRDA:181,3,1,0
BRDA:190,4,0,0
BRDA:190,4,1,0
BRDA:194,5,0,0
BRDA:194,5,1,0
BRDA:203,6,0,0
BRDA:203,6,1,0
BRDA:207,7,0,0
BRDA:207,7,1,0
BRDA:216,8,0,0
BRDA:216,8,1,0
BRDA:220,9,0,0
BRDA:220,9,1,0
BRDA:229,10,0,0
BRDA:229,10,1,0
BRDA:254,11,0,0
BRDA:254,11,1,0
BRDA:294,12,0,0
BRDA:294,12,1,0
BRDA:343,13,0,0
BRDA:343,13,1,0
BRDA:434,14,0,0
BRDA:434,14,1,0
BRF:30
BRH:0
end_of_record
TN:
SF:components/EnhancedRouteCard.tsx
FN:26,formatDistanceKm
FN:45,(anonymous_1)
FN:53,(anonymous_2)
FN:66,(anonymous_3)
FN:72,(anonymous_4)
FN:85,(anonymous_5)
FN:91,(anonymous_6)
FN:107,(anonymous_7)
FN:113,(anonymous_8)
FN:223,(anonymous_9)
FNF:10
FNH:0
FNDA:0,formatDistanceKm
FNDA:0,(anonymous_1)
FNDA:0,(anonymous_2)
FNDA:0,(anonymous_3)
FNDA:0,(anonymous_4)
FNDA:0,(anonymous_5)
FNDA:0,(anonymous_6)
FNDA:0,(anonymous_7)
FNDA:0,(anonymous_8)
FNDA:0,(anonymous_9)
DA:27,0
DA:28,0
DA:29,0
DA:45,0
DA:46,0
DA:53,0
DA:54,0
DA:56,0
DA:66,0
DA:67,0
DA:72,0
DA:73,0
DA:75,0
DA:77,0
DA:79,0
DA:81,0
DA:85,0
DA:86,0
DA:87,0
DA:88,0
DA:91,0
DA:98,0
DA:99,0
DA:100,0
DA:101,0
DA:102,0
DA:103,0
DA:105,0
DA:107,0
DA:113,0
DA:224,0
DA:254,0
LF:32
LH:0
BRDA:27,0,0,0
BRDA:27,0,1,0
BRDA:27,1,0,0
BRDA:27,1,1,0
BRDA:29,2,0,0
BRDA:29,2,1,0
BRDA:54,3,0,0
BRDA:54,3,1,0
BRDA:60,4,0,0
BRDA:60,4,1,0
BRDA:73,5,0,0
BRDA:73,5,1,0
BRDA:73,5,2,0
BRDA:73,5,3,0
BRDA:86,6,0,0
BRDA:86,6,1,0
BRDA:87,7,0,0
BRDA:87,7,1,0
BRDA:95,8,0,0
BRDA:96,9,0,0
BRDA:99,10,0,0
BRDA:99,10,1,0
BRDA:100,11,0,0
BRDA:100,11,1,0
BRDA:101,12,0,0
BRDA:101,12,1,0
BRDA:102,13,0,0
BRDA:102,13,1,0
BRDA:102,13,2,0
BRDA:103,14,0,0
BRDA:103,14,1,0
BRDA:103,14,2,0
BRDA:109,15,0,0
BRDA:109,15,1,0
BRDA:110,16,0,0
BRDA:110,16,1,0
BRDA:111,17,0,0
BRDA:111,17,1,0
BRDA:119,18,0,0
BRDA:119,18,1,0
BRDA:119,18,2,0
BRDA:127,19,0,0
BRDA:127,19,1,0
BRDA:141,20,0,0
BRDA:141,20,1,0
BRDA:141,20,2,0
BRDA:143,21,0,0
BRDA:143,21,1,0
BRDA:151,22,0,0
BRDA:151,22,1,0
BRDA:159,23,0,0
BRDA:159,23,1,0
BRDA:171,24,0,0
BRDA:171,24,1,0
BRDA:171,24,2,0
BRDA:173,25,0,0
BRDA:173,25,1,0
BRDA:181,26,0,0
BRDA:181,26,1,0
BRDA:189,27,0,0
BRDA:189,27,1,0
BRDA:201,28,0,0
BRDA:201,28,1,0
BRDA:208,29,0,0
BRDA:208,29,1,0
BRDA:212,30,0,0
BRDA:212,30,1,0
BRDA:215,31,0,0
BRDA:215,31,1,0
BRDA:226,32,0,0
BRDA:226,32,1,0
BRDA:234,33,0,0
BRDA:234,33,1,0
BRDA:234,33,2,0
BRDA:242,34,0,0
BRDA:242,34,1,0
BRDA:242,34,2,0
BRF:77
BRH:0
end_of_record
TN:
SF:components/ErrorBoundary.tsx
FN:17,(anonymous_0)
FN:22,(anonymous_1)
FN:26,(anonymous_2)
FN:30,(anonymous_3)
FN:34,(anonymous_4)
FNF:5
FNH:0
FNDA:0,(anonymous_0)
FNDA:0,(anonymous_1)
FNDA:0,(anonymous_2)
FNDA:0,(anonymous_3)
FNDA:0,(anonymous_4)
DA:18,0
DA:19,0
DA:23,0
DA:27,0
DA:30,0
DA:31,0
DA:35,0
DA:36,0
DA:37,0
DA:38,0
DA:41,0
DA:56,0
DA:60,0
LF:13
LH:0
BRDA:35,0,0,0
BRDA:35,0,1,0
BRDA:36,1,0,0
BRDA:36,1,1,0
BRDA:46,2,0,0
BRDA:46,2,1,0
BRF:6
BRH:0
end_of_record
TN:
SF:components/ExpoMapView.tsx
FN:31,ExpoMapView
FN:77,(anonymous_1)
FN:84,(anonymous_2)
FN:91,getDistance
FN:106,(anonymous_4)
FN:113,(anonymous_5)
FN:117,(anonymous_6)
FN:122,(anonymous_7)
FN:163,(anonymous_8)
FN:199,(anonymous_9)
FNF:10
FNH:0
FNDA:0,ExpoMapView
FNDA:0,(anonymous_1)
FNDA:0,(anonymous_2)
FNDA:0,getDistance
FNDA:0,(anonymous_4)
FNDA:0,(anonymous_5)
FNDA:0,(anonymous_6)
FNDA:0,(anonymous_7)
FNDA:0,(anonymous_8)
FNDA:0,(anonymous_9)
DA:9,0
DA:10,0
DA:11,0
DA:12,0
DA:14,0
DA:15,0
DA:42,0
DA:43,0
DA:57,0
DA:58,0
DA:59,0
DA:61,0
DA:62,0
DA:65,0
DA:68,0
DA:70,0
DA:77,0
DA:83,0
DA:85,0
DA:86,0
DA:92,0
DA:93,0
DA:94,0
DA:95,0
DA:96,0
DA:99,0
DA:101,0
DA:103,0
DA:106,0
DA:107,0
DA:108,0
DA:109,0
DA:113,0
DA:114,0
DA:117,0
DA:118,0
DA:119,0
DA:122,0
DA:123,0
DA:125,0
DA:135,0
DA:163,0
DA:178,0
DA:189,0
DA:200,0
DA:201,0
DA:202,0
DA:233,0
LF:48
LH:0
BRDA:38,0,0,0
BRDA:42,1,0,0
BRDA:42,1,1,0
BRDA:42,2,0,0
BRDA:42,2,1,0
BRDA:47,3,0,0
BRDA:47,3,1,0
BRDA:68,4,0,0
BRDA:68,4,1,0
BRDA:68,4,2,0
BRDA:77,5,0,0
BRDA:77,5,1,0
BRDA:83,6,0,0
BRDA:83,6,1,0
BRDA:108,7,0,0
BRDA:108,7,1,0
BRDA:108,8,0,0
BRDA:108,8,1,0
BRDA:123,9,0,0
BRDA:123,9,1,0
BRDA:123,10,0,0
BRDA:123,10,1,0
BRDA:137,11,0,0
BRDA:137,11,1,0
BRDA:150,12,0,0
BRDA:150,12,1,0
BRDA:178,13,0,0
BRDA:178,13,1,0
BRDA:200,14,0,0
BRDA:200,14,1,0
BRF:30
BRH:0
end_of_record
TN:
SF:components/FunFactCard.tsx
FN:12,(anonymous_0)
FNF:1
FNH:0
FNDA:0,(anonymous_0)
DA:12,0
DA:13,0
DA:34,0
LF:3
LH:0
BRDA:20,0,0,0
BRDA:20,0,1,0
BRDA:22,1,0,0
BRDA:22,1,1,0
BRF:4
BRH:0
end_of_record
TN:
SF:components/InAppNotificationHost.tsx
FN:12,(anonymous_0)
FN:17,(anonymous_1)
FN:55,(anonymous_2)
FN:59,(anonymous_3)
FN:63,(anonymous_4)
FN:64,(anonymous_5)
FN:72,(anonymous_6)
FN:78,(anonymous_7)
FN:81,(anonymous_8)
FN:94,(anonymous_9)
FN:97,(anonymous_10)
FN:101,(anonymous_11)
FN:104,(anonymous_12)
FN:105,(anonymous_13)
FN:108,(anonymous_14)
FN:111,(anonymous_15)
FN:112,(anonymous_16)
FN:112,(anonymous_17)
FN:116,(anonymous_18)
FN:149,(anonymous_19)
FNF:20
FNH:0
FNDA:0,(anonymous_0)
FNDA:0,(anonymous_1)
FNDA:0,(anonymous_2)
FNDA:0,(anonymous_3)
FNDA:0,(anonymous_4)
FNDA:0,(anonymous_5)
FNDA:0,(anonymous_6)
FNDA:0,(anonymous_7)
FNDA:0,(anonymous_8)
FNDA:0,(anonymous_9)
FNDA:0,(anonymous_10)
FNDA:0,(anonymous_11)
FNDA:0,(anonymous_12)
FNDA:0,(anonymous_13)
FNDA:0,(anonymous_14)
FNDA:0,(anonymous_15)
FNDA:0,(anonymous_16)
FNDA:0,(anonymous_17)
FNDA:0,(anonymous_18)
FNDA:0,(anonymous_19)
DA:12,0
DA:13,0
DA:14,0
DA:17,0
DA:18,0
DA:55,0
DA:56,0
DA:59,0
DA:63,0
DA:64,0
DA:65,0
DA:72,0
DA:74,0
DA:78,0
DA:79,0
DA:81,0
DA:82,0
DA:84,0
DA:94,0
DA:97,0
DA:101,0
DA:102,0
DA:104,0
DA:105,0
DA:108,0
DA:111,0
DA:112,0
DA:115,0
DA:117,0
DA:119,0
DA:122,0
DA:125,0
DA:126,0
DA:129,0
DA:132,0
DA:138,0
DA:139,0
DA:142,0
DA:152,0
DA:165,0
LF:40
LH:0
BRDA:79,0,0,0
BRDA:79,0,1,0
BRDA:86,1,0,0
BRDA:86,1,1,0
BRDA:87,2,0,0
BRDA:87,2,1,0
BRDA:88,3,0,0
BRDA:88,3,1,0
BRDA:89,4,0,0
BRDA:89,4,1,0
BRDA:90,5,0,0
BRDA:90,5,1,0
BRDA:91,6,0,0
BRDA:91,6,1,0
BRDA:102,7,0,0
BRDA:102,7,1,0
BRDA:119,8,0,0
BRDA:119,8,1,0
BRDA:119,8,2,0
BRDA:119,8,3,0
BRDA:138,9,0,0
BRDA:138,9,1,0
BRDA:145,10,0,0
BRDA:145,10,1,0
BRF:24
BRH:0
end_of_record
TN:
SF:components/InteractiveMap.tsx
FN:25,(anonymous_0)
FN:63,(anonymous_1)
FN:72,(anonymous_2)
FN:84,(anonymous_3)
FN:101,(anonymous_4)
FN:114,(anonymous_5)
FN:123,(anonymous_6)
FN:146,(anonymous_7)
FN:157,(anonymous_8)
FN:179,(anonymous_9)
FN:329,(anonymous_10)
FN:361,(anonymous_11)
FN:373,(anonymous_12)
FN:408,(anonymous_13)
FNF:14
FNH:0
FNDA:0,(anonymous_0)
FNDA:0,(anonymous_1)
FNDA:0,(anonymous_2)
FNDA:0,(anonymous_3)
FNDA:0,(anonymous_4)
FNDA:0,(anonymous_5)
FNDA:0,(anonymous_6)
FNDA:0,(anonymous_7)
FNDA:0,(anonymous_8)
FNDA:0,(anonymous_9)
FNDA:0,(anonymous_10)
FNDA:0,(anonymous_11)
FNDA:0,(anonymous_12)
FNDA:0,(anonymous_13)
DA:25,0
DA:29,0
DA:30,0
DA:32,0
DA:56,0
DA:64,0
DA:65,0
DA:72,0
DA:84,0
DA:85,0
DA:86,0
DA:87,0
DA:88,0
DA:90,0
DA:91,0
DA:95,0
DA:96,0
DA:97,0
DA:101,0
DA:103,0
DA:104,0
DA:105,0
DA:107,0
DA:108,0
DA:110,0
DA:113,0
DA:115,0
DA:116,0
DA:117,0
DA:118,0
DA:119,0
DA:121,0
DA:123,0
DA:127,0
DA:131,0
DA:137,0
DA:143,0
DA:146,0
DA:158,0
DA:179,0
DA:203,0
DA:328,0
DA:330,0
DA:331,0
DA:332,0
DA:333,0
DA:334,0
DA:335,0
DA:336,0
DA:338,0
DA:339,0
DA:340,0
DA:341,0
DA:343,0
DA:344,0
DA:345,0
DA:346,0
DA:348,0
DA:349,0
DA:351,0
DA:352,0
DA:355,0
DA:361,0
DA:362,0
DA:363,0
DA:365,0
DA:369,0
DA:374,0
DA:375,0
DA:376,0
DA:409,0
DA:410,0
DA:462,0
LF:73
LH:0
BRDA:29,0,0,0
BRDA:29,0,1,0
BRDA:29,1,0,0
BRDA:29,1,1,0
BRDA:58,2,0,0
BRDA:58,2,1,0
BRDA:65,3,0,0
BRDA:65,3,1,0
BRDA:79,4,0,0
BRDA:85,5,0,0
BRDA:85,5,1,0
BRDA:88,6,0,0
BRDA:88,6,1,0
BRDA:103,7,0,0
BRDA:103,7,1,0
BRDA:104,8,0,0
BRDA:104,8,1,0
BRDA:104,9,0,0
BRDA:104,9,1,0
BRDA:107,10,0,0
BRDA:107,10,1,0
BRDA:107,11,0,0
BRDA:107,11,1,0
BRDA:115,12,0,0
BRDA:115,12,1,0
BRDA:117,13,0,0
BRDA:117,13,1,0
BRDA:118,14,0,0
BRDA:118,14,1,0
BRDA:119,15,0,0
BRDA:119,15,1,0
BRDA:121,16,0,0
BRDA:121,16,1,0
BRDA:127,17,0,0
BRDA:127,17,1,0
BRDA:131,18,0,0
BRDA:131,18,1,0
BRDA:137,19,0,0
BRDA:137,19,1,0
BRDA:143,20,0,0
BRDA:143,20,1,0
BRDA:169,21,0,0
BRDA:169,21,1,0
BRDA:170,22,0,0
BRDA:170,22,1,0
BRDA:171,23,0,0
BRDA:171,23,1,0
BRDA:174,24,0,0
BRDA:174,24,1,0
BRDA:174,25,0,0
BRDA:174,25,1,0
BRDA:302,26,0,0
BRDA:302,26,1,0
BRDA:331,27,0,0
BRDA:331,27,1,0
BRDA:332,28,0,0
BRDA:332,28,1,0
BRDA:333,29,0,0
BRDA:333,29,1,0
BRDA:339,30,0,0
BRDA:339,30,1,0
BRDA:340,31,0,0
BRDA:340,31,1,0
BRDA:340,32,0,0
BRDA:340,32,1,0
BRDA:343,33,0,0
BRDA:343,33,1,0
BRDA:348,34,0,0
BRDA:348,34,1,0
BRDA:348,35,0,0
BRDA:348,35,1,0
BRDA:348,35,2,0
BRDA:351,36,0,0
BRDA:351,36,1,0
BRDA:351,37,0,0
BRDA:351,37,1,0
BRDA:372,38,0,0
BRDA:372,38,1,0
BRDA:372,39,0,0
BRDA:372,39,1,0
BRDA:379,40,0,0
BRDA:379,40,1,0
BRDA:382,41,0,0
BRDA:382,41,1,0
BRDA:383,42,0,0
BRDA:383,42,1,0
BRDA:387,43,0,0
BRDA:387,43,1,0
BRDA:387,44,0,0
BRDA:387,44,1,0
BRDA:450,45,0,0
BRDA:450,45,1,0
BRF:92
BRH:0
end_of_record
TN:
SF:components/KidFriendlyMap.tsx
FN:53,KidFriendlyMap
FN:78,(anonymous_1)
FN:82,(anonymous_2)
FN:88,(anonymous_3)
FN:125,(anonymous_4)
FN:135,(anonymous_5)
FN:143,(anonymous_6)
FN:150,(anonymous_7)
FN:158,(anonymous_8)
FN:168,(anonymous_9)
FN:183,(anonymous_10)
FN:194,(anonymous_11)
FN:218,(anonymous_12)
FN:240,(anonymous_13)
FNF:14
FNH:0
FNDA:0,KidFriendlyMap
FNDA:0,(anonymous_1)
FNDA:0,(anonymous_2)
FNDA:0,(anonymous_3)
FNDA:0,(anonymous_4)
FNDA:0,(anonymous_5)
FNDA:0,(anonymous_6)
FNDA:0,(anonymous_7)
FNDA:0,(anonymous_8)
FNDA:0,(anonymous_9)
FNDA:0,(anonymous_10)
FNDA:0,(anonymous_11)
FNDA:0,(anonymous_12)
FNDA:0,(anonymous_13)
DA:64,0
DA:65,0
DA:66,0
DA:76,0
DA:78,0
DA:79,0
DA:82,0
DA:83,0
DA:84,0
DA:88,0
DA:89,0
DA:90,0
DA:92,0
DA:93,0
DA:94,0
DA:95,0
DA:97,0
DA:101,0
DA:105,0
DA:106,0
DA:109,0
DA:110,0
DA:119,0
DA:126,0
DA:127,0
DA:131,0
DA:135,0
DA:136,0
DA:138,0
DA:143,0
DA:144,0
DA:145,0
DA:146,0
DA:148,0
DA:150,0
DA:151,0
DA:153,0
DA:154,0
DA:156,0
DA:158,0
DA:159,0
DA:160,0
DA:161,0
DA:163,0
DA:168,0
DA:169,0
DA:170,0
DA:171,0
DA:172,0
DA:173,0
DA:176,0
DA:178,0
DA:180,0
DA:183,0
DA:184,0
DA:185,0
DA:194,0
DA:195,0
DA:196,0
DA:203,0
DA:219,0
DA:241,0
DA:273,0
LF:63
LH:0
BRDA:55,0,0,0
BRDA:56,1,0,0
BRDA:57,2,0,0
BRDA:61,3,0,0
BRDA:67,4,0,0
BRDA:67,4,1,0
BRDA:83,5,0,0
BRDA:83,5,1,0
BRDA:83,6,0,0
BRDA:83,6,1,0
BRDA:92,7,0,0
BRDA:92,7,1,0
BRDA:94,8,0,0
BRDA:94,8,1,0
BRDA:109,9,0,0
BRDA:109,9,1,0
BRDA:109,10,0,0
BRDA:109,10,1,0
BRDA:136,11,0,0
BRDA:136,11,1,0
BRDA:148,12,0,0
BRDA:148,12,1,0
BRDA:148,13,0,0
BRDA:148,13,1,0
BRDA:153,14,0,0
BRDA:153,14,1,0
BRDA:156,15,0,0
BRDA:156,15,1,0
BRDA:156,16,0,0
BRDA:156,16,1,0
BRDA:184,17,0,0
BRDA:184,17,1,0
BRDA:184,18,0,0
BRDA:184,18,1,0
BRDA:195,19,0,0
BRDA:195,19,1,0
BRDA:195,20,0,0
BRDA:195,20,1,0
BRDA:208,21,0,0
BRDA:208,21,1,0
BRDA:223,22,0,0
BRDA:223,22,1,0
BRDA:224,23,0,0
BRDA:224,23,1,0
BRDA:230,24,0,0
BRDA:230,24,1,0
BRDA:244,25,0,0
BRDA:244,25,1,0
BRDA:245,26,0,0
BRDA:245,26,1,0
BRDA:245,27,0,0
BRDA:245,27,1,0
BRDA:256,28,0,0
BRDA:256,28,1,0
BRDA:264,29,0,0
BRDA:264,29,1,0
BRF:56
BRH:0
end_of_record
TN:
SF:components/KidTripPlanner.tsx
FN:74,(anonymous_0)
FN:89,(anonymous_1)
FN:98,(anonymous_2)
FN:294,(anonymous_3)
FN:301,(anonymous_4)
FN:302,(anonymous_5)
FN:307,(anonymous_6)
FN:326,(anonymous_7)
FN:327,(anonymous_8)
FN:384,(anonymous_9)
FN:427,(anonymous_10)
FN:428,(anonymous_11)
FN:448,(anonymous_12)
FN:497,(anonymous_13)
FN:498,(anonymous_14)
FN:506,(anonymous_15)
FN:506,(anonymous_16)
FN:518,(anonymous_17)
FN:519,(anonymous_18)
FN:530,(anonymous_19)
FN:531,(anonymous_20)
FN:549,(anonymous_21)
FN:550,(anonymous_22)
FN:572,(anonymous_23)
FN:573,(anonymous_24)
FN:632,(anonymous_25)
FN:643,(anonymous_26)
FNF:27
FNH:0
FNDA:0,(anonymous_0)
FNDA:0,(anonymous_1)
FNDA:0,(anonymous_2)
FNDA:0,(anonymous_3)
FNDA:0,(anonymous_4)
FNDA:0,(anonymous_5)
FNDA:0,(anonymous_6)
FNDA:0,(anonymous_7)
FNDA:0,(anonymous_8)
FNDA:0,(anonymous_9)
FNDA:0,(anonymous_10)
FNDA:0,(anonymous_11)
FNDA:0,(anonymous_12)
FNDA:0,(anonymous_13)
FNDA:0,(anonymous_14)
FNDA:0,(anonymous_15)
FNDA:0,(anonymous_16)
FNDA:0,(anonymous_17)
FNDA:0,(anonymous_18)
FNDA:0,(anonymous_19)
FNDA:0,(anonymous_20)
FNDA:0,(anonymous_21)
FNDA:0,(anonymous_22)
FNDA:0,(anonymous_23)
FNDA:0,(anonymous_24)
FNDA:0,(anonymous_25)
FNDA:0,(anonymous_26)
DA:74,0
DA:75,0
DA:76,0
DA:77,0
DA:78,0
DA:79,0
DA:80,0
DA:81,0
DA:82,0
DA:89,0
DA:90,0
DA:91,0
DA:92,0
DA:95,0
DA:98,0
DA:100,0
DA:290,0
DA:291,0
DA:294,0
DA:295,0
DA:296,0
DA:297,0
DA:301,0
DA:302,0
DA:303,0
DA:307,0
DA:308,0
DA:314,0
DA:326,0
DA:327,0
DA:328,0
DA:330,0
DA:332,0
DA:341,0
DA:343,0
DA:347,0
DA:385,0
DA:427,0
DA:428,0
DA:448,0
DA:455,0
DA:498,0
DA:506,0
DA:519,0
DA:531,0
DA:550,0
DA:573,0
DA:633,0
DA:644,0
DA:670,0
LF:50
LH:0
BRDA:75,0,0,0
BRDA:75,0,1,0
BRDA:90,1,0,0
BRDA:90,1,1,0
BRDA:90,2,0,0
BRDA:90,2,1,0
BRDA:296,3,0,0
BRDA:296,3,1,0
BRDA:303,4,0,0
BRDA:303,4,1,0
BRDA:328,5,0,0
BRDA:328,5,1,0
BRDA:328,5,2,0
BRDA:328,5,3,0
BRDA:336,6,0,0
BRDA:336,6,1,0
BRDA:336,7,0,0
BRDA:336,7,1,0
BRDA:353,8,0,0
BRDA:353,8,1,0
BRDA:355,9,0,0
BRDA:355,9,1,0
BRDA:374,10,0,0
BRDA:374,10,1,0
BRDA:381,11,0,0
BRDA:381,11,1,0
BRDA:381,11,2,0
BRDA:397,12,0,0
BRDA:397,12,1,0
BRDA:402,13,0,0
BRDA:402,13,1,0
BRDA:411,14,0,0
BRDA:411,14,1,0
BRDA:416,15,0,0
BRDA:416,15,1,0
BRDA:547,16,0,0
BRDA:547,16,1,0
BRDA:555,17,0,0
BRDA:555,17,1,0
BRDA:560,18,0,0
BRDA:560,18,1,0
BRDA:570,19,0,0
BRDA:570,19,1,0
BRDA:576,20,0,0
BRDA:576,20,1,0
BRDA:580,21,0,0
BRDA:580,21,1,0
BRDA:591,22,0,0
BRDA:591,22,1,0
BRDA:597,23,0,0
BRDA:597,23,1,0
BRDA:605,24,0,0
BRDA:605,24,1,0
BRF:53
BRH:0
end_of_record
TN:
SF:components/LiveArrivalsCard.tsx
FN:29,(anonymous_0)
FN:43,(anonymous_1)
FN:57,(anonymous_2)
FN:64,(anonymous_3)
FN:68,(anonymous_4)
FN:82,(anonymous_5)
FN:83,(anonymous_6)
FN:85,(anonymous_7)
FN:91,(anonymous_8)
FN:96,(anonymous_9)
FN:102,(anonymous_10)
FN:108,(anonymous_11)
FN:182,(anonymous_12)
FN:184,(anonymous_13)
FNF:14
FNH:0
FNDA:0,(anonymous_0)
FNDA:0,(anonymous_1)
FNDA:0,(anonymous_2)
FNDA:0,(anonymous_3)
FNDA:0,(anonymous_4)
FNDA:0,(anonymous_5)
FNDA:0,(anonymous_6)
FNDA:0,(anonymous_7)
FNDA:0,(anonymous_8)
FNDA:0,(anonymous_9)
FNDA:0,(anonymous_10)
FNDA:0,(anonymous_11)
FNDA:0,(anonymous_12)
FNDA:0,(anonymous_13)
DA:29,0
DA:38,0
DA:41,0
DA:44,0
DA:45,0
DA:46,0
DA:47,0
DA:49,0
DA:51,0
DA:52,0
DA:59,0
DA:60,0
DA:62,0
DA:64,0
DA:68,0
DA:69,0
DA:72,0
DA:79,0
DA:82,0
DA:83,0
DA:84,0
DA:85,0
DA:91,0
DA:92,0
DA:93,0
DA:96,0
DA:97,0
DA:98,0
DA:99,0
DA:102,0
DA:103,0
DA:104,0
DA:105,0
DA:108,0
DA:109,0
DA:139,0
DA:182,0
DA:184,0
DA:199,0
LF:39
LH:0
BRDA:35,0,0,0
BRDA:36,1,0,0
BRDA:46,2,0,0
BRDA:46,2,1,0
BRDA:47,3,0,0
BRDA:47,3,1,0
BRDA:55,4,0,0
BRDA:55,4,1,0
BRDA:59,5,0,0
BRDA:59,5,1,0
BRDA:59,6,0,0
BRDA:59,6,1,0
BRDA:69,7,0,0
BRDA:69,7,1,0
BRDA:69,7,2,0
BRDA:72,8,0,0
BRDA:72,8,1,0
BRDA:73,9,0,0
BRDA:73,9,1,0
BRDA:79,10,0,0
BRDA:79,10,1,0
BRDA:84,11,0,0
BRDA:84,11,1,0
BRDA:84,12,0,0
BRDA:84,12,1,0
BRDA:97,13,0,0
BRDA:97,13,1,0
BRDA:98,14,0,0
BRDA:98,14,1,0
BRDA:103,15,0,0
BRDA:103,15,1,0
BRDA:104,16,0,0
BRDA:104,16,1,0
BRDA:109,17,0,0
BRDA:109,17,1,0
BRDA:126,18,0,0
BRDA:126,18,1,0
BRDA:129,19,0,0
BRDA:129,19,1,0
BRDA:150,20,0,0
BRDA:150,20,1,0
BRDA:162,21,0,0
BRDA:162,21,1,0
BRDA:168,22,0,0
BRDA:168,22,1,0
BRDA:172,23,0,0
BRDA:172,23,1,0
BRDA:180,24,0,0
BRDA:180,24,1,0
BRDA:191,25,0,0
BRDA:191,25,1,0
BRF:51
BRH:0
end_of_record
TN:
SF:components/LoadingSpinner.tsx
FN:10,(anonymous_0)
FN:16,(anonymous_1)
FN:17,(anonymous_2)
FN:23,(anonymous_3)
FN:33,(anonymous_4)
FNF:5
FNH:0
FNDA:0,(anonymous_0)
FNDA:0,(anonymous_1)
FNDA:0,(anonymous_2)
FNDA:0,(anonymous_3)
FNDA:0,(anonymous_4)
DA:10,0
DA:14,0
DA:16,0
DA:17,0
DA:18,0
DA:19,0
DA:23,0
DA:25,0
DA:28,0
DA:33,0
DA:34,0
DA:36,0
DA:38,0
DA:40,0
DA:44,0
DA:46,0
DA:64,0
LF:17
LH:0
BRDA:11,0,0,0
BRDA:12,1,0,0
BRDA:34,2,0,0
BRDA:34,2,1,0
BRDA:34,2,2,0
BRF:5
BRH:0
end_of_record
TN:
SF:components/MTAEducation.tsx
FN:23,(anonymous_0)
FN:27,(anonymous_1)
FN:30,(anonymous_2)
FN:44,(anonymous_3)
FN:51,(anonymous_4)
FN:61,(anonymous_5)
FN:114,(anonymous_6)
FN:163,(anonymous_7)
FN:181,(anonymous_8)
FN:189,(anonymous_9)
FN:209,(anonymous_10)
FN:228,(anonymous_11)
FN:243,(anonymous_12)
FN:262,(anonymous_13)
FN:275,(anonymous_14)
FN:290,(anonymous_15)
FN:347,(anonymous_16)
FNF:17
FNH:0
FNDA:0,(anonymous_0)
FNDA:0,(anonymous_1)
FNDA:0,(anonymous_2)
FNDA:0,(anonymous_3)
FNDA:0,(anonymous_4)
FNDA:0,(anonymous_5)
FNDA:0,(anonymous_6)
FNDA:0,(anonymous_7)
FNDA:0,(anonymous_8)
FNDA:0,(anonymous_9)
FNDA:0,(anonymous_10)
FNDA:0,(anonymous_11)
FNDA:0,(anonymous_12)
FNDA:0,(anonymous_13)
FNDA:0,(anonymous_14)
FNDA:0,(anonymous_15)
FNDA:0,(anonymous_16)
DA:23,0
DA:24,0
DA:25,0
DA:27,0
DA:28,0
DA:30,0
DA:44,0
DA:45,0
DA:47,0
DA:51,0
DA:61,0
DA:62,0
DA:114,0
DA:115,0
DA:164,0
DA:181,0
DA:182,0
DA:190,0
DA:210,0
DA:229,0
DA:243,0
DA:244,0
DA:263,0
DA:276,0
DA:290,0
DA:291,0
DA:347,0
DA:348,0
DA:350,0
DA:352,0
DA:354,0
DA:356,0
DA:358,0
DA:360,0
DA:364,0
DA:413,0
LF:36
LH:0
BRDA:29,0,0,0
BRDA:29,0,1,0
BRDA:36,1,0,0
BRDA:36,1,1,0
BRDA:51,2,0,0
BRDA:51,2,1,0
BRDA:54,3,0,0
BRDA:54,3,1,0
BRDA:56,4,0,0
BRDA:56,4,1,0
BRDA:348,5,0,0
BRDA:348,5,1,0
BRDA:348,5,2,0
BRDA:348,5,3,0
BRDA:348,5,4,0
BRDA:348,5,5,0
BRDA:368,6,0,0
BRDA:368,6,1,0
BRDA:379,7,0,0
BRDA:379,7,1,0
BRDA:384,8,0,0
BRDA:384,8,1,0
BRDA:389,9,0,0
BRDA:389,9,1,0
BRDA:396,10,0,0
BRDA:396,10,1,0
BRDA:402,11,0,0
BRDA:402,11,1,0
BRF:28
BRH:0
end_of_record
TN:
SF:components/MTALiveArrivals.tsx
FN:52,(anonymous_0)
FN:169,(anonymous_1)
FN:172,(anonymous_2)
FN:175,(anonymous_3)
FN:180,(anonymous_4)
FN:195,(anonymous_5)
FN:200,(anonymous_6)
FN:201,(anonymous_7)
FN:202,(anonymous_8)
FN:206,(anonymous_9)
FN:217,(anonymous_10)
FN:228,(anonymous_11)
FN:232,(anonymous_12)
FN:238,(anonymous_13)
FN:265,(anonymous_14)
FN:299,(anonymous_15)
FN:323,(anonymous_16)
FNF:17
FNH:0
FNDA:0,(anonymous_0)
FNDA:0,(anonymous_1)
FNDA:0,(anonymous_2)
FNDA:0,(anonymous_3)
FNDA:0,(anonymous_4)
FNDA:0,(anonymous_5)
FNDA:0,(anonymous_6)
FNDA:0,(anonymous_7)
FNDA:0,(anonymous_8)
FNDA:0,(anonymous_9)
FNDA:0,(anonymous_10)
FNDA:0,(anonymous_11)
FNDA:0,(anonymous_12)
FNDA:0,(anonymous_13)
FNDA:0,(anonymous_14)
FNDA:0,(anonymous_15)
FNDA:0,(anonymous_16)
DA:52,0
DA:58,0
DA:59,0
DA:60,0
DA:61,0
DA:62,0
DA:63,0
DA:66,0
DA:120,0
DA:150,0
DA:169,0
DA:170,0
DA:171,0
DA:172,0
DA:175,0
DA:176,0
DA:177,0
DA:180,0
DA:183,0
DA:184,0
DA:185,0
DA:186,0
DA:188,0
DA:190,0
DA:191,0
DA:195,0
DA:196,0
DA:197,0
DA:200,0
DA:201,0
DA:202,0
DA:206,0
DA:207,0
DA:209,0
DA:211,0
DA:213,0
DA:217,0
DA:218,0
DA:220,0
DA:222,0
DA:224,0
DA:228,0
DA:229,0
DA:232,0
DA:233,0
DA:234,0
DA:235,0
DA:238,0
DA:239,0
DA:265,0
DA:299,0
DA:300,0
DA:324,0
DA:336,0
DA:337,0
DA:345,0
DA:424,0
LF:57
LH:0
BRDA:53,0,0,0
BRDA:54,1,0,0
BRDA:183,2,0,0
BRDA:183,2,1,0
BRDA:202,3,0,0
BRDA:202,3,1,0
BRDA:207,4,0,0
BRDA:207,4,1,0
BRDA:207,4,2,0
BRDA:218,5,0,0
BRDA:218,5,1,0
BRDA:218,5,2,0
BRDA:229,6,0,0
BRDA:229,6,1,0
BRDA:233,7,0,0
BRDA:233,7,1,0
BRDA:234,8,0,0
BRDA:234,8,1,0
BRDA:242,9,0,0
BRDA:242,9,1,0
BRDA:258,10,0,0
BRDA:258,10,1,0
BRDA:269,11,0,0
BRDA:269,11,1,0
BRDA:270,12,0,0
BRDA:270,12,1,0
BRDA:283,13,0,0
BRDA:283,13,1,0
BRDA:290,14,0,0
BRDA:290,14,1,0
BRDA:308,15,0,0
BRDA:308,15,1,0
BRDA:310,16,0,0
BRDA:310,16,1,0
BRDA:312,17,0,0
BRDA:312,17,1,0
BRDA:318,18,0,0
BRDA:318,18,1,0
BRDA:320,19,0,0
BRDA:320,19,1,0
BRDA:320,19,2,0
BRDA:336,20,0,0
BRDA:336,20,1,0
BRDA:336,21,0,0
BRDA:336,21,1,0
BRDA:349,22,0,0
BRDA:349,22,1,0
BRDA:357,23,0,0
BRDA:357,23,1,0
BRDA:365,24,0,0
BRDA:365,24,1,0
BRDA:366,25,0,0
BRDA:366,25,1,0
BRDA:378,26,0,0
BRDA:378,26,1,0
BRDA:387,27,0,0
BRDA:387,27,1,0
BRDA:390,28,0,0
BRDA:390,28,1,0
BRDA:394,29,0,0
BRDA:394,29,1,0
BRDA:407,30,0,0
BRDA:407,30,1,0
BRF:63
BRH:0
end_of_record
TN:
SF:components/MTAStationFinder.tsx
FN:61,(anonymous_0)
FN:287,(anonymous_1)
FN:292,(anonymous_2)
FN:296,calculateDistance
FN:314,(anonymous_4)
FN:325,(anonymous_5)
FN:328,(anonymous_6)
FN:335,(anonymous_7)
FN:340,(anonymous_8)
FN:345,(anonymous_9)
FN:351,(anonymous_10)
FN:352,(anonymous_11)
FN:353,(anonymous_12)
FN:357,(anonymous_13)
FN:369,(anonymous_14)
FN:377,(anonymous_15)
FN:381,(anonymous_16)
FN:406,(anonymous_17)
FN:427,(anonymous_18)
FN:456,(anonymous_19)
FN:500,(anonymous_20)
FN:509,(anonymous_21)
FN:519,(anonymous_22)
FN:529,(anonymous_23)
FNF:24
FNH:0
FNDA:0,(anonymous_0)
FNDA:0,(anonymous_1)
FNDA:0,(anonymous_2)
FNDA:0,calculateDistance
FNDA:0,(anonymous_4)
FNDA:0,(anonymous_5)
FNDA:0,(anonymous_6)
FNDA:0,(anonymous_7)
FNDA:0,(anonymous_8)
FNDA:0,(anonymous_9)
FNDA:0,(anonymous_10)
FNDA:0,(anonymous_11)
FNDA:0,(anonymous_12)
FNDA:0,(anonymous_13)
FNDA:0,(anonymous_14)
FNDA:0,(anonymous_15)
FNDA:0,(anonymous_16)
FNDA:0,(anonymous_17)
FNDA:0,(anonymous_18)
FNDA:0,(anonymous_19)
FNDA:0,(anonymous_20)
FNDA:0,(anonymous_21)
FNDA:0,(anonymous_22)
FNDA:0,(anonymous_23)
DA:61,0
DA:62,0
DA:63,0
DA:64,0
DA:65,0
DA:66,0
DA:67,0
DA:70,0
DA:287,0
DA:288,0
DA:289,0
DA:292,0
DA:293,0
DA:300,0
DA:301,0
DA:302,0
DA:303,0
DA:304,0
DA:307,0
DA:309,0
DA:311,0
DA:314,0
DA:320,0
DA:323,0
DA:324,0
DA:326,0
DA:328,0
DA:334,0
DA:335,0
DA:339,0
DA:340,0
DA:344,0
DA:345,0
DA:348,0
DA:351,0
DA:352,0
DA:353,0
DA:357,0
DA:358,0
DA:359,0
DA:361,0
DA:369,0
DA:370,0
DA:371,0
DA:372,0
DA:374,0
DA:377,0
DA:378,0
DA:381,0
DA:406,0
DA:428,0
DA:457,0
DA:479,0
DA:500,0
DA:509,0
DA:519,0
DA:529,0
DA:561,0
LF:58
LH:0
BRDA:78,0,0,0
BRDA:78,0,1,0
BRDA:134,1,0,0
BRDA:134,1,1,0
BRDA:178,2,0,0
BRDA:178,2,1,0
BRDA:222,3,0,0
BRDA:222,3,1,0
BRDA:258,4,0,0
BRDA:258,4,1,0
BRDA:323,5,0,0
BRDA:323,5,1,0
BRDA:326,6,0,0
BRDA:326,6,1,0
BRDA:326,6,2,0
BRDA:326,6,3,0
BRDA:334,7,0,0
BRDA:334,7,1,0
BRDA:339,8,0,0
BRDA:339,8,1,0
BRDA:344,9,0,0
BRDA:344,9,1,0
BRDA:345,10,0,0
BRDA:345,10,1,0
BRDA:345,11,0,0
BRDA:345,11,1,0
BRDA:353,12,0,0
BRDA:353,12,1,0
BRDA:358,13,0,0
BRDA:358,13,1,0
BRDA:370,14,0,0
BRDA:370,14,1,0
BRDA:371,15,0,0
BRDA:371,15,1,0
BRDA:386,16,0,0
BRDA:386,16,1,0
BRDA:397,17,0,0
BRDA:397,17,1,0
BRDA:410,18,0,0
BRDA:410,18,1,0
BRDA:411,19,0,0
BRDA:411,19,1,0
BRDA:415,20,0,0
BRDA:415,20,1,0
BRDA:434,21,0,0
BRDA:434,21,1,0
BRDA:435,22,0,0
BRDA:435,22,1,0
BRDA:461,23,0,0
BRDA:461,23,1,0
BRDA:470,24,0,0
BRDA:470,24,1,0
BRDA:499,25,0,0
BRDA:499,25,1,0
BRDA:502,26,0,0
BRDA:502,26,1,0
BRDA:508,27,0,0
BRDA:508,27,1,0
BRDA:511,28,0,0
BRDA:511,28,1,0
BRDA:512,29,0,0
BRDA:512,29,1,0
BRDA:518,30,0,0
BRDA:518,30,1,0
BRDA:521,31,0,0
BRDA:521,31,1,0
BRDA:522,32,0,0
BRDA:522,32,1,0
BRDA:528,33,0,0
BRDA:528,33,1,0
BRDA:531,34,0,0
BRDA:531,34,1,0
BRDA:532,35,0,0
BRDA:532,35,1,0
BRDA:542,36,0,0
BRDA:542,36,1,0
BRDA:545,37,0,0
BRDA:545,37,1,0
BRF:78
BRH:0
end_of_record
TN:
SF:components/MapLibreMap.tsx
FN:12,getMapLibreModule
FN:67,(anonymous_1)
FN:86,(anonymous_2)
FN:106,(anonymous_3)
FN:118,(anonymous_4)
FN:131,(anonymous_5)
FN:140,(anonymous_6)
FN:153,(anonymous_7)
FNF:8
FNH:0
FNDA:0,getMapLibreModule
FNDA:0,(anonymous_1)
FNDA:0,(anonymous_2)
FNDA:0,(anonymous_3)
FNDA:0,(anonymous_4)
FNDA:0,(anonymous_5)
FNDA:0,(anonymous_6)
FNDA:0,(anonymous_7)
DA:8,0
DA:9,0
DA:13,0
DA:14,0
DA:17,0
DA:19,0
DA:20,0
DA:21,0
DA:23,0
DA:24,0
DA:25,0
DA:34,0
DA:37,0
DA:38,0
DA:58,0
DA:60,0
DA:65,0
DA:67,0
DA:77,0
DA:79,0
DA:80,0
DA:81,0
DA:83,0
DA:86,0
DA:87,0
DA:88,0
DA:92,0
DA:93,0
DA:94,0
DA:96,0
DA:106,0
DA:107,0
DA:108,0
DA:111,0
DA:112,0
DA:115,0
DA:118,0
DA:119,0
DA:125,0
DA:128,0
DA:131,0
DA:132,0
DA:133,0
DA:136,0
DA:139,0
DA:141,0
DA:142,0
DA:145,0
DA:146,0
DA:147,0
DA:153,0
DA:154,0
DA:157,0
DA:179,0
LF:54
LH:0
BRDA:13,0,0,0
BRDA:13,0,1,0
BRDA:21,1,0,0
BRDA:21,1,1,0
BRDA:24,2,0,0
BRDA:24,2,1,0
BRDA:27,3,0,0
BRDA:27,3,1,0
BRDA:58,4,0,0
BRDA:58,4,1,0
BRDA:65,5,0,0
BRDA:65,5,1,0
BRDA:79,6,0,0
BRDA:79,6,1,0
BRDA:79,7,0,0
BRDA:79,7,1,0
BRDA:79,7,2,0
BRDA:80,8,0,0
BRDA:80,8,1,0
BRDA:87,9,0,0
BRDA:87,9,1,0
BRDA:87,10,0,0
BRDA:87,10,1,0
BRDA:92,11,0,0
BRDA:92,11,1,0
BRDA:92,12,0,0
BRDA:92,12,1,0
BRDA:94,13,0,0
BRDA:94,13,1,0
BRDA:98,14,0,0
BRDA:98,14,1,0
BRDA:107,15,0,0
BRDA:107,15,1,0
BRDA:107,16,0,0
BRDA:107,16,1,0
BRDA:111,17,0,0
BRDA:111,17,1,0
BRDA:119,18,0,0
BRDA:119,18,1,0
BRDA:120,19,0,0
BRDA:120,19,1,0
BRDA:120,19,2,0
BRDA:120,19,3,0
BRDA:132,20,0,0
BRDA:132,20,1,0
BRDA:132,21,0,0
BRDA:132,21,1,0
BRDA:141,22,0,0
BRDA:141,22,1,0
BRDA:145,23,0,0
BRDA:145,23,1,0
BRDA:146,24,0,0
BRDA:146,24,1,0
BRDA:146,25,0,0
BRDA:146,25,1,0
BRDA:158,26,0,0
BRDA:158,26,1,0
BRDA:163,27,0,0
BRDA:163,27,1,0
BRF:59
BRH:0
end_of_record
TN:
SF:components/MapLibreRouteView.tsx
FN:18,(anonymous_0)
FN:27,(anonymous_1)
FN:42,(anonymous_2)
FN:52,(anonymous_3)
FN:73,(anonymous_4)
FN:97,(anonymous_5)
FN:141,(anonymous_6)
FN:143,(anonymous_7)
FN:158,(anonymous_8)
FN:191,(anonymous_9)
FN:195,(anonymous_10)
FN:199,(anonymous_11)
FN:206,(anonymous_12)
FN:209,(anonymous_13)
FN:219,(anonymous_14)
FN:224,(anonymous_15)
FN:229,(anonymous_16)
FNF:17
FNH:16
FNDA:8,(anonymous_0)
FNDA:1,(anonymous_1)
FNDA:4,(anonymous_2)
FNDA:4,(anonymous_3)
FNDA:3,(anonymous_4)
FNDA:4,(anonymous_5)
FNDA:4,(anonymous_6)
FNDA:24,(anonymous_7)
FNDA:4,(anonymous_8)
FNDA:4,(anonymous_9)
FNDA:4,(anonymous_10)
FNDA:4,(anonymous_11)
FNDA:4,(anonymous_12)
FNDA:1,(anonymous_13)
FNDA:4,(anonymous_14)
FNDA:4,(anonymous_15)
FNDA:0,(anonymous_16)
DA:18,1
DA:19,8
DA:20,2
DA:21,2
DA:22,2
DA:24,0
DA:27,1
DA:28,1
DA:30,1
DA:32,1
DA:34,0
DA:36,0
DA:38,0
DA:42,1
DA:43,4
DA:44,3
DA:47,1
DA:48,1
DA:49,1
DA:50,1
DA:52,1
DA:53,4
DA:54,4
DA:55,4
DA:56,4
DA:57,4
DA:61,1
DA:67,0
DA:70,1
DA:73,1
DA:77,3
DA:78,3
DA:81,0
DA:97,1
DA:103,4
DA:105,4
DA:106,1
DA:120,4
DA:121,1
DA:135,4
DA:141,4
DA:143,24
DA:158,1
DA:170,4
DA:172,4
DA:176,4
DA:185,4
DA:186,0
DA:189,4
DA:190,4
DA:191,4
DA:194,4
DA:195,4
DA:199,4
DA:200,4
DA:201,1
DA:203,3
DA:206,4
DA:207,4
DA:208,4
DA:209,1
DA:210,1
DA:213,4
DA:214,4
DA:215,4
DA:218,4
DA:219,4
DA:223,4
DA:224,4
DA:228,4
DA:230,0
DA:231,0
DA:232,0
DA:233,0
DA:234,0
DA:240,4
LF:76
LH:64
BRDA:19,0,0,6
BRDA:19,0,1,2
BRDA:20,1,0,2
BRDA:20,1,1,0
BRDA:21,2,0,2
BRDA:21,2,1,0
BRDA:21,3,0,2
BRDA:21,3,1,2
BRDA:28,4,0,0
BRDA:28,4,1,1
BRDA:30,5,0,1
BRDA:30,5,1,0
BRDA:30,5,2,0
BRDA:30,5,3,0
BRDA:43,6,0,3
BRDA:43,6,1,1
BRDA:53,7,0,4
BRDA:53,7,1,0
BRDA:53,8,0,4
BRDA:53,8,1,4
BRDA:61,9,0,0
BRDA:61,9,1,1
BRDA:62,10,0,1
BRDA:62,10,1,1
BRDA:62,10,2,1
BRDA:62,10,3,1
BRDA:77,11,0,3
BRDA:77,11,1,0
BRDA:77,12,0,3
BRDA:77,12,1,0
BRDA:105,13,0,1
BRDA:105,13,1,3
BRDA:111,14,0,1
BRDA:111,14,1,0
BRDA:120,15,0,1
BRDA:120,15,1,3
BRDA:126,16,0,1
BRDA:126,16,1,0
BRDA:163,17,0,4
BRDA:170,18,0,4
BRDA:170,18,1,0
BRDA:172,19,0,4
BRDA:172,19,1,0
BRDA:172,19,2,0
BRDA:172,19,3,0
BRDA:176,20,0,4
BRDA:176,20,1,0
BRDA:178,21,0,0
BRDA:178,21,1,0
BRDA:178,21,2,0
BRDA:178,21,3,0
BRDA:185,22,0,0
BRDA:185,22,1,4
BRDA:200,23,0,1
BRDA:200,23,1,3
BRDA:200,24,0,4
BRDA:200,24,1,1
BRDA:208,25,0,1
BRDA:208,25,1,3
BRDA:213,26,0,1
BRDA:213,26,1,3
BRDA:214,27,0,1
BRDA:214,27,1,3
BRDA:224,28,0,4
BRDA:224,28,1,0
BRDA:230,29,0,0
BRDA:230,29,1,0
BRDA:232,30,0,0
BRDA:232,30,1,0
BRDA:233,31,0,0
BRDA:233,31,1,0
BRDA:241,32,0,4
BRDA:241,32,1,4
BRDA:242,33,0,4
BRDA:242,33,1,1
BRDA:242,33,2,1
BRDA:255,34,0,4
BRDA:255,34,1,1
BRDA:255,34,2,1
BRDA:275,35,0,4
BRDA:275,35,1,4
BRDA:275,35,2,4
BRF:82
BRH:53
end_of_record
TN:
SF:components/MapPlaceholder.tsx
FN:10,(anonymous_0)
FNF:1
FNH:0
FNDA:0,(anonymous_0)
DA:10,0
DA:11,0
DA:21,0
LF:3
LH:0
BRDA:10,0,0,0
BRF:1
BRH:0
end_of_record
TN:
SF:components/MapWithInfoPanel.tsx
FN:16,MapWithInfoPanel
FN:24,(anonymous_1)
FN:31,(anonymous_2)
FN:54,(anonymous_3)
FN:78,(anonymous_4)
FN:130,(anonymous_5)
FN:131,(anonymous_6)
FN:142,(anonymous_7)
FN:164,(anonymous_8)
FNF:9
FNH:0
FNDA:0,MapWithInfoPanel
FNDA:0,(anonymous_1)
FNDA:0,(anonymous_2)
FNDA:0,(anonymous_3)
FNDA:0,(anonymous_4)
FNDA:0,(anonymous_5)
FNDA:0,(anonymous_6)
FNDA:0,(anonymous_7)
FNDA:0,(anonymous_8)
DA:14,0
DA:17,0
DA:18,0
DA:21,0
DA:24,0
DA:25,0
DA:26,0
DA:27,0
DA:31,0
DA:32,0
DA:33,0
DA:34,0
DA:51,0
DA:54,0
DA:57,0
DA:78,0
DA:79,0
DA:84,0
DA:88,0
DA:90,0
DA:131,0
DA:132,0
DA:143,0
DA:165,0
DA:178,0
LF:25
LH:0
BRDA:94,0,0,0
BRDA:94,0,1,0
BRDA:95,1,0,0
BRDA:95,1,1,0
BRDA:96,2,0,0
BRDA:96,2,1,0
BRDA:127,3,0,0
BRDA:127,3,1,0
BRDA:127,3,2,0
BRDA:127,3,3,0
BRDA:129,4,0,0
BRDA:129,4,1,0
BRDA:132,5,0,0
BRDA:132,5,1,0
BRF:14
BRH:0
end_of_record
TN:
SF:components/NetworkStatusBar.tsx
FN:11,(anonymous_0)
FNF:1
FNH:0
FNDA:0,(anonymous_0)
DA:11,0
DA:12,0
DA:14,0
DA:16,0
DA:29,0
LF:5
LH:0
BRDA:14,0,0,0
BRDA:14,0,1,0
BRDA:14,1,0,0
BRDA:14,1,1,0
BRDA:19,2,0,0
BRDA:19,2,1,0
BRDA:20,3,0,0
BRDA:20,3,1,0
BRF:8
BRH:0
end_of_record
TN:
SF:components/NotificationStatusCard.tsx
FN:14,(anonymous_0)
FN:18,(anonymous_1)
FN:53,(anonymous_2)
FNF:3
FNH:0
FNDA:0,(anonymous_0)
FNDA:0,(anonymous_1)
FNDA:0,(anonymous_2)
DA:14,0
DA:15,0
DA:16,0
DA:18,0
DA:19,0
DA:20,0
DA:30,0
DA:31,0
DA:41,0
DA:51,0
DA:53,0
DA:54,0
DA:55,0
DA:56,0
DA:58,0
DA:61,0
DA:89,0
LF:17
LH:0
BRDA:15,0,0,0
BRDA:15,0,1,0
BRDA:19,1,0,0
BRDA:19,1,1,0
BRDA:30,2,0,0
BRDA:30,2,1,0
BRDA:54,3,0,0
BRDA:54,3,1,0
BRDA:71,4,0,0
BRDA:71,4,1,0
BRDA:78,5,0,0
BRDA:78,5,1,0
BRF:12
BRH:0
end_of_record
TN:
SF:components/OfflineIndicator.tsx
FN:6,(anonymous_0)
FN:10,(anonymous_1)
FN:12,(anonymous_2)
FN:18,(anonymous_3)
FNF:4
FNH:0
FNDA:0,(anonymous_0)
FNDA:0,(anonymous_1)
FNDA:0,(anonymous_2)
FNDA:0,(anonymous_3)
DA:6,0
DA:7,0
DA:10,0
DA:12,0
DA:14,0
DA:17,0
DA:18,0
DA:21,0
DA:23,0
DA:31,0
LF:10
LH:0
BRDA:21,0,0,0
BRDA:21,0,1,0
BRF:2
BRH:0
end_of_record
TN:
SF:components/OnboardingFlow.tsx
FN:14,(anonymous_0)
FN:19,(anonymous_1)
FN:24,(anonymous_2)
FN:28,(anonymous_3)
FN:32,(anonymous_4)
FN:37,(anonymous_5)
FN:47,(anonymous_6)
FN:53,(anonymous_7)
FN:61,(anonymous_8)
FN:82,(anonymous_9)
FN:98,(anonymous_10)
FN:116,(anonymous_11)
FN:133,(anonymous_12)
FN:164,(anonymous_13)
FN:181,(anonymous_14)
FN:196,(anonymous_15)
FNF:16
FNH:0
FNDA:0,(anonymous_0)
FNDA:0,(anonymous_1)
FNDA:0,(anonymous_2)
FNDA:0,(anonymous_3)
FNDA:0,(anonymous_4)
FNDA:0,(anonymous_5)
FNDA:0,(anonymous_6)
FNDA:0,(anonymous_7)
FNDA:0,(anonymous_8)
FNDA:0,(anonymous_9)
FNDA:0,(anonymous_10)
FNDA:0,(anonymous_11)
FNDA:0,(anonymous_12)
FNDA:0,(anonymous_13)
FNDA:0,(anonymous_14)
FNDA:0,(anonymous_15)
DA:14,0
DA:15,0
DA:17,0
DA:19,0
DA:20,0
DA:21,0
DA:24,0
DA:25,0
DA:28,0
DA:29,0
DA:32,0
DA:33,0
DA:34,0
DA:37,0
DA:38,0
DA:47,0
DA:53,0
DA:54,0
DA:61,0
DA:62,0
DA:82,0
DA:98,0
DA:117,0
DA:133,0
DA:134,0
DA:165,0
DA:181,0
DA:182,0
DA:196,0
DA:197,0
DA:199,0
DA:201,0
DA:203,0
DA:205,0
DA:207,0
DA:211,0
DA:214,0
LF:37
LH:0
BRDA:80,0,0,0
BRDA:80,0,1,0
BRDA:87,1,0,0
BRDA:87,1,1,0
BRDA:96,2,0,0
BRDA:96,2,1,0
BRDA:103,3,0,0
BRDA:103,3,1,0
BRDA:115,4,0,0
BRDA:115,4,1,0
BRDA:123,5,0,0
BRDA:123,5,1,0
BRDA:163,6,0,0
BRDA:163,6,1,0
BRDA:171,7,0,0
BRDA:171,7,1,0
BRDA:197,8,0,0
BRDA:197,8,1,0
BRDA:197,8,2,0
BRDA:197,8,3,0
BRDA:197,8,4,0
BRF:21
BRH:0
end_of_record
TN:
SF:components/OptimizedImage.tsx
FN:16,(anonymous_0)
FN:27,(anonymous_1)
FN:32,(anonymous_2)
FNF:3
FNH:0
FNDA:0,(anonymous_0)
FNDA:0,(anonymous_1)
FNDA:0,(anonymous_2)
DA:16,0
DA:24,0
DA:25,0
DA:27,0
DA:28,0
DA:29,0
DA:32,0
DA:33,0
DA:34,0
DA:35,0
DA:38,0
DA:39,0
DA:46,0
DA:66,0
LF:14
LH:0
BRDA:20,0,0,0
BRDA:38,1,0,0
BRDA:38,1,1,0
BRDA:57,2,0,0
BRDA:57,2,1,0
BRF:5
BRH:0
end_of_record
TN:
SF:components/ParentDashboard.tsx
FN:29,(anonymous_0)
FN:40,(anonymous_1)
FN:42,(anonymous_2)
FN:47,(anonymous_3)
FN:55,(anonymous_4)
FN:65,(anonymous_5)
FN:73,(anonymous_6)
FN:87,(anonymous_7)
FN:92,(anonymous_8)
FN:96,(anonymous_9)
FN:100,(anonymous_10)
FN:111,(anonymous_11)
FN:118,(anonymous_12)
FN:129,(anonymous_13)
FN:134,(anonymous_14)
FN:139,(anonymous_15)
FN:151,(anonymous_16)
FN:163,(anonymous_17)
FN:173,(anonymous_18)
FN:207,(anonymous_19)
FN:226,(anonymous_20)
FN:233,(anonymous_21)
FN:257,(anonymous_22)
FN:264,(anonymous_23)
FN:276,(anonymous_24)
FN:282,(anonymous_25)
FN:306,(anonymous_26)
FN:308,(anonymous_27)
FN:335,(anonymous_28)
FN:347,(anonymous_29)
FNF:30
FNH:0
FNDA:0,(anonymous_0)
FNDA:0,(anonymous_1)
FNDA:0,(anonymous_2)
FNDA:0,(anonymous_3)
FNDA:0,(anonymous_4)
FNDA:0,(anonymous_5)
FNDA:0,(anonymous_6)
FNDA:0,(anonymous_7)
FNDA:0,(anonymous_8)
FNDA:0,(anonymous_9)
FNDA:0,(anonymous_10)
FNDA:0,(anonymous_11)
FNDA:0,(anonymous_12)
FNDA:0,(anonymous_13)
FNDA:0,(anonymous_14)
FNDA:0,(anonymous_15)
FNDA:0,(anonymous_16)
FNDA:0,(anonymous_17)
FNDA:0,(anonymous_18)
FNDA:0,(anonymous_19)
FNDA:0,(anonymous_20)
FNDA:0,(anonymous_21)
FNDA:0,(anonymous_22)
FNDA:0,(anonymous_23)
FNDA:0,(anonymous_24)
FNDA:0,(anonymous_25)
FNDA:0,(anonymous_26)
FNDA:0,(anonymous_27)
FNDA:0,(anonymous_28)
FNDA:0,(anonymous_29)
DA:29,0
DA:31,0
DA:33,0
DA:34,0
DA:37,0
DA:39,0
DA:40,0
DA:42,0
DA:43,0
DA:48,0
DA:49,0
DA:55,0
DA:57,0
DA:58,0
DA:59,0
DA:65,0
DA:66,0
DA:74,0
DA:75,0
DA:76,0
DA:87,0
DA:88,0
DA:89,0
DA:92,0
DA:93,0
DA:96,0
DA:97,0
DA:100,0
DA:109,0
DA:111,0
DA:118,0
DA:119,0
DA:129,0
DA:134,0
DA:139,0
DA:152,0
DA:164,0
DA:173,0
DA:208,0
DA:226,0
DA:227,0
DA:234,0
DA:257,0
DA:258,0
DA:264,0
DA:276,0
DA:283,0
DA:306,0
DA:308,0
DA:309,0
DA:336,0
DA:346,0
DA:347,0
DA:350,0
DA:411,0
LF:55
LH:0
BRDA:57,0,0,0
BRDA:57,0,1,0
BRDA:61,1,0,0
BRDA:61,1,1,0
BRDA:74,2,0,0
BRDA:74,2,1,0
BRDA:74,3,0,0
BRDA:74,3,1,0
BRDA:110,4,0,0
BRDA:110,4,1,0
BRDA:114,5,0,0
BRDA:114,5,1,0
BRDA:147,6,0,0
BRDA:147,6,1,0
BRDA:147,6,2,0
BRDA:183,7,0,0
BRDA:183,7,1,0
BRDA:190,8,0,0
BRDA:190,8,1,0
BRDA:204,9,0,0
BRDA:204,9,1,0
BRDA:216,10,0,0
BRDA:216,10,1,0
BRDA:230,11,0,0
BRDA:230,11,1,0
BRDA:241,12,0,0
BRDA:241,12,1,0
BRDA:247,13,0,0
BRDA:247,13,1,0
BRDA:269,14,0,0
BRDA:269,14,1,0
BRDA:284,15,0,0
BRDA:284,15,1,0
BRDA:288,16,0,0
BRDA:288,16,1,0
BRDA:291,17,0,0
BRDA:291,17,1,0
BRDA:292,18,0,0
BRDA:292,18,1,0
BRDA:292,19,0,0
BRDA:292,19,1,0
BRDA:293,20,0,0
BRDA:293,20,1,0
BRDA:294,21,0,0
BRDA:294,21,1,0
BRDA:294,22,0,0
BRDA:294,22,1,0
BRDA:316,23,0,0
BRDA:316,23,1,0
BRDA:319,24,0,0
BRDA:319,24,1,0
BRDA:326,25,0,0
BRDA:326,25,1,0
BRDA:329,26,0,0
BRDA:329,26,1,0
BRDA:338,27,0,0
BRDA:338,27,1,0
BRDA:346,28,0,0
BRDA:346,28,1,0
BRDA:366,29,0,0
BRDA:366,29,1,0
BRDA:372,30,0,0
BRDA:372,30,1,0
BRDA:379,31,0,0
BRDA:379,31,1,0
BRDA:385,32,0,0
BRDA:385,32,1,0
BRDA:391,33,0,0
BRDA:391,33,1,0
BRDA:396,34,0,0
BRDA:396,34,1,0
BRDA:398,35,0,0
BRDA:398,35,1,0
BRDA:402,36,0,0
BRDA:402,36,1,0
BRDA:403,37,0,0
BRDA:403,37,1,0
BRDA:404,38,0,0
BRDA:404,38,1,0
BRF:79
BRH:0
end_of_record
TN:
SF:components/PhotoCheckInButton.tsx
FN:20,(anonymous_0)
FN:33,(anonymous_1)
FN:38,(anonymous_2)
FN:44,(anonymous_3)
FN:84,(anonymous_4)
FNF:5
FNH:0
FNDA:0,(anonymous_0)
FNDA:0,(anonymous_1)
FNDA:0,(anonymous_2)
FNDA:0,(anonymous_3)
FNDA:0,(anonymous_4)
DA:20,0
DA:26,0
DA:27,0
DA:28,0
DA:29,0
DA:30,0
DA:31,0
DA:33,0
DA:34,0
DA:35,0
DA:38,0
DA:39,0
DA:44,0
DA:45,0
DA:46,0
DA:47,0
DA:54,0
DA:55,0
DA:56,0
DA:59,0
DA:60,0
DA:72,0
DA:80,0
DA:81,0
DA:84,0
DA:85,0
DA:86,0
DA:87,0
DA:88,0
DA:90,0
DA:91,0
DA:92,0
DA:93,0
DA:94,0
DA:95,0
DA:98,0
DA:101,0
DA:149,0
LF:38
LH:0
BRDA:46,0,0,0
BRDA:46,0,1,0
BRDA:50,1,0,0
BRDA:50,1,1,0
BRDA:59,2,0,0
BRDA:59,2,1,0
BRDA:59,3,0,0
BRDA:59,3,1,0
BRDA:59,3,2,0
BRDA:64,4,0,0
BRDA:64,4,1,0
BRDA:75,5,0,0
BRDA:75,5,1,0
BRDA:85,6,0,0
BRDA:85,6,1,0
BRDA:90,7,0,0
BRDA:90,7,1,0
BRDA:91,8,0,0
BRDA:91,8,1,0
BRDA:93,9,0,0
BRDA:93,9,1,0
BRDA:109,10,0,0
BRDA:109,10,1,0
BRDA:118,11,0,0
BRDA:118,11,1,0
BRF:25
BRH:0
end_of_record
TN:
SF:components/PhotoCheckInHistory.tsx
FN:8,(anonymous_0)
FN:11,(anonymous_1)
FN:36,(anonymous_2)
FNF:3
FNH:0
FNDA:0,(anonymous_0)
FNDA:0,(anonymous_1)
FNDA:0,(anonymous_2)
DA:8,0
DA:9,0
DA:11,0
DA:12,0
DA:13,0
DA:20,0
DA:21,0
DA:32,0
DA:37,0
DA:90,0
LF:10
LH:0
BRDA:20,0,0,0
BRDA:20,0,1,0
BRDA:47,1,0,0
BRDA:47,1,1,0
BRDA:51,2,0,0
BRDA:51,2,1,0
BRDA:54,3,0,0
BRDA:54,3,1,0
BRDA:62,4,0,0
BRDA:62,4,1,0
BRDA:65,5,0,0
BRDA:65,5,1,0
BRDA:73,6,0,0
BRDA:73,6,1,0
BRDA:75,7,0,0
BRDA:75,7,1,0
BRF:16
BRH:0
end_of_record
TN:
SF:components/PinAuthentication.tsx
FN:14,(anonymous_0)
FN:27,(anonymous_1)
FN:53,(anonymous_2)
FN:65,(anonymous_3)
FN:68,(anonymous_4)
FN:72,(anonymous_5)
FN:77,(anonymous_6)
FN:79,(anonymous_7)
FN:81,(anonymous_8)
FN:111,(anonymous_9)
FN:121,(anonymous_10)
FN:136,(anonymous_11)
FN:138,(anonymous_12)
FN:142,(anonymous_13)
FNF:14
FNH:0
FNDA:0,(anonymous_0)
FNDA:0,(anonymous_1)
FNDA:0,(anonymous_2)
FNDA:0,(anonymous_3)
FNDA:0,(anonymous_4)
FNDA:0,(anonymous_5)
FNDA:0,(anonymous_6)
FNDA:0,(anonymous_7)
FNDA:0,(anonymous_8)
FNDA:0,(anonymous_9)
FNDA:0,(anonymous_10)
FNDA:0,(anonymous_11)
FNDA:0,(anonymous_12)
FNDA:0,(anonymous_13)
DA:14,0
DA:21,0
DA:22,0
DA:23,0
DA:24,0
DA:25,0
DA:27,0
DA:28,0
DA:29,0
DA:30,0
DA:33,0
DA:34,0
DA:35,0
DA:36,0
DA:39,0
DA:40,0
DA:41,0
DA:42,0
DA:43,0
DA:44,0
DA:48,0
DA:50,0
DA:53,0
DA:54,0
DA:56,0
DA:57,0
DA:58,0
DA:59,0
DA:61,0
DA:65,0
DA:66,0
DA:67,0
DA:68,0
DA:71,0
DA:72,0
DA:77,0
DA:78,0
DA:79,0
DA:81,0
DA:85,0
DA:86,0
DA:87,0
DA:89,0
DA:111,0
DA:122,0
DA:137,0
DA:139,0
DA:143,0
DA:144,0
DA:145,0
DA:146,0
DA:177,0
LF:52
LH:0
BRDA:17,0,0,0
BRDA:18,1,0,0
BRDA:19,2,0,0
BRDA:28,3,0,0
BRDA:28,3,1,0
BRDA:33,4,0,0
BRDA:33,4,1,0
BRDA:34,5,0,0
BRDA:34,5,1,0
BRDA:39,6,0,0
BRDA:39,6,1,0
BRDA:66,7,0,0
BRDA:66,7,1,0
BRDA:67,8,0,0
BRDA:67,8,1,0
BRDA:71,9,0,0
BRDA:71,9,1,0
BRDA:78,10,0,0
BRDA:78,10,1,0
BRDA:85,11,0,0
BRDA:85,11,1,0
BRDA:86,12,0,0
BRDA:86,12,1,0
BRDA:87,13,0,0
BRDA:87,13,1,0
BRDA:104,14,0,0
BRDA:104,14,1,0
BRDA:112,15,0,0
BRDA:112,15,1,0
BRDA:124,16,0,0
BRDA:124,16,1,0
BRDA:141,17,0,0
BRDA:141,17,1,0
BRDA:143,18,0,0
BRDA:143,18,1,0
BRDA:145,19,0,0
BRDA:145,19,1,0
BRDA:162,20,0,0
BRDA:162,20,1,0
BRDA:165,21,0,0
BRDA:165,21,1,0
BRDA:165,22,0,0
BRDA:165,22,1,0
BRF:43
BRH:0
end_of_record
TN:
SF:components/PlaceCard.tsx
FN:22,(anonymous_0)
FN:23,(anonymous_1)
FN:48,(anonymous_2)
FN:49,(anonymous_3)
FNF:4
FNH:0
FNDA:0,(anonymous_0)
FNDA:0,(anonymous_1)
FNDA:0,(anonymous_2)
FNDA:0,(anonymous_3)
DA:22,0
DA:23,0
DA:24,0
DA:26,0
DA:28,0
DA:30,0
DA:32,0
DA:34,0
DA:36,0
DA:38,0
DA:40,0
DA:42,0
DA:46,0
DA:48,0
DA:49,0
DA:62,0
LF:16
LH:0
BRDA:24,0,0,0
BRDA:24,0,1,0
BRDA:24,0,2,0
BRDA:24,0,3,0
BRDA:24,0,4,0
BRDA:24,0,5,0
BRDA:24,0,6,0
BRDA:24,0,7,0
BRDA:24,0,8,0
BRDA:48,1,0,0
BRDA:48,1,1,0
BRF:11
BRH:0
end_of_record
TN:
SF:components/PullToRefresh.tsx
FN:11,(anonymous_0)
FN:18,(anonymous_1)
FNF:2
FNH:0
FNDA:0,(anonymous_0)
FNDA:0,(anonymous_1)
DA:11,0
DA:16,0
DA:18,0
DA:19,0
DA:20,0
DA:21,0
DA:23,0
DA:27,0
LF:8
LH:0
BRDA:14,0,0,0
BRDA:31,1,0,0
BRDA:31,1,1,0
BRDA:37,2,0,0
BRDA:37,2,1,0
BRF:5
BRH:0
end_of_record
TN:
SF:components/RegionSelector.tsx
FN:13,(anonymous_0)
FN:18,(anonymous_1)
FN:21,(anonymous_2)
FN:47,(anonymous_3)
FNF:4
FNH:0
FNDA:0,(anonymous_0)
FNDA:0,(anonymous_1)
FNDA:0,(anonymous_2)
FNDA:0,(anonymous_3)
DA:13,0
DA:18,0
DA:19,0
DA:21,0
DA:37,0
DA:47,0
DA:54,0
LF:7
LH:0
BRDA:20,0,0,0
BRDA:20,0,1,0
BRDA:33,1,0,0
BRDA:33,1,1,0
BRF:4
BRH:0
end_of_record
TN:
SF:components/RegionSwitcher.tsx
FN:8,(anonymous_0)
FN:12,(anonymous_1)
FN:19,(anonymous_2)
FN:28,(anonymous_3)
FNF:4
FNH:0
FNDA:0,(anonymous_0)
FNDA:0,(anonymous_1)
FNDA:0,(anonymous_2)
FNDA:0,(anonymous_3)
DA:8,0
DA:9,0
DA:10,0
DA:12,0
DA:13,0
DA:14,0
DA:17,0
DA:19,0
DA:28,0
DA:44,0
LF:10
LH:0
BRF:0
BRH:0
end_of_record
TN:
SF:components/RegionalFunFactCard.tsx
FN:11,(anonymous_0)
FNF:1
FNH:0
FNDA:0,(anonymous_0)
DA:11,0
DA:12,0
DA:16,0
DA:18,0
DA:37,0
LF:5
LH:0
BRDA:25,0,0,0
BRDA:25,0,1,0
BRF:2
BRH:0
end_of_record
TN:
SF:components/RegionalTransitCard.tsx
FN:8,(anonymous_0)
FN:12,(anonymous_1)
FN:28,(anonymous_2)
FN:53,(anonymous_3)
FNF:4
FNH:0
FNDA:0,(anonymous_0)
FNDA:0,(anonymous_1)
FNDA:0,(anonymous_2)
FNDA:0,(anonymous_3)
DA:8,0
DA:9,0
DA:10,0
DA:12,0
DA:13,0
DA:16,0
DA:18,0
DA:20,0
DA:22,0
DA:24,0
DA:28,0
DA:29,0
DA:43,0
DA:53,0
DA:65,0
LF:15
LH:0
BRDA:13,0,0,0
BRDA:13,0,1,0
BRDA:13,0,2,0
BRDA:13,0,3,0
BRDA:13,0,4,0
BRDA:13,0,5,0
BRDA:37,1,0,0
BRDA:37,1,1,0
BRF:8
BRH:0
end_of_record
TN:
SF:components/RouteCard.tsx
FN:14,(anonymous_0)
FN:17,(anonymous_1)
FN:22,(anonymous_2)
FN:35,(anonymous_3)
FNF:4
FNH:0
FNDA:0,(anonymous_0)
FNDA:0,(anonymous_1)
FNDA:0,(anonymous_2)
FNDA:0,(anonymous_3)
DA:14,0
DA:15,0
DA:17,0
DA:22,0
DA:36,0
DA:48,0
LF:6
LH:0
BRDA:14,0,0,0
BRDA:19,1,0,0
BRDA:19,1,1,0
BRDA:20,2,0,0
BRDA:20,2,1,0
BRDA:38,3,0,0
BRDA:38,3,1,0
BRF:7
BRH:0
end_of_record
TN:
SF:components/RoutingDemo.tsx
FN:28,RoutingDemo
FN:49,(anonymous_1)
FN:81,(anonymous_2)
FN:133,(anonymous_3)
FN:176,(anonymous_4)
FN:226,(anonymous_5)
FN:265,(anonymous_6)
FN:282,(anonymous_7)
FN:286,(anonymous_8)
FN:304,(anonymous_9)
FN:305,(anonymous_10)
FN:313,(anonymous_11)
FN:314,(anonymous_12)
FN:323,(anonymous_13)
FN:323,(anonymous_14)
FN:335,(anonymous_15)
FN:336,(anonymous_16)
FN:344,(anonymous_17)
FN:345,(anonymous_18)
FN:354,(anonymous_19)
FN:354,(anonymous_20)
FN:362,(anonymous_21)
FN:369,(anonymous_22)
FN:371,(anonymous_23)
FN:371,(anonymous_24)
FN:373,(anonymous_25)
FN:406,(anonymous_26)
FN:415,(anonymous_27)
FN:461,(anonymous_28)
FNF:29
FNH:0
FNDA:0,RoutingDemo
FNDA:0,(anonymous_1)
FNDA:0,(anonymous_2)
FNDA:0,(anonymous_3)
FNDA:0,(anonymous_4)
FNDA:0,(anonymous_5)
FNDA:0,(anonymous_6)
FNDA:0,(anonymous_7)
FNDA:0,(anonymous_8)
FNDA:0,(anonymous_9)
FNDA:0,(anonymous_10)
FNDA:0,(anonymous_11)
FNDA:0,(anonymous_12)
FNDA:0,(anonymous_13)
FNDA:0,(anonymous_14)
FNDA:0,(anonymous_15)
FNDA:0,(anonymous_16)
FNDA:0,(anonymous_17)
FNDA:0,(anonymous_18)
FNDA:0,(anonymous_19)
FNDA:0,(anonymous_20)
FNDA:0,(anonymous_21)
FNDA:0,(anonymous_22)
FNDA:0,(anonymous_23)
FNDA:0,(anonymous_24)
FNDA:0,(anonymous_25)
FNDA:0,(anonymous_26)
FNDA:0,(anonymous_27)
FNDA:0,(anonymous_28)
DA:29,0
DA:35,0
DA:41,0
DA:42,0
DA:43,0
DA:45,0
DA:46,0
DA:47,0
DA:49,0
DA:50,0
DA:56,0
DA:63,0
DA:81,0
DA:82,0
DA:83,0
DA:84,0
DA:87,0
DA:88,0
DA:99,0
DA:100,0
DA:113,0
DA:114,0
DA:116,0
DA:117,0
DA:120,0
DA:121,0
DA:123,0
DA:129,0
DA:133,0
DA:134,0
DA:135,0
DA:140,0
DA:141,0
DA:146,0
DA:147,0
DA:148,0
DA:155,0
DA:161,0
DA:169,0
DA:170,0
DA:172,0
DA:176,0
DA:177,0
DA:178,0
DA:183,0
DA:184,0
DA:185,0
DA:187,0
DA:188,0
DA:189,0
DA:190,0
DA:191,0
DA:198,0
DA:201,0
DA:206,0
DA:207,0
DA:208,0
DA:215,0
DA:219,0
DA:220,0
DA:222,0
DA:226,0
DA:227,0
DA:266,0
DA:275,0
DA:283,0
DA:287,0
DA:288,0
DA:305,0
DA:314,0
DA:323,0
DA:336,0
DA:345,0
DA:354,0
DA:363,0
DA:370,0
DA:371,0
DA:373,0
DA:406,0
DA:415,0
DA:461,0
DA:487,0
LF:82
LH:0
BRDA:82,0,0,0
BRDA:82,0,1,0
BRDA:82,1,0,0
BRDA:82,1,1,0
BRDA:93,2,0,0
BRDA:93,2,1,0
BRDA:105,3,0,0
BRDA:105,3,1,0
BRDA:116,4,0,0
BRDA:116,4,1,0
BRDA:146,5,0,0
BRDA:146,5,1,0
BRDA:187,6,0,0
BRDA:187,6,1,0
BRDA:189,7,0,0
BRDA:189,7,1,0
BRDA:206,8,0,0
BRDA:206,8,1,0
BRDA:258,9,0,0
BRDA:258,9,1,0
BRDA:262,10,0,0
BRDA:262,10,1,0
BRDA:262,10,2,0
BRDA:305,11,0,0
BRDA:305,11,1,0
BRDA:314,12,0,0
BRDA:314,12,1,0
BRDA:336,13,0,0
BRDA:336,13,1,0
BRDA:345,14,0,0
BRDA:345,14,1,0
BRDA:367,15,0,0
BRDA:367,15,1,0
BRDA:370,16,0,0
BRDA:370,16,1,0
BRDA:381,17,0,0
BRDA:381,17,1,0
BRDA:407,18,0,0
BRDA:407,18,1,0
BRDA:408,19,0,0
BRDA:408,19,1,0
BRDA:417,20,0,0
BRDA:417,20,1,0
BRDA:418,21,0,0
BRDA:418,21,1,0
BRDA:431,22,0,0
BRDA:431,22,1,0
BRDA:458,23,0,0
BRDA:458,23,1,0
BRDA:470,24,0,0
BRDA:470,24,1,0
BRDA:473,25,0,0
BRDA:473,25,1,0
BRDA:476,26,0,0
BRDA:476,26,1,0
BRDA:479,27,0,0
BRDA:479,27,1,0
BRF:57
BRH:0
end_of_record
TN:
SF:components/RoutingPreferences.tsx
FN:37,(anonymous_0)
FN:51,(anonymous_1)
FN:75,(anonymous_2)
FN:103,(anonymous_3)
FN:106,(anonymous_4)
FN:215,(anonymous_5)
FN:216,(anonymous_6)
FN:235,(anonymous_7)
FN:236,(anonymous_8)
FN:250,(anonymous_9)
FN:251,(anonymous_10)
FN:267,(anonymous_11)
FN:268,(anonymous_12)
FN:282,(anonymous_13)
FN:283,(anonymous_14)
FN:295,(anonymous_15)
FN:296,(anonymous_16)
FN:318,(anonymous_17)
FN:319,(anonymous_18)
FN:333,(anonymous_19)
FN:334,(anonymous_20)
FN:346,(anonymous_21)
FNF:22
FNH:0
FNDA:0,(anonymous_0)
FNDA:0,(anonymous_1)
FNDA:0,(anonymous_2)
FNDA:0,(anonymous_3)
FNDA:0,(anonymous_4)
FNDA:0,(anonymous_5)
FNDA:0,(anonymous_6)
FNDA:0,(anonymous_7)
FNDA:0,(anonymous_8)
FNDA:0,(anonymous_9)
FNDA:0,(anonymous_10)
FNDA:0,(anonymous_11)
FNDA:0,(anonymous_12)
FNDA:0,(anonymous_13)
FNDA:0,(anonymous_14)
FNDA:0,(anonymous_15)
FNDA:0,(anonymous_16)
FNDA:0,(anonymous_17)
FNDA:0,(anonymous_18)
FNDA:0,(anonymous_19)
FNDA:0,(anonymous_20)
FNDA:0,(anonymous_21)
DA:37,0
DA:45,0
DA:47,0
DA:48,0
DA:49,0
DA:51,0
DA:52,0
DA:54,0
DA:55,0
DA:56,0
DA:59,0
DA:64,0
DA:65,0
DA:75,0
DA:76,0
DA:103,0
DA:104,0
DA:106,0
DA:107,0
DA:108,0
DA:109,0
DA:110,0
DA:114,0
DA:135,0
DA:216,0
DA:236,0
DA:251,0
DA:268,0
DA:283,0
DA:296,0
DA:319,0
DA:334,0
DA:347,0
DA:348,0
DA:349,0
DA:358,0
DA:359,0
DA:368,0
DA:369,0
DA:379,0
DA:406,0
LF:41
LH:0
BRDA:49,0,0,0
BRDA:49,0,1,0
BRDA:52,1,0,0
BRDA:52,1,1,0
BRDA:54,2,0,0
BRDA:54,2,1,0
BRDA:54,3,0,0
BRDA:54,3,1,0
BRDA:54,3,2,0
BRDA:54,3,3,0
BRDA:75,4,0,0
BRDA:79,5,0,0
BRDA:79,5,1,0
BRDA:80,6,0,0
BRDA:80,6,1,0
BRDA:89,7,0,0
BRDA:89,7,1,0
BRDA:109,8,0,0
BRDA:109,8,1,0
BRDA:109,9,0,0
BRDA:109,9,1,0
BRDA:109,9,2,0
BRDA:165,10,0,0
BRDA:165,10,1,0
BRDA:174,11,0,0
BRDA:174,11,1,0
BRDA:209,12,0,0
BRDA:209,12,1,0
BRDA:229,13,0,0
BRDA:229,13,1,0
BRDA:244,14,0,0
BRDA:244,14,1,0
BRDA:260,15,0,0
BRDA:260,15,1,0
BRDA:312,16,0,0
BRDA:312,16,1,0
BRDA:327,17,0,0
BRDA:327,17,1,0
BRDA:342,18,0,0
BRDA:342,18,1,0
BRDA:342,18,2,0
BRDA:348,19,0,0
BRDA:348,19,1,0
BRDA:358,20,0,0
BRDA:358,20,1,0
BRDA:368,21,0,0
BRDA:368,21,1,0
BRF:47
BRH:0
end_of_record
TN:
SF:components/SafeZoneActivityLog.tsx
FN:6,(anonymous_0)
FN:10,(anonymous_1)
FN:30,(anonymous_2)
FN:38,(anonymous_3)
FN:67,(anonymous_4)
FNF:5
FNH:0
FNDA:0,(anonymous_0)
FNDA:0,(anonymous_1)
FNDA:0,(anonymous_2)
FNDA:0,(anonymous_3)
FNDA:0,(anonymous_4)
DA:6,0
DA:7,0
DA:8,0
DA:10,0
DA:11,0
DA:12,0
DA:13,0
DA:15,0
DA:16,0
DA:17,0
DA:18,0
DA:19,0
DA:21,0
DA:30,0
DA:31,0
DA:38,0
DA:39,0
DA:42,0
DA:43,0
DA:58,0
DA:68,0
DA:100,0
LF:22
LH:0
BRDA:15,0,0,0
BRDA:15,0,1,0
BRDA:18,1,0,0
BRDA:18,1,1,0
BRDA:31,2,0,0
BRDA:31,2,1,0
BRDA:39,3,0,0
BRDA:39,3,1,0
BRDA:42,4,0,0
BRDA:42,4,1,0
BRDA:74,5,0,0
BRDA:74,5,1,0
BRDA:86,6,0,0
BRDA:86,6,1,0
BRDA:91,7,0,0
BRDA:91,7,1,0
BRF:16
BRH:0
end_of_record
TN:
SF:components/SafeZoneIndicator.tsx
FN:7,(anonymous_0)
FN:12,(anonymous_1)
FN:19,(anonymous_2)
FN:25,(anonymous_3)
FNF:4
FNH:0
FNDA:0,(anonymous_0)
FNDA:0,(anonymous_1)
FNDA:0,(anonymous_2)
FNDA:0,(anonymous_3)
DA:7,0
DA:8,0
DA:9,0
DA:11,0
DA:12,0
DA:15,0
DA:16,0
DA:19,0
DA:20,0
DA:21,0
DA:22,0
DA:25,0
DA:26,0
DA:27,0
DA:28,0
DA:29,0
DA:33,0
DA:36,0
DA:38,0
DA:49,0
LF:20
LH:0
BRDA:15,0,0,0
BRDA:15,0,1,0
BRDA:15,1,0,0
BRDA:15,1,1,0
BRDA:20,2,0,0
BRDA:20,2,1,0
BRDA:21,3,0,0
BRDA:21,3,1,0
BRDA:21,4,0,0
BRDA:21,4,1,0
BRDA:26,5,0,0
BRDA:26,5,1,0
BRDA:27,6,0,0
BRDA:27,6,1,0
BRDA:28,7,0,0
BRDA:28,7,1,0
BRDA:30,8,0,0
BRDA:30,8,1,0
BRF:18
BRH:0
end_of_record
TN:
SF:components/SafeZoneManagement.tsx
FN:21,(anonymous_0)
FN:36,(anonymous_1)
FN:51,(anonymous_2)
FN:98,(anonymous_3)
FN:110,(anonymous_4)
FN:116,(anonymous_5)
FN:121,(anonymous_6)
FN:125,(anonymous_7)
FN:128,(anonymous_8)
FN:153,(anonymous_9)
FN:153,(anonymous_10)
FN:165,(anonymous_11)
FN:165,(anonymous_12)
FN:173,(anonymous_13)
FN:173,(anonymous_14)
FN:190,(anonymous_15)
FN:190,(anonymous_16)
FN:205,(anonymous_17)
FN:206,(anonymous_18)
FN:225,(anonymous_19)
FN:226,(anonymous_20)
FN:268,(anonymous_21)
FN:281,(anonymous_22)
FN:287,(anonymous_23)
FN:302,(anonymous_24)
FN:312,(anonymous_25)
FN:319,(anonymous_26)
FNF:27
FNH:0
FNDA:0,(anonymous_0)
FNDA:0,(anonymous_1)
FNDA:0,(anonymous_2)
FNDA:0,(anonymous_3)
FNDA:0,(anonymous_4)
FNDA:0,(anonymous_5)
FNDA:0,(anonymous_6)
FNDA:0,(anonymous_7)
FNDA:0,(anonymous_8)
FNDA:0,(anonymous_9)
FNDA:0,(anonymous_10)
FNDA:0,(anonymous_11)
FNDA:0,(anonymous_12)
FNDA:0,(anonymous_13)
FNDA:0,(anonymous_14)
FNDA:0,(anonymous_15)
FNDA:0,(anonymous_16)
FNDA:0,(anonymous_17)
FNDA:0,(anonymous_18)
FNDA:0,(anonymous_19)
FNDA:0,(anonymous_20)
FNDA:0,(anonymous_21)
FNDA:0,(anonymous_22)
FNDA:0,(anonymous_23)
FNDA:0,(anonymous_24)
FNDA:0,(anonymous_25)
FNDA:0,(anonymous_26)
DA:21,0
DA:22,0
DA:23,0
DA:24,0
DA:25,0
DA:36,0
DA:37,0
DA:47,0
DA:48,0
DA:51,0
DA:52,0
DA:53,0
DA:54,0
DA:57,0
DA:58,0
DA:59,0
DA:61,0
DA:62,0
DA:63,0
DA:66,0
DA:67,0
DA:68,0
DA:71,0
DA:72,0
DA:73,0
DA:80,0
DA:82,0
DA:90,0
DA:92,0
DA:94,0
DA:98,0
DA:99,0
DA:106,0
DA:107,0
DA:110,0
DA:111,0
DA:116,0
DA:121,0
DA:122,0
DA:125,0
DA:128,0
DA:133,0
DA:136,0
DA:137,0
DA:153,0
DA:165,0
DA:173,0
DA:190,0
DA:206,0
DA:226,0
DA:261,0
DA:268,0
DA:281,0
DA:288,0
DA:302,0
DA:312,0
DA:319,0
DA:333,0
LF:58
LH:0
BRDA:52,0,0,0
BRDA:52,0,1,0
BRDA:61,1,0,0
BRDA:61,1,1,0
BRDA:61,2,0,0
BRDA:61,2,1,0
BRDA:66,3,0,0
BRDA:66,3,1,0
BRDA:66,4,0,0
BRDA:66,4,1,0
BRDA:66,4,2,0
BRDA:72,5,0,0
BRDA:72,5,1,0
BRDA:136,6,0,0
BRDA:136,6,1,0
BRDA:143,7,0,0
BRDA:143,7,1,0
BRDA:216,8,0,0
BRDA:216,8,1,0
BRDA:236,9,0,0
BRDA:236,9,1,0
BRDA:248,10,0,0
BRDA:248,10,1,0
BRDA:274,11,0,0
BRDA:274,11,1,0
BRDA:296,12,0,0
BRDA:296,12,1,0
BRDA:297,13,0,0
BRDA:297,13,1,0
BRDA:297,14,0,0
BRDA:297,14,1,0
BRDA:298,15,0,0
BRDA:298,15,1,0
BRDA:303,16,0,0
BRDA:303,16,1,0
BRF:35
BRH:0
end_of_record
TN:
SF:components/SafeZoneStatusCard.tsx
FN:7,(anonymous_0)
FN:13,(anonymous_1)
FN:31,(anonymous_2)
FN:77,(anonymous_3)
FNF:4
FNH:0
FNDA:0,(anonymous_0)
FNDA:0,(anonymous_1)
FNDA:0,(anonymous_2)
FNDA:0,(anonymous_3)
DA:7,0
DA:9,0
DA:10,0
DA:12,0
DA:13,0
DA:15,0
DA:16,0
DA:31,0
DA:32,0
DA:38,0
DA:78,0
DA:109,0
LF:12
LH:0
BRDA:15,0,0,0
BRDA:15,0,1,0
BRDA:15,1,0,0
BRDA:15,1,1,0
BRDA:23,2,0,0
BRDA:23,2,1,0
BRDA:41,3,0,0
BRDA:41,3,1,0
BRDA:44,4,0,0
BRDA:44,4,1,0
BRDA:46,5,0,0
BRDA:46,5,1,0
BRDA:50,6,0,0
BRDA:50,6,1,0
BRDA:74,7,0,0
BRDA:74,7,1,0
BRDA:86,8,0,0
BRDA:86,8,1,0
BRDA:86,8,2,0
BRDA:97,9,0,0
BRDA:97,9,1,0
BRDA:98,10,0,0
BRDA:98,10,1,0
BRDA:101,11,0,0
BRDA:101,11,1,0
BRF:25
BRH:0
end_of_record
TN:
SF:components/SafetyDashboard.tsx
FN:35,(anonymous_0)
FN:48,(anonymous_1)
FN:49,(anonymous_2)
FN:52,(anonymous_3)
FN:55,(anonymous_4)
FN:56,(anonymous_5)
FN:60,(anonymous_6)
FN:63,(anonymous_7)
FN:67,(anonymous_8)
FN:101,(anonymous_9)
FN:145,(anonymous_10)
FN:176,(anonymous_11)
FN:199,(anonymous_12)
FN:206,(anonymous_13)
FN:231,(anonymous_14)
FN:240,(anonymous_15)
FN:259,(anonymous_16)
FN:269,(anonymous_17)
FNF:18
FNH:0
FNDA:0,(anonymous_0)
FNDA:0,(anonymous_1)
FNDA:0,(anonymous_2)
FNDA:0,(anonymous_3)
FNDA:0,(anonymous_4)
FNDA:0,(anonymous_5)
FNDA:0,(anonymous_6)
FNDA:0,(anonymous_7)
FNDA:0,(anonymous_8)
FNDA:0,(anonymous_9)
FNDA:0,(anonymous_10)
FNDA:0,(anonymous_11)
FNDA:0,(anonymous_12)
FNDA:0,(anonymous_13)
FNDA:0,(anonymous_14)
FNDA:0,(anonymous_15)
FNDA:0,(anonymous_16)
FNDA:0,(anonymous_17)
DA:35,0
DA:40,0
DA:41,0
DA:42,0
DA:43,0
DA:44,0
DA:47,0
DA:48,0
DA:49,0
DA:50,0
DA:52,0
DA:53,0
DA:55,0
DA:56,0
DA:60,0
DA:61,0
DA:63,0
DA:67,0
DA:82,0
DA:101,0
DA:112,0
DA:124,0
DA:146,0
DA:147,0
DA:148,0
DA:176,0
DA:199,0
DA:206,0
DA:231,0
DA:240,0
DA:259,0
DA:270,0
DA:312,0
LF:33
LH:0
BRDA:43,0,0,0
BRDA:43,0,1,0
BRDA:72,1,0,0
BRDA:82,2,0,0
BRDA:82,2,1,0
BRDA:97,3,0,0
BRDA:97,3,1,0
BRDA:105,4,0,0
BRDA:131,5,0,0
BRDA:131,5,1,0
BRDA:144,6,0,0
BRDA:144,6,1,0
BRDA:146,7,0,0
BRDA:146,7,1,0
BRDA:147,8,0,0
BRDA:147,8,1,0
BRDA:152,9,0,0
BRDA:152,9,1,0
BRDA:158,10,0,0
BRDA:158,10,1,0
BRDA:162,11,0,0
BRDA:162,11,1,0
BRDA:172,12,0,0
BRDA:172,12,1,0
BRDA:214,13,0,0
BRDA:214,13,1,0
BRDA:250,14,0,0
BRDA:250,14,1,0
BRDA:268,15,0,0
BRDA:268,15,1,0
BRF:30
BRH:0
end_of_record
TN:
SF:components/SafetyPanel.tsx
FN:39,(anonymous_0)
FN:48,(anonymous_1)
FN:63,(anonymous_2)
FN:72,(anonymous_3)
FN:75,(anonymous_4)
FN:88,(anonymous_5)
FN:91,(anonymous_6)
FN:92,(anonymous_7)
FN:95,(anonymous_8)
FN:119,(anonymous_9)
FN:141,(anonymous_10)
FN:142,(anonymous_11)
FN:146,(anonymous_12)
FN:163,(anonymous_13)
FN:185,(anonymous_14)
FN:190,(anonymous_15)
FN:192,(anonymous_16)
FN:193,(anonymous_17)
FN:215,(anonymous_18)
FN:276,(anonymous_19)
FN:298,(anonymous_20)
FN:314,(anonymous_21)
FN:355,(anonymous_22)
FN:387,(anonymous_23)
FN:403,(anonymous_24)
FN:424,(anonymous_25)
FN:483,(anonymous_26)
FNF:27
FNH:0
FNDA:0,(anonymous_0)
FNDA:0,(anonymous_1)
FNDA:0,(anonymous_2)
FNDA:0,(anonymous_3)
FNDA:0,(anonymous_4)
FNDA:0,(anonymous_5)
FNDA:0,(anonymous_6)
FNDA:0,(anonymous_7)
FNDA:0,(anonymous_8)
FNDA:0,(anonymous_9)
FNDA:0,(anonymous_10)
FNDA:0,(anonymous_11)
FNDA:0,(anonymous_12)
FNDA:0,(anonymous_13)
FNDA:0,(anonymous_14)
FNDA:0,(anonymous_15)
FNDA:0,(anonymous_16)
FNDA:0,(anonymous_17)
FNDA:0,(anonymous_18)
FNDA:0,(anonymous_19)
FNDA:0,(anonymous_20)
FNDA:0,(anonymous_21)
FNDA:0,(anonymous_22)
FNDA:0,(anonymous_23)
FNDA:0,(anonymous_24)
FNDA:0,(anonymous_25)
FNDA:0,(anonymous_26)
DA:39,0
DA:40,0
DA:41,0
DA:42,0
DA:43,0
DA:44,0
DA:45,0
DA:48,0
DA:49,0
DA:50,0
DA:51,0
DA:53,0
DA:54,0
DA:58,0
DA:63,0
DA:64,0
DA:65,0
DA:67,0
DA:73,0
DA:74,0
DA:75,0
DA:79,0
DA:81,0
DA:82,0
DA:89,0
DA:91,0
DA:92,0
DA:93,0
DA:94,0
DA:95,0
DA:99,0
DA:103,0
DA:104,0
DA:107,0
DA:108,0
DA:114,0
DA:115,0
DA:119,0
DA:120,0
DA:121,0
DA:122,0
DA:123,0
DA:124,0
DA:125,0
DA:129,0
DA:130,0
DA:131,0
DA:135,0
DA:136,0
DA:139,0
DA:141,0
DA:142,0
DA:144,0
DA:145,0
DA:146,0
DA:150,0
DA:151,0
DA:152,0
DA:153,0
DA:154,0
DA:157,0
DA:161,0
DA:162,0
DA:164,0
DA:176,0
DA:180,0
DA:181,0
DA:185,0
DA:186,0
DA:192,0
DA:193,0
DA:194,0
DA:195,0
DA:196,0
DA:202,0
DA:203,0
DA:215,0
DA:216,0
DA:217,0
DA:218,0
DA:219,0
DA:220,0
DA:223,0
DA:224,0
DA:225,0
DA:229,0
DA:230,0
DA:234,0
DA:235,0
DA:236,0
DA:240,0
DA:244,0
DA:247,0
DA:248,0
DA:252,0
DA:254,0
DA:263,0
DA:264,0
DA:265,0
DA:268,0
DA:269,0
DA:272,0
DA:274,0
DA:275,0
DA:277,0
DA:284,0
DA:285,0
DA:287,0
DA:288,0
DA:290,0
DA:293,0
DA:294,0
DA:296,0
DA:297,0
DA:298,0
DA:303,0
DA:304,0
DA:306,0
DA:307,0
DA:315,0
DA:324,0
DA:327,0
DA:328,0
DA:331,0
DA:332,0
DA:333,0
DA:334,0
DA:338,0
DA:353,0
DA:354,0
DA:355,0
DA:360,0
DA:361,0
DA:371,0
DA:372,0
DA:373,0
DA:376,0
DA:377,0
DA:382,0
DA:385,0
DA:386,0
DA:388,0
DA:395,0
DA:396,0
DA:397,0
DA:401,0
DA:402,0
DA:404,0
DA:417,0
DA:422,0
DA:423,0
DA:425,0
DA:437,0
DA:442,0
DA:443,0
DA:445,0
DA:446,0
DA:452,0
DA:459,0
DA:465,0
DA:468,0
DA:469,0
DA:470,0
DA:473,0
DA:474,0
DA:476,0
DA:480,0
DA:483,0
DA:532,0
LF:169
LH:0
BRDA:49,0,0,0
BRDA:49,0,1,0
BRDA:53,1,0,0
BRDA:53,1,1,0
BRDA:91,2,0,0
BRDA:91,2,1,0
BRDA:93,3,0,0
BRDA:93,3,1,0
BRDA:121,4,0,0
BRDA:121,4,1,0
BRDA:130,5,0,0
BRDA:130,5,1,0
BRDA:141,6,0,0
BRDA:141,6,1,0
BRDA:144,7,0,0
BRDA:144,7,1,0
BRDA:144,8,0,0
BRDA:144,8,1,0
BRDA:152,9,0,0
BRDA:152,9,1,0
BRDA:192,10,0,0
BRDA:192,10,1,0
BRDA:194,11,0,0
BRDA:194,11,1,0
BRDA:194,12,0,0
BRDA:194,12,1,0
BRDA:195,13,0,0
BRDA:195,13,1,0
BRDA:202,14,0,0
BRDA:202,14,1,0
BRDA:202,15,0,0
BRDA:202,15,1,0
BRDA:217,16,0,0
BRDA:217,16,1,0
BRDA:223,17,0,0
BRDA:223,17,1,0
BRDA:227,18,0,0
BRDA:227,18,1,0
BRDA:235,19,0,0
BRDA:235,19,1,0
BRDA:247,20,0,0
BRDA:247,20,1,0
BRDA:247,21,0,0
BRDA:247,21,1,0
BRDA:252,22,0,0
BRDA:252,22,1,0
BRDA:264,23,0,0
BRDA:264,23,1,0
BRDA:303,24,0,0
BRDA:303,24,1,0
BRDA:306,25,0,0
BRDA:306,25,1,0
BRDA:338,26,0,0
BRDA:338,26,1,0
BRDA:360,27,0,0
BRDA:360,27,1,0
BRDA:360,28,0,0
BRDA:360,28,1,0
BRDA:372,29,0,0
BRDA:372,29,1,0
BRDA:445,30,0,0
BRDA:445,30,1,0
BRDA:486,31,0,0
BRDA:486,31,1,0
BRDA:489,32,0,0
BRDA:489,32,1,0
BRDA:510,33,0,0
BRDA:510,33,1,0
BRDA:516,34,0,0
BRDA:516,34,1,0
BRF:70
BRH:0
end_of_record
TN:
SF:components/SearchBar.tsx
FN:13,(anonymous_0)
FNF:1
FNH:0
FNDA:0,(anonymous_0)
DA:13,0
DA:19,0
DA:39,0
LF:3
LH:0
BRDA:17,0,0,0
BRDA:30,1,0,0
BRDA:30,1,1,0
BRF:3
BRH:0
end_of_record
TN:
SF:components/SearchWithSuggestions.tsx
FN:24,(anonymous_0)
FN:34,(anonymous_1)
FN:38,(anonymous_2)
FN:51,(anonymous_3)
FN:54,(anonymous_4)
FN:71,(anonymous_5)
FN:83,(anonymous_6)
FNF:7
FNH:0
FNDA:0,(anonymous_0)
FNDA:0,(anonymous_1)
FNDA:0,(anonymous_2)
FNDA:0,(anonymous_3)
FNDA:0,(anonymous_4)
FNDA:0,(anonymous_5)
FNDA:0,(anonymous_6)
DA:24,0
DA:31,0
DA:32,0
DA:34,0
DA:35,0
DA:38,0
DA:39,0
DA:41,0
DA:43,0
DA:45,0
DA:47,0
DA:51,0
DA:52,0
DA:55,0
DA:56,0
DA:66,0
DA:72,0
DA:73,0
DA:83,0
DA:93,0
LF:20
LH:0
BRDA:29,0,0,0
BRDA:35,1,0,0
BRDA:35,1,1,0
BRDA:39,2,0,0
BRDA:39,2,1,0
BRDA:39,2,2,0
BRDA:39,2,3,0
BRDA:78,3,0,0
BRDA:78,3,1,0
BRF:9
BRH:0
end_of_record
TN:
SF:components/SmartNavigationScreen.tsx
FN:17,SmartNavigationScreen
FN:39,(anonymous_1)
FN:43,(anonymous_2)
FN:46,(anonymous_3)
FN:55,(anonymous_4)
FN:56,(anonymous_5)
FN:74,(anonymous_6)
FN:91,(anonymous_7)
FN:98,(anonymous_8)
FN:104,(anonymous_9)
FN:116,(anonymous_10)
FN:120,(anonymous_11)
FN:128,(anonymous_12)
FN:135,(anonymous_13)
FN:190,(anonymous_14)
FN:296,(anonymous_15)
FN:315,(anonymous_16)
FN:328,(anonymous_17)
FN:331,(anonymous_18)
FN:352,(anonymous_19)
FN:355,(anonymous_20)
FN:377,(anonymous_21)
FN:394,(anonymous_22)
FNF:23
FNH:0
FNDA:0,SmartNavigationScreen
FNDA:0,(anonymous_1)
FNDA:0,(anonymous_2)
FNDA:0,(anonymous_3)
FNDA:0,(anonymous_4)
FNDA:0,(anonymous_5)
FNDA:0,(anonymous_6)
FNDA:0,(anonymous_7)
FNDA:0,(anonymous_8)
FNDA:0,(anonymous_9)
FNDA:0,(anonymous_10)
FNDA:0,(anonymous_11)
FNDA:0,(anonymous_12)
FNDA:0,(anonymous_13)
FNDA:0,(anonymous_14)
FNDA:0,(anonymous_15)
FNDA:0,(anonymous_16)
FNDA:0,(anonymous_17)
FNDA:0,(anonymous_18)
FNDA:0,(anonymous_19)
FNDA:0,(anonymous_20)
FNDA:0,(anonymous_21)
FNDA:0,(anonymous_22)
DA:19,0
DA:20,0
DA:21,0
DA:26,0
DA:29,0
DA:30,0
DA:31,0
DA:36,0
DA:37,0
DA:39,0
DA:40,0
DA:43,0
DA:44,0
DA:46,0
DA:51,0
DA:54,0
DA:55,0
DA:56,0
DA:63,0
DA:66,0
DA:67,0
DA:70,0
DA:74,0
DA:75,0
DA:76,0
DA:77,0
DA:78,0
DA:79,0
DA:82,0
DA:85,0
DA:87,0
DA:91,0
DA:92,0
DA:97,0
DA:98,0
DA:99,0
DA:104,0
DA:107,0
DA:112,0
DA:113,0
DA:116,0
DA:117,0
DA:120,0
DA:121,0
DA:122,0
DA:123,0
DA:124,0
DA:125,0
DA:128,0
DA:129,0
DA:130,0
DA:131,0
DA:132,0
DA:135,0
DA:136,0
DA:137,0
DA:138,0
DA:139,0
DA:142,0
DA:190,0
DA:297,0
DA:298,0
DA:315,0
DA:329,0
DA:331,0
DA:353,0
DA:355,0
DA:377,0
DA:394,0
LF:69
LH:0
BRDA:44,0,0,0
BRDA:44,0,1,0
BRDA:66,1,0,0
BRDA:66,1,1,0
BRDA:77,2,0,0
BRDA:77,2,1,0
BRDA:97,3,0,0
BRDA:97,3,1,0
BRDA:108,4,0,0
BRDA:108,4,1,0
BRDA:109,5,0,0
BRDA:109,5,1,0
BRDA:145,6,0,0
BRDA:145,6,1,0
BRDA:157,7,0,0
BRDA:157,7,1,0
BRDA:178,8,0,0
BRDA:178,8,1,0
BRDA:180,9,0,0
BRDA:180,9,1,0
BRDA:180,10,0,0
BRDA:180,10,1,0
BRDA:233,11,0,0
BRDA:233,11,1,0
BRDA:250,12,0,0
BRDA:250,12,1,0
BRDA:250,12,2,0
BRDA:271,13,0,0
BRDA:271,13,1,0
BRDA:297,14,0,0
BRDA:297,14,1,0
BRDA:297,15,0,0
BRDA:297,15,1,0
BRDA:333,16,0,0
BRDA:333,16,1,0
BRDA:338,17,0,0
BRDA:338,17,1,0
BRDA:357,18,0,0
BRDA:357,18,1,0
BRDA:362,19,0,0
BRDA:362,19,1,0
BRDA:365,20,0,0
BRDA:365,20,1,0
BRDA:365,21,0,0
BRDA:365,21,1,0
BRDA:366,22,0,0
BRDA:366,22,1,0
BRDA:379,23,0,0
BRDA:379,23,1,0
BRDA:384,24,0,0
BRDA:384,24,1,0
BRDA:387,25,0,0
BRDA:387,25,1,0
BRF:53
BRH:0
end_of_record
TN:
SF:components/SmartNotification.tsx
FN:28,(anonymous_0)
FN:39,(anonymous_1)
FN:49,(anonymous_2)
FN:62,(anonymous_3)
FN:130,(anonymous_4)
FN:138,(anonymous_5)
FN:142,(anonymous_6)
FN:155,(anonymous_7)
FNF:8
FNH:0
FNDA:0,(anonymous_0)
FNDA:0,(anonymous_1)
FNDA:0,(anonymous_2)
FNDA:0,(anonymous_3)
FNDA:0,(anonymous_4)
FNDA:0,(anonymous_5)
FNDA:0,(anonymous_6)
FNDA:0,(anonymous_7)
DA:27,0
DA:29,0
DA:39,0
DA:45,0
DA:46,0
DA:48,0
DA:49,0
DA:50,0
DA:52,0
DA:54,0
DA:56,0
DA:58,0
DA:62,0
DA:63,0
DA:65,0
DA:66,0
DA:67,0
DA:68,0
DA:73,0
DA:75,0
DA:78,0
DA:80,0
DA:83,0
DA:85,0
DA:90,0
DA:91,0
DA:94,0
DA:95,0
DA:98,0
DA:99,0
DA:100,0
DA:101,0
DA:105,0
DA:120,0
DA:121,0
DA:123,0
DA:124,0
DA:126,0
DA:130,0
DA:131,0
DA:132,0
DA:134,0
DA:138,0
DA:139,0
DA:142,0
DA:143,0
DA:145,0
DA:147,0
DA:149,0
DA:151,0
DA:155,0
DA:156,0
DA:158,0
DA:160,0
DA:162,0
DA:164,0
DA:168,0
DA:217,0
LF:58
LH:0
BRDA:43,0,0,0
BRDA:48,1,0,0
BRDA:50,2,0,0
BRDA:50,2,1,0
BRDA:50,2,2,0
BRDA:50,2,3,0
BRDA:63,3,0,0
BRDA:63,3,1,0
BRDA:65,4,0,0
BRDA:65,4,1,0
BRDA:67,5,0,0
BRDA:67,5,1,0
BRDA:83,6,0,0
BRDA:83,6,1,0
BRDA:99,7,0,0
BRDA:99,7,1,0
BRDA:111,8,0,0
BRDA:111,8,1,0
BRDA:113,9,0,0
BRDA:113,9,1,0
BRDA:117,10,0,0
BRDA:117,10,1,0
BRDA:131,11,0,0
BRDA:131,11,1,0
BRDA:143,12,0,0
BRDA:143,12,1,0
BRDA:143,12,2,0
BRDA:143,12,3,0
BRDA:156,13,0,0
BRDA:156,13,1,0
BRDA:156,13,2,0
BRDA:156,13,3,0
BRDA:189,14,0,0
BRDA:189,14,1,0
BRDA:191,15,0,0
BRDA:191,15,1,0
BRDA:195,16,0,0
BRDA:195,16,1,0
BRDA:196,17,0,0
BRDA:196,17,1,0
BRDA:200,18,0,0
BRDA:200,18,1,0
BRDA:207,19,0,0
BRDA:207,19,1,0
BRF:44
BRH:0
end_of_record
TN:
SF:components/SmartRouteSuggestions.tsx
FN:25,(anonymous_0)
FN:42,(anonymous_1)
FN:54,(anonymous_2)
FN:61,(anonymous_3)
FN:64,(anonymous_4)
FN:68,(anonymous_5)
FN:89,(anonymous_6)
FN:106,(anonymous_7)
FN:111,(anonymous_8)
FN:114,(anonymous_9)
FN:125,(anonymous_10)
FN:130,(anonymous_11)
FN:136,(anonymous_12)
FN:143,(anonymous_13)
FN:149,(anonymous_14)
FN:162,(anonymous_15)
FN:173,(anonymous_16)
FN:210,(anonymous_17)
FN:214,(anonymous_18)
FN:223,(anonymous_19)
FNF:20
FNH:0
FNDA:0,(anonymous_0)
FNDA:0,(anonymous_1)
FNDA:0,(anonymous_2)
FNDA:0,(anonymous_3)
FNDA:0,(anonymous_4)
[...]
DA:227,0
DA:235,0
DA:236,0
DA:238,0
DA:239,0
DA:247,0
DA:248,0
DA:250,0
DA:251,0
DA:259,0
DA:260,0
DA:262,0
DA:263,0
DA:271,0
DA:272,0
DA:273,0
DA:275,0
DA:276,0
DA:284,0
DA:285,0
DA:286,0
DA:287,0
DA:289,0
DA:290,0
DA:298,0
DA:299,0
DA:301,0
DA:302,0
DA:310,0
DA:311,0
DA:312,0
DA:314,0
DA:316,0
DA:317,0
DA:325,0
DA:326,0
DA:327,0
DA:329,0
DA:334,0
DA:335,0
DA:340,0
DA:384,0
DA:385,0
DA:386,0
DA:389,0
DA:390,0
DA:392,0
DA:393,0
DA:394,0
DA:395,0
DA:398,0
DA:403,0
DA:406,0
DA:407,0
DA:408,0
DA:411,0
DA:415,0
DA:420,0
DA:421,0
DA:423,0
DA:430,0
DA:435,0
DA:436,0
DA:446,0
DA:448,0
DA:449,0
DA:452,0
DA:453,0
DA:454,0
DA:457,0
DA:464,0
DA:465,0
DA:467,0
DA:468,0
DA:469,0
DA:470,0
DA:471,0
DA:475,0
DA:476,0
DA:483,0
LF:162
LH:0
BRDA:37,0,0,0
BRDA:37,0,1,0
BRDA:40,1,0,0
BRDA:40,1,1,0
BRDA:42,2,0,0
BRDA:42,2,1,0
BRDA:52,3,0,0
BRDA:52,3,1,0
BRDA:54,4,0,0
BRDA:54,4,1,0
BRDA:55,5,0,0
BRDA:55,5,1,0
BRDA:63,6,0,0
BRDA:63,6,1,0
BRDA:65,7,0,0
BRDA:65,7,1,0
BRDA:67,8,0,0
BRDA:67,8,1,0
BRDA:71,9,0,0
BRDA:71,9,1,0
BRDA:76,10,0,0
BRDA:76,10,1,0
BRDA:78,11,0,0
BRDA:78,11,1,0
BRDA:82,12,0,0
BRDA:82,12,1,0
BRDA:82,13,0,0
BRDA:82,13,1,0
BRDA:86,14,0,0
BRDA:86,14,1,0
BRDA:86,15,0,0
BRDA:86,15,1,0
BRDA:115,16,0,0
BRDA:115,16,1,0
BRDA:130,17,0,0
BRDA:130,17,1,0
BRDA:161,18,0,0
BRDA:170,19,0,0
BRDA:170,19,1,0
BRDA:170,20,0,0
BRDA:170,20,1,0
BRDA:177,21,0,0
BRDA:177,21,1,0
BRDA:179,22,0,0
BRDA:179,22,1,0
BRDA:181,23,0,0
BRDA:181,23,1,0
BRDA:202,24,0,0
BRDA:202,24,1,0
BRDA:224,25,0,0
BRDA:224,25,1,0
BRDA:236,26,0,0
BRDA:236,26,1,0
BRDA:248,27,0,0
BRDA:248,27,1,0
BRDA:395,28,0,0
BRDA:395,28,1,0
BRDA:398,29,0,0
BRDA:398,29,1,0
BRDA:398,29,2,0
BRDA:398,29,3,0
BRDA:403,30,0,0
BRDA:403,30,1,0
BRDA:448,31,0,0
BRDA:448,31,1,0
BRDA:452,32,0,0
BRDA:452,32,1,0
BRDA:469,33,0,0
BRDA:469,33,1,0
BRDA:469,34,0,0
BRDA:469,34,1,0
BRDA:469,34,2,0
BRF:72
BRH:0
end_of_record
TN:
SF:utils/transitDataUpdater.ts
FN:22,(anonymous_0)
FN:29,(anonymous_1)
FN:43,(anonymous_2)
FN:83,(anonymous_3)
FN:91,(anonymous_4)
FN:97,(anonymous_5)
FN:104,(anonymous_6)
FN:221,(anonymous_7)
FN:225,(anonymous_8)
FN:232,(anonymous_9)
FN:237,(anonymous_10)
FN:239,(anonymous_11)
FN:240,(anonymous_12)
FN:250,(anonymous_13)
FN:255,(anonymous_14)
FN:264,(anonymous_15)
FN:281,(anonymous_16)
FN:285,(anonymous_17)
FN:287,(anonymous_18)
FNF:19
FNH:0
FNDA:0,(anonymous_0)
FNDA:0,(anonymous_1)
FNDA:0,(anonymous_2)
FNDA:0,(anonymous_3)
FNDA:0,(anonymous_4)
FNDA:0,(anonymous_5)
FNDA:0,(anonymous_6)
FNDA:0,(anonymous_7)
FNDA:0,(anonymous_8)
FNDA:0,(anonymous_9)
FNDA:0,(anonymous_10)
FNDA:0,(anonymous_11)
FNDA:0,(anonymous_12)
FNDA:0,(anonymous_13)
FNDA:0,(anonymous_14)
FNDA:0,(anonymous_15)
FNDA:0,(anonymous_16)
FNDA:0,(anonymous_17)
FNDA:0,(anonymous_18)
DA:20,0
DA:23,0
DA:24,0
DA:26,0
DA:30,0
DA:31,0
DA:39,0
DA:41,0
DA:42,0
DA:43,0
DA:45,0
DA:46,0
DA:49,0
DA:52,0
DA:55,0
DA:62,0
DA:64,0
DA:71,0
DA:72,0
DA:79,0
DA:84,0
DA:85,0
DA:88,0
DA:89,0
DA:90,0
DA:91,0
DA:92,0
DA:93,0
DA:96,0
DA:97,0
DA:101,0
DA:106,0
DA:107,0
DA:108,0
DA:109,0
DA:110,0
DA:112,0
DA:113,0
DA:114,0
DA:116,0
DA:117,0
DA:118,0
DA:119,0
DA:120,0
DA:122,0
DA:123,0
DA:124,0
DA:125,0
DA:127,0
DA:131,0
DA:140,0
DA:141,0
DA:142,0
DA:144,0
DA:145,0
DA:146,0
DA:149,0
DA:150,0
DA:154,0
DA:158,0
DA:162,0
DA:163,0
DA:166,0
DA:169,0
DA:172,0
DA:173,0
DA:175,0
DA:179,0
DA:183,0
DA:184,0
DA:185,0
DA:187,0
DA:188,0
DA:189,0
DA:190,0
DA:200,0
DA:204,0
DA:209,0
DA:210,0
DA:211,0
DA:213,0
DA:225,0
DA:232,0
DA:239,0
DA:240,0
DA:252,0
DA:255,0
DA:266,0
DA:268,0
DA:269,0
DA:278,0
DA:282,0
DA:286,0
DA:287,0
DA:288,0
DA:290,0
DA:295,0
LF:97
LH:0
BRDA:23,0,0,0
BRDA:23,0,1,0
BRDA:30,1,0,0
BRDA:30,1,1,0
BRDA:45,2,0,0
BRDA:45,2,1,0
BRDA:75,3,0,0
BRDA:75,3,1,0
BRDA:96,4,0,0
BRDA:96,4,1,0
BRDA:107,5,0,0
BRDA:107,5,1,0
BRDA:116,6,0,0
BRDA:116,6,1,0
BRDA:118,7,0,0
BRDA:118,7,1,0
BRDA:123,8,0,0
BRDA:123,8,1,0
BRDA:124,9,0,0
BRDA:124,9,1,0
BRDA:125,10,0,0
BRDA:125,10,1,0
BRDA:132,11,0,0
BRDA:132,11,1,0
BRDA:133,12,0,0
BRDA:133,12,1,0
BRDA:134,13,0,0
BRDA:134,13,1,0
BRDA:146,14,0,0
BRDA:146,14,1,0
BRDA:149,15,0,0
BRDA:149,15,1,0
BRDA:162,16,0,0
BRDA:162,16,1,0
BRDA:166,17,0,0
BRDA:166,17,1,0
BRDA:166,17,2,0
BRDA:167,18,0,0
BRDA:167,18,1,0
BRDA:169,19,0,0
BRDA:169,19,1,0
BRDA:172,20,0,0
BRDA:172,20,1,0
BRDA:175,21,0,0
BRDA:175,21,1,0
BRDA:183,22,0,0
BRDA:183,22,1,0
BRDA:183,23,0,0
BRDA:183,23,1,0
BRDA:184,24,0,0
BRDA:184,24,1,0
BRDA:184,25,0,0
BRDA:184,25,1,0
BRDA:187,26,0,0
BRDA:187,26,1,0
BRDA:188,27,0,0
BRDA:188,27,1,0
BRDA:189,28,0,0
BRDA:189,28,1,0
BRDA:209,29,0,0
BRDA:209,29,1,0
BRDA:210,30,0,0
BRDA:210,30,1,0
BRDA:211,31,0,0
BRDA:211,31,1,0
BRDA:228,32,0,0
BRDA:228,32,1,0
BRDA:231,33,0,0
BRDA:231,33,1,0
BRDA:240,34,0,0
BRDA:240,34,1,0
BRDA:244,35,0,0
BRDA:244,35,1,0
BRDA:257,36,0,0
BRDA:257,36,1,0
BRDA:268,37,0,0
BRDA:268,37,1,0
BRDA:274,38,0,0
BRDA:274,38,1,0
BRF:79
BRH:0
end_of_record
TN:
SF:utils/unifiedRoutingService.ts
FN:83,(anonymous_0)
FN:112,(anonymous_1)
FN:146,(anonymous_2)
FN:180,(anonymous_3)
FN:192,(anonymous_4)
FN:210,(anonymous_5)
FN:211,(anonymous_6)
FN:229,(anonymous_7)
FN:275,(anonymous_8)
FN:290,(anonymous_9)
FN:310,(anonymous_10)
FN:322,(anonymous_11)
FN:358,(anonymous_12)
FN:366,(anonymous_13)
FN:401,(anonymous_14)
FN:405,(anonymous_15)
FN:435,(anonymous_16)
FN:440,(anonymous_17)
FN:442,(anonymous_18)
FN:452,(anonymous_19)
FN:454,(anonymous_20)
FN:489,(anonymous_21)
FN:512,(anonymous_22)
FN:518,(anonymous_23)
FN:520,(anonymous_24)
FN:561,(anonymous_25)
FN:593,(anonymous_26)
FN:610,(anonymous_27)
FN:615,(anonymous_28)
FN:622,(anonymous_29)
FN:633,(anonymous_30)
FN:639,(anonymous_31)
FN:645,(anonymous_32)
FN:653,(anonymous_33)
FN:656,(anonymous_34)
FN:657,(anonymous_35)
FN:671,(anonymous_36)
FN:674,(anonymous_37)
FN:691,(anonymous_38)
FN:698,(anonymous_39)
FN:702,(anonymous_40)
FN:713,(anonymous_41)
FN:716,(anonymous_42)
FN:717,(anonymous_43)
FNF:44
FNH:34
FNDA:6,(anonymous_0)
FNDA:11,(anonymous_1)
FNDA:6,(anonymous_2)
FNDA:4,(anonymous_3)
FNDA:0,(anonymous_4)
FNDA:0,(anonymous_5)
FNDA:0,(anonymous_6)
FNDA:5,(anonymous_7)
FNDA:3,(anonymous_8)
FNDA:0,(anonymous_9)
FNDA:0,(anonymous_10)
FNDA:4,(anonymous_11)
FNDA:3,(anonymous_12)
FNDA:4,(anonymous_13)
FNDA:6,(anonymous_14)
FNDA:2,(anonymous_15)
FNDA:4,(anonymous_16)
FNDA:4,(anonymous_17)
FNDA:4,(anonymous_18)
FNDA:4,(anonymous_19)
FNDA:5,(anonymous_20)
FNDA:3,(anonymous_21)
FNDA:7,(anonymous_22)
FNDA:4,(anonymous_23)
FNDA:4,(anonymous_24)
FNDA:7,(anonymous_25)
FNDA:0,(anonymous_26)
FNDA:12,(anonymous_27)
FNDA:0,(anonymous_28)
FNDA:0,(anonymous_29)
FNDA:4,(anonymous_30)
FNDA:4,(anonymous_31)
FNDA:3,(anonymous_32)
FNDA:4,(anonymous_33)
FNDA:4,(anonymous_34)
FNDA:5,(anonymous_35)
FNDA:3,(anonymous_36)
FNDA:4,(anonymous_37)
FNDA:0,(anonymous_38)
FNDA:3,(anonymous_39)
FNDA:4,(anonymous_40)
FNDA:3,(anonymous_41)
FNDA:4,(anonymous_42)
FNDA:0,(anonymous_43)
DA:84,6
DA:86,6
DA:87,6
DA:90,6
DA:92,6
DA:93,6
DA:96,6
DA:97,0
DA:100,6
DA:101,5
DA:104,6
DA:105,0
DA:109,6
DA:112,6
DA:113,11
DA:114,11
DA:116,0
DA:117,0
DA:122,6
DA:124,6
DA:130,6
DA:132,0
DA:133,0
DA:139,0
DA:147,6
DA:148,6
DA:155,6
DA:157,6
DA:161,0
DA:163,0
DA:169,0
DA:180,4
DA:181,4
DA:184,2
DA:185,2
DA:193,0
DA:194,0
DA:199,0
DA:202,0
DA:203,0
DA:205,0
DA:208,0
DA:210,0
DA:211,0
DA:212,0
DA:221,0
DA:222,0
DA:230,5
DA:231,5
DA:232,5
DA:236,5
DA:238,5
DA:248,0
DA:250,0
DA:262,0
DA:274,3
DA:275,3
DA:276,3
DA:280,0
DA:282,2
DA:283,2
DA:291,0
DA:292,0
DA:297,0
DA:310,0
DA:311,0
DA:314,0
DA:315,0
DA:328,4
DA:329,4
DA:330,4
DA:332,4
DA:363,3
DA:365,3
DA:366,4
DA:368,3
DA:369,3
DA:370,3
DA:372,3
DA:405,6
DA:407,2
DA:408,2
DA:409,2
DA:414,0
DA:415,0
DA:416,0
DA:421,0
DA:422,0
DA:423,0
DA:428,0
DA:436,4
DA:439,4
DA:440,4
DA:441,4
DA:443,4
DA:447,4
DA:448,1
DA:452,4
DA:453,4
DA:455,5
DA:460,4
DA:461,1
DA:466,4
DA:467,0
DA:468,0
DA:472,4
DA:473,0
DA:474,0
DA:478,4
DA:479,0
DA:480,0
DA:483,4
DA:490,3
DA:493,3
DA:494,0
DA:498,3
DA:501,3
DA:502,3
DA:503,0
DA:506,3
DA:513,7
DA:515,7
DA:517,4
DA:518,4
DA:519,4
DA:521,4
DA:525,4
DA:526,1
DA:531,4
DA:532,4
DA:533,4
DA:534,3
DA:535,0
DA:538,4
DA:539,4
DA:540,0
DA:541,0
DA:544,7
DA:546,3
DA:547,3
DA:550,3
DA:551,3
DA:552,0
DA:555,7
DA:562,7
DA:564,7
DA:566,4
DA:567,4
DA:568,0
DA:569,0
DA:572,4
DA:573,0
DA:574,0
DA:578,7
DA:580,3
DA:583,3
DA:584,3
DA:585,0
DA:589,7
DA:597,0
DA:598,0
DA:599,0
DA:601,0
DA:606,0
DA:607,0
DA:612,12
DA:617,0
DA:619,0
DA:620,0
DA:622,0
DA:623,0
DA:624,0
DA:625,0
DA:626,0
DA:630,0
DA:636,4
DA:640,4
DA:641,4
DA:642,4
DA:646,3
DA:647,3
DA:649,3
DA:650,3
DA:655,4
DA:657,5
DA:673,3
DA:674,4
DA:691,0
DA:700,3
DA:702,3
DA:703,4
DA:705,0
DA:706,0
DA:710,3
DA:714,3
DA:716,3
DA:717,4
DA:718,0
DA:719,0
DA:724,3
DA:729,1
LF:201
LH:124
BRDA:92,0,0,6
BRDA:92,0,1,0
BRDA:96,1,0,0
BRDA:96,1,1,6
BRDA:100,2,0,5
BRDA:100,2,1,1
BRDA:104,3,0,0
BRDA:104,3,1,6
BRDA:113,4,0,11
BRDA:113,4,1,0
BRDA:155,5,0,6
BRDA:155,5,1,0
BRDA:161,6,0,0
BRDA:161,6,1,0
BRDA:172,7,0,0
BRDA:172,7,1,0
BRDA:203,8,0,0
BRDA:203,8,1,0
BRDA:236,9,0,5
BRDA:236,9,1,0
BRDA:248,10,0,0
BRDA:248,10,1,0
BRDA:269,11,0,0
BRDA:269,11,1,0
BRDA:270,12,0,0
BRDA:270,12,1,0
BRDA:274,13,0,3
BRDA:274,13,1,0
BRDA:300,14,0,0
BRDA:300,14,1,0
BRDA:304,15,0,0
BRDA:304,15,1,0
BRDA:338,16,0,4
BRDA:338,16,1,0
BRDA:366,17,0,4
BRDA:366,17,1,4
BRDA:366,17,2,4
BRDA:368,18,0,3
BRDA:368,18,1,0
BRDA:377,19,0,3
BRDA:377,19,1,3
BRDA:379,20,0,3
BRDA:379,20,1,3
BRDA:407,21,0,2
BRDA:407,21,1,0
BRDA:408,22,0,2
BRDA:408,22,1,0
BRDA:414,23,0,0
BRDA:414,23,1,0
BRDA:415,24,0,0
BRDA:415,24,1,0
BRDA:421,25,0,0
BRDA:421,25,1,0
BRDA:422,26,0,0
BRDA:422,26,1,0
BRDA:439,27,0,4
BRDA:439,27,1,0
BRDA:443,28,0,4
BRDA:443,28,1,3
BRDA:447,29,0,1
BRDA:447,29,1,3
BRDA:455,30,0,5
BRDA:455,30,1,4
BRDA:455,30,2,4
BRDA:460,31,0,1
BRDA:460,31,1,3
BRDA:466,32,0,0
BRDA:466,32,1,4
BRDA:472,33,0,0
BRDA:472,33,1,4
BRDA:478,34,0,0
BRDA:478,34,1,4
BRDA:493,35,0,0
BRDA:493,35,1,3
BRDA:502,36,0,0
BRDA:502,36,1,3
BRDA:502,37,0,3
BRDA:502,37,1,3
BRDA:515,38,0,4
BRDA:515,38,1,3
BRDA:515,39,0,7
BRDA:515,39,1,3
BRDA:517,40,0,4
BRDA:517,40,1,0
BRDA:521,41,0,4
BRDA:521,41,1,3
BRDA:525,42,0,1
BRDA:525,42,1,3
BRDA:531,43,0,4
BRDA:531,43,1,0
BRDA:531,43,2,0
BRDA:532,44,0,0
BRDA:532,44,1,4
BRDA:533,45,0,1
BRDA:533,45,1,3
BRDA:534,46,0,3
BRDA:534,46,1,0
BRDA:539,47,0,4
BRDA:539,47,1,0
BRDA:540,48,0,0
BRDA:540,48,1,0
BRDA:544,49,0,3
BRDA:544,49,1,4
BRDA:546,50,0,3
BRDA:546,50,1,1
BRDA:550,51,0,3
BRDA:550,51,1,3
BRDA:551,52,0,3
BRDA:551,52,1,0
BRDA:552,53,0,0
BRDA:552,53,1,0
BRDA:564,54,0,4
BRDA:564,54,1,3
BRDA:567,55,0,4
BRDA:567,55,1,0
BRDA:568,56,0,0
BRDA:568,56,1,0
BRDA:572,57,0,0
BRDA:572,57,1,4
BRDA:578,58,0,3
BRDA:578,58,1,4
BRDA:583,59,0,3
BRDA:583,59,1,2
BRDA:584,60,0,0
BRDA:584,60,1,3
BRDA:612,61,0,12
BRDA:612,61,1,12
BRDA:612,61,2,12
BRDA:617,62,0,0
BRDA:617,62,1,0
BRDA:625,63,0,0
BRDA:625,63,1,0
BRDA:630,64,0,0
BRDA:630,64,1,0
BRDA:649,65,0,1
BRDA:649,65,1,2
BRDA:649,66,0,0
BRDA:649,66,1,2
BRDA:656,67,0,4
BRDA:656,67,1,0
BRDA:663,68,0,5
BRDA:663,68,1,5
BRDA:664,69,0,5
BRDA:664,69,1,5
BRDA:674,70,0,3
BRDA:674,70,1,0
BRDA:675,71,0,0
BRDA:675,71,1,4
BRDA:676,72,0,0
BRDA:676,72,1,4
BRDA:677,73,0,0
BRDA:677,73,1,0
BRDA:684,74,0,0
BRDA:684,74,1,4
BRDA:687,75,0,0
BRDA:687,75,1,0
BRDA:703,76,0,0
BRDA:703,76,1,4
BRDA:718,77,0,0
BRDA:718,77,1,0
BRF:160
BRH:84
end_of_record
TN:
SF:utils/validation.ts
FN:45,validateLocation
FN:90,validateSafeZone
FN:130,validateEmergencyContact
FN:175,validatePhotoCheckIn
FN:245,validatePIN
FN:295,sanitizeInput
FN:303,(anonymous_6)
FN:316,validateAndSanitizeFormData
FN:380,logValidationResult
FN:395,validateDistance
FNF:10
FNH:8
FNDA:30,validateLocation
FNDA:10,validateSafeZone
FNDA:8,validateEmergencyContact
FNDA:10,validatePhotoCheckIn
FNDA:14,validatePIN
FNDA:8,sanitizeInput
FNDA:12,(anonymous_6)
FNDA:0,validateAndSanitizeFormData
FNDA:0,logValidationResult
FNDA:12,validateDistance
DA:46,30
DA:47,30
DA:49,30
DA:50,2
DA:51,2
DA:54,28
DA:55,0
DA:56,28
DA:57,2
DA:60,28
DA:61,0
DA:62,28
DA:63,2
DA:66,28
DA:67,8
DA:68,0
DA:69,8
DA:70,2
DA:74,28
DA:75,4
DA:76,0
DA:78,4
DA:79,4
DA:81,2
DA:86,28
DA:91,10
DA:92,10
DA:94,10
DA:95,0
DA:96,0
DA:99,10
DA:100,2
DA:103,10
DA:104,0
DA:105,10
DA:106,0
DA:109,10
DA:110,10
DA:111,0
DA:114,10
DA:115,2
DA:116,8
DA:117,2
DA:118,6
DA:119,0
DA:122,10
DA:123,0
DA:126,10
DA:131,8
DA:132,8
DA:134,8
DA:135,0
DA:136,0
DA:139,8
DA:140,0
DA:143,8
DA:144,0
DA:145,8
DA:146,0
DA:149,8
DA:150,2
DA:153,6
DA:154,6
DA:155,2
DA:159,8
DA:164,0
DA:167,8
DA:168,0
DA:171,8
DA:176,10
DA:177,10
DA:179,10
DA:180,0
DA:181,0
DA:184,10
DA:189,2
DA:192,10
DA:197,0
DA:200,10
DA:205,0
DA:208,10
DA:209,10
DA:212,0
DA:213,0
DA:218,10
DA:219,0
DA:221,10
DA:222,10
DA:224,2
DA:228,10
DA:229,4
DA:230,4
DA:231,0
DA:235,10
DA:236,0
DA:237,10
DA:238,0
DA:241,10
DA:246,14
DA:247,14
DA:249,14
DA:250,0
DA:251,0
DA:254,14
DA:255,2
DA:256,12
DA:257,0
DA:260,14
DA:261,2
DA:265,14
DA:284,14
DA:285,136
DA:286,6
DA:287,6
DA:291,14
DA:296,8
DA:297,2
DA:300,6
DA:304,12
DA:311,12
DA:325,0
DA:326,0
DA:327,0
DA:329,0
DA:330,0
DA:333,0
DA:334,0
DA:335,0
DA:339,0
DA:340,0
DA:344,0
DA:345,0
DA:346,0
DA:350,0
DA:351,0
DA:353,0
DA:354,0
DA:357,0
DA:358,0
DA:361,0
DA:362,0
DA:365,0
DA:367,0
DA:371,0
DA:381,0
DA:382,0
DA:385,0
DA:386,0
DA:389,0
DA:390,0
DA:396,12
DA:397,12
DA:399,12
DA:400,2
DA:401,10
DA:402,2
DA:403,8
DA:405,2
DA:406,6
DA:408,2
DA:411,12
LF:161
LH:100
BRDA:49,0,0,2
BRDA:49,0,1,28
BRDA:54,1,0,0
BRDA:54,1,1,28
BRDA:54,2,0,28
BRDA:54,2,1,28
BRDA:56,3,0,2
BRDA:56,3,1,26
BRDA:56,4,0,28
BRDA:56,4,1,28
BRDA:60,5,0,0
BRDA:60,5,1,28
BRDA:60,6,0,28
BRDA:60,6,1,28
BRDA:62,7,0,2
BRDA:62,7,1,26
BRDA:62,8,0,28
BRDA:62,8,1,28
BRDA:66,9,0,8
BRDA:66,9,1,20
BRDA:67,10,0,0
BRDA:67,10,1,8
BRDA:67,11,0,8
BRDA:67,11,1,8
BRDA:69,12,0,2
BRDA:69,12,1,6
BRDA:74,13,0,4
BRDA:74,13,1,24
BRDA:75,14,0,0
BRDA:75,14,1,4
BRDA:75,15,0,4
BRDA:75,15,1,4
BRDA:79,16,0,2
BRDA:79,16,1,2
BRDA:94,17,0,0
BRDA:94,17,1,10
BRDA:99,18,0,2
BRDA:99,18,1,8
BRDA:99,19,0,10
BRDA:99,19,1,8
BRDA:99,19,2,8
BRDA:103,20,0,0
BRDA:103,20,1,10
BRDA:103,21,0,10
BRDA:103,21,1,10
BRDA:103,21,2,10
BRDA:105,22,0,0
BRDA:105,22,1,10
BRDA:110,23,0,0
BRDA:110,23,1,10
BRDA:114,24,0,2
BRDA:114,24,1,8
BRDA:114,25,0,10
BRDA:114,25,1,10
BRDA:116,26,0,2
BRDA:116,26,1,6
BRDA:118,27,0,0
BRDA:118,27,1,6
BRDA:122,28,0,0
BRDA:122,28,1,10
BRDA:134,29,0,0
BRDA:134,29,1,8
BRDA:139,30,0,0
BRDA:139,30,1,8
BRDA:139,31,0,8
BRDA:139,31,1,8
BRDA:139,31,2,8
BRDA:143,32,0,0
BRDA:143,32,1,8
BRDA:143,33,0,8
BRDA:143,33,1,8
BRDA:143,33,2,8
BRDA:145,34,0,0
BRDA:145,34,1,8
BRDA:149,35,0,2
BRDA:149,35,1,6
BRDA:149,36,0,8
BRDA:149,36,1,6
BRDA:154,37,0,2
BRDA:154,37,1,4
BRDA:159,38,0,0
BRDA:159,38,1,8
BRDA:160,39,0,8
BRDA:160,39,1,8
BRDA:160,39,2,8
BRDA:167,40,0,0
BRDA:167,40,1,8
BRDA:179,41,0,0
BRDA:179,41,1,10
BRDA:184,42,0,2
BRDA:184,42,1,8
BRDA:185,43,0,10
BRDA:185,43,1,8
BRDA:185,43,2,8
BRDA:192,44,0,0
BRDA:192,44,1,10
BRDA:193,45,0,10
BRDA:193,45,1,10
BRDA:193,45,2,10
BRDA:200,46,0,0
BRDA:200,46,1,10
BRDA:201,47,0,10
BRDA:201,47,1,10
BRDA:201,47,2,10
BRDA:212,48,0,0
BRDA:212,48,1,0
BRDA:212,49,0,0
BRDA:212,49,1,0
BRDA:218,50,0,0
BRDA:218,50,1,10
BRDA:218,51,0,10
BRDA:218,51,1,10
BRDA:222,52,0,2
BRDA:222,52,1,8
BRDA:228,53,0,4
BRDA:228,53,1,6
BRDA:230,54,0,0
BRDA:230,54,1,4
BRDA:235,55,0,0
BRDA:235,55,1,10
BRDA:235,56,0,10
BRDA:235,56,1,4
BRDA:237,57,0,0
BRDA:237,57,1,10
BRDA:237,58,0,10
BRDA:237,58,1,4
BRDA:249,59,0,0
BRDA:249,59,1,14
BRDA:249,60,0,14
BRDA:249,60,1,14
BRDA:254,61,0,2
BRDA:254,61,1,12
BRDA:256,62,0,0
BRDA:256,62,1,12
BRDA:260,63,0,2
BRDA:260,63,1,12
BRDA:285,64,0,6
BRDA:285,64,1,130
BRDA:295,65,0,6
BRDA:296,66,0,2
BRDA:296,66,1,6
BRDA:311,67,0,12
BRDA:311,67,1,0
BRDA:333,68,0,0
BRDA:333,68,1,0
BRDA:333,69,0,0
BRDA:333,69,1,0
BRDA:333,69,2,0
BRDA:333,69,3,0
BRDA:339,70,0,0
BRDA:339,70,1,0
BRDA:339,71,0,0
BRDA:339,71,1,0
BRDA:339,71,2,0
BRDA:339,71,3,0
BRDA:344,72,0,0
BRDA:344,72,1,0
BRDA:344,73,0,0
BRDA:344,73,1,0
BRDA:350,74,0,0
BRDA:350,74,1,0
BRDA:353,75,0,0
BRDA:353,75,1,0
BRDA:353,76,0,0
BRDA:353,76,1,0
BRDA:357,77,0,0
BRDA:357,77,1,0
BRDA:357,78,0,0
BRDA:357,78,1,0
BRDA:361,79,0,0
BRDA:361,79,1,0
BRDA:361,80,0,0
BRDA:361,80,1,0
BRDA:381,81,0,0
BRDA:381,81,1,0
BRDA:385,82,0,0
BRDA:385,82,1,0
BRDA:385,83,0,0
BRDA:385,83,1,0
BRDA:389,84,0,0
BRDA:389,84,1,0
BRDA:389,85,0,0
BRDA:389,85,1,0
BRDA:389,85,2,0
BRDA:395,86,0,10
BRDA:399,87,0,2
BRDA:399,87,1,10
BRDA:399,88,0,12
BRDA:399,88,1,12
BRDA:401,89,0,2
BRDA:401,89,1,8
BRDA:403,90,0,2
BRDA:403,90,1,6
BRDA:406,91,0,2
BRDA:406,91,1,4
BRF:195
BRH:124
end_of_record
TN:
SF:utils/voice.ts
FN:47,(anonymous_0)
FN:55,(anonymous_1)
FN:62,(anonymous_2)
FN:81,(anonymous_3)
FN:103,(anonymous_4)
FN:116,(anonymous_5)
FN:144,(anonymous_6)
FN:155,(anonymous_7)
FN:159,(anonymous_8)
FN:166,(anonymous_9)
FN:171,(anonymous_10)
FN:192,(anonymous_11)
FN:204,(anonymous_12)
FN:217,(anonymous_13)
FN:228,(anonymous_14)
FN:239,(anonymous_15)
FN:247,(anonymous_16)
FN:254,(anonymous_17)
FN:261,(anonymous_18)
FN:268,(anonymous_19)
FN:275,(anonymous_20)
FN:284,(anonymous_21)
FN:291,(anonymous_22)
FN:367,speakNavigation
FN:386,speakSafety
FN:393,speakAchievement
FN:400,speakMessage
FNF:27
FNH:0
FNDA:0,(anonymous_0)
FNDA:0,(anonymous_1)
FNDA:0,(anonymous_2)
FNDA:0,(anonymous_3)
FNDA:0,(anonymous_4)
FNDA:0,(anonymous_5)
FNDA:0,(anonymous_6)
FNDA:0,(anonymous_7)
FNDA:0,(anonymous_8)
FNDA:0,(anonymous_9)
FNDA:0,(anonymous_10)
FNDA:0,(anonymous_11)
FNDA:0,(anonymous_12)
FNDA:0,(anonymous_13)
FNDA:0,(anonymous_14)
FNDA:0,(anonymous_15)
FNDA:0,(anonymous_16)
FNDA:0,(anonymous_17)
FNDA:0,(anonymous_18)
FNDA:0,(anonymous_19)
FNDA:0,(anonymous_20)
FNDA:0,(anonymous_21)
FNDA:0,(anonymous_22)
FNDA:0,speakNavigation
FNDA:0,speakSafety
FNDA:0,speakAchievement
FNDA:0,speakMessage
DA:29,0
DA:42,0
DA:43,0
DA:44,0
DA:45,0
DA:48,0
DA:49,0
DA:56,0
DA:57,0
DA:58,0
DA:61,0
DA:63,0
DA:69,0
DA:70,0
DA:71,0
DA:74,0
DA:82,0
DA:104,0
DA:105,0
DA:106,0
DA:107,0
DA:108,0
DA:109,0
DA:117,0
DA:118,0
DA:119,0
DA:123,0
DA:124,0
DA:128,0
DA:129,0
DA:130,0
DA:131,0
DA:132,0
DA:134,0
DA:138,0
DA:145,0
DA:146,0
DA:147,0
DA:149,0
DA:156,0
DA:157,0
DA:160,0
DA:161,0
DA:162,0
DA:163,0
DA:164,0
DA:167,0
DA:168,0
DA:169,0
DA:172,0
DA:173,0
DA:174,0
DA:175,0
DA:176,0
DA:180,0
DA:182,0
DA:183,0
DA:184,0
DA:185,0
DA:193,0
DA:194,0
DA:195,0
DA:196,0
DA:205,0
DA:206,0
DA:207,0
DA:208,0
DA:210,0
DA:218,0
DA:219,0
DA:221,0
DA:229,0
DA:230,0
DA:232,0
DA:240,0
DA:241,0
DA:248,0
DA:255,0
DA:262,0
DA:269,0
DA:276,0
DA:277,0
DA:278,0
DA:285,0
DA:292,0
DA:293,0
DA:295,0
DA:296,0
DA:297,0
DA:300,0
DA:305,0
DA:310,0
DA:368,0
DA:370,0
DA:371,0
DA:372,0
DA:373,0
DA:374,0
DA:376,0
DA:380,0
DA:387,0
DA:394,0
DA:401,0
LF:103
LH:0
BRDA:63,0,0,0
BRDA:63,0,1,0
BRDA:63,0,2,0
BRDA:63,0,3,0
BRDA:69,1,0,0
BRDA:69,1,1,0
BRDA:69,2,0,0
BRDA:69,2,1,0
BRDA:84,3,0,0
BRDA:84,3,1,0
BRDA:87,4,0,0
BRDA:87,4,1,0
BRDA:90,5,0,0
BRDA:90,5,1,0
BRDA:93,6,0,0
BRDA:93,6,1,0
BRDA:96,7,0,0
BRDA:96,7,1,0
BRDA:108,8,0,0
BRDA:108,8,1,0
BRDA:117,9,0,0
BRDA:117,9,1,0
BRDA:123,10,0,0
BRDA:123,10,1,0
BRDA:123,11,0,0
BRDA:123,11,1,0
BRDA:128,12,0,0
BRDA:128,12,1,0
BRDA:128,13,0,0
BRDA:128,13,1,0
BRDA:129,14,0,0
BRDA:129,14,1,0
BRDA:193,15,0,0
BRDA:193,15,1,0
BRDA:193,16,0,0
BRDA:193,16,1,0
BRDA:195,17,0,0
BRDA:195,17,1,0
BRDA:295,18,0,0
BRDA:295,18,1,0
BRDA:370,19,0,0
BRDA:370,19,1,0
BRDA:371,20,0,0
BRDA:371,20,1,0
BRDA:373,21,0,0
BRDA:373,21,1,0
BRDA:400,22,0,0
BRF:47
BRH:0
end_of_record
TN:
SF:utils/weather.ts
FN:50,toFahrenheit
FN:54,buildRecommendation
FN:62,fetchWeather
FN:74,(anonymous_3)
FNF:4
FNH:0
FNDA:0,toFahrenheit
FNDA:0,buildRecommendation
FNDA:0,fetchWeather
FNDA:0,(anonymous_3)
DA:19,0
DA:51,0
DA:55,0
DA:56,0
DA:57,0
DA:58,0
DA:59,0
DA:67,0
DA:68,0
DA:69,0
DA:71,0
DA:73,0
DA:74,0
DA:76,0
DA:77,0
DA:78,0
DA:79,0
DA:80,0
DA:82,0
DA:83,0
DA:84,0
DA:85,0
DA:86,0
DA:88,0
DA:94,0
DA:95,0
LF:26
LH:0
BRDA:55,0,0,0
BRDA:55,0,1,0
BRDA:56,1,0,0
BRDA:56,1,1,0
BRDA:57,2,0,0
BRDA:57,2,1,0
BRDA:58,3,0,0
BRDA:58,3,1,0
BRDA:68,4,0,0
BRDA:68,4,1,0
BRDA:69,5,0,0
BRDA:69,5,1,0
BRDA:79,6,0,0
BRDA:79,6,1,0
BRDA:83,7,0,0
BRDA:83,7,1,0
BRDA:84,8,0,0
BRDA:84,8,1,0
BRDA:85,9,0,0
BRDA:85,9,1,0
BRDA:86,10,0,0
BRDA:86,10,1,0
BRF:22
BRH:0
end_of_record
