TN:
SF:components/AIJourneyCompanion.tsx
FN:23,(anonymous_1)
FN:36,(anonymous_2)
FN:43,(anonymous_3)
FN:60,(anonymous_4)
FN:104,(anonymous_5)
FN:135,(anonymous_6)
FN:168,(anonymous_7)
FN:180,(anonymous_8)
FN:213,(anonymous_9)
FN:237,(anonymous_10)
FN:254,(anonymous_11)
FN:267,(anonymous_12)
FNF:12
FNH:0
FNDA:0,(anonymous_1)
FNDA:0,(anonymous_2)
FNDA:0,(anonymous_3)
FNDA:0,(anonymous_4)
FNDA:0,(anonymous_5)
FNDA:0,(anonymous_6)
FNDA:0,(anonymous_7)
FNDA:0,(anonymous_8)
FNDA:0,(anonymous_9)
FNDA:0,(anonymous_10)
FNDA:0,(anonymous_11)
FNDA:0,(anonymous_12)
DA:1,0
DA:2,0
DA:3,0
DA:4,0
DA:7,0
DA:23,0
DA:29,0
DA:30,0
DA:31,0
DA:32,0
DA:33,0
DA:34,0
DA:36,0
DA:37,0
DA:38,0
DA:39,0
DA:43,0
DA:44,0
DA:60,0
DA:61,0
DA:63,0
DA:65,0
DA:66,0
DA:67,0
DA:76,0
DA:95,0
DA:97,0
DA:104,0
DA:105,0
DA:106,0
DA:109,0
DA:110,0
DA:113,0
DA:115,0
DA:117,0
DA:118,0
DA:121,0
DA:127,0
DA:129,0
DA:130,0
DA:135,0
DA:136,0
DA:138,0
DA:139,0
DA:159,0
DA:161,0
DA:168,0
DA:169,0
DA:170,0
DA:172,0
DA:173,0
DA:176,0
DA:180,0
DA:181,0
DA:183,0
DA:184,0
DA:204,0
DA:206,0
DA:213,0
DA:214,0
DA:215,0
DA:217,0
DA:218,0
DA:221,0
DA:223,0
DA:229,0
DA:231,0
DA:232,0
DA:237,0
DA:238,0
DA:240,0
DA:242,0
DA:244,0
DA:248,0
DA:249,0
DA:252,0
DA:254,0
DA:267,0
DA:318,0
DA:435,0
LF:80
LH:0
BRDA:37,0,0,0
BRDA:37,1,0,0
BRDA:37,1,1,0
BRDA:61,2,0,0
BRDA:66,3,0,0
BRDA:85,4,0,0
BRDA:85,4,1,0
BRDA:109,5,0,0
BRDA:117,6,0,0
BRDA:129,7,0,0
BRDA:136,8,0,0
BRDA:172,9,0,0
BRDA:181,10,0,0
BRDA:217,11,0,0
BRDA:231,12,0,0
BRDA:238,13,0,0
BRDA:238,13,1,0
BRDA:238,13,2,0
BRDA:248,14,0,0
BRDA:248,15,0,0
BRDA:248,15,1,0
BRDA:268,16,0,0
BRDA:268,16,1,0
BRDA:276,17,0,0
BRDA:276,17,1,0
BRDA:286,18,0,0
BRDA:286,18,1,0
BRDA:299,19,0,0
BRDA:299,19,1,0
BRF:29
BRH:0
end_of_record
TN:
SF:components/AIRouteSuggestions.tsx
FN:18,AIRouteSuggestions
FN:30,(anonymous_1)
FN:36,(anonymous_2)
FN:55,(anonymous_3)
FN:66,(anonymous_4)
FN:79,(anonymous_5)
FN:121,(anonymous_6)
FN:130,(anonymous_7)
FN:137,(anonymous_8)
FN:191,(anonymous_9)
FN:203,(anonymous_10)
FN:216,(anonymous_11)
FN:274,(anonymous_12)
FNF:13
FNH:0
FNDA:0,AIRouteSuggestions
FNDA:0,(anonymous_1)
FNDA:0,(anonymous_2)
FNDA:0,(anonymous_3)
FNDA:0,(anonymous_4)
FNDA:0,(anonymous_5)
FNDA:0,(anonymous_6)
FNDA:0,(anonymous_7)
FNDA:0,(anonymous_8)
FNDA:0,(anonymous_9)
FNDA:0,(anonymous_10)
FNDA:0,(anonymous_11)
FNDA:0,(anonymous_12)
DA:6,0
DA:7,0
DA:8,0
DA:9,0
DA:18,0
DA:23,0
DA:24,0
DA:25,0
DA:26,0
DA:30,0
DA:31,0
DA:32,0
DA:36,0
DA:37,0
DA:38,0
DA:39,0
DA:40,0
DA:43,0
DA:44,0
DA:49,0
DA:51,0
DA:55,0
DA:56,0
DA:59,0
DA:63,0
DA:66,0
DA:67,0
DA:69,0
DA:71,0
DA:73,0
DA:75,0
DA:79,0
DA:80,0
DA:81,0
DA:82,0
DA:83,0
DA:86,0
DA:87,0
DA:97,0
DA:98,0
DA:108,0
DA:122,0
DA:131,0
DA:132,0
DA:134,0
DA:137,0
DA:192,0
DA:204,0
DA:217,0
DA:276,0
LF:50
LH:0
BRDA:31,0,0,0
BRDA:31,1,0,0
BRDA:31,1,1,0
BRDA:43,2,0,0
BRDA:67,3,0,0
BRDA:67,3,1,0
BRDA:67,3,2,0
BRDA:67,3,3,0
BRDA:80,4,0,0
BRDA:81,5,0,0
BRDA:82,6,0,0
BRDA:86,7,0,0
BRDA:97,8,0,0
BRDA:97,9,0,0
BRDA:97,9,1,0
BRDA:139,10,0,0
BRDA:139,10,1,0
BRDA:143,11,0,0
BRDA:143,11,1,0
BRDA:146,12,0,0
BRDA:146,12,1,0
BRDA:211,13,0,0
BRDA:211,13,1,0
BRDA:226,14,0,0
BRDA:226,14,1,0
BRDA:232,15,0,0
BRDA:232,15,1,0
BRDA:238,16,0,0
BRDA:238,16,1,0
BRDA:247,17,0,0
BRDA:247,17,1,0
BRF:31
BRH:0
end_of_record
TN:
SF:components/AccessibilitySettings.tsx
FN:11,(anonymous_1)
FN:14,(anonymous_2)
FN:71,(anonymous_3)
FN:79,(anonymous_4)
FN:87,(anonymous_5)
FN:95,(anonymous_6)
FNF:6
FNH:0
FNDA:0,(anonymous_1)
FNDA:0,(anonymous_2)
FNDA:0,(anonymous_3)
FNDA:0,(anonymous_4)
FNDA:0,(anonymous_5)
FNDA:0,(anonymous_6)
DA:2,0
DA:3,0
DA:4,0
DA:5,0
DA:11,0
DA:12,0
DA:14,0
DA:27,0
DA:51,0
DA:71,0
DA:79,0
DA:87,0
DA:95,0
DA:101,0
DA:167,0
LF:15
LH:0
BRDA:30,0,0,0
BRDA:30,0,1,0
BRDA:36,1,0,0
BRDA:36,1,1,0
BRDA:53,2,0,0
BRDA:53,2,1,0
BRDA:61,3,0,0
BRDA:61,3,1,0
BRF:8
BRH:0
end_of_record
TN:
SF:components/AccessibleButton.tsx
FN:17,(anonymous_1)
FN:27,(anonymous_2)
FN:38,(anonymous_3)
FN:51,(anonymous_4)
FNF:4
FNH:0
FNDA:0,(anonymous_1)
FNDA:0,(anonymous_2)
FNDA:0,(anonymous_3)
FNDA:0,(anonymous_4)
DA:2,0
DA:3,0
DA:4,0
DA:17,0
DA:27,0
DA:28,0
DA:30,0
DA:32,0
DA:34,0
DA:38,0
DA:39,0
DA:41,0
DA:43,0
DA:45,0
DA:49,0
DA:51,0
DA:71,0
DA:117,0
LF:18
LH:0
BRDA:22,0,0,0
BRDA:25,1,0,0
BRDA:28,2,0,0
BRDA:28,2,1,0
BRDA:28,2,2,0
BRDA:39,3,0,0
BRDA:39,3,1,0
BRDA:39,3,2,0
BRDA:54,4,0,0
BRDA:54,4,1,0
BRDA:55,5,0,0
BRDA:55,5,1,0
BRDA:62,6,0,0
BRDA:62,6,1,0
BRDA:63,7,0,0
BRDA:63,7,1,0
BRDA:66,8,0,0
BRDA:66,8,1,0
BRF:18
BRH:0
end_of_record
TN:
SF:components/AchievementBadge.tsx
FN:13,(anonymous_1)
FN:18,(anonymous_2)
FN:33,(anonymous_3)
FNF:3
FNH:0
FNDA:0,(anonymous_1)
FNDA:0,(anonymous_2)
FNDA:0,(anonymous_3)
DA:2,0
DA:4,0
DA:5,0
DA:13,0
DA:18,0
DA:19,0
DA:21,0
DA:23,0
DA:25,0
DA:29,0
DA:31,0
DA:33,0
DA:74,0
DA:115,0
LF:14
LH:0
BRDA:16,0,0,0
BRDA:19,1,0,0
BRDA:19,1,1,0
BRDA:19,1,2,0
BRDA:38,2,0,0
BRDA:38,2,1,0
BRDA:40,3,0,0
BRDA:40,3,1,0
BRDA:45,4,0,0
BRDA:45,4,1,0
BRDA:58,5,0,0
BRDA:58,5,1,0
BRDA:65,6,0,0
BRDA:65,6,1,0
BRF:14
BRH:0
end_of_record
TN:
SF:components/ApiErrorBoundary.tsx
FN:26,(anonymous_1)
FN:73,(anonymous_2)
FN:37,(anonymous_3)
FN:39,(anonymous_4)
FN:50,(anonymous_5)
FN:56,(anonymous_6)
FN:63,(anonymous_7)
FN:106,(anonymous_8)
FN:136,(anonymous_9)
FN:150,(anonymous_10)
FNF:10
FNH:0
FNDA:0,(anonymous_1)
FNDA:0,(anonymous_2)
FNDA:0,(anonymous_3)
FNDA:0,(anonymous_4)
FNDA:0,(anonymous_5)
FNDA:0,(anonymous_6)
FNDA:0,(anonymous_7)
FNDA:0,(anonymous_8)
FNDA:0,(anonymous_9)
FNDA:0,(anonymous_10)
DA:1,0
DA:2,0
DA:3,0
DA:4,0
DA:5,0
DA:6,0
DA:23,0
DA:27,0
DA:28,0
DA:38,0
DA:39,0
DA:40,0
DA:43,0
DA:44,0
DA:51,0
DA:52,0
DA:57,0
DA:64,0
DA:70,0
DA:73,0
DA:74,0
DA:76,0
DA:78,0
DA:79,0
DA:83,0
DA:84,0
DA:85,0
DA:89,0
DA:90,0
DA:94,0
DA:101,0
DA:102,0
DA:107,0
DA:109,0
DA:110,0
DA:113,0
DA:114,0
DA:117,0
DA:118,0
DA:121,0
DA:122,0
DA:125,0
DA:126,0
DA:129,0
DA:130,0
DA:133,0
DA:137,0
DA:139,0
DA:140,0
DA:143,0
DA:144,0
DA:147,0
DA:151,0
DA:152,0
DA:153,0
DA:156,0
DA:157,0
DA:158,0
DA:160,0
DA:205,0
DA:209,0
LF:61
LH:0
BRDA:78,0,0,0
BRDA:84,1,0,0
BRDA:89,2,0,0
BRDA:38,3,0,0
BRDA:43,4,0,0
BRDA:43,5,0,0
BRDA:43,5,1,0
BRDA:51,6,0,0
BRDA:109,7,0,0
BRDA:113,8,0,0
BRDA:117,9,0,0
BRDA:121,10,0,0
BRDA:125,11,0,0
BRDA:129,12,0,0
BRDA:133,13,0,0
BRDA:133,13,1,0
BRDA:139,14,0,0
BRDA:143,15,0,0
BRDA:143,16,0,0
BRDA:143,16,1,0
BRDA:151,17,0,0
BRDA:152,18,0,0
BRDA:158,19,0,0
BRDA:158,19,1,0
BRDA:158,19,2,0
BRDA:169,20,0,0
BRDA:169,20,1,0
BRDA:172,21,0,0
BRDA:172,21,1,0
BRDA:174,22,0,0
BRDA:174,22,1,0
BRDA:178,23,0,0
BRDA:178,23,1,0
BRDA:180,24,0,0
BRDA:180,24,1,0
BRDA:188,25,0,0
BRDA:188,25,1,0
BRDA:190,26,0,0
BRDA:190,26,1,0
BRDA:194,27,0,0
BRDA:194,27,1,0
BRF:41
BRH:0
end_of_record
TN:
SF:components/ArrivalAlert.tsx
FN:13,(anonymous_1)
FNF:1
FNH:0
FNDA:0,(anonymous_1)
DA:2,0
DA:3,0
DA:4,0
DA:5,0
DA:13,0
DA:14,0
DA:51,0
DA:97,0
LF:8
LH:0
BRDA:40,0,0,0
BRDA:40,0,1,0
BRF:2
BRH:0
end_of_record
TN:
SF:components/BackendStatusIndicator.tsx
FN:9,BackendStatusIndicator
FN:13,(anonymous_2)
FN:14,(anonymous_3)
FN:29,(anonymous_4)
FNF:4
FNH:0
FNDA:0,BackendStatusIndicator
FNDA:0,(anonymous_2)
FNDA:0,(anonymous_3)
FNDA:0,(anonymous_4)
DA:1,0
DA:2,0
DA:3,0
DA:4,0
DA:5,0
DA:9,0
DA:10,0
DA:11,0
DA:13,0
DA:14,0
DA:15,0
DA:16,0
DA:20,0
DA:22,0
DA:25,0
DA:26,0
DA:29,0
DA:30,0
DA:32,0
DA:39,0
DA:46,0
DA:55,0
DA:56,0
DA:58,0
DA:66,0
LF:25
LH:0
BRDA:25,0,0,0
BRDA:30,1,0,0
BRDA:30,1,1,0
BRDA:30,1,2,0
BRF:4
BRH:0
end_of_record
TN:
SF:components/CategoryButton.tsx
FN:46,(anonymous_1)
FN:52,(anonymous_2)
FN:121,(anonymous_3)
FN:148,getDefaultIcon
FN:171,getDefaultColor
FN:196,(anonymous_6)
FN:205,(anonymous_7)
FNF:7
FNH:0
FNDA:0,(anonymous_1)
FNDA:0,(anonymous_2)
FNDA:0,(anonymous_3)
FNDA:0,getDefaultIcon
FNDA:0,getDefaultColor
FNDA:0,(anonymous_6)
FNDA:0,(anonymous_7)
DA:2,0
DA:3,0
DA:5,0
DA:46,0
DA:52,0
DA:53,0
DA:55,0
DA:57,0
DA:59,0
DA:61,0
DA:63,0
DA:65,0
DA:67,0
DA:69,0
DA:71,0
DA:73,0
DA:75,0
DA:77,0
DA:79,0
DA:81,0
DA:83,0
DA:85,0
DA:87,0
DA:89,0
DA:91,0
DA:93,0
DA:95,0
DA:97,0
DA:99,0
DA:101,0
DA:103,0
DA:105,0
DA:107,0
DA:109,0
DA:111,0
DA:113,0
DA:115,0
DA:117,0
DA:121,0
DA:122,0
DA:124,0
DA:126,0
DA:128,0
DA:130,0
DA:134,0
DA:137,0
DA:142,0
DA:143,0
DA:146,0
DA:149,0
DA:151,0
DA:153,0
DA:155,0
DA:157,0
DA:159,0
DA:161,0
DA:163,0
DA:165,0
DA:167,0
DA:172,0
DA:174,0
DA:176,0
DA:178,0
DA:180,0
DA:182,0
DA:184,0
DA:186,0
DA:188,0
DA:190,0
DA:194,0
DA:196,0
DA:205,0
DA:218,0
DA:247,0
LF:74
LH:0
BRDA:50,0,0,0
BRDA:55,1,0,0
BRDA:55,1,1,0
BRDA:55,1,2,0
BRDA:55,1,3,0
BRDA:55,1,4,0
BRDA:55,1,5,0
BRDA:55,1,6,0
BRDA:55,1,7,0
BRDA:55,1,8,0
BRDA:55,1,9,0
BRDA:55,1,10,0
BRDA:55,1,11,0
BRDA:55,1,12,0
BRDA:55,1,13,0
BRDA:55,1,14,0
BRDA:55,1,15,0
BRDA:55,1,16,0
BRDA:55,1,17,0
BRDA:55,1,18,0
BRDA:55,1,19,0
BRDA:55,1,20,0
BRDA:55,1,21,0
BRDA:55,1,22,0
BRDA:55,1,23,0
BRDA:55,1,24,0
BRDA:55,1,25,0
BRDA:55,1,26,0
BRDA:55,1,27,0
BRDA:55,1,28,0
BRDA:55,1,29,0
BRDA:55,1,30,0
BRDA:122,2,0,0
BRDA:122,2,1,0
BRDA:122,2,2,0
BRDA:122,2,3,0
BRDA:137,3,0,0
BRDA:137,3,1,0
BRDA:139,4,0,0
BRDA:139,4,1,0
BRDA:142,5,0,0
BRDA:142,5,1,0
BRDA:142,6,0,0
BRDA:142,6,1,0
BRDA:143,7,0,0
BRDA:143,7,1,0
BRDA:145,8,0,0
BRDA:145,8,1,0
BRDA:146,9,0,0
BRDA:146,9,1,0
BRDA:149,10,0,0
BRDA:149,10,1,0
BRDA:149,10,2,0
BRDA:149,10,3,0
BRDA:149,10,4,0
BRDA:149,10,5,0
BRDA:149,10,6,0
BRDA:149,10,7,0
BRDA:149,10,8,0
BRDA:172,11,0,0
BRDA:172,11,1,0
BRDA:172,11,2,0
BRDA:172,11,3,0
BRDA:172,11,4,0
BRDA:172,11,5,0
BRDA:172,11,6,0
BRDA:172,11,7,0
BRDA:172,11,8,0
BRDA:203,12,0,0
BRDA:203,12,1,0
BRDA:205,13,0,0
BRDA:205,13,1,0
BRDA:210,14,0,0
BRDA:210,14,1,0
BRDA:210,15,0,0
BRDA:210,15,1,0
BRF:76
BRH:0
end_of_record
TN:
SF:components/CategoryManagement.tsx
FN:23,(anonymous_1)
FN:50,(anonymous_2)
FN:94,(anonymous_3)
FN:117,(anonymous_4)
FN:128,(anonymous_5)
FN:140,(anonymous_6)
FN:149,(anonymous_7)
FN:157,(anonymous_8)
FN:165,(anonymous_9)
FN:169,(anonymous_10)
FN:197,(anonymous_11)
FN:216,(anonymous_12)
FN:220,(anonymous_13)
FN:233,(anonymous_14)
FN:244,(anonymous_15)
FN:252,(anonymous_16)
FN:283,(anonymous_17)
FN:285,(anonymous_18)
FN:294,(anonymous_19)
FN:300,(anonymous_20)
FN:318,(anonymous_21)
FN:320,(anonymous_22)
FN:331,(anonymous_23)
FN:337,(anonymous_24)
FNF:24
FNH:0
FNDA:0,(anonymous_1)
FNDA:0,(anonymous_2)
FNDA:0,(anonymous_3)
FNDA:0,(anonymous_4)
FNDA:0,(anonymous_5)
FNDA:0,(anonymous_6)
FNDA:0,(anonymous_7)
FNDA:0,(anonymous_8)
FNDA:0,(anonymous_9)
FNDA:0,(anonymous_10)
FNDA:0,(anonymous_11)
FNDA:0,(anonymous_12)
FNDA:0,(anonymous_13)
FNDA:0,(anonymous_14)
FNDA:0,(anonymous_15)
FNDA:0,(anonymous_16)
FNDA:0,(anonymous_17)
FNDA:0,(anonymous_18)
FNDA:0,(anonymous_19)
FNDA:0,(anonymous_20)
FNDA:0,(anonymous_21)
FNDA:0,(anonymous_22)
FNDA:0,(anonymous_23)
FNDA:0,(anonymous_24)
DA:1,0
DA:2,0
DA:12,0
DA:14,0
DA:15,0
DA:16,0
DA:23,0
DA:37,0
DA:39,0
DA:40,0
DA:41,0
DA:42,0
DA:43,0
DA:45,0
DA:46,0
DA:47,0
DA:48,0
DA:50,0
DA:51,0
DA:52,0
DA:53,0
DA:56,0
DA:57,0
DA:61,0
DA:64,0
DA:65,0
DA:67,0
DA:76,0
DA:77,0
DA:78,0
DA:79,0
DA:81,0
DA:82,0
DA:87,0
DA:90,0
DA:94,0
DA:95,0
DA:96,0
DA:97,0
DA:100,0
DA:101,0
DA:107,0
DA:108,0
DA:109,0
DA:110,0
DA:111,0
DA:113,0
DA:117,0
DA:118,0
DA:119,0
DA:120,0
DA:123,0
DA:129,0
DA:130,0
DA:131,0
DA:133,0
DA:140,0
DA:141,0
DA:142,0
DA:143,0
DA:145,0
DA:149,0
DA:150,0
DA:151,0
DA:152,0
DA:153,0
DA:154,0
DA:157,0
DA:158,0
DA:159,0
DA:160,0
DA:161,0
DA:162,0
DA:165,0
DA:166,0
DA:169,0
DA:217,0
DA:220,0
DA:233,0
DA:245,0
DA:252,0
DA:262,0
DA:284,0
DA:294,0
DA:300,0
DA:319,0
DA:331,0
DA:337,0
DA:354,0
DA:507,0
LF:90
LH:0
BRDA:51,0,0,0
BRDA:56,1,0,0
BRDA:81,2,0,0
BRDA:81,2,1,0
BRDA:95,3,0,0
BRDA:95,4,0,0
BRDA:95,4,1,0
BRDA:118,5,0,0
BRDA:173,6,0,0
BRDA:173,6,1,0
BRDA:176,7,0,0
BRDA:176,7,1,0
BRDA:189,8,0,0
BRDA:189,8,1,0
BRDA:219,9,0,0
BRDA:219,9,1,0
BRDA:250,10,0,0
BRDA:250,10,1,0
BRDA:269,11,0,0
BRDA:269,11,1,0
BRDA:277,12,0,0
BRDA:277,12,1,0
BRDA:277,12,2,0
BRDA:314,13,0,0
BRDA:314,13,1,0
BRDA:324,14,0,0
BRDA:324,14,1,0
BRDA:327,15,0,0
BRDA:327,15,1,0
BRDA:327,15,2,0
BRDA:327,15,3,0
BRF:31
BRH:0
end_of_record
TN:
SF:components/CityManagement.tsx
FN:12,CityManagement
FN:31,(anonymous_2)
FN:33,(anonymous_3)
FN:47,(anonymous_4)
FN:53,(anonymous_5)
FN:61,(anonymous_6)
FN:70,(anonymous_7)
FN:72,(anonymous_8)
FN:105,(anonymous_9)
FN:108,(anonymous_10)
FN:113,(anonymous_11)
FN:125,(anonymous_12)
FN:134,(anonymous_13)
FN:149,(anonymous_14)
FN:169,(anonymous_15)
FN:171,(anonymous_16)
FN:179,(anonymous_17)
FN:181,(anonymous_18)
FN:207,AddEditRegionForm
FN:225,(anonymous_20)
FN:251,(anonymous_21)
FN:262,(anonymous_22)
FN:272,(anonymous_23)
FN:282,(anonymous_24)
FN:292,(anonymous_25)
FNF:25
FNH:0
FNDA:0,CityManagement
FNDA:0,(anonymous_2)
FNDA:0,(anonymous_3)
FNDA:0,(anonymous_4)
FNDA:0,(anonymous_5)
FNDA:0,(anonymous_6)
FNDA:0,(anonymous_7)
FNDA:0,(anonymous_8)
FNDA:0,(anonymous_9)
FNDA:0,(anonymous_10)
FNDA:0,(anonymous_11)
FNDA:0,(anonymous_12)
FNDA:0,(anonymous_13)
FNDA:0,(anonymous_14)
FNDA:0,(anonymous_15)
FNDA:0,(anonymous_16)
FNDA:0,(anonymous_17)
FNDA:0,(anonymous_18)
FNDA:0,AddEditRegionForm
FNDA:0,(anonymous_20)
FNDA:0,(anonymous_21)
FNDA:0,(anonymous_22)
FNDA:0,(anonymous_23)
FNDA:0,(anonymous_24)
FNDA:0,(anonymous_25)
DA:1,0
DA:2,0
DA:3,0
DA:4,0
DA:5,0
DA:12,0
DA:13,0
DA:14,0
DA:15,0
DA:26,0
DA:28,0
DA:30,0
DA:31,0
DA:33,0
DA:34,0
DA:35,0
DA:36,0
DA:39,0
DA:47,0
DA:53,0
DA:54,0
DA:63,0
DA:70,0
DA:71,0
DA:72,0
DA:105,0
DA:108,0
DA:113,0
DA:121,0
DA:122,0
DA:126,0
DA:127,0
DA:129,0
DA:131,0
DA:132,0
DA:135,0
DA:136,0
DA:142,0
DA:149,0
DA:169,0
DA:172,0
DA:179,0
DA:182,0
DA:208,0
DA:225,0
DA:226,0
DA:227,0
DA:228,0
DA:231,0
DA:234,0
DA:251,0
DA:262,0
DA:272,0
DA:282,0
DA:292,0
DA:305,0
LF:56
LH:0
BRDA:28,0,0,0
BRDA:28,0,1,0
BRDA:34,1,0,0
BRDA:71,2,0,0
BRDA:71,2,1,0
BRDA:77,3,0,0
BRDA:77,3,1,0
BRDA:99,4,0,0
BRDA:99,4,1,0
BRDA:121,5,0,0
BRDA:121,6,0,0
BRDA:121,6,1,0
BRDA:126,7,0,0
BRDA:126,7,1,0
BRDA:168,8,0,0
BRDA:168,8,1,0
BRDA:178,9,0,0
BRDA:178,9,1,0
BRDA:209,10,0,0
BRDA:209,10,1,0
BRDA:210,11,0,0
BRDA:210,11,1,0
BRDA:211,12,0,0
BRDA:211,12,1,0
BRDA:212,13,0,0
BRDA:212,13,1,0
BRDA:213,14,0,0
BRDA:213,14,1,0
BRDA:214,15,0,0
BRDA:214,15,1,0
BRDA:215,16,0,0
BRDA:215,16,1,0
BRDA:216,17,0,0
BRDA:216,17,1,0
BRDA:217,18,0,0
BRDA:217,18,1,0
BRDA:218,19,0,0
BRDA:218,19,1,0
BRDA:219,20,0,0
BRDA:219,20,1,0
BRDA:220,21,0,0
BRDA:220,21,1,0
BRDA:221,22,0,0
BRDA:221,22,1,0
BRDA:222,23,0,0
BRDA:222,23,1,0
BRDA:226,24,0,0
BRDA:226,25,0,0
BRDA:226,25,1,0
BRDA:226,25,2,0
BRDA:240,26,0,0
BRDA:240,26,1,0
BRF:52
BRH:0
end_of_record
TN:
SF:components/DevicePingHandler.tsx
FN:13,(anonymous_1)
FN:20,(anonymous_2)
FN:21,(anonymous_3)
FN:30,(anonymous_4)
FN:46,(anonymous_5)
FN:62,(anonymous_6)
FN:69,(anonymous_7)
FN:76,(anonymous_8)
FN:81,(anonymous_9)
FN:87,(anonymous_10)
FN:91,(anonymous_11)
FN:96,(anonymous_12)
FN:141,(anonymous_13)
FN:152,(anonymous_14)
FN:165,(anonymous_15)
FN:197,(anonymous_16)
FN:204,(anonymous_17)
FN:213,(anonymous_18)
FNF:18
FNH:0
FNDA:0,(anonymous_1)
FNDA:0,(anonymous_2)
FNDA:0,(anonymous_3)
FNDA:0,(anonymous_4)
FNDA:0,(anonymous_5)
FNDA:0,(anonymous_6)
FNDA:0,(anonymous_7)
FNDA:0,(anonymous_8)
FNDA:0,(anonymous_9)
FNDA:0,(anonymous_10)
FNDA:0,(anonymous_11)
FNDA:0,(anonymous_12)
FNDA:0,(anonymous_13)
FNDA:0,(anonymous_14)
FNDA:0,(anonymous_15)
FNDA:0,(anonymous_16)
FNDA:0,(anonymous_17)
FNDA:0,(anonymous_18)
DA:1,0
DA:2,0
DA:3,0
DA:4,0
DA:5,0
DA:6,0
DA:13,0
DA:14,0
DA:15,0
DA:16,0
DA:17,0
DA:20,0
DA:21,0
DA:22,0
DA:24,0
DA:25,0
DA:26,0
DA:30,0
DA:31,0
DA:33,0
DA:35,0
DA:36,0
DA:38,0
DA:39,0
DA:41,0
DA:42,0
DA:46,0
DA:47,0
DA:50,0
DA:51,0
DA:52,0
DA:56,0
DA:62,0
DA:69,0
DA:70,0
DA:76,0
DA:81,0
DA:87,0
DA:88,0
DA:91,0
DA:96,0
DA:97,0
DA:99,0
DA:100,0
DA:101,0
DA:102,0
DA:108,0
DA:115,0
DA:118,0
DA:119,0
DA:127,0
DA:129,0
DA:136,0
DA:137,0
DA:141,0
DA:142,0
DA:143,0
DA:148,0
DA:149,0
DA:152,0
DA:153,0
DA:155,0
DA:157,0
DA:159,0
DA:161,0
DA:165,0
DA:166,0
DA:168,0
DA:170,0
DA:172,0
DA:174,0
DA:178,0
DA:197,0
DA:204,0
DA:213,0
DA:229,0
DA:338,0
LF:77
LH:0
BRDA:24,0,0,0
BRDA:24,1,0,0
BRDA:24,1,1,0
BRDA:33,2,0,0
BRDA:33,2,1,0
BRDA:33,2,2,0
BRDA:50,3,0,0
BRDA:58,4,0,0
BRDA:58,4,1,0
BRDA:72,5,0,0
BRDA:72,5,1,0
BRDA:88,6,0,0
BRDA:88,6,1,0
BRDA:96,7,0,0
BRDA:99,8,0,0
BRDA:101,9,0,0
BRDA:108,10,0,0
BRDA:108,10,1,0
BRDA:108,11,0,0
BRDA:108,11,1,0
BRDA:118,12,0,0
BRDA:131,13,0,0
BRDA:131,13,1,0
BRDA:142,14,0,0
BRDA:148,15,0,0
BRDA:153,16,0,0
BRDA:153,16,1,0
BRDA:153,16,2,0
BRDA:153,16,3,0
BRDA:166,17,0,0
BRDA:166,17,1,0
BRDA:166,17,2,0
BRDA:166,17,3,0
BRDA:180,18,0,0
BRDA:180,18,1,0
BRDA:190,19,0,0
BRDA:190,19,1,0
BRDA:193,20,0,0
BRDA:193,20,1,0
BRF:39
BRH:0
end_of_record
TN:
SF:components/DevicePingHistory.tsx
FN:12,(anonymous_1)
FN:15,(anonymous_2)
FN:19,(anonymous_3)
FN:34,(anonymous_4)
FN:47,(anonymous_5)
FN:60,(anonymous_6)
FN:73,(anonymous_7)
FN:87,(anonymous_8)
FN:105,(anonymous_9)
FNF:9
FNH:0
FNDA:0,(anonymous_1)
FNDA:0,(anonymous_2)
FNDA:0,(anonymous_3)
FNDA:0,(anonymous_4)
FNDA:0,(anonymous_5)
FNDA:0,(anonymous_6)
FNDA:0,(anonymous_7)
FNDA:0,(anonymous_8)
FNDA:0,(anonymous_9)
DA:2,0
DA:3,0
DA:4,0
DA:5,0
DA:12,0
DA:13,0
DA:15,0
DA:16,0
DA:19,0
DA:20,0
DA:21,0
DA:22,0
DA:23,0
DA:25,0
DA:26,0
DA:27,0
DA:28,0
DA:30,0
DA:34,0
DA:35,0
DA:37,0
DA:39,0
DA:41,0
DA:43,0
DA:47,0
DA:48,0
DA:50,0
DA:52,0
DA:54,0
DA:56,0
DA:60,0
DA:61,0
DA:63,0
DA:65,0
DA:67,0
DA:69,0
DA:73,0
DA:74,0
DA:76,0
DA:78,0
DA:80,0
DA:82,0
DA:87,0
DA:89,0
DA:90,0
DA:101,0
DA:106,0
DA:156,0
DA:283,0
LF:49
LH:0
BRDA:25,0,0,0
BRDA:25,0,1,0
BRDA:27,1,0,0
BRDA:27,1,1,0
BRDA:35,2,0,0
BRDA:35,2,1,0
BRDA:35,2,2,0
BRDA:35,2,3,0
BRDA:48,3,0,0
BRDA:48,3,1,0
BRDA:48,3,2,0
BRDA:48,3,3,0
BRDA:61,4,0,0
BRDA:61,4,1,0
BRDA:61,4,2,0
BRDA:61,4,3,0
BRDA:74,5,0,0
BRDA:74,5,1,0
BRDA:74,5,2,0
BRDA:74,5,3,0
BRDA:89,6,0,0
BRDA:120,7,0,0
BRDA:120,7,1,0
BRDA:121,8,0,0
BRDA:121,8,1,0
BRDA:122,9,0,0
BRDA:122,9,1,0
BRDA:130,10,0,0
BRDA:130,10,1,0
BRDA:132,11,0,0
BRDA:132,11,1,0
BRDA:139,12,0,0
BRDA:139,12,1,0
BRF:33
BRH:0
end_of_record
TN:
SF:components/DirectionStep.tsx
FN:13,(anonymous_1)
FNF:1
FNH:0
FNDA:0,(anonymous_1)
DA:2,0
DA:4,0
DA:5,0
DA:6,0
DA:13,0
DA:14,0
DA:60,0
DA:134,0
LF:8
LH:0
BRDA:18,0,0,0
BRDA:18,0,1,0
BRDA:25,1,0,0
BRDA:25,1,1,0
BRDA:42,2,0,0
BRDA:42,2,1,0
BRDA:42,2,2,0
BRDA:48,3,0,0
BRDA:48,3,1,0
BRDA:50,4,0,0
BRDA:50,4,1,0
BRF:11
BRH:0
end_of_record
TN:
SF:components/EmptyState.tsx
FN:14,(anonymous_1)
FNF:1
FNH:0
FNDA:0,(anonymous_1)
DA:2,0
DA:3,0
DA:14,0
DA:21,0
DA:37,0
DA:80,0
LF:6
LH:0
BRDA:28,0,0,0
BRDA:28,0,1,0
BRDA:28,0,2,0
BRF:3
BRH:0
end_of_record
TN:
SF:components/EnhancedFeaturesDemo.tsx
FN:22,EnhancedFeaturesDemo
FN:66,(anonymous_2)
FN:71,(anonymous_3)
FN:76,(anonymous_4)
FN:94,(anonymous_5)
FN:101,(anonymous_6)
FN:106,(anonymous_7)
FN:122,(anonymous_8)
FN:128,(anonymous_9)
FN:135,(anonymous_10)
FN:139,(anonymous_11)
FN:143,(anonymous_12)
FN:147,(anonymous_13)
FN:163,(anonymous_14)
FN:176,(anonymous_15)
FN:189,(anonymous_16)
FN:202,(anonymous_17)
FN:215,(anonymous_18)
FN:422,(anonymous_19)
FNF:19
FNH:0
FNDA:0,EnhancedFeaturesDemo
FNDA:0,(anonymous_2)
FNDA:0,(anonymous_3)
FNDA:0,(anonymous_4)
FNDA:0,(anonymous_5)
FNDA:0,(anonymous_6)
FNDA:0,(anonymous_7)
FNDA:0,(anonymous_8)
FNDA:0,(anonymous_9)
FNDA:0,(anonymous_10)
FNDA:0,(anonymous_11)
FNDA:0,(anonymous_12)
FNDA:0,(anonymous_13)
FNDA:0,(anonymous_14)
FNDA:0,(anonymous_15)
FNDA:0,(anonymous_16)
FNDA:0,(anonymous_17)
FNDA:0,(anonymous_18)
FNDA:0,(anonymous_19)
DA:6,0
DA:7,0
DA:8,0
DA:9,0
DA:11,0
DA:12,0
DA:13,0
DA:22,0
DA:23,0
DA:26,0
DA:27,0
DA:30,0
DA:48,0
DA:66,0
DA:67,0
DA:68,0
DA:71,0
DA:72,0
DA:73,0
DA:76,0
DA:78,0
DA:83,0
DA:89,0
DA:91,0
DA:94,0
DA:95,0
DA:101,0
DA:102,0
DA:106,0
DA:108,0
DA:109,0
DA:111,0
DA:112,0
DA:114,0
DA:119,0
DA:122,0
DA:123,0
DA:124,0
DA:125,0
DA:128,0
DA:129,0
DA:130,0
DA:131,0
DA:135,0
DA:136,0
DA:139,0
DA:140,0
DA:143,0
DA:144,0
DA:147,0
DA:148,0
DA:149,0
DA:150,0
DA:151,0
DA:154,0
DA:163,0
DA:176,0
DA:189,0
DA:202,0
DA:215,0
DA:422,0
LF:61
LH:0
BRDA:164,0,0,0
BRDA:164,0,1,0
BRDA:168,1,0,0
BRDA:168,1,1,0
BRDA:177,2,0,0
BRDA:177,2,1,0
BRDA:181,3,0,0
BRDA:181,3,1,0
BRDA:190,4,0,0
BRDA:190,4,1,0
BRDA:194,5,0,0
BRDA:194,5,1,0
BRDA:203,6,0,0
BRDA:203,6,1,0
BRDA:207,7,0,0
BRDA:207,7,1,0
BRDA:216,8,0,0
BRDA:216,8,1,0
BRDA:220,9,0,0
BRDA:220,9,1,0
BRDA:229,10,0,0
BRDA:229,10,1,0
BRDA:254,11,0,0
BRDA:254,11,1,0
BRDA:294,12,0,0
BRDA:294,12,1,0
BRDA:343,13,0,0
BRDA:343,13,1,0
BRDA:434,14,0,0
BRDA:434,14,1,0
BRF:30
BRH:0
end_of_record
TN:
SF:components/EnhancedRouteCard.tsx
FN:36,(anonymous_1)
FN:44,(anonymous_2)
FN:57,(anonymous_3)
FN:63,(anonymous_4)
FN:76,(anonymous_5)
FN:82,(anonymous_6)
FN:98,(anonymous_7)
FN:104,(anonymous_8)
FN:212,(anonymous_9)
FNF:9
FNH:0
FNDA:0,(anonymous_1)
FNDA:0,(anonymous_2)
FNDA:0,(anonymous_3)
FNDA:0,(anonymous_4)
FNDA:0,(anonymous_5)
FNDA:0,(anonymous_6)
FNDA:0,(anonymous_7)
FNDA:0,(anonymous_8)
FNDA:0,(anonymous_9)
DA:7,0
DA:10,0
DA:11,0
DA:21,0
DA:36,0
DA:37,0
DA:44,0
DA:45,0
DA:47,0
DA:57,0
DA:58,0
DA:63,0
DA:64,0
DA:66,0
DA:68,0
DA:70,0
DA:72,0
DA:76,0
DA:77,0
DA:78,0
DA:79,0
DA:82,0
DA:89,0
DA:90,0
DA:91,0
DA:92,0
DA:93,0
DA:94,0
DA:96,0
DA:98,0
DA:104,0
DA:213,0
DA:243,0
DA:437,0
LF:34
LH:0
BRDA:45,0,0,0
BRDA:51,1,0,0
BRDA:51,1,1,0
BRDA:64,2,0,0
BRDA:64,2,1,0
BRDA:64,2,2,0
BRDA:64,2,3,0
BRDA:77,3,0,0
BRDA:78,4,0,0
BRDA:86,5,0,0
BRDA:87,6,0,0
BRDA:90,7,0,0
BRDA:90,7,1,0
BRDA:91,8,0,0
BRDA:91,8,1,0
BRDA:92,9,0,0
BRDA:92,9,1,0
BRDA:93,10,0,0
BRDA:93,10,1,0
BRDA:93,10,2,0
BRDA:94,11,0,0
BRDA:94,11,1,0
BRDA:94,11,2,0
BRDA:100,12,0,0
BRDA:100,12,1,0
BRDA:101,13,0,0
BRDA:101,13,1,0
BRDA:102,14,0,0
BRDA:102,14,1,0
BRDA:110,15,0,0
BRDA:110,15,1,0
BRDA:110,15,2,0
BRDA:118,16,0,0
BRDA:118,16,1,0
BRDA:132,17,0,0
BRDA:132,17,1,0
BRDA:132,17,2,0
BRDA:134,18,0,0
BRDA:134,18,1,0
BRDA:142,19,0,0
BRDA:142,19,1,0
BRDA:150,20,0,0
BRDA:150,20,1,0
BRDA:162,21,0,0
BRDA:162,21,1,0
BRDA:162,21,2,0
BRDA:164,22,0,0
BRDA:164,22,1,0
BRDA:172,23,0,0
BRDA:172,23,1,0
BRDA:180,24,0,0
BRDA:180,24,1,0
BRDA:192,25,0,0
BRDA:192,25,1,0
BRDA:199,26,0,0
BRDA:199,26,1,0
BRDA:203,27,0,0
BRDA:203,27,1,0
BRDA:205,28,0,0
BRDA:205,28,1,0
BRDA:215,29,0,0
BRDA:215,29,1,0
BRDA:223,30,0,0
BRDA:223,30,1,0
BRDA:223,30,2,0
BRDA:231,31,0,0
BRDA:231,31,1,0
BRDA:231,31,2,0
BRF:68
BRH:0
end_of_record
TN:
SF:components/ErrorBoundary.tsx
FN:17,(anonymous_1)
FN:30,(anonymous_2)
FN:22,(anonymous_3)
FN:26,(anonymous_4)
FN:34,(anonymous_5)
FNF:5
FNH:0
FNDA:0,(anonymous_1)
FNDA:0,(anonymous_2)
FNDA:0,(anonymous_3)
FNDA:0,(anonymous_4)
FNDA:0,(anonymous_5)
DA:1,0
DA:2,0
DA:3,0
DA:4,0
DA:18,0
DA:19,0
DA:23,0
DA:27,0
DA:30,0
DA:31,0
DA:35,0
DA:36,0
DA:37,0
DA:38,0
DA:41,0
DA:56,0
DA:60,0
DA:99,0
LF:18
LH:0
BRDA:35,0,0,0
BRDA:36,1,0,0
BRDA:46,2,0,0
BRDA:46,2,1,0
BRF:4
BRH:0
end_of_record
TN:
SF:components/ExpoMapView.tsx
FN:31,ExpoMapView
FN:77,(anonymous_2)
FN:84,(anonymous_3)
FN:94,getDistance
FN:109,(anonymous_5)
FN:116,(anonymous_6)
FN:120,(anonymous_7)
FN:125,(anonymous_8)
FN:166,(anonymous_9)
FN:202,(anonymous_10)
FNF:10
FNH:0
FNDA:0,ExpoMapView
FNDA:0,(anonymous_2)
FNDA:0,(anonymous_3)
FNDA:0,getDistance
FNDA:0,(anonymous_5)
FNDA:0,(anonymous_6)
FNDA:0,(anonymous_7)
FNDA:0,(anonymous_8)
FNDA:0,(anonymous_9)
FNDA:0,(anonymous_10)
DA:1,0
DA:2,0
DA:3,0
DA:5,0
DA:6,0
DA:9,0
DA:10,0
DA:11,0
DA:12,0
DA:14,0
DA:15,0
DA:31,0
DA:42,0
DA:43,0
DA:57,0
DA:58,0
DA:59,0
DA:61,0
DA:62,0
DA:65,0
DA:68,0
DA:70,0
DA:77,0
DA:83,0
DA:85,0
DA:89,0
DA:95,0
DA:96,0
DA:97,0
DA:98,0
DA:99,0
DA:102,0
DA:104,0
DA:106,0
DA:109,0
DA:110,0
DA:111,0
DA:112,0
DA:116,0
DA:117,0
DA:120,0
DA:121,0
DA:122,0
DA:125,0
DA:126,0
DA:128,0
DA:138,0
DA:166,0
DA:181,0
DA:192,0
DA:203,0
DA:204,0
DA:205,0
DA:236,0
LF:54
LH:0
BRDA:38,0,0,0
BRDA:42,1,0,0
BRDA:42,2,0,0
BRDA:42,2,1,0
BRDA:47,3,0,0
BRDA:47,3,1,0
BRDA:68,4,0,0
BRDA:68,4,1,0
BRDA:68,4,2,0
BRDA:77,5,0,0
BRDA:77,5,1,0
BRDA:83,6,0,0
BRDA:83,6,1,0
BRDA:111,7,0,0
BRDA:111,8,0,0
BRDA:111,8,1,0
BRDA:126,9,0,0
BRDA:126,10,0,0
BRDA:126,10,1,0
BRDA:140,11,0,0
BRDA:140,11,1,0
BRDA:153,12,0,0
BRDA:153,12,1,0
BRDA:181,13,0,0
BRDA:181,13,1,0
BRDA:203,14,0,0
BRF:26
BRH:0
end_of_record
TN:
SF:components/FunFactCard.tsx
FN:12,(anonymous_1)
FNF:1
FNH:0
FNDA:0,(anonymous_1)
DA:2,0
DA:3,0
DA:4,0
DA:12,0
DA:13,0
DA:34,0
DA:72,0
LF:7
LH:0
BRDA:20,0,0,0
BRDA:20,0,1,0
BRDA:22,1,0,0
BRDA:22,1,1,0
BRF:4
BRH:0
end_of_record
TN:
SF:components/InAppNotificationHost.tsx
FN:12,(anonymous_10)
FN:17,(anonymous_11)
FN:55,(anonymous_12)
FN:59,(anonymous_13)
FN:63,(anonymous_14)
FN:64,(anonymous_15)
FN:72,(anonymous_16)
FN:78,(anonymous_17)
FN:81,(anonymous_18)
FN:94,(anonymous_19)
FN:97,(anonymous_20)
FN:101,(anonymous_21)
FN:104,(anonymous_22)
FN:105,(anonymous_23)
FN:108,(anonymous_24)
FN:111,(anonymous_25)
FN:112,(anonymous_26)
FN:112,(anonymous_27)
FN:116,(anonymous_28)
FN:149,(anonymous_29)
FNF:20
FNH:0
FNDA:0,(anonymous_10)
FNDA:0,(anonymous_11)
FNDA:0,(anonymous_12)
FNDA:0,(anonymous_13)
FNDA:0,(anonymous_14)
FNDA:0,(anonymous_15)
FNDA:0,(anonymous_16)
FNDA:0,(anonymous_17)
FNDA:0,(anonymous_18)
FNDA:0,(anonymous_19)
FNDA:0,(anonymous_20)
FNDA:0,(anonymous_21)
FNDA:0,(anonymous_22)
FNDA:0,(anonymous_23)
FNDA:0,(anonymous_24)
FNDA:0,(anonymous_25)
FNDA:0,(anonymous_26)
FNDA:0,(anonymous_27)
FNDA:0,(anonymous_28)
FNDA:0,(anonymous_29)
DA:1,0
DA:2,0
DA:3,0
DA:4,0
DA:5,0
DA:6,0
DA:12,0
DA:13,0
DA:14,0
DA:17,0
DA:18,0
DA:55,0
DA:56,0
DA:59,0
DA:63,0
DA:64,0
DA:65,0
DA:72,0
DA:74,0
DA:78,0
DA:79,0
DA:81,0
DA:82,0
DA:84,0
DA:94,0
DA:97,0
DA:101,0
DA:102,0
DA:104,0
DA:105,0
DA:108,0
DA:111,0
DA:112,0
DA:115,0
DA:117,0
DA:119,0
DA:122,0
DA:125,0
DA:126,0
DA:129,0
DA:132,0
DA:138,0
DA:139,0
DA:142,0
DA:152,0
DA:165,0
DA:176,0
LF:47
LH:0
BRDA:79,0,0,0
BRDA:86,1,0,0
BRDA:86,1,1,0
BRDA:87,2,0,0
BRDA:87,2,1,0
BRDA:88,3,0,0
BRDA:88,3,1,0
BRDA:89,4,0,0
BRDA:89,4,1,0
BRDA:90,5,0,0
BRDA:90,5,1,0
BRDA:91,6,0,0
BRDA:91,6,1,0
BRDA:102,7,0,0
BRDA:119,8,0,0
BRDA:119,8,1,0
BRDA:119,8,2,0
BRDA:119,8,3,0
BRDA:138,9,0,0
BRDA:145,10,0,0
BRDA:145,10,1,0
BRF:21
BRH:0
end_of_record
TN:
SF:components/InteractiveMap.tsx
FN:32,(anonymous_1)
FN:50,(anonymous_2)
FN:56,(anonymous_3)
FN:69,(anonymous_4)
FN:77,(anonymous_5)
FN:80,(anonymous_6)
FN:89,(anonymous_7)
FN:92,(anonymous_8)
FN:96,(anonymous_9)
FNF:9
FNH:0
FNDA:0,(anonymous_1)
FNDA:0,(anonymous_2)
FNDA:0,(anonymous_3)
FNDA:0,(anonymous_4)
FNDA:0,(anonymous_5)
FNDA:0,(anonymous_6)
FNDA:0,(anonymous_7)
FNDA:0,(anonymous_8)
FNDA:0,(anonymous_9)
DA:1,0
DA:2,0
DA:3,0
DA:4,0
DA:6,0
DA:7,0
DA:8,0
DA:9,0
DA:32,0
DA:47,0
DA:48,0
DA:50,0
DA:51,0
DA:52,0
DA:53,0
DA:56,0
DA:57,0
DA:58,0
DA:60,0
DA:68,0
DA:70,0
DA:71,0
DA:76,0
DA:78,0
DA:79,0
DA:80,0
DA:81,0
DA:82,0
DA:89,0
DA:90,0
DA:91,0
DA:92,0
DA:96,0
DA:97,0
DA:98,0
DA:101,0
DA:135,0
DA:192,0
LF:38
LH:0
BRDA:39,0,0,0
BRDA:40,1,0,0
BRDA:42,2,0,0
BRDA:43,3,0,0
BRDA:51,4,0,0
BRDA:52,5,0,0
BRDA:79,6,0,0
BRDA:81,7,0,0
BRDA:90,8,0,0
BRDA:92,9,0,0
BRDA:92,9,1,0
BRDA:97,10,0,0
BRDA:114,11,0,0
BRDA:114,11,1,0
BRDA:126,12,0,0
BRDA:126,12,1,0
BRF:16
BRH:0
end_of_record
TN:
SF:components/KidFriendlyMap.tsx
FN:53,KidFriendlyMap
FN:78,(anonymous_10)
FN:82,(anonymous_11)
FN:88,(anonymous_12)
FN:125,(anonymous_13)
FN:135,(anonymous_14)
FN:143,(anonymous_15)
FN:150,(anonymous_16)
FN:158,(anonymous_17)
FN:168,(anonymous_18)
FN:183,(anonymous_19)
FN:194,(anonymous_20)
FN:218,(anonymous_21)
FN:240,(anonymous_22)
FNF:14
FNH:0
FNDA:0,KidFriendlyMap
FNDA:0,(anonymous_10)
FNDA:0,(anonymous_11)
FNDA:0,(anonymous_12)
FNDA:0,(anonymous_13)
FNDA:0,(anonymous_14)
FNDA:0,(anonymous_15)
FNDA:0,(anonymous_16)
FNDA:0,(anonymous_17)
FNDA:0,(anonymous_18)
FNDA:0,(anonymous_19)
FNDA:0,(anonymous_20)
FNDA:0,(anonymous_21)
FNDA:0,(anonymous_22)
DA:6,0
DA:7,0
DA:8,0
DA:16,0
DA:17,0
DA:18,0
DA:53,0
DA:64,0
DA:65,0
DA:66,0
DA:76,0
DA:78,0
DA:79,0
DA:82,0
DA:83,0
DA:84,0
DA:88,0
DA:89,0
DA:90,0
DA:92,0
DA:93,0
DA:94,0
DA:95,0
DA:97,0
DA:101,0
DA:105,0
DA:106,0
DA:109,0
DA:110,0
DA:119,0
DA:126,0
DA:127,0
DA:131,0
DA:135,0
DA:136,0
DA:138,0
DA:143,0
DA:144,0
DA:145,0
DA:146,0
DA:148,0
DA:150,0
DA:151,0
DA:153,0
DA:154,0
DA:156,0
DA:158,0
DA:159,0
DA:160,0
DA:161,0
DA:163,0
DA:168,0
DA:169,0
DA:170,0
DA:171,0
DA:172,0
DA:173,0
DA:176,0
DA:178,0
DA:180,0
DA:183,0
DA:184,0
DA:185,0
DA:194,0
DA:195,0
DA:196,0
DA:203,0
DA:219,0
DA:241,0
DA:273,0
LF:70
LH:0
BRDA:55,0,0,0
BRDA:56,1,0,0
BRDA:57,2,0,0
BRDA:61,3,0,0
BRDA:67,4,0,0
BRDA:67,4,1,0
BRDA:83,5,0,0
BRDA:83,6,0,0
BRDA:83,6,1,0
BRDA:92,7,0,0
BRDA:94,8,0,0
BRDA:109,9,0,0
BRDA:109,10,0,0
BRDA:109,10,1,0
BRDA:136,11,0,0
BRDA:148,12,0,0
BRDA:148,12,1,0
BRDA:148,13,0,0
BRDA:148,13,1,0
BRDA:153,14,0,0
BRDA:156,15,0,0
BRDA:156,16,0,0
BRDA:156,16,1,0
BRDA:184,17,0,0
BRDA:184,18,0,0
BRDA:184,18,1,0
BRDA:195,19,0,0
BRDA:195,20,0,0
BRDA:195,20,1,0
BRDA:208,21,0,0
BRDA:208,21,1,0
BRDA:223,22,0,0
BRDA:223,22,1,0
BRDA:224,23,0,0
BRDA:224,23,1,0
BRDA:230,24,0,0
BRDA:230,24,1,0
BRDA:244,25,0,0
BRDA:244,25,1,0
BRDA:245,26,0,0
BRDA:245,26,1,0
BRDA:245,27,0,0
BRDA:245,27,1,0
BRDA:256,28,0,0
BRDA:256,28,1,0
BRDA:264,29,0,0
BRDA:264,29,1,0
BRF:47
BRH:0
end_of_record
TN:
SF:components/KidTripPlanner.tsx
FN:74,(anonymous_1)
FN:89,(anonymous_2)
FN:98,(anonymous_3)
FN:294,(anonymous_4)
FN:301,(anonymous_5)
FN:302,(anonymous_6)
FN:307,(anonymous_7)
FN:326,(anonymous_8)
FN:327,(anonymous_9)
FN:384,(anonymous_10)
FN:427,(anonymous_11)
FN:428,(anonymous_12)
FN:448,(anonymous_13)
FN:497,(anonymous_14)
FN:498,(anonymous_15)
FN:506,(anonymous_16)
FN:506,(anonymous_17)
FN:518,(anonymous_18)
FN:519,(anonymous_19)
FN:530,(anonymous_20)
FN:531,(anonymous_21)
FN:549,(anonymous_22)
FN:550,(anonymous_23)
FN:572,(anonymous_24)
FN:573,(anonymous_25)
FN:632,(anonymous_26)
FN:643,(anonymous_27)
FNF:27
FNH:0
FNDA:0,(anonymous_1)
FNDA:0,(anonymous_2)
FNDA:0,(anonymous_3)
FNDA:0,(anonymous_4)
FNDA:0,(anonymous_5)
FNDA:0,(anonymous_6)
FNDA:0,(anonymous_7)
FNDA:0,(anonymous_8)
FNDA:0,(anonymous_9)
FNDA:0,(anonymous_10)
FNDA:0,(anonymous_11)
FNDA:0,(anonymous_12)
FNDA:0,(anonymous_13)
FNDA:0,(anonymous_14)
FNDA:0,(anonymous_15)
FNDA:0,(anonymous_16)
FNDA:0,(anonymous_17)
FNDA:0,(anonymous_18)
FNDA:0,(anonymous_19)
FNDA:0,(anonymous_20)
FNDA:0,(anonymous_21)
FNDA:0,(anonymous_22)
FNDA:0,(anonymous_23)
FNDA:0,(anonymous_24)
FNDA:0,(anonymous_25)
FNDA:0,(anonymous_26)
FNDA:0,(anonymous_27)
DA:1,0
DA:2,0
DA:11,0
DA:25,0
DA:26,0
DA:74,0
DA:75,0
DA:76,0
DA:77,0
DA:78,0
DA:79,0
DA:80,0
DA:81,0
DA:82,0
DA:89,0
DA:90,0
DA:91,0
DA:92,0
DA:95,0
DA:98,0
DA:100,0
DA:290,0
DA:291,0
DA:294,0
DA:295,0
DA:296,0
DA:297,0
DA:301,0
DA:302,0
DA:303,0
DA:307,0
DA:308,0
DA:314,0
DA:326,0
DA:327,0
DA:328,0
DA:330,0
DA:332,0
DA:341,0
DA:343,0
DA:347,0
DA:385,0
DA:427,0
DA:428,0
DA:448,0
DA:455,0
DA:498,0
DA:506,0
DA:519,0
DA:531,0
DA:550,0
DA:573,0
DA:633,0
DA:644,0
DA:670,0
DA:1082,0
LF:56
LH:0
BRDA:75,0,0,0
BRDA:75,0,1,0
BRDA:90,1,0,0
BRDA:90,2,0,0
BRDA:90,2,1,0
BRDA:296,3,0,0
BRDA:303,4,0,0
BRDA:303,4,1,0
BRDA:328,5,0,0
BRDA:328,5,1,0
BRDA:328,5,2,0
BRDA:328,5,3,0
BRDA:336,6,0,0
BRDA:336,6,1,0
BRDA:336,7,0,0
BRDA:336,7,1,0
BRDA:353,8,0,0
BRDA:353,8,1,0
BRDA:355,9,0,0
BRDA:355,9,1,0
BRDA:374,10,0,0
BRDA:374,10,1,0
BRDA:381,11,0,0
BRDA:381,11,1,0
BRDA:381,11,2,0
BRDA:397,12,0,0
BRDA:397,12,1,0
BRDA:402,13,0,0
BRDA:402,13,1,0
BRDA:411,14,0,0
BRDA:411,14,1,0
BRDA:416,15,0,0
BRDA:416,15,1,0
BRDA:547,16,0,0
BRDA:547,16,1,0
BRDA:555,17,0,0
BRDA:555,17,1,0
BRDA:560,18,0,0
BRDA:560,18,1,0
BRDA:570,19,0,0
BRDA:570,19,1,0
BRDA:576,20,0,0
BRDA:576,20,1,0
BRDA:580,21,0,0
BRDA:580,21,1,0
BRDA:591,22,0,0
BRDA:591,22,1,0
BRDA:597,23,0,0
BRDA:597,23,1,0
BRDA:605,24,0,0
BRDA:605,24,1,0
BRF:51
BRH:0
end_of_record
TN:
SF:components/LiveArrivalsCard.tsx
FN:29,(anonymous_1)
FN:43,(anonymous_2)
FN:57,(anonymous_3)
FN:64,(anonymous_4)
FN:68,(anonymous_5)
FN:82,(anonymous_6)
FN:83,(anonymous_7)
FN:85,(anonymous_8)
FN:91,(anonymous_9)
FN:96,(anonymous_10)
FN:102,(anonymous_11)
FN:108,(anonymous_12)
FN:182,(anonymous_13)
FN:184,(anonymous_14)
FNF:14
FNH:0
FNDA:0,(anonymous_1)
FNDA:0,(anonymous_2)
FNDA:0,(anonymous_3)
FNDA:0,(anonymous_4)
FNDA:0,(anonymous_5)
FNDA:0,(anonymous_6)
FNDA:0,(anonymous_7)
FNDA:0,(anonymous_8)
FNDA:0,(anonymous_9)
FNDA:0,(anonymous_10)
FNDA:0,(anonymous_11)
FNDA:0,(anonymous_12)
FNDA:0,(anonymous_13)
FNDA:0,(anonymous_14)
DA:1,0
DA:2,0
DA:3,0
DA:4,0
DA:5,0
DA:6,0
DA:7,0
DA:29,0
DA:38,0
DA:41,0
DA:44,0
DA:45,0
DA:46,0
DA:47,0
DA:49,0
DA:51,0
DA:52,0
DA:59,0
DA:60,0
DA:62,0
DA:64,0
DA:68,0
DA:69,0
DA:72,0
DA:79,0
DA:82,0
DA:83,0
DA:84,0
DA:85,0
DA:91,0
DA:92,0
DA:93,0
DA:96,0
DA:97,0
DA:98,0
DA:99,0
DA:102,0
DA:103,0
DA:104,0
DA:105,0
DA:108,0
DA:109,0
DA:139,0
DA:182,0
DA:184,0
DA:199,0
DA:334,0
LF:47
LH:0
BRDA:35,0,0,0
BRDA:36,1,0,0
BRDA:46,2,0,0
BRDA:47,3,0,0
BRDA:47,3,1,0
BRDA:55,4,0,0
BRDA:55,4,1,0
BRDA:59,5,0,0
BRDA:59,6,0,0
BRDA:59,6,1,0
BRDA:69,7,0,0
BRDA:69,7,1,0
BRDA:69,7,2,0
BRDA:72,8,0,0
BRDA:72,8,1,0
BRDA:73,9,0,0
BRDA:73,9,1,0
BRDA:79,10,0,0
BRDA:79,10,1,0
BRDA:84,11,0,0
BRDA:84,12,0,0
BRDA:84,12,1,0
BRDA:97,13,0,0
BRDA:98,14,0,0
BRDA:103,15,0,0
BRDA:104,16,0,0
BRDA:109,17,0,0
BRDA:109,17,1,0
BRDA:126,18,0,0
BRDA:126,18,1,0
BRDA:129,19,0,0
BRDA:129,19,1,0
BRDA:150,20,0,0
BRDA:150,20,1,0
BRDA:162,21,0,0
BRDA:162,21,1,0
BRDA:168,22,0,0
BRDA:168,22,1,0
BRDA:172,23,0,0
BRDA:172,23,1,0
BRDA:180,24,0,0
BRDA:180,24,1,0
BRDA:191,25,0,0
BRDA:191,25,1,0
BRF:44
BRH:0
end_of_record
TN:
SF:components/LoadingSpinner.tsx
FN:10,(anonymous_1)
FN:16,(anonymous_2)
FN:17,(anonymous_3)
FN:23,(anonymous_4)
FN:33,(anonymous_5)
FNF:5
FNH:0
FNDA:0,(anonymous_1)
FNDA:0,(anonymous_2)
FNDA:0,(anonymous_3)
FNDA:0,(anonymous_4)
FNDA:0,(anonymous_5)
DA:1,0
DA:2,0
DA:3,0
DA:10,0
DA:14,0
DA:16,0
DA:17,0
DA:18,0
DA:19,0
DA:23,0
DA:25,0
DA:28,0
DA:33,0
DA:34,0
DA:36,0
DA:38,0
DA:40,0
DA:44,0
DA:46,0
DA:64,0
DA:75,0
LF:21
LH:0
BRDA:11,0,0,0
BRDA:12,1,0,0
BRDA:34,2,0,0
BRDA:34,2,1,0
BRDA:34,2,2,0
BRF:5
BRH:0
end_of_record
TN:
SF:components/MTAEducation.tsx
FN:23,(anonymous_1)
FN:27,(anonymous_2)
FN:30,(anonymous_3)
FN:44,(anonymous_4)
FN:51,(anonymous_5)
FN:61,(anonymous_6)
FN:114,(anonymous_7)
FN:163,(anonymous_8)
FN:181,(anonymous_9)
FN:189,(anonymous_10)
FN:209,(anonymous_11)
FN:228,(anonymous_12)
FN:243,(anonymous_13)
FN:262,(anonymous_14)
FN:275,(anonymous_15)
FN:290,(anonymous_16)
FN:347,(anonymous_17)
FNF:17
FNH:0
FNDA:0,(anonymous_1)
FNDA:0,(anonymous_2)
FNDA:0,(anonymous_3)
FNDA:0,(anonymous_4)
FNDA:0,(anonymous_5)
FNDA:0,(anonymous_6)
FNDA:0,(anonymous_7)
FNDA:0,(anonymous_8)
FNDA:0,(anonymous_9)
FNDA:0,(anonymous_10)
FNDA:0,(anonymous_11)
FNDA:0,(anonymous_12)
FNDA:0,(anonymous_13)
FNDA:0,(anonymous_14)
FNDA:0,(anonymous_15)
FNDA:0,(anonymous_16)
FNDA:0,(anonymous_17)
DA:1,0
DA:2,0
DA:3,0
DA:13,0
DA:14,0
DA:15,0
DA:23,0
DA:24,0
DA:25,0
DA:27,0
DA:28,0
DA:30,0
DA:44,0
DA:45,0
DA:47,0
DA:51,0
DA:61,0
DA:62,0
DA:114,0
DA:115,0
DA:164,0
DA:181,0
DA:182,0
DA:190,0
DA:210,0
DA:229,0
DA:243,0
DA:244,0
DA:263,0
DA:276,0
DA:290,0
DA:291,0
DA:347,0
DA:348,0
DA:350,0
DA:352,0
DA:354,0
DA:356,0
DA:358,0
DA:360,0
DA:364,0
DA:413,0
DA:743,0
LF:43
LH:0
BRDA:29,0,0,0
BRDA:29,0,1,0
BRDA:36,1,0,0
BRDA:36,1,1,0
BRDA:51,2,0,0
BRDA:51,2,1,0
BRDA:54,3,0,0
BRDA:54,3,1,0
BRDA:56,4,0,0
BRDA:56,4,1,0
BRDA:348,5,0,0
BRDA:348,5,1,0
BRDA:348,5,2,0
BRDA:348,5,3,0
BRDA:348,5,4,0
BRDA:348,5,5,0
BRDA:368,6,0,0
BRDA:368,6,1,0
BRDA:379,7,0,0
BRDA:379,7,1,0
BRDA:384,8,0,0
BRDA:384,8,1,0
BRDA:389,9,0,0
BRDA:389,9,1,0
BRDA:396,10,0,0
BRDA:396,10,1,0
BRDA:402,11,0,0
BRDA:402,11,1,0
BRF:28
BRH:0
end_of_record
TN:
SF:components/MTALiveArrivals.tsx
FN:52,(anonymous_1)
FN:169,(anonymous_2)
FN:172,(anonymous_3)
FN:175,(anonymous_4)
FN:180,(anonymous_5)
FN:195,(anonymous_6)
FN:200,(anonymous_7)
FN:201,(anonymous_8)
FN:202,(anonymous_9)
FN:206,(anonymous_10)
FN:217,(anonymous_11)
FN:228,(anonymous_12)
FN:232,(anonymous_13)
FN:238,(anonymous_14)
FN:265,(anonymous_15)
FN:299,(anonymous_16)
FN:323,(anonymous_17)
FNF:17
FNH:0
FNDA:0,(anonymous_1)
FNDA:0,(anonymous_2)
FNDA:0,(anonymous_3)
FNDA:0,(anonymous_4)
FNDA:0,(anonymous_5)
FNDA:0,(anonymous_6)
FNDA:0,(anonymous_7)
FNDA:0,(anonymous_8)
FNDA:0,(anonymous_9)
FNDA:0,(anonymous_10)
FNDA:0,(anonymous_11)
FNDA:0,(anonymous_12)
FNDA:0,(anonymous_13)
FNDA:0,(anonymous_14)
FNDA:0,(anonymous_15)
FNDA:0,(anonymous_16)
FNDA:0,(anonymous_17)
DA:1,0
DA:2,0
DA:11,0
DA:21,0
DA:22,0
DA:52,0
DA:58,0
DA:59,0
DA:60,0
DA:61,0
DA:62,0
DA:63,0
DA:66,0
DA:120,0
DA:150,0
DA:169,0
DA:170,0
DA:171,0
DA:172,0
DA:175,0
DA:176,0
DA:177,0
DA:180,0
DA:183,0
DA:184,0
DA:185,0
DA:186,0
DA:188,0
DA:190,0
DA:191,0
DA:195,0
DA:196,0
DA:197,0
DA:200,0
DA:201,0
DA:202,0
DA:206,0
DA:207,0
DA:209,0
DA:211,0
DA:213,0
DA:217,0
DA:218,0
DA:220,0
DA:222,0
DA:224,0
DA:228,0
DA:229,0
DA:232,0
DA:233,0
DA:234,0
DA:235,0
DA:238,0
DA:239,0
DA:265,0
DA:299,0
DA:300,0
DA:324,0
DA:336,0
DA:337,0
DA:345,0
DA:424,0
DA:696,0
LF:63
LH:0
BRDA:53,0,0,0
BRDA:54,1,0,0
BRDA:183,2,0,0
BRDA:183,2,1,0
BRDA:202,3,0,0
BRDA:202,3,1,0
BRDA:207,4,0,0
BRDA:207,4,1,0
BRDA:207,4,2,0
BRDA:218,5,0,0
BRDA:218,5,1,0
BRDA:218,5,2,0
BRDA:229,6,0,0
BRDA:229,6,1,0
BRDA:233,7,0,0
BRDA:234,8,0,0
BRDA:242,9,0,0
BRDA:242,9,1,0
BRDA:258,10,0,0
BRDA:258,10,1,0
BRDA:269,11,0,0
BRDA:269,11,1,0
BRDA:270,12,0,0
BRDA:270,12,1,0
BRDA:283,13,0,0
BRDA:283,13,1,0
BRDA:290,14,0,0
BRDA:290,14,1,0
BRDA:308,15,0,0
BRDA:308,15,1,0
BRDA:310,16,0,0
BRDA:310,16,1,0
BRDA:312,17,0,0
BRDA:312,17,1,0
BRDA:318,18,0,0
BRDA:318,18,1,0
BRDA:320,19,0,0
BRDA:320,19,1,0
BRDA:320,19,2,0
BRDA:336,20,0,0
BRDA:336,21,0,0
BRDA:336,21,1,0
BRDA:349,22,0,0
BRDA:349,22,1,0
BRDA:357,23,0,0
BRDA:357,23,1,0
BRDA:365,24,0,0
BRDA:365,24,1,0
BRDA:366,25,0,0
BRDA:366,25,1,0
BRDA:378,26,0,0
BRDA:378,26,1,0
BRDA:387,27,0,0
BRDA:387,27,1,0
BRDA:390,28,0,0
BRDA:390,28,1,0
BRDA:394,29,0,0
BRDA:394,29,1,0
BRDA:407,30,0,0
BRDA:407,30,1,0
BRF:60
BRH:0
end_of_record
TN:
SF:components/MTAStationFinder.tsx
FN:61,(anonymous_1)
FN:286,(anonymous_2)
FN:291,(anonymous_3)
FN:295,calculateDistance
FN:313,(anonymous_5)
FN:324,(anonymous_6)
FN:327,(anonymous_7)
FN:334,(anonymous_8)
FN:339,(anonymous_9)
FN:344,(anonymous_10)
FN:350,(anonymous_11)
FN:351,(anonymous_12)
FN:352,(anonymous_13)
FN:356,(anonymous_14)
FN:368,(anonymous_15)
FN:376,(anonymous_16)
FN:380,(anonymous_17)
FN:405,(anonymous_18)
FN:426,(anonymous_19)
FN:455,(anonymous_20)
FN:499,(anonymous_21)
FN:508,(anonymous_22)
FN:518,(anonymous_23)
FN:528,(anonymous_24)
FNF:24
FNH:0
FNDA:0,(anonymous_1)
FNDA:0,(anonymous_2)
FNDA:0,(anonymous_3)
FNDA:0,calculateDistance
FNDA:0,(anonymous_5)
FNDA:0,(anonymous_6)
FNDA:0,(anonymous_7)
FNDA:0,(anonymous_8)
FNDA:0,(anonymous_9)
FNDA:0,(anonymous_10)
FNDA:0,(anonymous_11)
FNDA:0,(anonymous_12)
FNDA:0,(anonymous_13)
FNDA:0,(anonymous_14)
FNDA:0,(anonymous_15)
FNDA:0,(anonymous_16)
FNDA:0,(anonymous_17)
FNDA:0,(anonymous_18)
FNDA:0,(anonymous_19)
FNDA:0,(anonymous_20)
FNDA:0,(anonymous_21)
FNDA:0,(anonymous_22)
FNDA:0,(anonymous_23)
FNDA:0,(anonymous_24)
DA:1,0
DA:2,0
DA:11,0
DA:22,0
DA:23,0
DA:61,0
DA:62,0
DA:63,0
DA:64,0
DA:65,0
DA:66,0
DA:67,0
DA:70,0
DA:71,0
DA:72,0
DA:73,0
DA:74,0
DA:75,0
DA:286,0
DA:287,0
DA:288,0
DA:291,0
DA:292,0
DA:299,0
DA:300,0
DA:301,0
DA:302,0
DA:303,0
DA:306,0
DA:308,0
DA:310,0
DA:313,0
DA:319,0
DA:322,0
DA:323,0
DA:325,0
DA:327,0
DA:333,0
DA:334,0
DA:338,0
DA:339,0
DA:343,0
DA:344,0
DA:347,0
DA:350,0
DA:351,0
DA:352,0
DA:356,0
DA:357,0
DA:358,0
DA:360,0
DA:368,0
DA:369,0
DA:370,0
DA:371,0
DA:373,0
DA:376,0
DA:377,0
DA:380,0
DA:405,0
DA:427,0
DA:456,0
DA:478,0
DA:499,0
DA:508,0
DA:518,0
DA:528,0
DA:560,0
DA:791,0
LF:69
LH:0
BRDA:83,0,0,0
BRDA:83,0,1,0
BRDA:137,1,0,0
BRDA:137,1,1,0
BRDA:179,2,0,0
BRDA:179,2,1,0
BRDA:223,3,0,0
BRDA:223,3,1,0
BRDA:257,4,0,0
BRDA:257,4,1,0
BRDA:322,5,0,0
BRDA:325,6,0,0
BRDA:325,6,1,0
BRDA:325,6,2,0
BRDA:325,6,3,0
BRDA:333,7,0,0
BRDA:338,8,0,0
BRDA:343,9,0,0
BRDA:344,10,0,0
BRDA:344,10,1,0
BRDA:344,11,0,0
BRDA:344,11,1,0
BRDA:352,12,0,0
BRDA:352,12,1,0
BRDA:357,13,0,0
BRDA:357,13,1,0
BRDA:369,14,0,0
BRDA:370,15,0,0
BRDA:385,16,0,0
BRDA:385,16,1,0
BRDA:396,17,0,0
BRDA:396,17,1,0
BRDA:409,18,0,0
BRDA:409,18,1,0
BRDA:410,19,0,0
BRDA:410,19,1,0
BRDA:414,20,0,0
BRDA:414,20,1,0
BRDA:433,21,0,0
BRDA:433,21,1,0
BRDA:434,22,0,0
BRDA:434,22,1,0
BRDA:460,23,0,0
BRDA:460,23,1,0
BRDA:469,24,0,0
BRDA:469,24,1,0
BRDA:498,25,0,0
BRDA:498,25,1,0
BRDA:501,26,0,0
BRDA:501,26,1,0
BRDA:507,27,0,0
BRDA:507,27,1,0
BRDA:510,28,0,0
BRDA:510,28,1,0
BRDA:511,29,0,0
BRDA:511,29,1,0
BRDA:517,30,0,0
BRDA:517,30,1,0
BRDA:520,31,0,0
BRDA:520,31,1,0
BRDA:521,32,0,0
BRDA:521,32,1,0
BRDA:527,33,0,0
BRDA:527,33,1,0
BRDA:530,34,0,0
BRDA:530,34,1,0
BRDA:531,35,0,0
BRDA:531,35,1,0
BRDA:541,36,0,0
BRDA:541,36,1,0
BRDA:544,37,0,0
BRDA:544,37,1,0
BRF:72
BRH:0
end_of_record
TN:
SF:components/MapLibreMap.tsx
FN:12,getMapLibreModule
FN:67,(anonymous_2)
FN:86,(anonymous_3)
FN:106,(anonymous_4)
FN:118,(anonymous_5)
FN:131,(anonymous_6)
FN:140,(anonymous_7)
FN:153,(anonymous_8)
FNF:8
FNH:0
FNDA:0,getMapLibreModule
FNDA:0,(anonymous_2)
FNDA:0,(anonymous_3)
FNDA:0,(anonymous_4)
FNDA:0,(anonymous_5)
FNDA:0,(anonymous_6)
FNDA:0,(anonymous_7)
FNDA:0,(anonymous_8)
DA:1,0
DA:2,0
DA:3,0
DA:4,0
DA:8,0
DA:9,0
DA:13,0
DA:14,0
DA:17,0
DA:19,0
DA:20,0
DA:21,0
DA:23,0
DA:24,0
DA:25,0
DA:34,0
DA:37,0
DA:38,0
DA:58,0
DA:60,0
DA:65,0
DA:67,0
DA:77,0
DA:79,0
DA:80,0
DA:81,0
DA:83,0
DA:86,0
DA:87,0
DA:88,0
DA:92,0
DA:93,0
DA:94,0
DA:96,0
DA:106,0
DA:107,0
DA:108,0
DA:111,0
DA:112,0
DA:115,0
DA:118,0
DA:119,0
DA:125,0
DA:128,0
DA:131,0
DA:132,0
DA:133,0
DA:136,0
DA:139,0
DA:141,0
DA:142,0
DA:145,0
DA:146,0
DA:147,0
DA:153,0
DA:154,0
DA:157,0
DA:177,0
DA:179,0
LF:59
LH:0
BRDA:13,0,0,0
BRDA:21,1,0,0
BRDA:21,1,1,0
BRDA:24,2,0,0
BRDA:27,3,0,0
BRDA:27,3,1,0
BRDA:58,4,0,0
BRDA:58,4,1,0
BRDA:65,5,0,0
BRDA:65,5,1,0
BRDA:79,6,0,0
BRDA:79,7,0,0
BRDA:79,7,1,0
BRDA:79,7,2,0
BRDA:80,8,0,0
BRDA:87,9,0,0
BRDA:87,10,0,0
BRDA:87,10,1,0
BRDA:92,11,0,0
BRDA:92,12,0,0
BRDA:92,12,1,0
BRDA:94,13,0,0
BRDA:94,13,1,0
BRDA:98,14,0,0
BRDA:98,14,1,0
BRDA:107,15,0,0
BRDA:107,16,0,0
BRDA:107,16,1,0
BRDA:111,17,0,0
BRDA:119,18,0,0
BRDA:120,19,0,0
BRDA:120,19,1,0
BRDA:120,19,2,0
BRDA:120,19,3,0
BRDA:132,20,0,0
BRDA:132,21,0,0
BRDA:132,21,1,0
BRDA:141,22,0,0
BRDA:145,23,0,0
BRDA:145,23,1,0
BRDA:146,24,0,0
BRDA:146,25,0,0
BRDA:146,25,1,0
BRDA:158,26,0,0
BRDA:158,26,1,0
BRDA:163,27,0,0
BRDA:163,27,1,0
BRF:47
BRH:0
end_of_record
TN:
SF:components/MapLibreRouteView.tsx
FN:18,(anonymous_10)
FN:27,(anonymous_11)
FN:42,(anonymous_12)
FN:52,(anonymous_13)
FN:73,(anonymous_14)
FN:97,(anonymous_15)
FN:141,(anonymous_16)
FN:143,(anonymous_17)
FN:158,(anonymous_18)
FN:177,(anonymous_19)
FN:181,(anonymous_20)
FN:185,(anonymous_21)
FN:192,(anonymous_22)
FN:195,(anonymous_23)
FN:205,(anonymous_24)
FN:210,(anonymous_25)
FN:215,(anonymous_26)
FNF:17
FNH:0
FNDA:0,(anonymous_10)
FNDA:0,(anonymous_11)
FNDA:0,(anonymous_12)
FNDA:0,(anonymous_13)
FNDA:0,(anonymous_14)
FNDA:0,(anonymous_15)
FNDA:0,(anonymous_16)
FNDA:0,(anonymous_17)
FNDA:0,(anonymous_18)
FNDA:0,(anonymous_19)
FNDA:0,(anonymous_20)
FNDA:0,(anonymous_21)
FNDA:0,(anonymous_22)
FNDA:0,(anonymous_23)
FNDA:0,(anonymous_24)
FNDA:0,(anonymous_25)
FNDA:0,(anonymous_26)
DA:1,0
DA:3,0
DA:4,0
DA:6,0
DA:7,0
DA:18,0
DA:19,0
DA:20,0
DA:21,0
DA:22,0
DA:24,0
DA:27,0
DA:28,0
DA:30,0
DA:32,0
DA:34,0
DA:36,0
DA:38,0
DA:42,0
DA:43,0
DA:44,0
DA:47,0
DA:48,0
DA:49,0
DA:50,0
DA:52,0
DA:53,0
DA:54,0
DA:55,0
DA:56,0
DA:57,0
DA:61,0
DA:67,0
DA:70,0
DA:73,0
DA:77,0
DA:78,0
DA:81,0
DA:97,0
DA:103,0
DA:105,0
DA:106,0
DA:120,0
DA:121,0
DA:135,0
DA:141,0
DA:143,0
DA:158,0
DA:166,0
DA:172,0
DA:175,0
DA:176,0
DA:177,0
DA:180,0
DA:181,0
DA:185,0
DA:186,0
DA:187,0
DA:189,0
DA:192,0
DA:193,0
DA:194,0
DA:195,0
DA:196,0
DA:199,0
DA:200,0
DA:201,0
DA:204,0
DA:205,0
DA:209,0
DA:210,0
DA:214,0
DA:216,0
DA:217,0
DA:218,0
DA:219,0
DA:220,0
DA:226,0
DA:279,0
LF:79
LH:0
BRDA:19,0,0,0
BRDA:20,1,0,0
BRDA:20,1,1,0
BRDA:21,2,0,0
BRDA:21,3,0,0
BRDA:21,3,1,0
BRDA:28,4,0,0
BRDA:30,5,0,0
BRDA:30,5,1,0
BRDA:30,5,2,0
BRDA:30,5,3,0
BRDA:43,6,0,0
BRDA:53,7,0,0
BRDA:53,8,0,0
BRDA:53,8,1,0
BRDA:61,9,0,0
BRDA:62,10,0,0
BRDA:62,10,1,0
BRDA:62,10,2,0
BRDA:62,10,3,0
BRDA:77,11,0,0
BRDA:77,12,0,0
BRDA:77,12,1,0
BRDA:105,13,0,0
BRDA:111,14,0,0
BRDA:111,14,1,0
BRDA:120,15,0,0
BRDA:126,16,0,0
BRDA:126,16,1,0
BRDA:163,17,0,0
BRDA:166,18,0,0
BRDA:167,19,0,0
BRDA:167,19,1,0
BRDA:167,19,2,0
BRDA:167,19,3,0
BRDA:186,20,0,0
BRDA:186,21,0,0
BRDA:186,21,1,0
BRDA:194,22,0,0
BRDA:199,23,0,0
BRDA:200,24,0,0
BRDA:210,25,0,0
BRDA:210,25,1,0
BRDA:216,26,0,0
BRDA:218,27,0,0
BRDA:218,27,1,0
BRDA:219,28,0,0
BRDA:228,29,0,0
BRDA:228,29,1,0
BRDA:228,29,2,0
BRDA:241,30,0,0
BRDA:241,30,1,0
BRDA:241,30,2,0
BRDA:261,31,0,0
BRDA:261,31,1,0
BRDA:261,31,2,0
BRF:56
BRH:0
end_of_record
TN:
SF:components/MapPlaceholder.tsx
FN:10,(anonymous_1)
FNF:1
FNH:0
FNDA:0,(anonymous_1)
DA:2,0
DA:3,0
DA:4,0
DA:10,0
DA:11,0
DA:21,0
DA:51,0
LF:7
LH:0
BRDA:10,0,0,0
BRF:1
BRH:0
end_of_record
TN:
SF:components/MapWithInfoPanel.tsx
FN:16,MapWithInfoPanel
FN:20,(anonymous_11)
FN:27,(anonymous_12)
FN:50,(anonymous_13)
FN:73,(anonymous_14)
FN:124,(anonymous_15)
FN:125,(anonymous_16)
FN:136,(anonymous_17)
FN:158,(anonymous_18)
FNF:9
FNH:0
FNDA:0,MapWithInfoPanel
FNDA:0,(anonymous_11)
FNDA:0,(anonymous_12)
FNDA:0,(anonymous_13)
FNDA:0,(anonymous_14)
FNDA:0,(anonymous_15)
FNDA:0,(anonymous_16)
FNDA:0,(anonymous_17)
FNDA:0,(anonymous_18)
DA:1,0
DA:2,0
DA:3,0
DA:4,0
DA:5,0
DA:6,0
DA:7,0
DA:8,0
DA:9,0
DA:10,0
DA:11,0
DA:12,0
DA:14,0
DA:16,0
DA:17,0
DA:18,0
DA:20,0
DA:21,0
DA:22,0
DA:23,0
DA:27,0
DA:28,0
DA:29,0
DA:30,0
DA:47,0
DA:50,0
DA:53,0
DA:73,0
DA:74,0
DA:79,0
DA:83,0
DA:85,0
DA:125,0
DA:126,0
DA:137,0
DA:159,0
DA:172,0
LF:37
LH:0
BRDA:89,0,0,0
BRDA:89,0,1,0
BRDA:90,1,0,0
BRDA:90,1,1,0
BRDA:91,2,0,0
BRDA:91,2,1,0
BRDA:121,3,0,0
BRDA:121,3,1,0
BRDA:121,3,2,0
BRDA:121,3,3,0
BRDA:123,4,0,0
BRDA:123,4,1,0
BRDA:126,5,0,0
BRDA:126,5,1,0
BRF:14
BRH:0
end_of_record
TN:
SF:components/NetworkStatusBar.tsx
FN:11,(anonymous_1)
FNF:1
FNH:0
FNDA:0,(anonymous_1)
DA:2,0
DA:3,0
DA:4,0
DA:5,0
DA:11,0
DA:12,0
DA:14,0
DA:16,0
DA:29,0
DA:51,0
LF:10
LH:0
BRDA:14,0,0,0
BRDA:14,1,0,0
BRDA:14,1,1,0
BRDA:19,2,0,0
BRDA:19,2,1,0
BRDA:20,3,0,0
BRDA:20,3,1,0
BRF:7
BRH:0
end_of_record
TN:
SF:components/NotificationStatusCard.tsx
FN:14,(anonymous_1)
FN:18,(anonymous_2)
FN:53,(anonymous_3)
FNF:3
FNH:0
FNDA:0,(anonymous_1)
FNDA:0,(anonymous_2)
FNDA:0,(anonymous_3)
DA:2,0
DA:3,0
DA:4,0
DA:5,0
DA:14,0
DA:15,0
DA:16,0
DA:18,0
DA:19,0
DA:20,0
DA:30,0
DA:31,0
DA:41,0
DA:51,0
DA:53,0
DA:54,0
DA:55,0
DA:56,0
DA:58,0
DA:61,0
DA:89,0
DA:161,0
LF:22
LH:0
BRDA:15,0,0,0
BRDA:15,0,1,0
BRDA:19,1,0,0
BRDA:30,2,0,0
BRDA:54,3,0,0
BRDA:71,4,0,0
BRDA:71,4,1,0
BRDA:78,5,0,0
BRDA:78,5,1,0
BRF:9
BRH:0
end_of_record
TN:
SF:components/OfflineIndicator.tsx
FN:6,(anonymous_1)
FN:10,(anonymous_2)
FN:12,(anonymous_3)
FN:18,(anonymous_4)
FNF:4
FNH:0
FNDA:0,(anonymous_1)
FNDA:0,(anonymous_2)
FNDA:0,(anonymous_3)
FNDA:0,(anonymous_4)
DA:1,0
DA:2,0
DA:3,0
DA:4,0
DA:6,0
DA:7,0
DA:10,0
DA:12,0
DA:14,0
DA:17,0
DA:18,0
DA:21,0
DA:23,0
DA:31,0
DA:48,0
LF:15
LH:0
BRDA:21,0,0,0
BRF:1
BRH:0
end_of_record
TN:
SF:components/OnboardingFlow.tsx
FN:14,(anonymous_1)
FN:19,(anonymous_2)
FN:24,(anonymous_3)
FN:28,(anonymous_4)
FN:32,(anonymous_5)
FN:37,(anonymous_6)
FN:47,(anonymous_7)
FN:53,(anonymous_8)
FN:61,(anonymous_9)
FN:82,(anonymous_10)
FN:98,(anonymous_11)
FN:116,(anonymous_12)
FN:133,(anonymous_13)
FN:164,(anonymous_14)
FN:181,(anonymous_15)
FN:196,(anonymous_16)
FNF:16
FNH:0
FNDA:0,(anonymous_1)
FNDA:0,(anonymous_2)
FNDA:0,(anonymous_3)
FNDA:0,(anonymous_4)
FNDA:0,(anonymous_5)
FNDA:0,(anonymous_6)
FNDA:0,(anonymous_7)
FNDA:0,(anonymous_8)
FNDA:0,(anonymous_9)
FNDA:0,(anonymous_10)
FNDA:0,(anonymous_11)
FNDA:0,(anonymous_12)
FNDA:0,(anonymous_13)
FNDA:0,(anonymous_14)
FNDA:0,(anonymous_15)
FNDA:0,(anonymous_16)
DA:1,0
DA:2,0
DA:3,0
DA:4,0
DA:5,0
DA:6,0
DA:14,0
DA:15,0
DA:17,0
DA:19,0
DA:20,0
DA:21,0
DA:24,0
DA:25,0
DA:28,0
DA:29,0
DA:32,0
DA:33,0
DA:34,0
DA:37,0
DA:38,0
DA:47,0
DA:53,0
DA:54,0
DA:61,0
DA:62,0
DA:82,0
DA:98,0
DA:117,0
DA:133,0
DA:134,0
DA:165,0
DA:181,0
DA:182,0
DA:196,0
DA:197,0
DA:199,0
DA:201,0
DA:203,0
DA:205,0
DA:207,0
DA:211,0
DA:214,0
DA:333,0
LF:44
LH:0
BRDA:80,0,0,0
BRDA:80,0,1,0
BRDA:87,1,0,0
BRDA:87,1,1,0
BRDA:96,2,0,0
BRDA:96,2,1,0
BRDA:103,3,0,0
BRDA:103,3,1,0
BRDA:115,4,0,0
BRDA:115,4,1,0
BRDA:123,5,0,0
BRDA:123,5,1,0
BRDA:163,6,0,0
BRDA:163,6,1,0
BRDA:171,7,0,0
BRDA:171,7,1,0
BRDA:197,8,0,0
BRDA:197,8,1,0
BRDA:197,8,2,0
BRDA:197,8,3,0
BRDA:197,8,4,0
BRF:21
BRH:0
end_of_record
TN:
SF:components/OptimizedImage.tsx
FN:16,(anonymous_1)
FN:27,(anonymous_2)
FN:32,(anonymous_3)
FNF:3
FNH:0
FNDA:0,(anonymous_1)
FNDA:0,(anonymous_2)
FNDA:0,(anonymous_3)
DA:1,0
DA:2,0
DA:3,0
DA:4,0
DA:5,0
DA:16,0
DA:24,0
DA:25,0
DA:27,0
DA:28,0
DA:29,0
DA:32,0
DA:33,0
DA:34,0
DA:35,0
DA:38,0
DA:39,0
DA:46,0
DA:66,0
DA:80,0
LF:20
LH:0
BRDA:20,0,0,0
BRDA:38,1,0,0
BRDA:57,2,0,0
BRDA:57,2,1,0
BRF:4
BRH:0
end_of_record
TN:
SF:components/ParentDashboard.tsx
FN:29,(anonymous_1)
FN:40,(anonymous_2)
FN:42,(anonymous_3)
FN:47,(anonymous_4)
FN:55,(anonymous_5)
FN:65,(anonymous_6)
FN:73,(anonymous_7)
FN:87,(anonymous_8)
FN:92,(anonymous_9)
FN:96,(anonymous_10)
FN:100,(anonymous_11)
FN:111,(anonymous_12)
FN:118,(anonymous_13)
FN:129,(anonymous_14)
FN:134,(anonymous_15)
FN:139,(anonymous_16)
FN:151,(anonymous_17)
FN:163,(anonymous_18)
FN:173,(anonymous_19)
FN:207,(anonymous_20)
FN:226,(anonymous_21)
FN:233,(anonymous_22)
FN:257,(anonymous_23)
FN:264,(anonymous_24)
FN:276,(anonymous_25)
FN:282,(anonymous_26)
FN:306,(anonymous_27)
FN:308,(anonymous_28)
FN:335,(anonymous_29)
FN:347,(anonymous_30)
FNF:30
FNH:0
FNDA:0,(anonymous_1)
FNDA:0,(anonymous_2)
FNDA:0,(anonymous_3)
FNDA:0,(anonymous_4)
FNDA:0,(anonymous_5)
FNDA:0,(anonymous_6)
FNDA:0,(anonymous_7)
FNDA:0,(anonymous_8)
FNDA:0,(anonymous_9)
FNDA:0,(anonymous_10)
FNDA:0,(anonymous_11)
FNDA:0,(anonymous_12)
FNDA:0,(anonymous_13)
FNDA:0,(anonymous_14)
FNDA:0,(anonymous_15)
FNDA:0,(anonymous_16)
FNDA:0,(anonymous_17)
FNDA:0,(anonymous_18)
FNDA:0,(anonymous_19)
FNDA:0,(anonymous_20)
FNDA:0,(anonymous_21)
FNDA:0,(anonymous_22)
FNDA:0,(anonymous_23)
FNDA:0,(anonymous_24)
FNDA:0,(anonymous_25)
FNDA:0,(anonymous_26)
FNDA:0,(anonymous_27)
FNDA:0,(anonymous_28)
FNDA:0,(anonymous_29)
FNDA:0,(anonymous_30)
DA:1,0
DA:2,0
DA:3,0
DA:4,0
DA:18,0
DA:19,0
DA:20,0
DA:21,0
DA:22,0
DA:23,0
DA:29,0
DA:31,0
DA:33,0
DA:34,0
DA:37,0
DA:39,0
DA:40,0
DA:42,0
DA:43,0
DA:48,0
DA:49,0
DA:55,0
DA:57,0
DA:58,0
DA:59,0
DA:65,0
DA:66,0
DA:74,0
DA:75,0
DA:76,0
DA:87,0
DA:88,0
DA:89,0
DA:92,0
DA:93,0
DA:96,0
DA:97,0
DA:100,0
DA:109,0
DA:111,0
DA:118,0
DA:119,0
DA:129,0
DA:134,0
DA:139,0
DA:152,0
DA:164,0
DA:173,0
DA:208,0
DA:226,0
DA:227,0
DA:234,0
DA:257,0
DA:258,0
DA:264,0
DA:276,0
DA:283,0
DA:306,0
DA:308,0
DA:309,0
DA:336,0
DA:346,0
DA:347,0
DA:350,0
DA:411,0
DA:711,0
LF:66
LH:0
BRDA:57,0,0,0
BRDA:57,0,1,0
BRDA:61,1,0,0
BRDA:61,1,1,0
BRDA:74,2,0,0
BRDA:74,3,0,0
BRDA:74,3,1,0
BRDA:110,4,0,0
BRDA:110,4,1,0
BRDA:114,5,0,0
BRDA:114,5,1,0
BRDA:147,6,0,0
BRDA:147,6,1,0
BRDA:147,6,2,0
BRDA:183,7,0,0
BRDA:183,7,1,0
BRDA:190,8,0,0
BRDA:190,8,1,0
BRDA:204,9,0,0
BRDA:204,9,1,0
BRDA:216,10,0,0
BRDA:216,10,1,0
BRDA:230,11,0,0
BRDA:230,11,1,0
BRDA:241,12,0,0
BRDA:241,12,1,0
BRDA:247,13,0,0
BRDA:247,13,1,0
BRDA:269,14,0,0
BRDA:269,14,1,0
BRDA:284,15,0,0
BRDA:284,15,1,0
BRDA:288,16,0,0
BRDA:288,16,1,0
BRDA:291,17,0,0
BRDA:291,17,1,0
BRDA:292,18,0,0
BRDA:292,18,1,0
BRDA:292,19,0,0
BRDA:292,19,1,0
BRDA:293,20,0,0
BRDA:293,20,1,0
BRDA:294,21,0,0
BRDA:294,21,1,0
BRDA:294,22,0,0
BRDA:294,22,1,0
BRDA:316,23,0,0
BRDA:316,23,1,0
BRDA:319,24,0,0
BRDA:319,24,1,0
BRDA:326,25,0,0
BRDA:326,25,1,0
BRDA:329,26,0,0
BRDA:329,26,1,0
BRDA:338,27,0,0
BRDA:338,27,1,0
BRDA:346,28,0,0
BRDA:366,29,0,0
BRDA:366,29,1,0
BRDA:372,30,0,0
BRDA:372,30,1,0
BRDA:379,31,0,0
BRDA:379,31,1,0
BRDA:385,32,0,0
BRDA:385,32,1,0
BRDA:391,33,0,0
BRDA:391,33,1,0
BRDA:396,34,0,0
BRDA:396,34,1,0
BRDA:398,35,0,0
BRDA:398,35,1,0
BRDA:402,36,0,0
BRDA:402,36,1,0
BRDA:403,37,0,0
BRDA:403,37,1,0
BRDA:404,38,0,0
BRDA:404,38,1,0
BRF:77
BRH:0
end_of_record
TN:
SF:components/PhotoCheckInButton.tsx
FN:20,(anonymous_1)
FN:33,(anonymous_2)
FN:38,(anonymous_3)
FN:44,(anonymous_4)
FN:84,(anonymous_5)
FNF:5
FNH:0
FNDA:0,(anonymous_1)
FNDA:0,(anonymous_2)
FNDA:0,(anonymous_3)
FNDA:0,(anonymous_4)
FNDA:0,(anonymous_5)
DA:1,0
DA:2,0
DA:3,0
DA:4,0
DA:5,0
DA:6,0
DA:7,0
DA:20,0
DA:26,0
DA:27,0
DA:28,0
DA:29,0
DA:30,0
DA:31,0
DA:33,0
DA:34,0
DA:35,0
DA:38,0
DA:39,0
DA:44,0
DA:45,0
DA:46,0
DA:47,0
DA:54,0
DA:55,0
DA:56,0
DA:59,0
DA:60,0
DA:72,0
DA:80,0
DA:81,0
DA:84,0
DA:85,0
DA:86,0
DA:87,0
DA:88,0
DA:90,0
DA:91,0
DA:92,0
DA:93,0
DA:94,0
DA:95,0
DA:98,0
DA:101,0
DA:149,0
DA:205,0
LF:46
LH:0
BRDA:46,0,0,0
BRDA:50,1,0,0
BRDA:50,1,1,0
BRDA:59,2,0,0
BRDA:59,2,1,0
BRDA:59,3,0,0
BRDA:59,3,1,0
BRDA:59,3,2,0
BRDA:64,4,0,0
BRDA:64,4,1,0
BRDA:75,5,0,0
BRDA:75,5,1,0
BRDA:85,6,0,0
BRDA:90,7,0,0
BRDA:91,8,0,0
BRDA:93,9,0,0
BRDA:109,10,0,0
BRDA:109,10,1,0
BRDA:118,11,0,0
BRDA:118,11,1,0
BRF:20
BRH:0
end_of_record
TN:
SF:components/PhotoCheckInHistory.tsx
FN:8,(anonymous_1)
FN:11,(anonymous_2)
FN:36,(anonymous_3)
FNF:3
FNH:0
FNDA:0,(anonymous_1)
FNDA:0,(anonymous_2)
FNDA:0,(anonymous_3)
DA:2,0
DA:3,0
DA:4,0
DA:5,0
DA:6,0
DA:8,0
DA:9,0
DA:11,0
DA:12,0
DA:13,0
DA:20,0
DA:21,0
DA:32,0
DA:37,0
DA:90,0
DA:203,0
LF:16
LH:0
BRDA:20,0,0,0
BRDA:47,1,0,0
BRDA:47,1,1,0
BRDA:51,2,0,0
BRDA:51,2,1,0
BRDA:54,3,0,0
BRDA:54,3,1,0
BRDA:62,4,0,0
BRDA:62,4,1,0
BRDA:65,5,0,0
BRDA:65,5,1,0
BRDA:73,6,0,0
BRDA:73,6,1,0
BRDA:75,7,0,0
BRDA:75,7,1,0
BRF:15
BRH:0
end_of_record
TN:
SF:components/PinAuthentication.tsx
FN:14,(anonymous_1)
FN:27,(anonymous_2)
FN:53,(anonymous_3)
FN:65,(anonymous_4)
FN:68,(anonymous_5)
FN:72,(anonymous_6)
FN:77,(anonymous_7)
FN:79,(anonymous_8)
FN:81,(anonymous_9)
FN:111,(anonymous_10)
FN:121,(anonymous_11)
FN:136,(anonymous_12)
FN:138,(anonymous_13)
FN:142,(anonymous_14)
FNF:14
FNH:0
FNDA:0,(anonymous_1)
FNDA:0,(anonymous_2)
FNDA:0,(anonymous_3)
FNDA:0,(anonymous_4)
FNDA:0,(anonymous_5)
FNDA:0,(anonymous_6)
FNDA:0,(anonymous_7)
FNDA:0,(anonymous_8)
FNDA:0,(anonymous_9)
FNDA:0,(anonymous_10)
FNDA:0,(anonymous_11)
FNDA:0,(anonymous_12)
FNDA:0,(anonymous_13)
FNDA:0,(anonymous_14)
DA:1,0
DA:2,0
DA:3,0
DA:4,0
DA:14,0
DA:21,0
DA:22,0
DA:23,0
DA:24,0
DA:25,0
DA:27,0
DA:28,0
DA:29,0
DA:30,0
DA:33,0
DA:34,0
DA:35,0
DA:36,0
DA:39,0
DA:40,0
DA:41,0
DA:42,0
DA:43,0
DA:44,0
DA:48,0
DA:50,0
DA:53,0
DA:54,0
DA:56,0
DA:57,0
DA:58,0
DA:59,0
DA:61,0
DA:65,0
DA:66,0
DA:67,0
DA:68,0
DA:71,0
DA:72,0
DA:77,0
DA:78,0
DA:79,0
DA:81,0
DA:85,0
DA:86,0
DA:87,0
DA:89,0
DA:111,0
DA:122,0
DA:137,0
DA:139,0
DA:143,0
DA:144,0
DA:145,0
DA:146,0
DA:177,0
DA:307,0
LF:57
LH:0
BRDA:17,0,0,0
BRDA:18,1,0,0
BRDA:19,2,0,0
BRDA:28,3,0,0
BRDA:33,4,0,0
BRDA:34,5,0,0
BRDA:39,6,0,0
BRDA:66,7,0,0
BRDA:66,7,1,0
BRDA:67,8,0,0
BRDA:71,9,0,0
BRDA:78,10,0,0
BRDA:78,10,1,0
BRDA:85,11,0,0
BRDA:85,11,1,0
BRDA:86,12,0,0
BRDA:86,12,1,0
BRDA:87,13,0,0
BRDA:87,13,1,0
BRDA:104,14,0,0
BRDA:104,14,1,0
BRDA:112,15,0,0
BRDA:112,15,1,0
BRDA:124,16,0,0
BRDA:124,16,1,0
BRDA:141,17,0,0
BRDA:141,17,1,0
BRDA:143,18,0,0
BRDA:143,18,1,0
BRDA:145,19,0,0
BRDA:162,20,0,0
BRDA:162,20,1,0
BRDA:165,21,0,0
BRDA:165,21,1,0
BRDA:165,22,0,0
BRDA:165,22,1,0
BRF:36
BRH:0
end_of_record
TN:
SF:components/PlaceCard.tsx
FN:22,(anonymous_1)
FN:23,(anonymous_2)
FN:48,(anonymous_3)
FN:49,(anonymous_4)
FNF:4
FNH:0
FNDA:0,(anonymous_1)
FNDA:0,(anonymous_2)
FNDA:0,(anonymous_3)
FNDA:0,(anonymous_4)
DA:2,0
DA:4,0
DA:5,0
DA:22,0
DA:23,0
DA:24,0
DA:26,0
DA:28,0
DA:30,0
DA:32,0
DA:34,0
DA:36,0
DA:38,0
DA:40,0
DA:42,0
DA:46,0
DA:48,0
DA:49,0
DA:62,0
DA:104,0
LF:20
LH:0
BRDA:24,0,0,0
BRDA:24,0,1,0
BRDA:24,0,2,0
BRDA:24,0,3,0
BRDA:24,0,4,0
BRDA:24,0,5,0
BRDA:24,0,6,0
BRDA:24,0,7,0
BRDA:24,0,8,0
BRDA:48,1,0,0
BRDA:48,1,1,0
BRF:11
BRH:0
end_of_record
TN:
SF:components/PullToRefresh.tsx
FN:11,(anonymous_1)
FN:18,(anonymous_2)
FNF:2
FNH:0
FNDA:0,(anonymous_1)
FNDA:0,(anonymous_2)
DA:1,0
DA:2,0
DA:3,0
DA:11,0
DA:16,0
DA:18,0
DA:19,0
DA:20,0
DA:21,0
DA:23,0
DA:27,0
DA:48,0
LF:12
LH:0
BRDA:14,0,0,0
BRDA:31,1,0,0
BRDA:31,1,1,0
BRDA:37,2,0,0
BRDA:37,2,1,0
BRF:5
BRH:0
end_of_record
TN:
SF:components/RegionSelector.tsx
FN:13,(anonymous_1)
FN:18,(anonymous_2)
FN:21,(anonymous_3)
FN:47,(anonymous_4)
FNF:4
FNH:0
FNDA:0,(anonymous_1)
FNDA:0,(anonymous_2)
FNDA:0,(anonymous_3)
FNDA:0,(anonymous_4)
DA:2,0
DA:3,0
DA:5,0
DA:13,0
DA:18,0
DA:19,0
DA:21,0
DA:37,0
DA:47,0
DA:54,0
DA:117,0
LF:11
LH:0
BRDA:20,0,0,0
BRDA:20,0,1,0
BRDA:33,1,0,0
BRDA:33,1,1,0
BRF:4
BRH:0
end_of_record
TN:
SF:components/RegionSwitcher.tsx
FN:8,(anonymous_1)
FN:12,(anonymous_2)
FN:19,(anonymous_3)
FN:28,(anonymous_4)
FNF:4
FNH:0
FNDA:0,(anonymous_1)
FNDA:0,(anonymous_2)
FNDA:0,(anonymous_3)
FNDA:0,(anonymous_4)
DA:1,0
DA:2,0
DA:3,0
DA:4,0
DA:5,0
DA:6,0
DA:8,0
DA:9,0
DA:10,0
DA:12,0
DA:13,0
DA:14,0
DA:17,0
DA:19,0
DA:28,0
DA:44,0
DA:81,0
LF:17
LH:0
BRF:0
BRH:0
end_of_record
TN:
SF:components/RegionalFunFactCard.tsx
FN:11,(anonymous_1)
FNF:1
FNH:0
FNDA:0,(anonymous_1)
DA:2,0
DA:3,0
DA:4,0
DA:5,0
DA:11,0
DA:12,0
DA:16,0
DA:18,0
DA:37,0
DA:75,0
LF:10
LH:0
BRDA:25,0,0,0
BRDA:25,0,1,0
BRF:2
BRH:0
end_of_record
TN:
SF:components/RegionalTransitCard.tsx
FN:8,(anonymous_1)
FN:12,(anonymous_2)
FN:28,(anonymous_3)
FN:53,(anonymous_4)
FNF:4
FNH:0
FNDA:0,(anonymous_1)
FNDA:0,(anonymous_2)
FNDA:0,(anonymous_3)
FNDA:0,(anonymous_4)
DA:2,0
DA:3,0
DA:4,0
DA:6,0
DA:8,0
DA:9,0
DA:10,0
DA:12,0
DA:13,0
DA:16,0
DA:18,0
DA:20,0
DA:22,0
DA:24,0
DA:28,0
DA:29,0
DA:43,0
DA:53,0
DA:65,0
DA:130,0
LF:20
LH:0
BRDA:13,0,0,0
BRDA:13,0,1,0
BRDA:13,0,2,0
BRDA:13,0,3,0
BRDA:13,0,4,0
BRDA:13,0,5,0
BRDA:37,1,0,0
BRDA:37,1,1,0
BRF:8
BRH:0
end_of_record
TN:
SF:components/RouteCard.tsx
FN:14,(anonymous_1)
FN:17,(anonymous_2)
FN:22,(anonymous_3)
FN:35,(anonymous_4)
FNF:4
FNH:0
FNDA:0,(anonymous_1)
FNDA:0,(anonymous_2)
FNDA:0,(anonymous_3)
FNDA:0,(anonymous_4)
DA:2,0
DA:4,0
DA:5,0
DA:6,0
DA:14,0
DA:15,0
DA:17,0
DA:22,0
DA:36,0
DA:48,0
DA:103,0
LF:11
LH:0
BRDA:14,0,0,0
BRDA:19,1,0,0
BRDA:19,1,1,0
BRDA:20,2,0,0
BRDA:20,2,1,0
BRDA:38,3,0,0
BRDA:38,3,1,0
BRF:7
BRH:0
end_of_record
TN:
SF:components/RoutingDemo.tsx
FN:28,RoutingDemo
FN:49,(anonymous_1)
FN:81,(anonymous_2)
FN:133,(anonymous_3)
FN:172,(anonymous_4)
FN:218,(anonymous_5)
FN:257,(anonymous_6)
FN:274,(anonymous_7)
FN:278,(anonymous_8)
FN:296,(anonymous_9)
FN:297,(anonymous_10)
FN:305,(anonymous_11)
FN:306,(anonymous_12)
FN:315,(anonymous_13)
FN:315,(anonymous_14)
FN:327,(anonymous_15)
FN:328,(anonymous_16)
FN:336,(anonymous_17)
FN:337,(anonymous_18)
FN:346,(anonymous_19)
FN:346,(anonymous_20)
FN:354,(anonymous_21)
FN:361,(anonymous_22)
FN:363,(anonymous_23)
FN:363,(anonymous_24)
FN:365,(anonymous_25)
FN:398,(anonymous_26)
FN:407,(anonymous_27)
FN:453,(anonymous_28)
FNF:29
FNH:0
FNDA:0,RoutingDemo
FNDA:0,(anonymous_1)
FNDA:0,(anonymous_2)
FNDA:0,(anonymous_3)
FNDA:0,(anonymous_4)
FNDA:0,(anonymous_5)
FNDA:0,(anonymous_6)
FNDA:0,(anonymous_7)
FNDA:0,(anonymous_8)
FNDA:0,(anonymous_9)
FNDA:0,(anonymous_10)
FNDA:0,(anonymous_11)
FNDA:0,(anonymous_12)
FNDA:0,(anonymous_13)
FNDA:0,(anonymous_14)
FNDA:0,(anonymous_15)
FNDA:0,(anonymous_16)
FNDA:0,(anonymous_17)
FNDA:0,(anonymous_18)
FNDA:0,(anonymous_19)
FNDA:0,(anonymous_20)
FNDA:0,(anonymous_21)
FNDA:0,(anonymous_22)
FNDA:0,(anonymous_23)
FNDA:0,(anonymous_24)
FNDA:0,(anonymous_25)
FNDA:0,(anonymous_26)
FNDA:0,(anonymous_27)
FNDA:0,(anonymous_28)
DA:6,0
DA:7,0
DA:17,0
DA:18,0
DA:19,0
DA:20,0
DA:28,0
DA:29,0
DA:35,0
DA:41,0
DA:42,0
DA:43,0
DA:45,0
DA:46,0
DA:47,0
DA:49,0
DA:50,0
DA:56,0
DA:63,0
DA:81,0
DA:82,0
DA:83,0
DA:84,0
DA:87,0
DA:88,0
DA:99,0
DA:100,0
DA:113,0
DA:114,0
DA:116,0
DA:117,0
DA:120,0
DA:121,0
DA:123,0
DA:129,0
DA:133,0
DA:134,0
DA:135,0
DA:140,0
DA:141,0
DA:146,0
DA:147,0
DA:148,0
DA:153,0
DA:159,0
DA:165,0
DA:166,0
DA:168,0
DA:172,0
DA:173,0
DA:174,0
DA:179,0
DA:180,0
DA:181,0
DA:183,0
DA:184,0
DA:185,0
DA:186,0
DA:187,0
DA:192,0
DA:195,0
DA:200,0
DA:201,0
DA:202,0
DA:207,0
DA:211,0
DA:212,0
DA:214,0
DA:218,0
DA:219,0
DA:258,0
DA:267,0
DA:275,0
DA:279,0
DA:280,0
DA:297,0
DA:306,0
DA:315,0
DA:328,0
DA:337,0
DA:346,0
DA:355,0
DA:362,0
DA:363,0
DA:365,0
DA:398,0
DA:407,0
DA:453,0
DA:479,0
LF:89
LH:0
BRDA:82,0,0,0
BRDA:82,1,0,0
BRDA:82,1,1,0
BRDA:93,2,0,0
BRDA:93,2,1,0
BRDA:105,3,0,0
BRDA:105,3,1,0
BRDA:116,4,0,0
BRDA:146,5,0,0
BRDA:146,5,1,0
BRDA:183,6,0,0
BRDA:183,6,1,0
BRDA:185,7,0,0
BRDA:185,7,1,0
BRDA:200,8,0,0
BRDA:200,8,1,0
BRDA:250,9,0,0
BRDA:250,9,1,0
BRDA:254,10,0,0
BRDA:254,10,1,0
BRDA:254,10,2,0
BRDA:297,11,0,0
BRDA:297,11,1,0
BRDA:306,12,0,0
BRDA:306,12,1,0
BRDA:328,13,0,0
BRDA:328,13,1,0
BRDA:337,14,0,0
BRDA:337,14,1,0
BRDA:359,15,0,0
BRDA:359,15,1,0
BRDA:362,16,0,0
BRDA:362,16,1,0
BRDA:373,17,0,0
BRDA:373,17,1,0
BRDA:399,18,0,0
BRDA:399,18,1,0
BRDA:400,19,0,0
BRDA:400,19,1,0
BRDA:409,20,0,0
BRDA:409,20,1,0
BRDA:410,21,0,0
BRDA:410,21,1,0
BRDA:423,22,0,0
BRDA:423,22,1,0
BRDA:450,23,0,0
BRDA:450,23,1,0
BRDA:462,24,0,0
BRDA:462,24,1,0
BRDA:465,25,0,0
BRDA:465,25,1,0
BRDA:468,26,0,0
BRDA:468,26,1,0
BRDA:471,27,0,0
BRDA:471,27,1,0
BRF:55
BRH:0
end_of_record
TN:
SF:components/RoutingPreferences.tsx
FN:37,(anonymous_1)
FN:51,(anonymous_2)
FN:75,(anonymous_3)
FN:103,(anonymous_4)
FN:106,(anonymous_5)
FN:215,(anonymous_6)
FN:216,(anonymous_7)
FN:235,(anonymous_8)
FN:236,(anonymous_9)
FN:250,(anonymous_10)
FN:251,(anonymous_11)
FN:267,(anonymous_12)
FN:268,(anonymous_13)
FN:282,(anonymous_14)
FN:283,(anonymous_15)
FN:295,(anonymous_16)
FN:296,(anonymous_17)
FN:318,(anonymous_18)
FN:319,(anonymous_19)
FN:333,(anonymous_20)
FN:334,(anonymous_21)
FN:346,(anonymous_22)
FNF:22
FNH:0
FNDA:0,(anonymous_1)
FNDA:0,(anonymous_2)
FNDA:0,(anonymous_3)
FNDA:0,(anonymous_4)
FNDA:0,(anonymous_5)
FNDA:0,(anonymous_6)
FNDA:0,(anonymous_7)
FNDA:0,(anonymous_8)
FNDA:0,(anonymous_9)
FNDA:0,(anonymous_10)
FNDA:0,(anonymous_11)
FNDA:0,(anonymous_12)
FNDA:0,(anonymous_13)
FNDA:0,(anonymous_14)
FNDA:0,(anonymous_15)
FNDA:0,(anonymous_16)
FNDA:0,(anonymous_17)
FNDA:0,(anonymous_18)
FNDA:0,(anonymous_19)
FNDA:0,(anonymous_20)
FNDA:0,(anonymous_21)
FNDA:0,(anonymous_22)
DA:6,0
DA:7,0
DA:18,0
DA:29,0
DA:30,0
DA:37,0
DA:45,0
DA:47,0
DA:48,0
DA:49,0
DA:51,0
DA:52,0
DA:54,0
DA:55,0
DA:56,0
DA:59,0
DA:64,0
DA:65,0
DA:75,0
DA:76,0
DA:103,0
DA:104,0
DA:106,0
DA:107,0
DA:108,0
DA:109,0
DA:110,0
DA:114,0
DA:135,0
DA:216,0
DA:236,0
DA:251,0
DA:268,0
DA:283,0
DA:296,0
DA:319,0
DA:334,0
DA:347,0
DA:348,0
DA:349,0
DA:358,0
DA:359,0
DA:368,0
DA:369,0
DA:379,0
DA:406,0
DA:567,0
LF:47
LH:0
BRDA:49,0,0,0
BRDA:49,0,1,0
BRDA:52,1,0,0
BRDA:52,1,1,0
BRDA:54,2,0,0
BRDA:54,3,0,0
BRDA:54,3,1,0
BRDA:54,3,2,0
BRDA:54,3,3,0
BRDA:75,4,0,0
BRDA:79,5,0,0
BRDA:79,5,1,0
BRDA:80,6,0,0
BRDA:80,6,1,0
BRDA:89,7,0,0
BRDA:89,7,1,0
BRDA:109,8,0,0
BRDA:109,9,0,0
BRDA:109,9,1,0
BRDA:109,9,2,0
BRDA:165,10,0,0
BRDA:165,10,1,0
BRDA:174,11,0,0
BRDA:174,11,1,0
BRDA:209,12,0,0
BRDA:209,12,1,0
BRDA:229,13,0,0
BRDA:229,13,1,0
BRDA:244,14,0,0
BRDA:244,14,1,0
BRDA:260,15,0,0
BRDA:260,15,1,0
BRDA:312,16,0,0
BRDA:312,16,1,0
BRDA:327,17,0,0
BRDA:327,17,1,0
BRDA:342,18,0,0
BRDA:342,18,1,0
BRDA:342,18,2,0
BRDA:348,19,0,0
BRDA:348,19,1,0
BRDA:358,20,0,0
BRDA:358,20,1,0
BRDA:368,21,0,0
BRDA:368,21,1,0
BRF:45
BRH:0
end_of_record
TN:
SF:components/SafeZoneActivityLog.tsx
FN:6,(anonymous_0)
FN:10,(anonymous_1)
FN:30,(anonymous_2)
FN:38,(anonymous_3)
FN:67,(anonymous_4)
FNF:5
FNH:0
FNDA:0,(anonymous_0)
FNDA:0,(anonymous_1)
FNDA:0,(anonymous_2)
FNDA:0,(anonymous_3)
FNDA:0,(anonymous_4)
DA:2,0
DA:3,0
DA:4,0
DA:6,0
DA:7,0
DA:8,0
DA:10,0
DA:11,0
DA:12,0
DA:13,0
DA:15,0
DA:16,0
DA:17,0
DA:18,0
DA:19,0
DA:21,0
DA:30,0
DA:31,0
DA:38,0
DA:39,0
DA:42,0
DA:43,0
DA:58,0
DA:68,0
DA:100,0
LF:25
LH:0
BRDA:15,0,0,0
BRDA:15,0,1,0
BRDA:18,1,0,0
BRDA:18,1,1,0
BRDA:31,2,0,0
BRDA:31,2,1,0
BRDA:39,3,0,0
BRDA:39,3,1,0
BRDA:42,4,0,0
BRDA:74,5,0,0
BRDA:74,5,1,0
BRDA:86,6,0,0
BRDA:86,6,1,0
BRDA:91,7,0,0
BRDA:91,7,1,0
BRF:15
BRH:0
end_of_record
TN:
SF:components/SafeZoneIndicator.tsx
FN:7,(anonymous_0)
FN:12,(anonymous_1)
FN:19,(anonymous_2)
FN:25,(anonymous_3)
FNF:4
FNH:0
FNDA:0,(anonymous_0)
FNDA:0,(anonymous_1)
FNDA:0,(anonymous_2)
FNDA:0,(anonymous_3)
DA:2,0
DA:3,0
DA:4,0
DA:5,0
DA:7,0
DA:8,0
DA:9,0
DA:11,0
DA:12,0
DA:15,0
DA:16,0
DA:19,0
DA:20,0
DA:21,0
DA:22,0
DA:25,0
DA:26,0
DA:27,0
DA:28,0
DA:29,0
DA:33,0
DA:36,0
DA:38,0
DA:49,0
LF:24
LH:0
BRDA:15,0,0,0
BRDA:15,1,0,0
BRDA:15,1,1,0
BRDA:20,2,0,0
BRDA:21,3,0,0
BRDA:21,4,0,0
BRDA:21,4,1,0
BRDA:26,5,0,0
BRDA:27,6,0,0
BRDA:28,7,0,0
BRDA:30,8,0,0
BRDA:30,8,1,0
BRF:12
BRH:0
end_of_record
TN:
SF:components/SafeZoneManagement.tsx
FN:21,(anonymous_1)
FN:36,(anonymous_2)
FN:51,(anonymous_3)
FN:98,(anonymous_4)
FN:110,(anonymous_5)
FN:116,(anonymous_6)
FN:121,(anonymous_7)
FN:125,(anonymous_8)
FN:128,(anonymous_9)
FN:153,(anonymous_10)
FN:153,(anonymous_11)
FN:165,(anonymous_12)
FN:165,(anonymous_13)
FN:173,(anonymous_14)
FN:173,(anonymous_15)
FN:190,(anonymous_16)
FN:190,(anonymous_17)
FN:205,(anonymous_18)
FN:206,(anonymous_19)
FN:225,(anonymous_20)
FN:226,(anonymous_21)
FN:268,(anonymous_22)
FN:281,(anonymous_23)
FN:287,(anonymous_24)
FN:302,(anonymous_25)
FN:312,(anonymous_26)
FN:319,(anonymous_27)
FNF:27
FNH:0
FNDA:0,(anonymous_1)
FNDA:0,(anonymous_2)
FNDA:0,(anonymous_3)
FNDA:0,(anonymous_4)
FNDA:0,(anonymous_5)
FNDA:0,(anonymous_6)
FNDA:0,(anonymous_7)
FNDA:0,(anonymous_8)
FNDA:0,(anonymous_9)
FNDA:0,(anonymous_10)
FNDA:0,(anonymous_11)
FNDA:0,(anonymous_12)
FNDA:0,(anonymous_13)
FNDA:0,(anonymous_14)
FNDA:0,(anonymous_15)
FNDA:0,(anonymous_16)
FNDA:0,(anonymous_17)
FNDA:0,(anonymous_18)
FNDA:0,(anonymous_19)
FNDA:0,(anonymous_20)
FNDA:0,(anonymous_21)
FNDA:0,(anonymous_22)
FNDA:0,(anonymous_23)
FNDA:0,(anonymous_24)
FNDA:0,(anonymous_25)
FNDA:0,(anonymous_26)
FNDA:0,(anonymous_27)
DA:1,0
DA:2,0
DA:3,0
DA:4,0
DA:14,0
DA:21,0
DA:22,0
DA:23,0
DA:24,0
DA:25,0
DA:36,0
DA:37,0
DA:47,0
DA:48,0
DA:51,0
DA:52,0
DA:53,0
DA:54,0
DA:57,0
DA:58,0
DA:59,0
DA:61,0
DA:62,0
DA:63,0
DA:66,0
DA:67,0
DA:68,0
DA:71,0
DA:72,0
DA:73,0
DA:80,0
DA:82,0
DA:90,0
DA:92,0
DA:94,0
DA:98,0
DA:99,0
DA:106,0
DA:107,0
DA:110,0
DA:111,0
DA:116,0
DA:121,0
DA:122,0
DA:125,0
DA:128,0
DA:133,0
DA:136,0
DA:137,0
DA:153,0
DA:165,0
DA:173,0
DA:190,0
DA:206,0
DA:226,0
DA:261,0
DA:268,0
DA:281,0
DA:288,0
DA:302,0
DA:312,0
DA:319,0
DA:333,0
DA:552,0
LF:64
LH:0
BRDA:52,0,0,0
BRDA:61,1,0,0
BRDA:61,2,0,0
BRDA:61,2,1,0
BRDA:66,3,0,0
BRDA:66,4,0,0
BRDA:66,4,1,0
BRDA:66,4,2,0
BRDA:72,5,0,0
BRDA:72,5,1,0
BRDA:136,6,0,0
BRDA:143,7,0,0
BRDA:143,7,1,0
BRDA:216,8,0,0
BRDA:216,8,1,0
BRDA:236,9,0,0
BRDA:236,9,1,0
BRDA:248,10,0,0
BRDA:248,10,1,0
BRDA:274,11,0,0
BRDA:274,11,1,0
BRDA:296,12,0,0
BRDA:296,12,1,0
BRDA:297,13,0,0
BRDA:297,13,1,0
BRDA:297,14,0,0
BRDA:297,14,1,0
BRDA:298,15,0,0
BRDA:298,15,1,0
BRDA:303,16,0,0
BRDA:303,16,1,0
BRF:31
BRH:0
end_of_record
TN:
SF:components/SafeZoneStatusCard.tsx
FN:7,(anonymous_0)
FN:13,(anonymous_1)
FN:31,(anonymous_2)
FN:77,(anonymous_3)
FNF:4
FNH:0
FNDA:0,(anonymous_0)
FNDA:0,(anonymous_1)
FNDA:0,(anonymous_2)
FNDA:0,(anonymous_3)
DA:2,0
DA:3,0
DA:4,0
DA:5,0
DA:7,0
DA:9,0
DA:10,0
DA:12,0
DA:13,0
DA:15,0
DA:16,0
DA:31,0
DA:32,0
DA:38,0
DA:78,0
DA:109,0
LF:16
LH:0
BRDA:15,0,0,0
BRDA:15,1,0,0
BRDA:15,1,1,0
BRDA:23,2,0,0
BRDA:23,2,1,0
BRDA:41,3,0,0
BRDA:41,3,1,0
BRDA:44,4,0,0
BRDA:44,4,1,0
BRDA:46,5,0,0
BRDA:46,5,1,0
BRDA:50,6,0,0
BRDA:50,6,1,0
BRDA:74,7,0,0
BRDA:74,7,1,0
BRDA:86,8,0,0
BRDA:86,8,1,0
BRDA:86,8,2,0
BRDA:97,9,0,0
BRDA:97,9,1,0
BRDA:98,10,0,0
BRDA:98,10,1,0
BRDA:101,11,0,0
BRDA:101,11,1,0
BRF:24
BRH:0
end_of_record
TN:
SF:components/SafetyDashboard.tsx
FN:35,(anonymous_10)
FN:48,(anonymous_11)
FN:49,(anonymous_12)
FN:52,(anonymous_13)
FN:55,(anonymous_14)
FN:56,(anonymous_15)
FN:60,(anonymous_16)
FN:63,(anonymous_17)
FN:67,(anonymous_18)
FN:101,(anonymous_19)
FN:145,(anonymous_20)
FN:176,(anonymous_21)
FN:199,(anonymous_22)
FN:206,(anonymous_23)
FN:231,(anonymous_24)
FN:240,(anonymous_25)
FN:259,(anonymous_26)
FN:269,(anonymous_27)
FNF:18
FNH:0
FNDA:0,(anonymous_10)
FNDA:0,(anonymous_11)
FNDA:0,(anonymous_12)
FNDA:0,(anonymous_13)
FNDA:0,(anonymous_14)
FNDA:0,(anonymous_15)
FNDA:0,(anonymous_16)
FNDA:0,(anonymous_17)
FNDA:0,(anonymous_18)
FNDA:0,(anonymous_19)
FNDA:0,(anonymous_20)
FNDA:0,(anonymous_21)
FNDA:0,(anonymous_22)
FNDA:0,(anonymous_23)
FNDA:0,(anonymous_24)
FNDA:0,(anonymous_25)
FNDA:0,(anonymous_26)
FNDA:0,(anonymous_27)
DA:1,0
DA:2,0
DA:3,0
DA:4,0
DA:17,0
DA:18,0
DA:19,0
DA:20,0
DA:21,0
DA:35,0
DA:40,0
DA:41,0
DA:42,0
DA:43,0
DA:44,0
DA:47,0
DA:48,0
DA:49,0
DA:50,0
DA:52,0
DA:53,0
DA:55,0
DA:56,0
DA:60,0
DA:61,0
DA:63,0
DA:67,0
DA:82,0
DA:101,0
DA:112,0
DA:124,0
DA:146,0
DA:147,0
DA:148,0
DA:176,0
DA:199,0
DA:206,0
DA:231,0
DA:240,0
DA:259,0
DA:270,0
DA:312,0
DA:509,0
LF:43
LH:0
BRDA:43,0,0,0
BRDA:43,0,1,0
BRDA:72,1,0,0
BRDA:82,2,0,0
BRDA:82,2,1,0
BRDA:97,3,0,0
BRDA:97,3,1,0
BRDA:105,4,0,0
BRDA:131,5,0,0
BRDA:131,5,1,0
BRDA:144,6,0,0
BRDA:144,6,1,0
BRDA:146,7,0,0
BRDA:146,7,1,0
BRDA:147,8,0,0
BRDA:147,8,1,0
BRDA:152,9,0,0
BRDA:152,9,1,0
BRDA:158,10,0,0
BRDA:158,10,1,0
BRDA:162,11,0,0
BRDA:162,11,1,0
BRDA:172,12,0,0
BRDA:172,12,1,0
BRDA:214,13,0,0
BRDA:214,13,1,0
BRDA:250,14,0,0
BRDA:250,14,1,0
BRDA:268,15,0,0
BRDA:268,15,1,0
BRF:30
BRH:0
end_of_record
TN:
SF:components/SafetyPanel.tsx
FN:39,(anonymous_10)
FN:48,(anonymous_11)
FN:63,(anonymous_12)
FN:72,(anonymous_13)
FN:75,(anonymous_14)
FN:88,(anonymous_15)
FN:91,(anonymous_16)
FN:92,(anonymous_17)
FN:95,(anonymous_18)
FN:119,(anonymous_19)
FN:141,(anonymous_20)
FN:142,(anonymous_21)
FN:146,(anonymous_22)
FN:163,(anonymous_23)
FN:185,(anonymous_24)
FN:190,(anonymous_25)
FN:192,(anonymous_26)
FN:193,(anonymous_27)
FN:215,(anonymous_28)
FN:276,(anonymous_29)
FN:298,(anonymous_30)
FN:314,(anonymous_31)
FN:355,(anonymous_32)
FN:387,(anonymous_33)
FN:403,(anonymous_34)
FN:424,(anonymous_35)
FN:483,(anonymous_36)
FNF:27
FNH:0
FNDA:0,(anonymous_10)
FNDA:0,(anonymous_11)
FNDA:0,(anonymous_12)
FNDA:0,(anonymous_13)
FNDA:0,(anonymous_14)
FNDA:0,(anonymous_15)
FNDA:0,(anonymous_16)
FNDA:0,(anonymous_17)
FNDA:0,(anonymous_18)
FNDA:0,(anonymous_19)
FNDA:0,(anonymous_20)
FNDA:0,(anonymous_21)
FNDA:0,(anonymous_22)
FNDA:0,(anonymous_23)
FNDA:0,(anonymous_24)
FNDA:0,(anonymous_25)
FNDA:0,(anonymous_26)
FNDA:0,(anonymous_27)
FNDA:0,(anonymous_28)
FNDA:0,(anonymous_29)
FNDA:0,(anonymous_30)
FNDA:0,(anonymous_31)
FNDA:0,(anonymous_32)
FNDA:0,(anonymous_33)
FNDA:0,(anonymous_34)
FNDA:0,(anonymous_35)
FNDA:0,(anonymous_36)
DA:1,0
DA:2,0
DA:3,0
DA:4,0
DA:14,0
DA:15,0
DA:16,0
DA:17,0
DA:18,0
DA:19,0
DA:20,0
DA:26,0
DA:27,0
DA:28,0
DA:39,0
DA:40,0
DA:41,0
DA:42,0
DA:43,0
DA:44,0
DA:45,0
DA:48,0
DA:49,0
DA:50,0
DA:51,0
DA:53,0
DA:54,0
DA:58,0
DA:63,0
DA:64,0
DA:65,0
DA:67,0
DA:73,0
DA:74,0
DA:75,0
DA:79,0
DA:81,0
DA:82,0
DA:89,0
DA:91,0
DA:92,0
DA:93,0
DA:94,0
DA:95,0
DA:99,0
DA:103,0
DA:104,0
DA:107,0
DA:108,0
DA:114,0
DA:115,0
DA:119,0
DA:120,0
DA:121,0
DA:122,0
DA:123,0
DA:124,0
DA:125,0
DA:129,0
DA:130,0
DA:131,0
DA:135,0
DA:136,0
DA:139,0
DA:141,0
DA:142,0
DA:144,0
DA:145,0
DA:146,0
DA:150,0
DA:151,0
DA:152,0
DA:153,0
DA:154,0
DA:157,0
DA:161,0
DA:162,0
DA:164,0
DA:176,0
DA:180,0
DA:181,0
DA:185,0
DA:186,0
DA:192,0
DA:193,0
DA:194,0
DA:195,0
DA:196,0
DA:202,0
DA:203,0
DA:215,0
DA:216,0
DA:217,0
DA:218,0
DA:219,0
DA:220,0
DA:223,0
DA:224,0
DA:225,0
DA:229,0
DA:230,0
DA:234,0
DA:235,0
DA:236,0
DA:240,0
DA:244,0
DA:247,0
DA:248,0
DA:252,0
DA:254,0
DA:263,0
DA:264,0
DA:265,0
DA:268,0
DA:269,0
DA:272,0
DA:274,0
DA:275,0
DA:277,0
DA:284,0
DA:285,0
DA:287,0
DA:288,0
DA:290,0
DA:293,0
DA:294,0
DA:296,0
DA:297,0
DA:298,0
DA:303,0
DA:304,0
DA:306,0
DA:307,0
DA:315,0
DA:324,0
DA:327,0
DA:328,0
DA:331,0
DA:332,0
DA:333,0
DA:334,0
DA:338,0
DA:353,0
DA:354,0
DA:355,0
DA:360,0
DA:361,0
DA:371,0
DA:372,0
DA:373,0
DA:376,0
DA:377,0
DA:382,0
DA:385,0
DA:386,0
DA:388,0
DA:395,0
DA:396,0
DA:397,0
DA:401,0
DA:402,0
DA:404,0
DA:417,0
DA:422,0
DA:423,0
DA:425,0
DA:437,0
DA:442,0
DA:443,0
DA:445,0
DA:446,0
DA:452,0
DA:459,0
DA:465,0
DA:468,0
DA:469,0
DA:470,0
DA:473,0
DA:474,0
DA:476,0
DA:480,0
DA:483,0
DA:532,0
DA:600,0
LF:184
LH:0
BRDA:49,0,0,0
BRDA:53,1,0,0
BRDA:91,2,0,0
BRDA:91,2,1,0
BRDA:93,3,0,0
BRDA:93,3,1,0
BRDA:121,4,0,0
BRDA:130,5,0,0
BRDA:141,6,0,0
BRDA:141,6,1,0
BRDA:144,7,0,0
BRDA:144,7,1,0
BRDA:144,8,0,0
BRDA:144,8,1,0
BRDA:152,9,0,0
BRDA:152,9,1,0
BRDA:192,10,0,0
BRDA:192,10,1,0
BRDA:194,11,0,0
BRDA:194,12,0,0
BRDA:194,12,1,0
BRDA:195,13,0,0
BRDA:195,13,1,0
BRDA:202,14,0,0
BRDA:202,15,0,0
BRDA:202,15,1,0
BRDA:217,16,0,0
BRDA:223,17,0,0
BRDA:227,18,0,0
BRDA:227,18,1,0
BRDA:235,19,0,0
BRDA:247,20,0,0
BRDA:247,21,0,0
BRDA:247,21,1,0
BRDA:252,22,0,0
BRDA:264,23,0,0
BRDA:303,24,0,0
BRDA:306,25,0,0
BRDA:306,25,1,0
BRDA:338,26,0,0
BRDA:338,26,1,0
BRDA:360,27,0,0
BRDA:360,27,1,0
BRDA:360,28,0,0
BRDA:360,28,1,0
BRDA:372,29,0,0
BRDA:445,30,0,0
BRDA:445,30,1,0
BRDA:486,31,0,0
BRDA:486,31,1,0
BRDA:489,32,0,0
BRDA:489,32,1,0
BRDA:510,33,0,0
BRDA:510,33,1,0
BRDA:516,34,0,0
BRDA:516,34,1,0
BRF:56
BRH:0
end_of_record
TN:
SF:components/SearchBar.tsx
FN:13,(anonymous_1)
FNF:1
FNH:0
FNDA:0,(anonymous_1)
DA:2,0
DA:3,0
DA:4,0
DA:13,0
DA:19,0
DA:39,0
DA:66,0
LF:7
LH:0
BRDA:17,0,0,0
BRDA:30,1,0,0
BRDA:30,1,1,0
BRF:3
BRH:0
end_of_record
TN:
SF:components/SearchWithSuggestions.tsx
FN:24,(anonymous_1)
FN:34,(anonymous_2)
FN:38,(anonymous_3)
FN:51,(anonymous_4)
FN:54,(anonymous_5)
FN:71,(anonymous_6)
FN:83,(anonymous_7)
FNF:7
FNH:0
FNDA:0,(anonymous_1)
FNDA:0,(anonymous_2)
FNDA:0,(anonymous_3)
FNDA:0,(anonymous_4)
FNDA:0,(anonymous_5)
FNDA:0,(anonymous_6)
FNDA:0,(anonymous_7)
DA:1,0
DA:2,0
DA:3,0
DA:4,0
DA:5,0
DA:6,0
DA:24,0
DA:31,0
DA:32,0
DA:34,0
DA:35,0
DA:38,0
DA:39,0
DA:41,0
DA:43,0
DA:45,0
DA:47,0
DA:51,0
DA:52,0
DA:55,0
DA:56,0
DA:66,0
DA:72,0
DA:73,0
DA:83,0
DA:93,0
DA:129,0
LF:27
LH:0
BRDA:29,0,0,0
BRDA:35,1,0,0
BRDA:35,1,1,0
BRDA:39,2,0,0
BRDA:39,2,1,0
BRDA:39,2,2,0
BRDA:39,2,3,0
BRDA:78,3,0,0
BRDA:78,3,1,0
BRF:9
BRH:0
end_of_record
TN:
SF:components/SmartNavigationScreen.tsx
FN:17,SmartNavigationScreen
FN:39,(anonymous_11)
FN:43,(anonymous_12)
FN:46,(anonymous_13)
FN:55,(anonymous_14)
FN:56,(anonymous_15)
FN:74,(anonymous_16)
FN:91,(anonymous_17)
FN:98,(anonymous_18)
FN:104,(anonymous_19)
FN:116,(anonymous_20)
FN:120,(anonymous_21)
FN:128,(anonymous_22)
FN:135,(anonymous_23)
FN:190,(anonymous_24)
FN:296,(anonymous_25)
FN:315,(anonymous_26)
FN:328,(anonymous_27)
FN:331,(anonymous_28)
FN:352,(anonymous_29)
FN:355,(anonymous_30)
FN:377,(anonymous_31)
FN:394,(anonymous_32)
FNF:23
FNH:0
FNDA:0,SmartNavigationScreen
FNDA:0,(anonymous_11)
FNDA:0,(anonymous_12)
FNDA:0,(anonymous_13)
FNDA:0,(anonymous_14)
FNDA:0,(anonymous_15)
FNDA:0,(anonymous_16)
FNDA:0,(anonymous_17)
FNDA:0,(anonymous_18)
FNDA:0,(anonymous_19)
FNDA:0,(anonymous_20)
FNDA:0,(anonymous_21)
FNDA:0,(anonymous_22)
FNDA:0,(anonymous_23)
FNDA:0,(anonymous_24)
FNDA:0,(anonymous_25)
FNDA:0,(anonymous_26)
FNDA:0,(anonymous_27)
FNDA:0,(anonymous_28)
FNDA:0,(anonymous_29)
FNDA:0,(anonymous_30)
FNDA:0,(anonymous_31)
FNDA:0,(anonymous_32)
DA:6,0
DA:7,0
DA:8,0
DA:9,0
DA:10,0
DA:11,0
DA:12,0
DA:13,0
DA:17,0
DA:19,0
DA:20,0
DA:21,0
DA:26,0
DA:29,0
DA:30,0
DA:31,0
DA:36,0
DA:37,0
DA:39,0
DA:40,0
DA:43,0
DA:44,0
DA:46,0
DA:51,0
DA:54,0
DA:55,0
DA:56,0
DA:63,0
DA:66,0
DA:67,0
DA:70,0
DA:74,0
DA:75,0
DA:76,0
DA:77,0
DA:78,0
DA:79,0
DA:82,0
DA:85,0
DA:87,0
DA:91,0
DA:92,0
DA:97,0
DA:98,0
DA:99,0
DA:104,0
DA:107,0
DA:112,0
DA:113,0
DA:116,0
DA:117,0
DA:120,0
DA:121,0
DA:122,0
DA:123,0
DA:124,0
DA:125,0
DA:128,0
DA:129,0
DA:130,0
DA:131,0
DA:132,0
DA:135,0
DA:136,0
DA:137,0
DA:138,0
DA:139,0
DA:142,0
DA:190,0
DA:297,0
DA:298,0
DA:315,0
DA:329,0
DA:331,0
DA:353,0
DA:355,0
DA:377,0
DA:394,0
LF:78
LH:0
BRDA:44,0,0,0
BRDA:66,1,0,0
BRDA:77,2,0,0
BRDA:97,3,0,0
BRDA:108,4,0,0
BRDA:108,4,1,0
BRDA:109,5,0,0
BRDA:109,5,1,0
BRDA:145,6,0,0
BRDA:145,6,1,0
BRDA:157,7,0,0
BRDA:157,7,1,0
BRDA:178,8,0,0
BRDA:178,8,1,0
BRDA:180,9,0,0
BRDA:180,9,1,0
BRDA:180,10,0,0
BRDA:180,10,1,0
BRDA:233,11,0,0
BRDA:233,11,1,0
BRDA:250,12,0,0
BRDA:250,12,1,0
BRDA:250,12,2,0
BRDA:271,13,0,0
BRDA:271,13,1,0
BRDA:297,14,0,0
BRDA:297,15,0,0
BRDA:297,15,1,0
BRDA:333,16,0,0
BRDA:333,16,1,0
BRDA:338,17,0,0
BRDA:338,17,1,0
BRDA:357,18,0,0
BRDA:357,18,1,0
BRDA:362,19,0,0
BRDA:362,19,1,0
BRDA:365,20,0,0
BRDA:365,20,1,0
BRDA:365,21,0,0
BRDA:365,21,1,0
BRDA:366,22,0,0
BRDA:366,22,1,0
BRDA:379,23,0,0
BRDA:379,23,1,0
BRDA:384,24,0,0
BRDA:384,24,1,0
BRDA:387,25,0,0
BRDA:387,25,1,0
BRF:48
BRH:0
end_of_record
TN:
SF:components/SmartNotification.tsx
FN:28,(anonymous_10)
FN:39,(anonymous_11)
FN:49,(anonymous_12)
FN:62,(anonymous_13)
FN:130,(anonymous_14)
FN:138,(anonymous_15)
FN:142,(anonymous_16)
FN:155,(anonymous_17)
FNF:8
FNH:0
FNDA:0,(anonymous_10)
FNDA:0,(anonymous_11)
FNDA:0,(anonymous_12)
FNDA:0,(anonymous_13)
FNDA:0,(anonymous_14)
FNDA:0,(anonymous_15)
FNDA:0,(anonymous_16)
FNDA:0,(anonymous_17)
DA:1,0
DA:2,0
DA:3,0
DA:4,0
DA:5,0
DA:6,0
DA:27,0
DA:29,0
DA:39,0
DA:45,0
DA:46,0
DA:48,0
DA:49,0
DA:50,0
DA:52,0
DA:54,0
DA:56,0
DA:58,0
DA:62,0
DA:63,0
DA:65,0
DA:66,0
DA:67,0
DA:68,0
DA:73,0
DA:75,0
DA:78,0
DA:80,0
DA:83,0
DA:85,0
DA:90,0
DA:91,0
DA:94,0
DA:95,0
DA:98,0
DA:99,0
DA:100,0
DA:101,0
DA:105,0
DA:120,0
DA:121,0
DA:123,0
DA:124,0
DA:126,0
DA:130,0
DA:131,0
DA:132,0
DA:134,0
DA:138,0
DA:139,0
DA:142,0
DA:143,0
DA:145,0
DA:147,0
DA:149,0
DA:151,0
DA:155,0
DA:156,0
DA:158,0
DA:160,0
DA:162,0
DA:164,0
DA:168,0
DA:217,0
DA:298,0
LF:65
LH:0
BRDA:43,0,0,0
BRDA:48,1,0,0
BRDA:50,2,0,0
BRDA:50,2,1,0
BRDA:50,2,2,0
BRDA:50,2,3,0
BRDA:63,3,0,0
BRDA:65,4,0,0
BRDA:65,4,1,0
BRDA:67,5,0,0
BRDA:67,5,1,0
BRDA:83,6,0,0
BRDA:99,7,0,0
BRDA:111,8,0,0
BRDA:111,8,1,0
BRDA:113,9,0,0
BRDA:113,9,1,0
BRDA:117,10,0,0
BRDA:117,10,1,0
BRDA:131,11,0,0
BRDA:131,11,1,0
BRDA:143,12,0,0
BRDA:143,12,1,0
BRDA:143,12,2,0
BRDA:143,12,3,0
BRDA:156,13,0,0
BRDA:156,13,1,0
BRDA:156,13,2,0
BRDA:156,13,3,0
BRDA:189,14,0,0
BRDA:189,14,1,0
BRDA:191,15,0,0
BRDA:191,15,1,0
BRDA:195,16,0,0
BRDA:195,16,1,0
BRDA:196,17,0,0
BRDA:196,17,1,0
BRDA:200,18,0,0
BRDA:200,18,1,0
BRDA:207,19,0,0
BRDA:207,19,1,0
BRF:41
BRH:0
end_of_record
TN:
SF:components/SmartRouteSuggestions.tsx
FN:25,(anonymous_10)
FN:42,(anonymous_11)
FN:54,(anonymous_12)
FN:61,(anonymous_13)
FN:64,(anonymous_14)
FN:68,(anonymous_15)
FN:89,(anonymous_16)
FN:106,(anonymous_17)
FN:111,(anonymous_18)
FN:114,(anonymous_19)
FN:125,(anonymous_20)
FN:130,(anonymous_21)
FN:136,(anonymous_22)
FN:143,(anonymous_23)
FN:149,(anonymous_24)
FN:162,(anonymous_25)
FN:173,(anonymous_26)
FN:210,(anonymous_27)
FN:214,(anonymous_28)
FN:223,(anonymous_29)
FNF:20
FNH:0
FNDA:0,(anonymous_10)
FNDA:0,(anonymous_11)
FNDA:0,(anonymous_12)
FNDA:0,(anonymous_13)
FNDA:0,(anonymous_14)
FNDA:0,(anonymous_15)
FNDA:0,(anonymous_16)
FNDA:0,(anonymous_17)
FNDA:0,(anonymous_18)
FNDA:0,(anonymous_19)
FNDA:0,(anonymous_20)
FNDA:0,(anonymous_21)
FNDA:0,(anonymous_22)
FNDA:0,(anonymous_23)
FNDA:0,(anonymous_24)
FNDA:0,(anonymous_25)
FNDA:0,(anonymous_26)
FNDA:0,(anonymous_27)
FNDA:0,(anonymous_28)
FNDA:0,(anonymous_29)
DA:1,0
DA:2,0
DA:3,0
DA:4,0
DA:6,0
DA:7,0
DA:8,0
DA:25,0
DA:26,0
DA:28,0
DA:30,0
DA:32,0
DA:34,0
DA:36,0
DA:38,0
DA:42,0
DA:50,0
DA:51,0
DA:52,0
DA:54,0
DA:55,0
DA:56,0
DA:57,0
DA:58,0
DA:61,0
DA:62,0
DA:63,0
DA:64,0
DA:67,0
DA:68,0
DA:87,0
DA:90,0
DA:99,0
DA:100,0
DA:105,0
DA:107,0
DA:108,0
DA:109,0
DA:112,0
DA:113,0
DA:114,0
DA:115,0
DA:117,0
DA:118,0
DA:119,0
DA:120,0
DA:123,0
DA:125,0
DA:126,0
DA:128,0
DA:131,0
DA:132,0
DA:133,0
DA:134,0
DA:137,0
DA:138,0
DA:140,0
DA:144,0
DA:145,0
DA:149,0
DA:150,0
DA:152,0
DA:154,0
DA:156,0
DA:158,0
DA:162,0
DA:163,0
DA:165,0
DA:167,0
DA:169,0
DA:173,0
DA:178,0
DA:211,0
DA:214,0
DA:224,0
DA:258,0
DA:324,0
LF:77
LH:0
BRDA:26,0,0,0
BRDA:26,0,1,0
BRDA:26,0,2,0
BRDA:26,0,3,0
BRDA:26,0,4,0
BRDA:26,0,5,0
BRDA:45,1,0,0
BRDA:56,2,0,0
BRDA:56,2,1,0
BRDA:56,3,0,0
BRDA:56,3,1,0
BRDA:56,3,2,0
BRDA:56,3,3,0
BRDA:57,4,0,0
BRDA:57,4,1,0
BRDA:57,5,0,0
BRDA:57,5,1,0
BRDA:99,6,0,0
BRDA:99,7,0,0
BRDA:99,7,1,0
BRDA:108,8,0,0
BRDA:108,9,0,0
BRDA:108,9,1,0
BRDA:114,10,0,0
BRDA:114,10,1,0
BRDA:114,11,0,0
BRDA:114,11,1,0
BRDA:119,12,0,0
BRDA:120,13,0,0
BRDA:120,13,1,0
BRDA:123,14,0,0
BRDA:123,14,1,0
BRDA:131,15,0,0
BRDA:132,16,0,0
BRDA:150,17,0,0
BRDA:150,17,1,0
BRDA:150,17,2,0
BRDA:150,17,3,0
BRDA:163,18,0,0
BRDA:163,18,1,0
BRDA:163,18,2,0
BRDA:173,19,0,0
BRDA:173,19,1,0
BRDA:179,20,0,0
BRDA:179,20,1,0
BRDA:196,21,0,0
BRDA:196,21,1,0
BRDA:200,22,0,0
BRDA:200,22,1,0
BRDA:224,23,0,0
BRDA:224,23,1,0
BRDA:232,24,0,0
BRDA:232,24,1,0
BRDA:232,25,0,0
BRDA:232,25,1,0
BRF:55
BRH:0
end_of_record
TN:
[...]
FN:434,(anonymous_36)
FN:445,(anonymous_37)
FN:463,(anonymous_38)
FN:467,(anonymous_39)
FN:482,(anonymous_40)
FNF:32
FNH:0
FNDA:0,(anonymous_9)
FNDA:0,(anonymous_10)
FNDA:0,(anonymous_11)
FNDA:0,(anonymous_12)
FNDA:0,(anonymous_13)
FNDA:0,(anonymous_14)
FNDA:0,(anonymous_15)
FNDA:0,(anonymous_16)
FNDA:0,(anonymous_17)
FNDA:0,(anonymous_18)
FNDA:0,(anonymous_19)
FNDA:0,(anonymous_20)
FNDA:0,(anonymous_21)
FNDA:0,(anonymous_22)
FNDA:0,(anonymous_23)
FNDA:0,(anonymous_24)
FNDA:0,(anonymous_25)
FNDA:0,(anonymous_26)
FNDA:0,(anonymous_27)
FNDA:0,(anonymous_28)
FNDA:0,(anonymous_29)
FNDA:0,(anonymous_30)
FNDA:0,(anonymous_31)
FNDA:0,(anonymous_32)
FNDA:0,migrateFromAsyncStorage
FNDA:0,(anonymous_34)
FNDA:0,(anonymous_35)
FNDA:0,(anonymous_36)
FNDA:0,(anonymous_37)
FNDA:0,(anonymous_38)
FNDA:0,(anonymous_39)
FNDA:0,(anonymous_40)
DA:13,0
DA:14,0
DA:29,0
DA:34,0
DA:37,0
DA:38,0
DA:39,0
DA:40,0
DA:41,0
DA:42,0
DA:44,0
DA:47,0
DA:51,0
DA:52,0
DA:54,0
DA:55,0
DA:58,0
DA:62,0
DA:63,0
DA:65,0
DA:66,0
DA:67,0
DA:70,0
DA:71,0
DA:75,0
DA:76,0
DA:78,0
DA:79,0
DA:82,0
DA:83,0
DA:86,0
DA:87,0
DA:90,0
DA:94,0
DA:98,0
DA:102,0
DA:106,0
DA:112,0
DA:115,0
DA:117,0
DA:118,0
DA:120,0
DA:121,0
DA:122,0
DA:123,0
DA:124,0
DA:126,0
DA:135,0
DA:139,0
DA:144,0
DA:148,0
DA:149,0
DA:150,0
DA:151,0
DA:152,0
DA:153,0
DA:158,0
DA:162,0
DA:169,0
DA:170,0
DA:171,0
DA:172,0
DA:175,0
DA:177,0
DA:178,0
DA:179,0
DA:180,0
DA:181,0
DA:182,0
DA:185,0
DA:188,0
DA:190,0
DA:191,0
DA:199,0
DA:200,0
DA:202,0
DA:203,0
DA:207,0
DA:208,0
DA:211,0
DA:214,0
DA:215,0
DA:223,0
DA:224,0
DA:226,0
DA:227,0
DA:235,0
DA:236,0
DA:238,0
DA:239,0
DA:247,0
DA:248,0
DA:250,0
DA:251,0
DA:259,0
DA:260,0
DA:262,0
DA:263,0
DA:271,0
DA:272,0
DA:273,0
DA:275,0
DA:276,0
DA:284,0
DA:285,0
DA:286,0
DA:287,0
DA:289,0
DA:290,0
DA:298,0
DA:299,0
DA:301,0
DA:302,0
DA:310,0
DA:311,0
DA:312,0
DA:314,0
DA:316,0
DA:317,0
DA:325,0
DA:326,0
DA:327,0
DA:329,0
DA:334,0
DA:335,0
DA:340,0
DA:383,0
DA:384,0
DA:385,0
DA:386,0
DA:389,0
DA:390,0
DA:392,0
DA:393,0
DA:394,0
DA:395,0
DA:398,0
DA:403,0
DA:406,0
DA:407,0
DA:408,0
DA:411,0
DA:415,0
DA:420,0
DA:421,0
DA:423,0
DA:430,0
DA:435,0
DA:436,0
DA:446,0
DA:448,0
DA:449,0
DA:452,0
DA:453,0
DA:454,0
DA:457,0
DA:464,0
DA:465,0
DA:467,0
DA:468,0
DA:469,0
DA:470,0
DA:471,0
DA:475,0
DA:476,0
DA:483,0
DA:490,0
LF:167
LH:0
BRDA:37,0,0,0
BRDA:37,0,1,0
BRDA:40,1,0,0
BRDA:40,1,1,0
BRDA:42,2,0,0
BRDA:42,2,1,0
BRDA:52,3,0,0
BRDA:54,4,0,0
BRDA:55,5,0,0
BRDA:55,5,1,0
BRDA:63,6,0,0
BRDA:65,7,0,0
BRDA:67,8,0,0
BRDA:67,8,1,0
BRDA:71,9,0,0
BRDA:71,9,1,0
BRDA:76,10,0,0
BRDA:78,11,0,0
BRDA:82,12,0,0
BRDA:82,13,0,0
BRDA:82,13,1,0
BRDA:86,14,0,0
BRDA:86,15,0,0
BRDA:86,15,1,0
BRDA:115,16,0,0
BRDA:115,16,1,0
BRDA:130,17,0,0
BRDA:130,17,1,0
BRDA:161,18,0,0
BRDA:170,19,0,0
BRDA:170,20,0,0
BRDA:170,20,1,0
BRDA:177,21,0,0
BRDA:177,21,1,0
BRDA:179,22,0,0
BRDA:179,22,1,0
BRDA:181,23,0,0
BRDA:181,23,1,0
BRDA:202,24,0,0
BRDA:224,25,0,0
BRDA:224,25,1,0
BRDA:236,26,0,0
BRDA:236,26,1,0
BRDA:248,27,0,0
BRDA:248,27,1,0
BRDA:395,28,0,0
BRDA:398,29,0,0
BRDA:398,29,1,0
BRDA:398,29,2,0
BRDA:398,29,3,0
BRDA:403,30,0,0
BRDA:403,30,1,0
BRDA:448,31,0,0
BRDA:452,32,0,0
BRDA:469,33,0,0
BRDA:469,34,0,0
BRDA:469,34,1,0
BRDA:469,34,2,0
BRF:58
BRH:0
end_of_record
TN:
SF:utils/transitDataUpdater.ts
FN:18,(anonymous_0)
FN:22,(anonymous_1)
FN:29,(anonymous_2)
FN:43,(anonymous_3)
FN:83,(anonymous_4)
FN:91,(anonymous_5)
FN:97,(anonymous_6)
FN:104,(anonymous_7)
FN:221,(anonymous_8)
FN:225,(anonymous_9)
FN:232,(anonymous_10)
FN:237,(anonymous_11)
FN:239,(anonymous_12)
FN:240,(anonymous_13)
FN:250,(anonymous_14)
FN:255,(anonymous_15)
FN:264,(anonymous_16)
FN:281,(anonymous_17)
FN:285,(anonymous_18)
FN:287,(anonymous_19)
FNF:20
FNH:0
FNDA:0,(anonymous_0)
FNDA:0,(anonymous_1)
FNDA:0,(anonymous_2)
FNDA:0,(anonymous_3)
FNDA:0,(anonymous_4)
FNDA:0,(anonymous_5)
FNDA:0,(anonymous_6)
FNDA:0,(anonymous_7)
FNDA:0,(anonymous_8)
FNDA:0,(anonymous_9)
FNDA:0,(anonymous_10)
FNDA:0,(anonymous_11)
FNDA:0,(anonymous_12)
FNDA:0,(anonymous_13)
FNDA:0,(anonymous_14)
FNDA:0,(anonymous_15)
FNDA:0,(anonymous_16)
FNDA:0,(anonymous_17)
FNDA:0,(anonymous_18)
FNDA:0,(anonymous_19)
DA:2,0
DA:18,0
DA:20,0
DA:23,0
DA:24,0
DA:26,0
DA:30,0
DA:31,0
DA:39,0
DA:41,0
DA:42,0
DA:43,0
DA:45,0
DA:46,0
DA:49,0
DA:52,0
DA:55,0
DA:62,0
DA:64,0
DA:71,0
DA:72,0
DA:79,0
DA:84,0
DA:85,0
DA:88,0
DA:89,0
DA:90,0
DA:91,0
DA:92,0
DA:93,0
DA:96,0
DA:97,0
DA:101,0
DA:106,0
DA:107,0
DA:108,0
DA:109,0
DA:110,0
DA:112,0
DA:113,0
DA:114,0
DA:116,0
DA:117,0
DA:118,0
DA:119,0
DA:120,0
DA:122,0
DA:123,0
DA:124,0
DA:125,0
DA:127,0
DA:131,0
DA:140,0
DA:141,0
DA:142,0
DA:144,0
DA:145,0
DA:146,0
DA:149,0
DA:150,0
DA:154,0
DA:158,0
DA:162,0
DA:163,0
DA:166,0
DA:169,0
DA:172,0
DA:173,0
DA:175,0
DA:179,0
DA:183,0
DA:184,0
DA:185,0
DA:187,0
DA:188,0
DA:189,0
DA:190,0
DA:200,0
DA:204,0
DA:209,0
DA:210,0
DA:211,0
DA:213,0
DA:225,0
DA:232,0
DA:239,0
DA:240,0
DA:252,0
DA:255,0
DA:266,0
DA:268,0
DA:269,0
DA:278,0
DA:282,0
DA:286,0
DA:287,0
DA:288,0
DA:290,0
DA:295,0
LF:99
LH:0
BRDA:23,0,0,0
BRDA:30,1,0,0
BRDA:45,2,0,0
BRDA:75,3,0,0
BRDA:75,3,1,0
BRDA:96,4,0,0
BRDA:107,5,0,0
BRDA:116,6,0,0
BRDA:116,6,1,0
BRDA:118,7,0,0
BRDA:123,8,0,0
BRDA:124,9,0,0
BRDA:125,10,0,0
BRDA:132,11,0,0
BRDA:132,11,1,0
BRDA:133,12,0,0
BRDA:133,12,1,0
BRDA:134,13,0,0
BRDA:134,13,1,0
BRDA:146,14,0,0
BRDA:149,15,0,0
BRDA:162,16,0,0
BRDA:166,17,0,0
BRDA:166,17,1,0
BRDA:166,17,2,0
BRDA:167,18,0,0
BRDA:167,18,1,0
BRDA:169,19,0,0
BRDA:169,19,1,0
BRDA:172,20,0,0
BRDA:175,21,0,0
BRDA:175,21,1,0
BRDA:183,22,0,0
BRDA:183,22,1,0
BRDA:183,23,0,0
BRDA:183,23,1,0
BRDA:184,24,0,0
BRDA:184,25,0,0
BRDA:184,25,1,0
BRDA:187,26,0,0
BRDA:188,27,0,0
BRDA:189,28,0,0
BRDA:209,29,0,0
BRDA:209,29,1,0
BRDA:210,30,0,0
BRDA:210,30,1,0
BRDA:211,31,0,0
BRDA:211,31,1,0
BRDA:228,32,0,0
BRDA:228,32,1,0
BRDA:231,33,0,0
BRDA:231,33,1,0
BRDA:240,34,0,0
BRDA:240,34,1,0
BRDA:244,35,0,0
BRDA:244,35,1,0
BRDA:257,36,0,0
BRDA:257,36,1,0
BRDA:268,37,0,0
BRDA:274,38,0,0
BRDA:274,38,1,0
BRF:61
BRH:0
end_of_record
TN:
SF:utils/unifiedRoutingService.ts
FN:83,(anonymous_0)
FN:112,(anonymous_1)
FN:146,(anonymous_2)
FN:180,(anonymous_3)
FN:192,(anonymous_4)
FN:210,(anonymous_5)
FN:211,(anonymous_6)
FN:229,(anonymous_7)
FN:275,(anonymous_8)
FN:290,(anonymous_9)
FN:310,(anonymous_10)
FN:322,(anonymous_11)
FN:358,(anonymous_12)
FN:366,(anonymous_13)
FN:401,(anonymous_14)
FN:405,(anonymous_15)
FN:435,(anonymous_16)
FN:440,(anonymous_17)
FN:442,(anonymous_18)
FN:452,(anonymous_19)
FN:454,(anonymous_20)
FN:489,(anonymous_21)
FN:512,(anonymous_22)
FN:518,(anonymous_23)
FN:520,(anonymous_24)
FN:562,(anonymous_25)
FN:594,(anonymous_26)
FN:611,(anonymous_27)
FN:616,(anonymous_28)
FN:623,(anonymous_29)
FN:634,(anonymous_30)
FN:640,(anonymous_31)
FN:646,(anonymous_32)
FN:654,(anonymous_33)
FN:657,(anonymous_34)
FN:658,(anonymous_35)
FN:672,(anonymous_36)
FN:675,(anonymous_37)
FN:692,(anonymous_38)
FN:699,(anonymous_39)
FN:703,(anonymous_40)
FN:714,(anonymous_41)
FN:717,(anonymous_42)
FN:718,(anonymous_43)
FNF:44
FNH:34
FNDA:6,(anonymous_0)
FNDA:11,(anonymous_1)
FNDA:6,(anonymous_2)
FNDA:4,(anonymous_3)
FNDA:0,(anonymous_4)
FNDA:0,(anonymous_5)
FNDA:0,(anonymous_6)
FNDA:5,(anonymous_7)
FNDA:3,(anonymous_8)
FNDA:0,(anonymous_9)
FNDA:0,(anonymous_10)
FNDA:4,(anonymous_11)
FNDA:3,(anonymous_12)
FNDA:4,(anonymous_13)
FNDA:6,(anonymous_14)
FNDA:2,(anonymous_15)
FNDA:4,(anonymous_16)
FNDA:4,(anonymous_17)
FNDA:4,(anonymous_18)
FNDA:4,(anonymous_19)
FNDA:5,(anonymous_20)
FNDA:3,(anonymous_21)
FNDA:7,(anonymous_22)
FNDA:4,(anonymous_23)
FNDA:4,(anonymous_24)
FNDA:7,(anonymous_25)
FNDA:0,(anonymous_26)
FNDA:12,(anonymous_27)
FNDA:0,(anonymous_28)
FNDA:0,(anonymous_29)
FNDA:4,(anonymous_30)
FNDA:4,(anonymous_31)
FNDA:3,(anonymous_32)
FNDA:4,(anonymous_33)
FNDA:4,(anonymous_34)
FNDA:5,(anonymous_35)
FNDA:3,(anonymous_36)
FNDA:4,(anonymous_37)
FNDA:0,(anonymous_38)
FNDA:3,(anonymous_39)
FNDA:4,(anonymous_40)
FNDA:3,(anonymous_41)
FNDA:4,(anonymous_42)
FNDA:0,(anonymous_43)
DA:6,1
DA:7,1
DA:8,1
DA:9,1
DA:84,6
DA:86,6
DA:87,6
DA:90,6
DA:92,6
DA:93,6
DA:96,6
DA:97,0
DA:100,6
DA:101,5
DA:104,6
DA:105,0
DA:109,6
DA:112,6
DA:113,11
DA:114,11
DA:116,0
DA:117,0
DA:122,6
DA:124,6
DA:130,6
DA:132,0
DA:133,0
DA:139,0
DA:147,6
DA:148,6
DA:155,6
DA:157,6
DA:161,0
DA:163,0
DA:169,0
DA:180,4
DA:181,4
DA:184,2
DA:185,2
DA:193,0
DA:194,0
DA:199,0
DA:202,0
DA:203,0
DA:205,0
DA:208,0
DA:210,0
DA:211,0
DA:212,0
DA:221,0
DA:222,0
DA:230,5
DA:231,5
DA:232,5
DA:236,5
DA:238,5
DA:248,0
DA:250,0
DA:262,0
DA:274,3
DA:275,3
DA:276,3
DA:280,0
DA:282,2
DA:283,2
DA:291,0
DA:292,0
DA:297,0
DA:310,0
DA:311,0
DA:314,0
DA:315,0
DA:328,4
DA:329,4
DA:330,4
DA:332,4
DA:363,3
DA:365,3
DA:366,4
DA:368,3
DA:369,3
DA:370,3
DA:372,3
DA:405,6
DA:407,2
DA:408,2
DA:409,2
DA:414,0
DA:415,0
DA:416,0
DA:421,0
DA:422,0
DA:423,0
DA:428,0
DA:436,4
DA:439,4
DA:440,4
DA:441,4
DA:443,4
DA:447,4
DA:448,1
DA:452,4
DA:453,4
DA:455,5
DA:460,4
DA:461,1
DA:466,4
DA:467,0
DA:468,0
DA:472,4
DA:473,0
DA:474,0
DA:478,4
DA:479,0
DA:480,0
DA:483,4
DA:490,3
DA:493,3
DA:494,0
DA:498,3
DA:501,3
DA:502,3
DA:503,0
DA:506,3
DA:513,7
DA:515,7
DA:517,4
DA:518,4
DA:519,4
DA:521,4
DA:525,4
DA:526,1
DA:531,4
DA:532,4
DA:533,4
DA:534,3
DA:535,0
DA:538,4
DA:539,4
DA:540,0
DA:541,0
DA:544,7
DA:546,3
DA:547,3
DA:550,3
DA:551,3
DA:552,3
DA:553,0
DA:556,7
DA:563,7
DA:565,7
DA:567,4
DA:568,4
DA:569,0
DA:570,0
DA:573,4
DA:574,0
DA:575,0
DA:579,7
DA:581,3
DA:584,3
DA:585,3
DA:586,0
DA:590,7
DA:598,0
DA:599,0
DA:600,0
DA:602,0
DA:607,0
DA:608,0
DA:613,12
DA:618,0
DA:620,0
DA:621,0
DA:623,0
DA:624,0
DA:625,0
DA:626,0
DA:627,0
DA:631,0
DA:637,4
DA:641,4
DA:642,4
DA:643,4
DA:647,3
DA:648,3
DA:650,3
DA:651,3
DA:656,4
DA:658,5
DA:674,3
DA:675,4
DA:692,0
DA:701,3
DA:703,3
DA:704,4
DA:706,0
DA:707,0
DA:711,3
DA:715,3
DA:717,3
DA:718,4
DA:719,0
DA:720,0
DA:725,3
DA:730,1
DA:732,1
LF:207
LH:130
BRDA:92,0,0,6
BRDA:96,1,0,0
BRDA:100,2,0,5
BRDA:104,3,0,0
BRDA:113,4,0,11
BRDA:113,4,1,0
BRDA:155,5,0,6
BRDA:155,5,1,0
BRDA:161,6,0,0
BRDA:161,6,1,0
BRDA:172,7,0,0
BRDA:172,7,1,0
BRDA:203,8,0,0
BRDA:236,9,0,5
BRDA:236,9,1,0
BRDA:248,10,0,0
BRDA:248,10,1,0
BRDA:269,11,0,0
BRDA:269,11,1,0
BRDA:270,12,0,0
BRDA:270,12,1,0
BRDA:274,13,0,3
BRDA:300,14,0,0
BRDA:300,14,1,0
BRDA:304,15,0,0
BRDA:304,15,1,0
BRDA:338,16,0,4
BRDA:338,16,1,0
BRDA:366,17,0,4
BRDA:366,17,1,4
BRDA:366,17,2,4
BRDA:368,18,0,3
BRDA:368,18,1,0
BRDA:377,19,0,3
BRDA:377,19,1,3
BRDA:379,20,0,3
BRDA:379,20,1,3
BRDA:407,21,0,2
BRDA:408,22,0,2
BRDA:414,23,0,0
BRDA:415,24,0,0
BRDA:421,25,0,0
BRDA:422,26,0,0
BRDA:439,27,0,4
BRDA:443,28,0,4
BRDA:443,28,1,3
BRDA:447,29,0,1
BRDA:455,30,0,5
BRDA:455,30,1,4
BRDA:455,30,2,4
BRDA:460,31,0,1
BRDA:466,32,0,0
BRDA:472,33,0,0
BRDA:478,34,0,0
BRDA:493,35,0,0
BRDA:502,36,0,0
BRDA:502,37,0,3
BRDA:502,37,1,3
BRDA:515,38,0,4
BRDA:515,39,0,7
BRDA:515,39,1,3
BRDA:517,40,0,4
BRDA:521,41,0,4
BRDA:521,41,1,3
BRDA:525,42,0,1
BRDA:531,43,0,4
BRDA:531,43,1,0
BRDA:531,43,2,0
BRDA:532,44,0,0
BRDA:532,44,1,4
BRDA:533,45,0,1
BRDA:533,45,1,3
BRDA:534,46,0,3
BRDA:534,46,1,0
BRDA:539,47,0,4
BRDA:539,47,1,0
BRDA:540,48,0,0
BRDA:540,48,1,0
BRDA:544,49,0,3
BRDA:546,50,0,3
BRDA:546,50,1,1
BRDA:550,51,0,3
BRDA:550,51,1,3
BRDA:551,52,0,3
BRDA:551,52,1,0
BRDA:553,53,0,0
BRDA:565,54,0,4
BRDA:568,55,0,4
BRDA:568,55,1,0
BRDA:569,56,0,0
BRDA:569,56,1,0
BRDA:573,57,0,0
BRDA:579,58,0,3
BRDA:584,59,0,3
BRDA:584,59,1,2
BRDA:585,60,0,0
BRDA:613,61,0,12
BRDA:613,61,1,12
BRDA:613,61,2,12
BRDA:618,62,0,0
BRDA:626,63,0,0
BRDA:631,64,0,0
BRDA:631,64,1,0
BRDA:650,65,0,1
BRDA:650,65,1,2
BRDA:650,66,0,0
BRDA:650,66,1,2
BRDA:657,67,0,4
BRDA:657,67,1,0
BRDA:664,68,0,5
BRDA:664,68,1,5
BRDA:665,69,0,5
BRDA:665,69,1,5
BRDA:675,70,0,3
BRDA:675,70,1,0
BRDA:676,71,0,0
BRDA:676,71,1,4
BRDA:677,72,0,0
BRDA:677,72,1,4
BRDA:678,73,0,0
BRDA:678,73,1,0
BRDA:685,74,0,0
BRDA:685,74,1,4
BRDA:688,75,0,0
BRDA:688,75,1,0
BRDA:704,76,0,0
BRDA:719,77,0,0
BRF:127
BRH:66
end_of_record
TN:
SF:utils/validation.ts
FN:45,validateLocation
FN:90,validateSafeZone
FN:130,validateEmergencyContact
FN:175,validatePhotoCheckIn
FN:245,validatePIN
FN:295,sanitizeInput
FN:303,(anonymous_6)
FN:316,validateAndSanitizeFormData
FN:380,logValidationResult
FN:395,validateDistance
FNF:10
FNH:8
FNDA:30,validateLocation
FNDA:10,validateSafeZone
FNDA:8,validateEmergencyContact
FNDA:10,validatePhotoCheckIn
FNDA:14,validatePIN
FNDA:8,sanitizeInput
FNDA:12,(anonymous_6)
FNDA:0,validateAndSanitizeFormData
FNDA:0,logValidationResult
FNDA:12,validateDistance
DA:2,2
DA:45,2
DA:46,30
DA:47,30
DA:49,30
DA:50,2
DA:51,2
DA:54,28
DA:55,0
DA:56,28
DA:57,2
DA:60,28
DA:61,0
DA:62,28
DA:63,2
DA:66,28
DA:67,8
DA:68,0
DA:69,8
DA:70,2
DA:74,28
DA:75,4
DA:76,0
DA:78,4
DA:79,4
DA:81,2
DA:86,28
DA:90,2
DA:91,10
DA:92,10
DA:94,10
DA:95,0
DA:96,0
DA:99,10
DA:100,2
DA:103,10
DA:104,0
DA:105,10
DA:106,0
DA:109,10
DA:110,10
DA:111,0
DA:114,10
DA:115,2
DA:116,8
DA:117,2
DA:118,6
DA:119,0
DA:122,10
DA:123,0
DA:126,10
DA:130,2
DA:131,8
DA:132,8
DA:134,8
DA:135,0
DA:136,0
DA:139,8
DA:140,0
DA:143,8
DA:144,0
DA:145,8
DA:146,0
DA:149,8
DA:150,2
DA:153,6
DA:154,6
DA:155,2
DA:159,8
DA:164,0
DA:167,8
DA:168,0
DA:171,8
DA:175,2
DA:176,10
DA:177,10
DA:179,10
DA:180,0
DA:181,0
DA:184,10
DA:189,2
DA:192,10
DA:197,0
DA:200,10
DA:205,0
DA:208,10
DA:209,10
DA:212,0
DA:213,0
DA:218,10
DA:219,0
DA:221,10
DA:222,10
DA:224,2
DA:228,10
DA:229,4
DA:230,4
DA:231,0
DA:235,10
DA:236,0
DA:237,10
DA:238,0
DA:241,10
DA:245,2
DA:246,14
DA:247,14
DA:249,14
DA:250,0
DA:251,0
DA:254,14
DA:255,2
DA:256,12
DA:257,0
DA:260,14
DA:261,2
DA:265,14
DA:284,14
DA:285,136
DA:286,6
DA:287,6
DA:291,14
DA:295,2
DA:296,8
DA:297,2
DA:300,6
DA:304,12
DA:311,12
DA:316,2
DA:325,0
DA:326,0
DA:327,0
DA:329,0
DA:330,0
DA:333,0
DA:334,0
DA:335,0
DA:339,0
DA:340,0
DA:344,0
DA:345,0
DA:346,0
DA:350,0
DA:351,0
DA:353,0
DA:354,0
DA:357,0
DA:358,0
DA:361,0
DA:362,0
DA:365,0
DA:367,0
DA:371,0
DA:380,2
DA:381,0
DA:382,0
DA:385,0
DA:386,0
DA:389,0
DA:390,0
DA:395,2
DA:396,12
DA:397,12
DA:399,12
DA:400,2
DA:401,10
DA:402,2
DA:403,8
DA:405,2
DA:406,6
DA:408,2
DA:411,12
DA:414,2
LF:172
LH:111
BRDA:49,0,0,2
BRDA:54,1,0,0
BRDA:54,1,1,28
BRDA:54,2,0,28
BRDA:54,2,1,28
BRDA:56,3,0,2
BRDA:56,4,0,28
BRDA:56,4,1,28
BRDA:60,5,0,0
BRDA:60,5,1,28
BRDA:60,6,0,28
BRDA:60,6,1,28
BRDA:62,7,0,2
BRDA:62,8,0,28
BRDA:62,8,1,28
BRDA:66,9,0,8
BRDA:67,10,0,0
BRDA:67,10,1,8
BRDA:67,11,0,8
BRDA:67,11,1,8
BRDA:69,12,0,2
BRDA:74,13,0,4
BRDA:75,14,0,0
BRDA:75,14,1,4
BRDA:75,15,0,4
BRDA:75,15,1,4
BRDA:79,16,0,2
BRDA:94,17,0,0
BRDA:99,18,0,2
BRDA:99,19,0,10
BRDA:99,19,1,8
BRDA:99,19,2,8
BRDA:103,20,0,0
BRDA:103,20,1,10
BRDA:103,21,0,10
BRDA:103,21,1,10
BRDA:103,21,2,10
BRDA:105,22,0,0
BRDA:110,23,0,0
BRDA:114,24,0,2
BRDA:114,24,1,8
BRDA:114,25,0,10
BRDA:114,25,1,10
BRDA:116,26,0,2
BRDA:116,26,1,6
BRDA:118,27,0,0
BRDA:122,28,0,0
BRDA:134,29,0,0
BRDA:139,30,0,0
BRDA:139,31,0,8
BRDA:139,31,1,8
BRDA:139,31,2,8
BRDA:143,32,0,0
BRDA:143,32,1,8
BRDA:143,33,0,8
BRDA:143,33,1,8
BRDA:143,33,2,8
BRDA:145,34,0,0
BRDA:149,35,0,2
BRDA:149,35,1,6
BRDA:149,36,0,8
BRDA:149,36,1,6
BRDA:154,37,0,2
BRDA:159,38,0,0
BRDA:160,39,0,8
BRDA:160,39,1,8
BRDA:160,39,2,8
BRDA:167,40,0,0
BRDA:179,41,0,0
BRDA:184,42,0,2
BRDA:185,43,0,10
BRDA:185,43,1,8
BRDA:185,43,2,8
BRDA:192,44,0,0
BRDA:193,45,0,10
BRDA:193,45,1,10
BRDA:193,45,2,10
BRDA:200,46,0,0
BRDA:200,46,1,10
BRDA:201,47,0,10
BRDA:201,47,1,10
BRDA:201,47,2,10
BRDA:212,48,0,0
BRDA:212,49,0,0
BRDA:212,49,1,0
BRDA:218,50,0,0
BRDA:218,50,1,10
BRDA:218,51,0,10
BRDA:218,51,1,10
BRDA:222,52,0,2
BRDA:228,53,0,4
BRDA:230,54,0,0
BRDA:235,55,0,0
BRDA:235,55,1,10
BRDA:235,56,0,10
BRDA:235,56,1,4
BRDA:237,57,0,0
BRDA:237,58,0,10
BRDA:237,58,1,4
BRDA:249,59,0,0
BRDA:249,60,0,14
BRDA:249,60,1,14
BRDA:254,61,0,2
BRDA:254,61,1,12
BRDA:256,62,0,0
BRDA:260,63,0,2
BRDA:285,64,0,6
BRDA:295,65,0,6
BRDA:296,66,0,2
BRDA:311,67,0,12
BRDA:311,67,1,0
BRDA:333,68,0,0
BRDA:333,69,0,0
BRDA:333,69,1,0
BRDA:333,69,2,0
BRDA:333,69,3,0
BRDA:339,70,0,0
BRDA:339,71,0,0
BRDA:339,71,1,0
BRDA:339,71,2,0
BRDA:339,71,3,0
BRDA:344,72,0,0
BRDA:344,73,0,0
BRDA:344,73,1,0
BRDA:350,74,0,0
BRDA:350,74,1,0
BRDA:353,75,0,0
BRDA:353,76,0,0
BRDA:353,76,1,0
BRDA:357,77,0,0
BRDA:357,78,0,0
BRDA:357,78,1,0
BRDA:361,79,0,0
BRDA:361,80,0,0
BRDA:361,80,1,0
BRDA:381,81,0,0
BRDA:385,82,0,0
BRDA:385,83,0,0
BRDA:385,83,1,0
BRDA:389,84,0,0
BRDA:389,85,0,0
BRDA:389,85,1,0
BRDA:389,85,2,0
BRDA:395,86,0,10
BRDA:399,87,0,2
BRDA:399,87,1,10
BRDA:399,88,0,12
BRDA:399,88,1,12
BRDA:401,89,0,2
BRDA:401,89,1,8
BRDA:403,90,0,2
BRDA:403,90,1,6
BRDA:406,91,0,2
BRF:153
BRH:92
end_of_record
TN:
SF:utils/voice.ts
FN:47,(anonymous_9)
FN:55,(anonymous_10)
FN:62,(anonymous_11)
FN:81,(anonymous_12)
FN:103,(anonymous_13)
FN:116,(anonymous_14)
FN:144,(anonymous_15)
FN:155,(anonymous_16)
FN:159,(anonymous_17)
FN:166,(anonymous_18)
FN:171,(anonymous_19)
FN:192,(anonymous_20)
FN:204,(anonymous_21)
FN:217,(anonymous_22)
FN:228,(anonymous_23)
FN:239,(anonymous_24)
FN:247,(anonymous_25)
FN:254,(anonymous_26)
FN:261,(anonymous_27)
FN:268,(anonymous_28)
FN:275,(anonymous_29)
FN:284,(anonymous_30)
FN:291,(anonymous_31)
FN:367,speakNavigation
FN:386,speakSafety
FN:393,speakAchievement
FN:400,speakMessage
FNF:27
FNH:0
FNDA:0,(anonymous_9)
FNDA:0,(anonymous_10)
FNDA:0,(anonymous_11)
FNDA:0,(anonymous_12)
FNDA:0,(anonymous_13)
FNDA:0,(anonymous_14)
FNDA:0,(anonymous_15)
FNDA:0,(anonymous_16)
FNDA:0,(anonymous_17)
FNDA:0,(anonymous_18)
FNDA:0,(anonymous_19)
FNDA:0,(anonymous_20)
FNDA:0,(anonymous_21)
FNDA:0,(anonymous_22)
FNDA:0,(anonymous_23)
FNDA:0,(anonymous_24)
FNDA:0,(anonymous_25)
FNDA:0,(anonymous_26)
FNDA:0,(anonymous_27)
FNDA:0,(anonymous_28)
FNDA:0,(anonymous_29)
FNDA:0,(anonymous_30)
FNDA:0,(anonymous_31)
FNDA:0,speakNavigation
FNDA:0,speakSafety
FNDA:0,speakAchievement
FNDA:0,speakMessage
DA:6,0
DA:8,0
DA:9,0
DA:29,0
DA:42,0
DA:43,0
DA:44,0
DA:45,0
DA:48,0
DA:49,0
DA:56,0
DA:57,0
DA:58,0
DA:61,0
DA:63,0
DA:69,0
DA:70,0
DA:71,0
DA:74,0
DA:82,0
DA:104,0
DA:105,0
DA:106,0
DA:107,0
DA:108,0
DA:109,0
DA:117,0
DA:118,0
DA:119,0
DA:123,0
DA:124,0
DA:128,0
DA:129,0
DA:130,0
DA:131,0
DA:132,0
DA:134,0
DA:138,0
DA:145,0
DA:146,0
DA:147,0
DA:149,0
DA:156,0
DA:157,0
DA:160,0
DA:161,0
DA:162,0
DA:163,0
DA:164,0
DA:167,0
DA:168,0
DA:169,0
DA:172,0
DA:173,0
DA:174,0
DA:175,0
DA:176,0
DA:180,0
DA:182,0
DA:183,0
DA:184,0
DA:185,0
DA:193,0
DA:194,0
DA:195,0
DA:196,0
DA:205,0
DA:206,0
DA:207,0
DA:208,0
DA:210,0
DA:218,0
DA:219,0
DA:221,0
DA:229,0
DA:230,0
DA:232,0
DA:240,0
DA:241,0
DA:248,0
DA:255,0
DA:262,0
DA:269,0
DA:276,0
DA:277,0
DA:278,0
DA:285,0
DA:292,0
DA:293,0
DA:295,0
DA:296,0
DA:297,0
DA:300,0
DA:305,0
DA:310,0
DA:367,0
DA:368,0
DA:370,0
DA:371,0
DA:372,0
DA:373,0
DA:374,0
DA:376,0
DA:380,0
DA:386,0
DA:387,0
DA:393,0
DA:394,0
DA:400,0
DA:401,0
DA:404,0
LF:111
LH:0
BRDA:63,0,0,0
BRDA:63,0,1,0
BRDA:63,0,2,0
BRDA:63,0,3,0
BRDA:69,1,0,0
BRDA:69,2,0,0
BRDA:69,2,1,0
BRDA:84,3,0,0
BRDA:84,3,1,0
BRDA:87,4,0,0
BRDA:87,4,1,0
BRDA:90,5,0,0
BRDA:90,5,1,0
BRDA:93,6,0,0
BRDA:93,6,1,0
BRDA:96,7,0,0
BRDA:96,7,1,0
BRDA:108,8,0,0
BRDA:117,9,0,0
BRDA:123,10,0,0
BRDA:123,11,0,0
BRDA:123,11,1,0
BRDA:128,12,0,0
BRDA:128,13,0,0
BRDA:128,13,1,0
BRDA:129,14,0,0
BRDA:129,14,1,0
BRDA:193,15,0,0
BRDA:193,16,0,0
BRDA:193,16,1,0
BRDA:195,17,0,0
BRDA:295,18,0,0
BRDA:370,19,0,0
BRDA:371,20,0,0
BRDA:371,20,1,0
BRDA:373,21,0,0
BRDA:373,21,1,0
BRDA:400,22,0,0
BRF:38
BRH:0
end_of_record
TN:
SF:utils/weather.ts
FN:50,toFahrenheit
FN:54,buildRecommendation
FN:62,fetchWeather
FN:74,(anonymous_3)
FNF:4
FNH:0
FNDA:0,toFahrenheit
FNDA:0,buildRecommendation
FNDA:0,fetchWeather
FNDA:0,(anonymous_3)
DA:1,0
DA:19,0
DA:51,0
DA:55,0
DA:56,0
DA:57,0
DA:58,0
DA:59,0
DA:62,0
DA:67,0
DA:68,0
DA:69,0
DA:71,0
DA:73,0
DA:74,0
DA:76,0
DA:77,0
DA:78,0
DA:79,0
DA:80,0
DA:82,0
DA:83,0
DA:84,0
DA:85,0
DA:86,0
DA:88,0
DA:94,0
DA:95,0
LF:28
LH:0
BRDA:55,0,0,0
BRDA:56,1,0,0
BRDA:57,2,0,0
BRDA:58,3,0,0
BRDA:68,4,0,0
BRDA:68,4,1,0
BRDA:69,5,0,0
BRDA:69,5,1,0
BRDA:79,6,0,0
BRDA:83,7,0,0
BRDA:83,7,1,0
BRDA:84,8,0,0
BRDA:84,8,1,0
BRDA:85,9,0,0
BRDA:85,9,1,0
BRDA:86,10,0,0
BRDA:86,10,1,0
BRF:17
BRH:0
end_of_record
